[2024-12-14T11:27:25.540+0000] {processor.py:186} INFO - Started process (PID=85) to work on /home/airflow/.local/lib/python3.12/site-packages/airflow/example_dags/example_skip_dag.py
[2024-12-14T11:27:25.541+0000] {processor.py:914} INFO - Processing file /home/airflow/.local/lib/python3.12/site-packages/airflow/example_dags/example_skip_dag.py for tasks to queue
[2024-12-14T11:27:25.542+0000] {logging_mixin.py:190} INFO - [2024-12-14T11:27:25.542+0000] {dagbag.py:588} INFO - Filling up the DagBag from /home/airflow/.local/lib/python3.12/site-packages/airflow/example_dags/example_skip_dag.py
[2024-12-14T11:27:25.547+0000] {processor.py:925} INFO - DAG(s) 'example_skip_dag' retrieved from /home/airflow/.local/lib/python3.12/site-packages/airflow/example_dags/example_skip_dag.py
[2024-12-14T11:27:25.562+0000] {logging_mixin.py:190} INFO - [2024-12-14T11:27:25.561+0000] {dag.py:3239} INFO - Sync 1 DAGs
[2024-12-14T11:27:25.574+0000] {logging_mixin.py:190} INFO - [2024-12-14T11:27:25.574+0000] {dag.py:4180} INFO - Setting next_dagrun for example_skip_dag to 2024-12-13 00:00:00+00:00, run_after=2024-12-14 00:00:00+00:00
[2024-12-14T11:27:25.586+0000] {processor.py:208} INFO - Processing /home/airflow/.local/lib/python3.12/site-packages/airflow/example_dags/example_skip_dag.py took 0.049 seconds
[2024-12-14T11:27:56.852+0000] {processor.py:186} INFO - Started process (PID=149) to work on /home/airflow/.local/lib/python3.12/site-packages/airflow/example_dags/example_skip_dag.py
[2024-12-14T11:27:56.853+0000] {processor.py:914} INFO - Processing file /home/airflow/.local/lib/python3.12/site-packages/airflow/example_dags/example_skip_dag.py for tasks to queue
[2024-12-14T11:27:56.854+0000] {logging_mixin.py:190} INFO - [2024-12-14T11:27:56.854+0000] {dagbag.py:588} INFO - Filling up the DagBag from /home/airflow/.local/lib/python3.12/site-packages/airflow/example_dags/example_skip_dag.py
[2024-12-14T11:27:56.859+0000] {processor.py:925} INFO - DAG(s) 'example_skip_dag' retrieved from /home/airflow/.local/lib/python3.12/site-packages/airflow/example_dags/example_skip_dag.py
[2024-12-14T11:27:56.874+0000] {logging_mixin.py:190} INFO - [2024-12-14T11:27:56.874+0000] {dag.py:3239} INFO - Sync 1 DAGs
[2024-12-14T11:27:56.893+0000] {logging_mixin.py:190} INFO - [2024-12-14T11:27:56.893+0000] {dag.py:4180} INFO - Setting next_dagrun for example_skip_dag to 2024-12-13 00:00:00+00:00, run_after=2024-12-14 00:00:00+00:00
[2024-12-14T11:27:56.918+0000] {processor.py:208} INFO - Processing /home/airflow/.local/lib/python3.12/site-packages/airflow/example_dags/example_skip_dag.py took 0.069 seconds
[2024-12-14T11:28:28.267+0000] {processor.py:186} INFO - Started process (PID=213) to work on /home/airflow/.local/lib/python3.12/site-packages/airflow/example_dags/example_skip_dag.py
[2024-12-14T11:28:28.271+0000] {processor.py:914} INFO - Processing file /home/airflow/.local/lib/python3.12/site-packages/airflow/example_dags/example_skip_dag.py for tasks to queue
[2024-12-14T11:28:28.273+0000] {logging_mixin.py:190} INFO - [2024-12-14T11:28:28.273+0000] {dagbag.py:588} INFO - Filling up the DagBag from /home/airflow/.local/lib/python3.12/site-packages/airflow/example_dags/example_skip_dag.py
[2024-12-14T11:28:28.280+0000] {processor.py:925} INFO - DAG(s) 'example_skip_dag' retrieved from /home/airflow/.local/lib/python3.12/site-packages/airflow/example_dags/example_skip_dag.py
[2024-12-14T11:28:28.294+0000] {logging_mixin.py:190} INFO - [2024-12-14T11:28:28.294+0000] {dag.py:3239} INFO - Sync 1 DAGs
[2024-12-14T11:28:28.309+0000] {logging_mixin.py:190} INFO - [2024-12-14T11:28:28.309+0000] {dag.py:4180} INFO - Setting next_dagrun for example_skip_dag to 2024-12-13 00:00:00+00:00, run_after=2024-12-14 00:00:00+00:00
[2024-12-14T11:28:28.327+0000] {processor.py:208} INFO - Processing /home/airflow/.local/lib/python3.12/site-packages/airflow/example_dags/example_skip_dag.py took 0.064 seconds
[2024-12-14T11:28:59.739+0000] {processor.py:186} INFO - Started process (PID=277) to work on /home/airflow/.local/lib/python3.12/site-packages/airflow/example_dags/example_skip_dag.py
[2024-12-14T11:28:59.740+0000] {processor.py:914} INFO - Processing file /home/airflow/.local/lib/python3.12/site-packages/airflow/example_dags/example_skip_dag.py for tasks to queue
[2024-12-14T11:28:59.741+0000] {logging_mixin.py:190} INFO - [2024-12-14T11:28:59.741+0000] {dagbag.py:588} INFO - Filling up the DagBag from /home/airflow/.local/lib/python3.12/site-packages/airflow/example_dags/example_skip_dag.py
[2024-12-14T11:28:59.748+0000] {processor.py:925} INFO - DAG(s) 'example_skip_dag' retrieved from /home/airflow/.local/lib/python3.12/site-packages/airflow/example_dags/example_skip_dag.py
[2024-12-14T11:28:59.760+0000] {logging_mixin.py:190} INFO - [2024-12-14T11:28:59.759+0000] {dag.py:3239} INFO - Sync 1 DAGs
[2024-12-14T11:28:59.772+0000] {logging_mixin.py:190} INFO - [2024-12-14T11:28:59.772+0000] {dag.py:4180} INFO - Setting next_dagrun for example_skip_dag to 2024-12-13 00:00:00+00:00, run_after=2024-12-14 00:00:00+00:00
[2024-12-14T11:28:59.788+0000] {processor.py:208} INFO - Processing /home/airflow/.local/lib/python3.12/site-packages/airflow/example_dags/example_skip_dag.py took 0.053 seconds
[2024-12-14T11:29:31.049+0000] {processor.py:186} INFO - Started process (PID=341) to work on /home/airflow/.local/lib/python3.12/site-packages/airflow/example_dags/example_skip_dag.py
[2024-12-14T11:29:31.051+0000] {processor.py:914} INFO - Processing file /home/airflow/.local/lib/python3.12/site-packages/airflow/example_dags/example_skip_dag.py for tasks to queue
[2024-12-14T11:29:31.053+0000] {logging_mixin.py:190} INFO - [2024-12-14T11:29:31.052+0000] {dagbag.py:588} INFO - Filling up the DagBag from /home/airflow/.local/lib/python3.12/site-packages/airflow/example_dags/example_skip_dag.py
[2024-12-14T11:29:31.057+0000] {processor.py:925} INFO - DAG(s) 'example_skip_dag' retrieved from /home/airflow/.local/lib/python3.12/site-packages/airflow/example_dags/example_skip_dag.py
[2024-12-14T11:29:31.071+0000] {logging_mixin.py:190} INFO - [2024-12-14T11:29:31.071+0000] {dag.py:3239} INFO - Sync 1 DAGs
[2024-12-14T11:29:31.082+0000] {logging_mixin.py:190} INFO - [2024-12-14T11:29:31.082+0000] {dag.py:4180} INFO - Setting next_dagrun for example_skip_dag to 2024-12-13 00:00:00+00:00, run_after=2024-12-14 00:00:00+00:00
[2024-12-14T11:29:31.095+0000] {processor.py:208} INFO - Processing /home/airflow/.local/lib/python3.12/site-packages/airflow/example_dags/example_skip_dag.py took 0.048 seconds
[2024-12-14T11:30:02.345+0000] {processor.py:186} INFO - Started process (PID=405) to work on /home/airflow/.local/lib/python3.12/site-packages/airflow/example_dags/example_skip_dag.py
[2024-12-14T11:30:02.348+0000] {processor.py:914} INFO - Processing file /home/airflow/.local/lib/python3.12/site-packages/airflow/example_dags/example_skip_dag.py for tasks to queue
[2024-12-14T11:30:02.350+0000] {logging_mixin.py:190} INFO - [2024-12-14T11:30:02.350+0000] {dagbag.py:588} INFO - Filling up the DagBag from /home/airflow/.local/lib/python3.12/site-packages/airflow/example_dags/example_skip_dag.py
[2024-12-14T11:30:02.355+0000] {processor.py:925} INFO - DAG(s) 'example_skip_dag' retrieved from /home/airflow/.local/lib/python3.12/site-packages/airflow/example_dags/example_skip_dag.py
[2024-12-14T11:30:02.371+0000] {logging_mixin.py:190} INFO - [2024-12-14T11:30:02.371+0000] {dag.py:3239} INFO - Sync 1 DAGs
[2024-12-14T11:30:02.385+0000] {logging_mixin.py:190} INFO - [2024-12-14T11:30:02.384+0000] {dag.py:4180} INFO - Setting next_dagrun for example_skip_dag to 2024-12-13 00:00:00+00:00, run_after=2024-12-14 00:00:00+00:00
[2024-12-14T11:30:02.395+0000] {processor.py:208} INFO - Processing /home/airflow/.local/lib/python3.12/site-packages/airflow/example_dags/example_skip_dag.py took 0.053 seconds
[2024-12-14T11:30:33.405+0000] {processor.py:186} INFO - Started process (PID=469) to work on /home/airflow/.local/lib/python3.12/site-packages/airflow/example_dags/example_skip_dag.py
[2024-12-14T11:30:33.408+0000] {processor.py:914} INFO - Processing file /home/airflow/.local/lib/python3.12/site-packages/airflow/example_dags/example_skip_dag.py for tasks to queue
[2024-12-14T11:30:33.409+0000] {logging_mixin.py:190} INFO - [2024-12-14T11:30:33.409+0000] {dagbag.py:588} INFO - Filling up the DagBag from /home/airflow/.local/lib/python3.12/site-packages/airflow/example_dags/example_skip_dag.py
[2024-12-14T11:30:33.414+0000] {processor.py:925} INFO - DAG(s) 'example_skip_dag' retrieved from /home/airflow/.local/lib/python3.12/site-packages/airflow/example_dags/example_skip_dag.py
[2024-12-14T11:30:33.424+0000] {logging_mixin.py:190} INFO - [2024-12-14T11:30:33.424+0000] {dag.py:3239} INFO - Sync 1 DAGs
[2024-12-14T11:30:33.435+0000] {logging_mixin.py:190} INFO - [2024-12-14T11:30:33.435+0000] {dag.py:4180} INFO - Setting next_dagrun for example_skip_dag to 2024-12-13 00:00:00+00:00, run_after=2024-12-14 00:00:00+00:00
[2024-12-14T11:30:33.446+0000] {processor.py:208} INFO - Processing /home/airflow/.local/lib/python3.12/site-packages/airflow/example_dags/example_skip_dag.py took 0.043 seconds
[2024-12-14T11:31:04.441+0000] {processor.py:186} INFO - Started process (PID=533) to work on /home/airflow/.local/lib/python3.12/site-packages/airflow/example_dags/example_skip_dag.py
[2024-12-14T11:31:04.442+0000] {processor.py:914} INFO - Processing file /home/airflow/.local/lib/python3.12/site-packages/airflow/example_dags/example_skip_dag.py for tasks to queue
[2024-12-14T11:31:04.443+0000] {logging_mixin.py:190} INFO - [2024-12-14T11:31:04.443+0000] {dagbag.py:588} INFO - Filling up the DagBag from /home/airflow/.local/lib/python3.12/site-packages/airflow/example_dags/example_skip_dag.py
[2024-12-14T11:31:04.450+0000] {processor.py:925} INFO - DAG(s) 'example_skip_dag' retrieved from /home/airflow/.local/lib/python3.12/site-packages/airflow/example_dags/example_skip_dag.py
[2024-12-14T11:31:04.464+0000] {logging_mixin.py:190} INFO - [2024-12-14T11:31:04.464+0000] {dag.py:3239} INFO - Sync 1 DAGs
[2024-12-14T11:31:04.477+0000] {logging_mixin.py:190} INFO - [2024-12-14T11:31:04.477+0000] {dag.py:4180} INFO - Setting next_dagrun for example_skip_dag to 2024-12-13 00:00:00+00:00, run_after=2024-12-14 00:00:00+00:00
[2024-12-14T11:31:04.486+0000] {processor.py:208} INFO - Processing /home/airflow/.local/lib/python3.12/site-packages/airflow/example_dags/example_skip_dag.py took 0.049 seconds
[2024-12-14T11:31:35.785+0000] {processor.py:186} INFO - Started process (PID=597) to work on /home/airflow/.local/lib/python3.12/site-packages/airflow/example_dags/example_skip_dag.py
[2024-12-14T11:31:35.786+0000] {processor.py:914} INFO - Processing file /home/airflow/.local/lib/python3.12/site-packages/airflow/example_dags/example_skip_dag.py for tasks to queue
[2024-12-14T11:31:35.787+0000] {logging_mixin.py:190} INFO - [2024-12-14T11:31:35.787+0000] {dagbag.py:588} INFO - Filling up the DagBag from /home/airflow/.local/lib/python3.12/site-packages/airflow/example_dags/example_skip_dag.py
[2024-12-14T11:31:35.792+0000] {processor.py:925} INFO - DAG(s) 'example_skip_dag' retrieved from /home/airflow/.local/lib/python3.12/site-packages/airflow/example_dags/example_skip_dag.py
[2024-12-14T11:31:35.806+0000] {logging_mixin.py:190} INFO - [2024-12-14T11:31:35.806+0000] {dag.py:3239} INFO - Sync 1 DAGs
[2024-12-14T11:31:35.819+0000] {logging_mixin.py:190} INFO - [2024-12-14T11:31:35.819+0000] {dag.py:4180} INFO - Setting next_dagrun for example_skip_dag to 2024-12-13 00:00:00+00:00, run_after=2024-12-14 00:00:00+00:00
[2024-12-14T11:31:35.834+0000] {processor.py:208} INFO - Processing /home/airflow/.local/lib/python3.12/site-packages/airflow/example_dags/example_skip_dag.py took 0.052 seconds
[2024-12-14T11:32:06.931+0000] {processor.py:186} INFO - Started process (PID=661) to work on /home/airflow/.local/lib/python3.12/site-packages/airflow/example_dags/example_skip_dag.py
[2024-12-14T11:32:06.932+0000] {processor.py:914} INFO - Processing file /home/airflow/.local/lib/python3.12/site-packages/airflow/example_dags/example_skip_dag.py for tasks to queue
[2024-12-14T11:32:06.933+0000] {logging_mixin.py:190} INFO - [2024-12-14T11:32:06.933+0000] {dagbag.py:588} INFO - Filling up the DagBag from /home/airflow/.local/lib/python3.12/site-packages/airflow/example_dags/example_skip_dag.py
[2024-12-14T11:32:06.938+0000] {processor.py:925} INFO - DAG(s) 'example_skip_dag' retrieved from /home/airflow/.local/lib/python3.12/site-packages/airflow/example_dags/example_skip_dag.py
[2024-12-14T11:32:06.952+0000] {logging_mixin.py:190} INFO - [2024-12-14T11:32:06.951+0000] {dag.py:3239} INFO - Sync 1 DAGs
[2024-12-14T11:32:06.964+0000] {logging_mixin.py:190} INFO - [2024-12-14T11:32:06.964+0000] {dag.py:4180} INFO - Setting next_dagrun for example_skip_dag to 2024-12-13 00:00:00+00:00, run_after=2024-12-14 00:00:00+00:00
[2024-12-14T11:32:06.977+0000] {processor.py:208} INFO - Processing /home/airflow/.local/lib/python3.12/site-packages/airflow/example_dags/example_skip_dag.py took 0.049 seconds
[2024-12-14T11:32:38.098+0000] {processor.py:186} INFO - Started process (PID=724) to work on /home/airflow/.local/lib/python3.12/site-packages/airflow/example_dags/example_skip_dag.py
[2024-12-14T11:32:38.099+0000] {processor.py:914} INFO - Processing file /home/airflow/.local/lib/python3.12/site-packages/airflow/example_dags/example_skip_dag.py for tasks to queue
[2024-12-14T11:32:38.101+0000] {logging_mixin.py:190} INFO - [2024-12-14T11:32:38.101+0000] {dagbag.py:588} INFO - Filling up the DagBag from /home/airflow/.local/lib/python3.12/site-packages/airflow/example_dags/example_skip_dag.py
[2024-12-14T11:32:38.105+0000] {processor.py:925} INFO - DAG(s) 'example_skip_dag' retrieved from /home/airflow/.local/lib/python3.12/site-packages/airflow/example_dags/example_skip_dag.py
[2024-12-14T11:32:38.119+0000] {logging_mixin.py:190} INFO - [2024-12-14T11:32:38.118+0000] {dag.py:3239} INFO - Sync 1 DAGs
[2024-12-14T11:32:38.130+0000] {logging_mixin.py:190} INFO - [2024-12-14T11:32:38.130+0000] {dag.py:4180} INFO - Setting next_dagrun for example_skip_dag to 2024-12-13 00:00:00+00:00, run_after=2024-12-14 00:00:00+00:00
[2024-12-14T11:32:38.140+0000] {processor.py:208} INFO - Processing /home/airflow/.local/lib/python3.12/site-packages/airflow/example_dags/example_skip_dag.py took 0.046 seconds
[2024-12-14T11:33:09.226+0000] {processor.py:186} INFO - Started process (PID=788) to work on /home/airflow/.local/lib/python3.12/site-packages/airflow/example_dags/example_skip_dag.py
[2024-12-14T11:33:09.227+0000] {processor.py:914} INFO - Processing file /home/airflow/.local/lib/python3.12/site-packages/airflow/example_dags/example_skip_dag.py for tasks to queue
[2024-12-14T11:33:09.228+0000] {logging_mixin.py:190} INFO - [2024-12-14T11:33:09.228+0000] {dagbag.py:588} INFO - Filling up the DagBag from /home/airflow/.local/lib/python3.12/site-packages/airflow/example_dags/example_skip_dag.py
[2024-12-14T11:33:09.233+0000] {processor.py:925} INFO - DAG(s) 'example_skip_dag' retrieved from /home/airflow/.local/lib/python3.12/site-packages/airflow/example_dags/example_skip_dag.py
[2024-12-14T11:33:09.247+0000] {logging_mixin.py:190} INFO - [2024-12-14T11:33:09.247+0000] {dag.py:3239} INFO - Sync 1 DAGs
[2024-12-14T11:33:09.259+0000] {logging_mixin.py:190} INFO - [2024-12-14T11:33:09.259+0000] {dag.py:4180} INFO - Setting next_dagrun for example_skip_dag to 2024-12-13 00:00:00+00:00, run_after=2024-12-14 00:00:00+00:00
[2024-12-14T11:33:09.267+0000] {processor.py:208} INFO - Processing /home/airflow/.local/lib/python3.12/site-packages/airflow/example_dags/example_skip_dag.py took 0.045 seconds
[2024-12-14T11:33:40.350+0000] {processor.py:186} INFO - Started process (PID=852) to work on /home/airflow/.local/lib/python3.12/site-packages/airflow/example_dags/example_skip_dag.py
[2024-12-14T11:33:40.350+0000] {processor.py:914} INFO - Processing file /home/airflow/.local/lib/python3.12/site-packages/airflow/example_dags/example_skip_dag.py for tasks to queue
[2024-12-14T11:33:40.351+0000] {logging_mixin.py:190} INFO - [2024-12-14T11:33:40.351+0000] {dagbag.py:588} INFO - Filling up the DagBag from /home/airflow/.local/lib/python3.12/site-packages/airflow/example_dags/example_skip_dag.py
[2024-12-14T11:33:40.356+0000] {processor.py:925} INFO - DAG(s) 'example_skip_dag' retrieved from /home/airflow/.local/lib/python3.12/site-packages/airflow/example_dags/example_skip_dag.py
[2024-12-14T11:33:40.367+0000] {logging_mixin.py:190} INFO - [2024-12-14T11:33:40.366+0000] {dag.py:3239} INFO - Sync 1 DAGs
[2024-12-14T11:33:40.378+0000] {logging_mixin.py:190} INFO - [2024-12-14T11:33:40.378+0000] {dag.py:4180} INFO - Setting next_dagrun for example_skip_dag to 2024-12-13 00:00:00+00:00, run_after=2024-12-14 00:00:00+00:00
[2024-12-14T11:33:40.386+0000] {processor.py:208} INFO - Processing /home/airflow/.local/lib/python3.12/site-packages/airflow/example_dags/example_skip_dag.py took 0.040 seconds
