[2024-12-14T11:27:26.675+0000] {processor.py:186} INFO - Started process (PID=101) to work on /home/airflow/.local/lib/python3.12/site-packages/airflow/example_dags/example_latest_only.py
[2024-12-14T11:27:26.677+0000] {processor.py:914} INFO - Processing file /home/airflow/.local/lib/python3.12/site-packages/airflow/example_dags/example_latest_only.py for tasks to queue
[2024-12-14T11:27:26.680+0000] {logging_mixin.py:190} INFO - [2024-12-14T11:27:26.679+0000] {dagbag.py:588} INFO - Filling up the DagBag from /home/airflow/.local/lib/python3.12/site-packages/airflow/example_dags/example_latest_only.py
[2024-12-14T11:27:26.695+0000] {processor.py:925} INFO - DAG(s) 'latest_only' retrieved from /home/airflow/.local/lib/python3.12/site-packages/airflow/example_dags/example_latest_only.py
[2024-12-14T11:27:26.728+0000] {logging_mixin.py:190} INFO - [2024-12-14T11:27:26.728+0000] {dag.py:3239} INFO - Sync 1 DAGs
[2024-12-14T11:27:26.772+0000] {logging_mixin.py:190} INFO - [2024-12-14T11:27:26.772+0000] {dag.py:4180} INFO - Setting next_dagrun for latest_only to 2024-12-14 04:00:00+00:00, run_after=2024-12-14 08:00:00+00:00
[2024-12-14T11:27:26.795+0000] {processor.py:208} INFO - Processing /home/airflow/.local/lib/python3.12/site-packages/airflow/example_dags/example_latest_only.py took 0.133 seconds
[2024-12-14T11:27:57.457+0000] {processor.py:186} INFO - Started process (PID=165) to work on /home/airflow/.local/lib/python3.12/site-packages/airflow/example_dags/example_latest_only.py
[2024-12-14T11:27:57.458+0000] {processor.py:914} INFO - Processing file /home/airflow/.local/lib/python3.12/site-packages/airflow/example_dags/example_latest_only.py for tasks to queue
[2024-12-14T11:27:57.459+0000] {logging_mixin.py:190} INFO - [2024-12-14T11:27:57.459+0000] {dagbag.py:588} INFO - Filling up the DagBag from /home/airflow/.local/lib/python3.12/site-packages/airflow/example_dags/example_latest_only.py
[2024-12-14T11:27:57.463+0000] {processor.py:925} INFO - DAG(s) 'latest_only' retrieved from /home/airflow/.local/lib/python3.12/site-packages/airflow/example_dags/example_latest_only.py
[2024-12-14T11:27:57.472+0000] {logging_mixin.py:190} INFO - [2024-12-14T11:27:57.472+0000] {dag.py:3239} INFO - Sync 1 DAGs
[2024-12-14T11:27:57.485+0000] {logging_mixin.py:190} INFO - [2024-12-14T11:27:57.485+0000] {dag.py:4180} INFO - Setting next_dagrun for latest_only to 2024-12-14 04:00:00+00:00, run_after=2024-12-14 08:00:00+00:00
[2024-12-14T11:27:57.503+0000] {processor.py:208} INFO - Processing /home/airflow/.local/lib/python3.12/site-packages/airflow/example_dags/example_latest_only.py took 0.049 seconds
[2024-12-14T11:28:29.016+0000] {processor.py:186} INFO - Started process (PID=229) to work on /home/airflow/.local/lib/python3.12/site-packages/airflow/example_dags/example_latest_only.py
[2024-12-14T11:28:29.017+0000] {processor.py:914} INFO - Processing file /home/airflow/.local/lib/python3.12/site-packages/airflow/example_dags/example_latest_only.py for tasks to queue
[2024-12-14T11:28:29.018+0000] {logging_mixin.py:190} INFO - [2024-12-14T11:28:29.018+0000] {dagbag.py:588} INFO - Filling up the DagBag from /home/airflow/.local/lib/python3.12/site-packages/airflow/example_dags/example_latest_only.py
[2024-12-14T11:28:29.022+0000] {processor.py:925} INFO - DAG(s) 'latest_only' retrieved from /home/airflow/.local/lib/python3.12/site-packages/airflow/example_dags/example_latest_only.py
[2024-12-14T11:28:29.037+0000] {logging_mixin.py:190} INFO - [2024-12-14T11:28:29.037+0000] {dag.py:3239} INFO - Sync 1 DAGs
[2024-12-14T11:28:29.052+0000] {logging_mixin.py:190} INFO - [2024-12-14T11:28:29.052+0000] {dag.py:4180} INFO - Setting next_dagrun for latest_only to 2024-12-14 04:00:00+00:00, run_after=2024-12-14 08:00:00+00:00
[2024-12-14T11:28:29.066+0000] {processor.py:208} INFO - Processing /home/airflow/.local/lib/python3.12/site-packages/airflow/example_dags/example_latest_only.py took 0.054 seconds
[2024-12-14T11:29:00.497+0000] {processor.py:186} INFO - Started process (PID=293) to work on /home/airflow/.local/lib/python3.12/site-packages/airflow/example_dags/example_latest_only.py
[2024-12-14T11:29:00.501+0000] {processor.py:914} INFO - Processing file /home/airflow/.local/lib/python3.12/site-packages/airflow/example_dags/example_latest_only.py for tasks to queue
[2024-12-14T11:29:00.504+0000] {logging_mixin.py:190} INFO - [2024-12-14T11:29:00.503+0000] {dagbag.py:588} INFO - Filling up the DagBag from /home/airflow/.local/lib/python3.12/site-packages/airflow/example_dags/example_latest_only.py
[2024-12-14T11:29:00.508+0000] {processor.py:925} INFO - DAG(s) 'latest_only' retrieved from /home/airflow/.local/lib/python3.12/site-packages/airflow/example_dags/example_latest_only.py
[2024-12-14T11:29:00.525+0000] {logging_mixin.py:190} INFO - [2024-12-14T11:29:00.525+0000] {dag.py:3239} INFO - Sync 1 DAGs
[2024-12-14T11:29:00.539+0000] {logging_mixin.py:190} INFO - [2024-12-14T11:29:00.539+0000] {dag.py:4180} INFO - Setting next_dagrun for latest_only to 2024-12-14 04:00:00+00:00, run_after=2024-12-14 08:00:00+00:00
[2024-12-14T11:29:00.551+0000] {processor.py:208} INFO - Processing /home/airflow/.local/lib/python3.12/site-packages/airflow/example_dags/example_latest_only.py took 0.060 seconds
[2024-12-14T11:29:31.728+0000] {processor.py:186} INFO - Started process (PID=357) to work on /home/airflow/.local/lib/python3.12/site-packages/airflow/example_dags/example_latest_only.py
[2024-12-14T11:29:31.728+0000] {processor.py:914} INFO - Processing file /home/airflow/.local/lib/python3.12/site-packages/airflow/example_dags/example_latest_only.py for tasks to queue
[2024-12-14T11:29:31.729+0000] {logging_mixin.py:190} INFO - [2024-12-14T11:29:31.729+0000] {dagbag.py:588} INFO - Filling up the DagBag from /home/airflow/.local/lib/python3.12/site-packages/airflow/example_dags/example_latest_only.py
[2024-12-14T11:29:31.733+0000] {processor.py:925} INFO - DAG(s) 'latest_only' retrieved from /home/airflow/.local/lib/python3.12/site-packages/airflow/example_dags/example_latest_only.py
[2024-12-14T11:29:31.744+0000] {logging_mixin.py:190} INFO - [2024-12-14T11:29:31.744+0000] {dag.py:3239} INFO - Sync 1 DAGs
[2024-12-14T11:29:31.760+0000] {logging_mixin.py:190} INFO - [2024-12-14T11:29:31.759+0000] {dag.py:4180} INFO - Setting next_dagrun for latest_only to 2024-12-14 04:00:00+00:00, run_after=2024-12-14 08:00:00+00:00
[2024-12-14T11:29:31.779+0000] {processor.py:208} INFO - Processing /home/airflow/.local/lib/python3.12/site-packages/airflow/example_dags/example_latest_only.py took 0.055 seconds
[2024-12-14T11:30:02.955+0000] {processor.py:186} INFO - Started process (PID=421) to work on /home/airflow/.local/lib/python3.12/site-packages/airflow/example_dags/example_latest_only.py
[2024-12-14T11:30:02.955+0000] {processor.py:914} INFO - Processing file /home/airflow/.local/lib/python3.12/site-packages/airflow/example_dags/example_latest_only.py for tasks to queue
[2024-12-14T11:30:02.956+0000] {logging_mixin.py:190} INFO - [2024-12-14T11:30:02.956+0000] {dagbag.py:588} INFO - Filling up the DagBag from /home/airflow/.local/lib/python3.12/site-packages/airflow/example_dags/example_latest_only.py
[2024-12-14T11:30:02.960+0000] {processor.py:925} INFO - DAG(s) 'latest_only' retrieved from /home/airflow/.local/lib/python3.12/site-packages/airflow/example_dags/example_latest_only.py
[2024-12-14T11:30:02.974+0000] {logging_mixin.py:190} INFO - [2024-12-14T11:30:02.974+0000] {dag.py:3239} INFO - Sync 1 DAGs
[2024-12-14T11:30:02.987+0000] {logging_mixin.py:190} INFO - [2024-12-14T11:30:02.987+0000] {dag.py:4180} INFO - Setting next_dagrun for latest_only to 2024-12-14 04:00:00+00:00, run_after=2024-12-14 08:00:00+00:00
[2024-12-14T11:30:02.999+0000] {processor.py:208} INFO - Processing /home/airflow/.local/lib/python3.12/site-packages/airflow/example_dags/example_latest_only.py took 0.048 seconds
[2024-12-14T11:30:34.030+0000] {processor.py:186} INFO - Started process (PID=485) to work on /home/airflow/.local/lib/python3.12/site-packages/airflow/example_dags/example_latest_only.py
[2024-12-14T11:30:34.031+0000] {processor.py:914} INFO - Processing file /home/airflow/.local/lib/python3.12/site-packages/airflow/example_dags/example_latest_only.py for tasks to queue
[2024-12-14T11:30:34.032+0000] {logging_mixin.py:190} INFO - [2024-12-14T11:30:34.032+0000] {dagbag.py:588} INFO - Filling up the DagBag from /home/airflow/.local/lib/python3.12/site-packages/airflow/example_dags/example_latest_only.py
[2024-12-14T11:30:34.036+0000] {processor.py:925} INFO - DAG(s) 'latest_only' retrieved from /home/airflow/.local/lib/python3.12/site-packages/airflow/example_dags/example_latest_only.py
[2024-12-14T11:30:34.050+0000] {logging_mixin.py:190} INFO - [2024-12-14T11:30:34.050+0000] {dag.py:3239} INFO - Sync 1 DAGs
[2024-12-14T11:30:34.059+0000] {logging_mixin.py:190} INFO - [2024-12-14T11:30:34.059+0000] {dag.py:4180} INFO - Setting next_dagrun for latest_only to 2024-12-14 04:00:00+00:00, run_after=2024-12-14 08:00:00+00:00
[2024-12-14T11:30:34.070+0000] {processor.py:208} INFO - Processing /home/airflow/.local/lib/python3.12/site-packages/airflow/example_dags/example_latest_only.py took 0.044 seconds
[2024-12-14T11:31:05.058+0000] {processor.py:186} INFO - Started process (PID=549) to work on /home/airflow/.local/lib/python3.12/site-packages/airflow/example_dags/example_latest_only.py
[2024-12-14T11:31:05.058+0000] {processor.py:914} INFO - Processing file /home/airflow/.local/lib/python3.12/site-packages/airflow/example_dags/example_latest_only.py for tasks to queue
[2024-12-14T11:31:05.061+0000] {logging_mixin.py:190} INFO - [2024-12-14T11:31:05.060+0000] {dagbag.py:588} INFO - Filling up the DagBag from /home/airflow/.local/lib/python3.12/site-packages/airflow/example_dags/example_latest_only.py
[2024-12-14T11:31:05.065+0000] {processor.py:925} INFO - DAG(s) 'latest_only' retrieved from /home/airflow/.local/lib/python3.12/site-packages/airflow/example_dags/example_latest_only.py
[2024-12-14T11:31:05.077+0000] {logging_mixin.py:190} INFO - [2024-12-14T11:31:05.076+0000] {dag.py:3239} INFO - Sync 1 DAGs
[2024-12-14T11:31:05.091+0000] {logging_mixin.py:190} INFO - [2024-12-14T11:31:05.091+0000] {dag.py:4180} INFO - Setting next_dagrun for latest_only to 2024-12-14 04:00:00+00:00, run_after=2024-12-14 08:00:00+00:00
[2024-12-14T11:31:05.102+0000] {processor.py:208} INFO - Processing /home/airflow/.local/lib/python3.12/site-packages/airflow/example_dags/example_latest_only.py took 0.048 seconds
[2024-12-14T11:31:36.431+0000] {processor.py:186} INFO - Started process (PID=613) to work on /home/airflow/.local/lib/python3.12/site-packages/airflow/example_dags/example_latest_only.py
[2024-12-14T11:31:36.431+0000] {processor.py:914} INFO - Processing file /home/airflow/.local/lib/python3.12/site-packages/airflow/example_dags/example_latest_only.py for tasks to queue
[2024-12-14T11:31:36.433+0000] {logging_mixin.py:190} INFO - [2024-12-14T11:31:36.432+0000] {dagbag.py:588} INFO - Filling up the DagBag from /home/airflow/.local/lib/python3.12/site-packages/airflow/example_dags/example_latest_only.py
[2024-12-14T11:31:36.438+0000] {processor.py:925} INFO - DAG(s) 'latest_only' retrieved from /home/airflow/.local/lib/python3.12/site-packages/airflow/example_dags/example_latest_only.py
[2024-12-14T11:31:36.451+0000] {logging_mixin.py:190} INFO - [2024-12-14T11:31:36.451+0000] {dag.py:3239} INFO - Sync 1 DAGs
[2024-12-14T11:31:36.464+0000] {logging_mixin.py:190} INFO - [2024-12-14T11:31:36.464+0000] {dag.py:4180} INFO - Setting next_dagrun for latest_only to 2024-12-14 04:00:00+00:00, run_after=2024-12-14 08:00:00+00:00
[2024-12-14T11:31:36.478+0000] {processor.py:208} INFO - Processing /home/airflow/.local/lib/python3.12/site-packages/airflow/example_dags/example_latest_only.py took 0.051 seconds
[2024-12-14T11:32:07.557+0000] {processor.py:186} INFO - Started process (PID=677) to work on /home/airflow/.local/lib/python3.12/site-packages/airflow/example_dags/example_latest_only.py
[2024-12-14T11:32:07.558+0000] {processor.py:914} INFO - Processing file /home/airflow/.local/lib/python3.12/site-packages/airflow/example_dags/example_latest_only.py for tasks to queue
[2024-12-14T11:32:07.559+0000] {logging_mixin.py:190} INFO - [2024-12-14T11:32:07.559+0000] {dagbag.py:588} INFO - Filling up the DagBag from /home/airflow/.local/lib/python3.12/site-packages/airflow/example_dags/example_latest_only.py
[2024-12-14T11:32:07.564+0000] {processor.py:925} INFO - DAG(s) 'latest_only' retrieved from /home/airflow/.local/lib/python3.12/site-packages/airflow/example_dags/example_latest_only.py
[2024-12-14T11:32:07.575+0000] {logging_mixin.py:190} INFO - [2024-12-14T11:32:07.575+0000] {dag.py:3239} INFO - Sync 1 DAGs
[2024-12-14T11:32:07.588+0000] {logging_mixin.py:190} INFO - [2024-12-14T11:32:07.588+0000] {dag.py:4180} INFO - Setting next_dagrun for latest_only to 2024-12-14 04:00:00+00:00, run_after=2024-12-14 08:00:00+00:00
[2024-12-14T11:32:07.598+0000] {processor.py:208} INFO - Processing /home/airflow/.local/lib/python3.12/site-packages/airflow/example_dags/example_latest_only.py took 0.044 seconds
[2024-12-14T11:32:38.694+0000] {processor.py:186} INFO - Started process (PID=740) to work on /home/airflow/.local/lib/python3.12/site-packages/airflow/example_dags/example_latest_only.py
[2024-12-14T11:32:38.694+0000] {processor.py:914} INFO - Processing file /home/airflow/.local/lib/python3.12/site-packages/airflow/example_dags/example_latest_only.py for tasks to queue
[2024-12-14T11:32:38.696+0000] {logging_mixin.py:190} INFO - [2024-12-14T11:32:38.696+0000] {dagbag.py:588} INFO - Filling up the DagBag from /home/airflow/.local/lib/python3.12/site-packages/airflow/example_dags/example_latest_only.py
[2024-12-14T11:32:38.701+0000] {processor.py:925} INFO - DAG(s) 'latest_only' retrieved from /home/airflow/.local/lib/python3.12/site-packages/airflow/example_dags/example_latest_only.py
[2024-12-14T11:32:38.715+0000] {logging_mixin.py:190} INFO - [2024-12-14T11:32:38.715+0000] {dag.py:3239} INFO - Sync 1 DAGs
[2024-12-14T11:32:38.727+0000] {logging_mixin.py:190} INFO - [2024-12-14T11:32:38.727+0000] {dag.py:4180} INFO - Setting next_dagrun for latest_only to 2024-12-14 04:00:00+00:00, run_after=2024-12-14 08:00:00+00:00
[2024-12-14T11:32:38.739+0000] {processor.py:208} INFO - Processing /home/airflow/.local/lib/python3.12/site-packages/airflow/example_dags/example_latest_only.py took 0.048 seconds
[2024-12-14T11:33:09.807+0000] {processor.py:186} INFO - Started process (PID=804) to work on /home/airflow/.local/lib/python3.12/site-packages/airflow/example_dags/example_latest_only.py
[2024-12-14T11:33:09.808+0000] {processor.py:914} INFO - Processing file /home/airflow/.local/lib/python3.12/site-packages/airflow/example_dags/example_latest_only.py for tasks to queue
[2024-12-14T11:33:09.809+0000] {logging_mixin.py:190} INFO - [2024-12-14T11:33:09.809+0000] {dagbag.py:588} INFO - Filling up the DagBag from /home/airflow/.local/lib/python3.12/site-packages/airflow/example_dags/example_latest_only.py
[2024-12-14T11:33:09.813+0000] {processor.py:925} INFO - DAG(s) 'latest_only' retrieved from /home/airflow/.local/lib/python3.12/site-packages/airflow/example_dags/example_latest_only.py
[2024-12-14T11:33:09.823+0000] {logging_mixin.py:190} INFO - [2024-12-14T11:33:09.823+0000] {dag.py:3239} INFO - Sync 1 DAGs
[2024-12-14T11:33:09.835+0000] {logging_mixin.py:190} INFO - [2024-12-14T11:33:09.835+0000] {dag.py:4180} INFO - Setting next_dagrun for latest_only to 2024-12-14 04:00:00+00:00, run_after=2024-12-14 08:00:00+00:00
[2024-12-14T11:33:09.847+0000] {processor.py:208} INFO - Processing /home/airflow/.local/lib/python3.12/site-packages/airflow/example_dags/example_latest_only.py took 0.043 seconds
[2024-12-14T11:33:41.043+0000] {processor.py:186} INFO - Started process (PID=868) to work on /home/airflow/.local/lib/python3.12/site-packages/airflow/example_dags/example_latest_only.py
[2024-12-14T11:33:41.045+0000] {processor.py:914} INFO - Processing file /home/airflow/.local/lib/python3.12/site-packages/airflow/example_dags/example_latest_only.py for tasks to queue
[2024-12-14T11:33:41.047+0000] {logging_mixin.py:190} INFO - [2024-12-14T11:33:41.047+0000] {dagbag.py:588} INFO - Filling up the DagBag from /home/airflow/.local/lib/python3.12/site-packages/airflow/example_dags/example_latest_only.py
[2024-12-14T11:33:41.051+0000] {processor.py:925} INFO - DAG(s) 'latest_only' retrieved from /home/airflow/.local/lib/python3.12/site-packages/airflow/example_dags/example_latest_only.py
[2024-12-14T11:33:41.062+0000] {logging_mixin.py:190} INFO - [2024-12-14T11:33:41.062+0000] {dag.py:3239} INFO - Sync 1 DAGs
[2024-12-14T11:33:41.074+0000] {logging_mixin.py:190} INFO - [2024-12-14T11:33:41.073+0000] {dag.py:4180} INFO - Setting next_dagrun for latest_only to 2024-12-14 04:00:00+00:00, run_after=2024-12-14 08:00:00+00:00
[2024-12-14T11:33:41.083+0000] {processor.py:208} INFO - Processing /home/airflow/.local/lib/python3.12/site-packages/airflow/example_dags/example_latest_only.py took 0.043 seconds
