[2024-12-14T11:27:23.628+0000] {processor.py:186} INFO - Started process (PID=57) to work on /home/airflow/.local/lib/python3.12/site-packages/airflow/example_dags/example_branch_python_dop_operator_3.py
[2024-12-14T11:27:23.628+0000] {processor.py:914} INFO - Processing file /home/airflow/.local/lib/python3.12/site-packages/airflow/example_dags/example_branch_python_dop_operator_3.py for tasks to queue
[2024-12-14T11:27:23.630+0000] {logging_mixin.py:190} INFO - [2024-12-14T11:27:23.629+0000] {dagbag.py:588} INFO - Filling up the DagBag from /home/airflow/.local/lib/python3.12/site-packages/airflow/example_dags/example_branch_python_dop_operator_3.py
[2024-12-14T11:27:23.640+0000] {processor.py:925} INFO - DAG(s) 'example_branch_dop_operator_v3' retrieved from /home/airflow/.local/lib/python3.12/site-packages/airflow/example_dags/example_branch_python_dop_operator_3.py
[2024-12-14T11:27:23.657+0000] {logging_mixin.py:190} INFO - [2024-12-14T11:27:23.657+0000] {dag.py:3239} INFO - Sync 1 DAGs
[2024-12-14T11:27:23.673+0000] {logging_mixin.py:190} INFO - [2024-12-14T11:27:23.672+0000] {dag.py:4180} INFO - Setting next_dagrun for example_branch_dop_operator_v3 to 2024-12-14 11:26:00+00:00, run_after=2024-12-14 11:27:00+00:00
[2024-12-14T11:27:23.683+0000] {processor.py:208} INFO - Processing /home/airflow/.local/lib/python3.12/site-packages/airflow/example_dags/example_branch_python_dop_operator_3.py took 0.060 seconds
[2024-12-14T11:27:54.095+0000] {processor.py:186} INFO - Started process (PID=120) to work on /home/airflow/.local/lib/python3.12/site-packages/airflow/example_dags/example_branch_python_dop_operator_3.py
[2024-12-14T11:27:54.097+0000] {processor.py:914} INFO - Processing file /home/airflow/.local/lib/python3.12/site-packages/airflow/example_dags/example_branch_python_dop_operator_3.py for tasks to queue
[2024-12-14T11:27:54.099+0000] {logging_mixin.py:190} INFO - [2024-12-14T11:27:54.098+0000] {dagbag.py:588} INFO - Filling up the DagBag from /home/airflow/.local/lib/python3.12/site-packages/airflow/example_dags/example_branch_python_dop_operator_3.py
[2024-12-14T11:27:54.106+0000] {processor.py:925} INFO - DAG(s) 'example_branch_dop_operator_v3' retrieved from /home/airflow/.local/lib/python3.12/site-packages/airflow/example_dags/example_branch_python_dop_operator_3.py
[2024-12-14T11:27:54.121+0000] {logging_mixin.py:190} INFO - [2024-12-14T11:27:54.121+0000] {dag.py:3239} INFO - Sync 1 DAGs
[2024-12-14T11:27:54.134+0000] {logging_mixin.py:190} INFO - [2024-12-14T11:27:54.134+0000] {dag.py:4180} INFO - Setting next_dagrun for example_branch_dop_operator_v3 to 2024-12-14 11:26:00+00:00, run_after=2024-12-14 11:27:00+00:00
[2024-12-14T11:27:54.146+0000] {processor.py:208} INFO - Processing /home/airflow/.local/lib/python3.12/site-packages/airflow/example_dags/example_branch_python_dop_operator_3.py took 0.058 seconds
[2024-12-14T11:28:24.725+0000] {processor.py:186} INFO - Started process (PID=190) to work on /home/airflow/.local/lib/python3.12/site-packages/airflow/example_dags/example_branch_python_dop_operator_3.py
[2024-12-14T11:28:24.728+0000] {processor.py:914} INFO - Processing file /home/airflow/.local/lib/python3.12/site-packages/airflow/example_dags/example_branch_python_dop_operator_3.py for tasks to queue
[2024-12-14T11:28:24.732+0000] {logging_mixin.py:190} INFO - [2024-12-14T11:28:24.731+0000] {dagbag.py:588} INFO - Filling up the DagBag from /home/airflow/.local/lib/python3.12/site-packages/airflow/example_dags/example_branch_python_dop_operator_3.py
[2024-12-14T11:28:24.739+0000] {processor.py:925} INFO - DAG(s) 'example_branch_dop_operator_v3' retrieved from /home/airflow/.local/lib/python3.12/site-packages/airflow/example_dags/example_branch_python_dop_operator_3.py
[2024-12-14T11:28:24.755+0000] {logging_mixin.py:190} INFO - [2024-12-14T11:28:24.755+0000] {dag.py:3239} INFO - Sync 1 DAGs
[2024-12-14T11:28:24.767+0000] {logging_mixin.py:190} INFO - [2024-12-14T11:28:24.767+0000] {dag.py:4180} INFO - Setting next_dagrun for example_branch_dop_operator_v3 to 2024-12-14 11:27:00+00:00, run_after=2024-12-14 11:28:00+00:00
[2024-12-14T11:28:24.781+0000] {processor.py:208} INFO - Processing /home/airflow/.local/lib/python3.12/site-packages/airflow/example_dags/example_branch_python_dop_operator_3.py took 0.059 seconds
[2024-12-14T11:28:55.300+0000] {processor.py:186} INFO - Started process (PID=254) to work on /home/airflow/.local/lib/python3.12/site-packages/airflow/example_dags/example_branch_python_dop_operator_3.py
[2024-12-14T11:28:55.301+0000] {processor.py:914} INFO - Processing file /home/airflow/.local/lib/python3.12/site-packages/airflow/example_dags/example_branch_python_dop_operator_3.py for tasks to queue
[2024-12-14T11:28:55.303+0000] {logging_mixin.py:190} INFO - [2024-12-14T11:28:55.303+0000] {dagbag.py:588} INFO - Filling up the DagBag from /home/airflow/.local/lib/python3.12/site-packages/airflow/example_dags/example_branch_python_dop_operator_3.py
[2024-12-14T11:28:55.328+0000] {processor.py:925} INFO - DAG(s) 'example_branch_dop_operator_v3' retrieved from /home/airflow/.local/lib/python3.12/site-packages/airflow/example_dags/example_branch_python_dop_operator_3.py
[2024-12-14T11:28:55.355+0000] {logging_mixin.py:190} INFO - [2024-12-14T11:28:55.354+0000] {dag.py:3239} INFO - Sync 1 DAGs
[2024-12-14T11:28:55.370+0000] {logging_mixin.py:190} INFO - [2024-12-14T11:28:55.370+0000] {dag.py:4180} INFO - Setting next_dagrun for example_branch_dop_operator_v3 to 2024-12-14 11:27:00+00:00, run_after=2024-12-14 11:28:00+00:00
[2024-12-14T11:28:55.384+0000] {processor.py:208} INFO - Processing /home/airflow/.local/lib/python3.12/site-packages/airflow/example_dags/example_branch_python_dop_operator_3.py took 0.090 seconds
[2024-12-14T11:29:25.753+0000] {processor.py:186} INFO - Started process (PID=318) to work on /home/airflow/.local/lib/python3.12/site-packages/airflow/example_dags/example_branch_python_dop_operator_3.py
[2024-12-14T11:29:25.753+0000] {processor.py:914} INFO - Processing file /home/airflow/.local/lib/python3.12/site-packages/airflow/example_dags/example_branch_python_dop_operator_3.py for tasks to queue
[2024-12-14T11:29:25.756+0000] {logging_mixin.py:190} INFO - [2024-12-14T11:29:25.755+0000] {dagbag.py:588} INFO - Filling up the DagBag from /home/airflow/.local/lib/python3.12/site-packages/airflow/example_dags/example_branch_python_dop_operator_3.py
[2024-12-14T11:29:25.762+0000] {processor.py:925} INFO - DAG(s) 'example_branch_dop_operator_v3' retrieved from /home/airflow/.local/lib/python3.12/site-packages/airflow/example_dags/example_branch_python_dop_operator_3.py
[2024-12-14T11:29:25.778+0000] {logging_mixin.py:190} INFO - [2024-12-14T11:29:25.778+0000] {dag.py:3239} INFO - Sync 1 DAGs
[2024-12-14T11:29:25.791+0000] {logging_mixin.py:190} INFO - [2024-12-14T11:29:25.791+0000] {dag.py:4180} INFO - Setting next_dagrun for example_branch_dop_operator_v3 to 2024-12-14 11:28:00+00:00, run_after=2024-12-14 11:29:00+00:00
[2024-12-14T11:29:25.803+0000] {processor.py:208} INFO - Processing /home/airflow/.local/lib/python3.12/site-packages/airflow/example_dags/example_branch_python_dop_operator_3.py took 0.053 seconds
[2024-12-14T11:29:56.020+0000] {processor.py:186} INFO - Started process (PID=382) to work on /home/airflow/.local/lib/python3.12/site-packages/airflow/example_dags/example_branch_python_dop_operator_3.py
[2024-12-14T11:29:56.020+0000] {processor.py:914} INFO - Processing file /home/airflow/.local/lib/python3.12/site-packages/airflow/example_dags/example_branch_python_dop_operator_3.py for tasks to queue
[2024-12-14T11:29:56.021+0000] {logging_mixin.py:190} INFO - [2024-12-14T11:29:56.021+0000] {dagbag.py:588} INFO - Filling up the DagBag from /home/airflow/.local/lib/python3.12/site-packages/airflow/example_dags/example_branch_python_dop_operator_3.py
[2024-12-14T11:29:56.027+0000] {processor.py:925} INFO - DAG(s) 'example_branch_dop_operator_v3' retrieved from /home/airflow/.local/lib/python3.12/site-packages/airflow/example_dags/example_branch_python_dop_operator_3.py
[2024-12-14T11:29:56.036+0000] {logging_mixin.py:190} INFO - [2024-12-14T11:29:56.036+0000] {dag.py:3239} INFO - Sync 1 DAGs
[2024-12-14T11:29:56.047+0000] {logging_mixin.py:190} INFO - [2024-12-14T11:29:56.046+0000] {dag.py:4180} INFO - Setting next_dagrun for example_branch_dop_operator_v3 to 2024-12-14 11:28:00+00:00, run_after=2024-12-14 11:29:00+00:00
[2024-12-14T11:29:56.054+0000] {processor.py:208} INFO - Processing /home/airflow/.local/lib/python3.12/site-packages/airflow/example_dags/example_branch_python_dop_operator_3.py took 0.037 seconds
[2024-12-14T11:30:27.122+0000] {processor.py:186} INFO - Started process (PID=446) to work on /home/airflow/.local/lib/python3.12/site-packages/airflow/example_dags/example_branch_python_dop_operator_3.py
[2024-12-14T11:30:27.123+0000] {processor.py:914} INFO - Processing file /home/airflow/.local/lib/python3.12/site-packages/airflow/example_dags/example_branch_python_dop_operator_3.py for tasks to queue
[2024-12-14T11:30:27.124+0000] {logging_mixin.py:190} INFO - [2024-12-14T11:30:27.124+0000] {dagbag.py:588} INFO - Filling up the DagBag from /home/airflow/.local/lib/python3.12/site-packages/airflow/example_dags/example_branch_python_dop_operator_3.py
[2024-12-14T11:30:27.131+0000] {processor.py:925} INFO - DAG(s) 'example_branch_dop_operator_v3' retrieved from /home/airflow/.local/lib/python3.12/site-packages/airflow/example_dags/example_branch_python_dop_operator_3.py
[2024-12-14T11:30:27.146+0000] {logging_mixin.py:190} INFO - [2024-12-14T11:30:27.146+0000] {dag.py:3239} INFO - Sync 1 DAGs
[2024-12-14T11:30:27.158+0000] {logging_mixin.py:190} INFO - [2024-12-14T11:30:27.158+0000] {dag.py:4180} INFO - Setting next_dagrun for example_branch_dop_operator_v3 to 2024-12-14 11:29:00+00:00, run_after=2024-12-14 11:30:00+00:00
[2024-12-14T11:30:27.172+0000] {processor.py:208} INFO - Processing /home/airflow/.local/lib/python3.12/site-packages/airflow/example_dags/example_branch_python_dop_operator_3.py took 0.053 seconds
[2024-12-14T11:30:58.168+0000] {processor.py:186} INFO - Started process (PID=510) to work on /home/airflow/.local/lib/python3.12/site-packages/airflow/example_dags/example_branch_python_dop_operator_3.py
[2024-12-14T11:30:58.169+0000] {processor.py:914} INFO - Processing file /home/airflow/.local/lib/python3.12/site-packages/airflow/example_dags/example_branch_python_dop_operator_3.py for tasks to queue
[2024-12-14T11:30:58.170+0000] {logging_mixin.py:190} INFO - [2024-12-14T11:30:58.170+0000] {dagbag.py:588} INFO - Filling up the DagBag from /home/airflow/.local/lib/python3.12/site-packages/airflow/example_dags/example_branch_python_dop_operator_3.py
[2024-12-14T11:30:58.176+0000] {processor.py:925} INFO - DAG(s) 'example_branch_dop_operator_v3' retrieved from /home/airflow/.local/lib/python3.12/site-packages/airflow/example_dags/example_branch_python_dop_operator_3.py
[2024-12-14T11:30:58.190+0000] {logging_mixin.py:190} INFO - [2024-12-14T11:30:58.190+0000] {dag.py:3239} INFO - Sync 1 DAGs
[2024-12-14T11:30:58.203+0000] {logging_mixin.py:190} INFO - [2024-12-14T11:30:58.203+0000] {dag.py:4180} INFO - Setting next_dagrun for example_branch_dop_operator_v3 to 2024-12-14 11:29:00+00:00, run_after=2024-12-14 11:30:00+00:00
[2024-12-14T11:30:58.216+0000] {processor.py:208} INFO - Processing /home/airflow/.local/lib/python3.12/site-packages/airflow/example_dags/example_branch_python_dop_operator_3.py took 0.051 seconds
[2024-12-14T11:31:28.451+0000] {processor.py:186} INFO - Started process (PID=574) to work on /home/airflow/.local/lib/python3.12/site-packages/airflow/example_dags/example_branch_python_dop_operator_3.py
[2024-12-14T11:31:28.453+0000] {processor.py:914} INFO - Processing file /home/airflow/.local/lib/python3.12/site-packages/airflow/example_dags/example_branch_python_dop_operator_3.py for tasks to queue
[2024-12-14T11:31:28.454+0000] {logging_mixin.py:190} INFO - [2024-12-14T11:31:28.454+0000] {dagbag.py:588} INFO - Filling up the DagBag from /home/airflow/.local/lib/python3.12/site-packages/airflow/example_dags/example_branch_python_dop_operator_3.py
[2024-12-14T11:31:28.462+0000] {processor.py:925} INFO - DAG(s) 'example_branch_dop_operator_v3' retrieved from /home/airflow/.local/lib/python3.12/site-packages/airflow/example_dags/example_branch_python_dop_operator_3.py
[2024-12-14T11:31:28.476+0000] {logging_mixin.py:190} INFO - [2024-12-14T11:31:28.476+0000] {dag.py:3239} INFO - Sync 1 DAGs
[2024-12-14T11:31:28.494+0000] {logging_mixin.py:190} INFO - [2024-12-14T11:31:28.494+0000] {dag.py:4180} INFO - Setting next_dagrun for example_branch_dop_operator_v3 to 2024-12-14 11:30:00+00:00, run_after=2024-12-14 11:31:00+00:00
[2024-12-14T11:31:28.507+0000] {processor.py:208} INFO - Processing /home/airflow/.local/lib/python3.12/site-packages/airflow/example_dags/example_branch_python_dop_operator_3.py took 0.061 seconds
[2024-12-14T11:31:59.538+0000] {processor.py:186} INFO - Started process (PID=638) to work on /home/airflow/.local/lib/python3.12/site-packages/airflow/example_dags/example_branch_python_dop_operator_3.py
[2024-12-14T11:31:59.540+0000] {processor.py:914} INFO - Processing file /home/airflow/.local/lib/python3.12/site-packages/airflow/example_dags/example_branch_python_dop_operator_3.py for tasks to queue
[2024-12-14T11:31:59.541+0000] {logging_mixin.py:190} INFO - [2024-12-14T11:31:59.541+0000] {dagbag.py:588} INFO - Filling up the DagBag from /home/airflow/.local/lib/python3.12/site-packages/airflow/example_dags/example_branch_python_dop_operator_3.py
[2024-12-14T11:31:59.547+0000] {processor.py:925} INFO - DAG(s) 'example_branch_dop_operator_v3' retrieved from /home/airflow/.local/lib/python3.12/site-packages/airflow/example_dags/example_branch_python_dop_operator_3.py
[2024-12-14T11:31:59.558+0000] {logging_mixin.py:190} INFO - [2024-12-14T11:31:59.558+0000] {dag.py:3239} INFO - Sync 1 DAGs
[2024-12-14T11:31:59.572+0000] {logging_mixin.py:190} INFO - [2024-12-14T11:31:59.572+0000] {dag.py:4180} INFO - Setting next_dagrun for example_branch_dop_operator_v3 to 2024-12-14 11:30:00+00:00, run_after=2024-12-14 11:31:00+00:00
[2024-12-14T11:31:59.589+0000] {processor.py:208} INFO - Processing /home/airflow/.local/lib/python3.12/site-packages/airflow/example_dags/example_branch_python_dop_operator_3.py took 0.054 seconds
[2024-12-14T11:32:29.764+0000] {processor.py:186} INFO - Started process (PID=701) to work on /home/airflow/.local/lib/python3.12/site-packages/airflow/example_dags/example_branch_python_dop_operator_3.py
[2024-12-14T11:32:29.764+0000] {processor.py:914} INFO - Processing file /home/airflow/.local/lib/python3.12/site-packages/airflow/example_dags/example_branch_python_dop_operator_3.py for tasks to queue
[2024-12-14T11:32:29.766+0000] {logging_mixin.py:190} INFO - [2024-12-14T11:32:29.766+0000] {dagbag.py:588} INFO - Filling up the DagBag from /home/airflow/.local/lib/python3.12/site-packages/airflow/example_dags/example_branch_python_dop_operator_3.py
[2024-12-14T11:32:29.775+0000] {processor.py:925} INFO - DAG(s) 'example_branch_dop_operator_v3' retrieved from /home/airflow/.local/lib/python3.12/site-packages/airflow/example_dags/example_branch_python_dop_operator_3.py
[2024-12-14T11:32:29.791+0000] {logging_mixin.py:190} INFO - [2024-12-14T11:32:29.791+0000] {dag.py:3239} INFO - Sync 1 DAGs
[2024-12-14T11:32:29.805+0000] {logging_mixin.py:190} INFO - [2024-12-14T11:32:29.805+0000] {dag.py:4180} INFO - Setting next_dagrun for example_branch_dop_operator_v3 to 2024-12-14 11:31:00+00:00, run_after=2024-12-14 11:32:00+00:00
[2024-12-14T11:32:29.819+0000] {processor.py:208} INFO - Processing /home/airflow/.local/lib/python3.12/site-packages/airflow/example_dags/example_branch_python_dop_operator_3.py took 0.058 seconds
[2024-12-14T11:33:00.865+0000] {processor.py:186} INFO - Started process (PID=765) to work on /home/airflow/.local/lib/python3.12/site-packages/airflow/example_dags/example_branch_python_dop_operator_3.py
[2024-12-14T11:33:00.866+0000] {processor.py:914} INFO - Processing file /home/airflow/.local/lib/python3.12/site-packages/airflow/example_dags/example_branch_python_dop_operator_3.py for tasks to queue
[2024-12-14T11:33:00.868+0000] {logging_mixin.py:190} INFO - [2024-12-14T11:33:00.868+0000] {dagbag.py:588} INFO - Filling up the DagBag from /home/airflow/.local/lib/python3.12/site-packages/airflow/example_dags/example_branch_python_dop_operator_3.py
[2024-12-14T11:33:00.874+0000] {processor.py:925} INFO - DAG(s) 'example_branch_dop_operator_v3' retrieved from /home/airflow/.local/lib/python3.12/site-packages/airflow/example_dags/example_branch_python_dop_operator_3.py
[2024-12-14T11:33:00.885+0000] {logging_mixin.py:190} INFO - [2024-12-14T11:33:00.884+0000] {dag.py:3239} INFO - Sync 1 DAGs
[2024-12-14T11:33:00.899+0000] {logging_mixin.py:190} INFO - [2024-12-14T11:33:00.898+0000] {dag.py:4180} INFO - Setting next_dagrun for example_branch_dop_operator_v3 to 2024-12-14 11:32:00+00:00, run_after=2024-12-14 11:33:00+00:00
[2024-12-14T11:33:00.910+0000] {processor.py:208} INFO - Processing /home/airflow/.local/lib/python3.12/site-packages/airflow/example_dags/example_branch_python_dop_operator_3.py took 0.048 seconds
[2024-12-14T11:33:32.032+0000] {processor.py:186} INFO - Started process (PID=829) to work on /home/airflow/.local/lib/python3.12/site-packages/airflow/example_dags/example_branch_python_dop_operator_3.py
[2024-12-14T11:33:32.034+0000] {processor.py:914} INFO - Processing file /home/airflow/.local/lib/python3.12/site-packages/airflow/example_dags/example_branch_python_dop_operator_3.py for tasks to queue
[2024-12-14T11:33:32.035+0000] {logging_mixin.py:190} INFO - [2024-12-14T11:33:32.035+0000] {dagbag.py:588} INFO - Filling up the DagBag from /home/airflow/.local/lib/python3.12/site-packages/airflow/example_dags/example_branch_python_dop_operator_3.py
[2024-12-14T11:33:32.040+0000] {processor.py:925} INFO - DAG(s) 'example_branch_dop_operator_v3' retrieved from /home/airflow/.local/lib/python3.12/site-packages/airflow/example_dags/example_branch_python_dop_operator_3.py
[2024-12-14T11:33:32.052+0000] {logging_mixin.py:190} INFO - [2024-12-14T11:33:32.052+0000] {dag.py:3239} INFO - Sync 1 DAGs
[2024-12-14T11:33:32.066+0000] {logging_mixin.py:190} INFO - [2024-12-14T11:33:32.066+0000] {dag.py:4180} INFO - Setting next_dagrun for example_branch_dop_operator_v3 to 2024-12-14 11:32:00+00:00, run_after=2024-12-14 11:33:00+00:00
[2024-12-14T11:33:32.076+0000] {processor.py:208} INFO - Processing /home/airflow/.local/lib/python3.12/site-packages/airflow/example_dags/example_branch_python_dop_operator_3.py took 0.049 seconds
