[2024-12-14T11:27:23.285+0000] {processor.py:186} INFO - Started process (PID=53) to work on /home/airflow/.local/lib/python3.12/site-packages/airflow/example_dags/example_dataset_alias.py
[2024-12-14T11:27:23.287+0000] {processor.py:914} INFO - Processing file /home/airflow/.local/lib/python3.12/site-packages/airflow/example_dags/example_dataset_alias.py for tasks to queue
[2024-12-14T11:27:23.290+0000] {logging_mixin.py:190} INFO - [2024-12-14T11:27:23.290+0000] {dagbag.py:588} INFO - Filling up the DagBag from /home/airflow/.local/lib/python3.12/site-packages/airflow/example_dags/example_dataset_alias.py
[2024-12-14T11:27:24.638+0000] {processor.py:925} INFO - DAG(s) 'dataset_alias_example_alias_consumer', 'dataset_s3_bucket_producer', 'dataset_alias_example_alias_producer', 'dataset_s3_bucket_consumer' retrieved from /home/airflow/.local/lib/python3.12/site-packages/airflow/example_dags/example_dataset_alias.py
[2024-12-14T11:27:24.679+0000] {logging_mixin.py:190} INFO - [2024-12-14T11:27:24.679+0000] {dag.py:3239} INFO - Sync 4 DAGs
[2024-12-14T11:27:24.696+0000] {logging_mixin.py:190} INFO - [2024-12-14T11:27:24.696+0000] {dag.py:4180} INFO - Setting next_dagrun for dataset_alias_example_alias_consumer to None, run_after=None
[2024-12-14T11:27:24.698+0000] {logging_mixin.py:190} INFO - [2024-12-14T11:27:24.698+0000] {dag.py:4180} INFO - Setting next_dagrun for dataset_alias_example_alias_producer to None, run_after=None
[2024-12-14T11:27:24.699+0000] {logging_mixin.py:190} INFO - [2024-12-14T11:27:24.699+0000] {dag.py:4180} INFO - Setting next_dagrun for dataset_s3_bucket_consumer to None, run_after=None
[2024-12-14T11:27:24.701+0000] {logging_mixin.py:190} INFO - [2024-12-14T11:27:24.700+0000] {dag.py:4180} INFO - Setting next_dagrun for dataset_s3_bucket_producer to None, run_after=None
[2024-12-14T11:27:24.908+0000] {processor.py:208} INFO - Processing /home/airflow/.local/lib/python3.12/site-packages/airflow/example_dags/example_dataset_alias.py took 1.636 seconds
[2024-12-14T11:27:55.353+0000] {processor.py:186} INFO - Started process (PID=133) to work on /home/airflow/.local/lib/python3.12/site-packages/airflow/example_dags/example_dataset_alias.py
[2024-12-14T11:27:55.355+0000] {processor.py:914} INFO - Processing file /home/airflow/.local/lib/python3.12/site-packages/airflow/example_dags/example_dataset_alias.py for tasks to queue
[2024-12-14T11:27:55.357+0000] {logging_mixin.py:190} INFO - [2024-12-14T11:27:55.357+0000] {dagbag.py:588} INFO - Filling up the DagBag from /home/airflow/.local/lib/python3.12/site-packages/airflow/example_dags/example_dataset_alias.py
[2024-12-14T11:27:56.010+0000] {processor.py:925} INFO - DAG(s) 'dataset_alias_example_alias_producer', 'dataset_s3_bucket_consumer', 'dataset_alias_example_alias_consumer', 'dataset_s3_bucket_producer' retrieved from /home/airflow/.local/lib/python3.12/site-packages/airflow/example_dags/example_dataset_alias.py
[2024-12-14T11:27:56.031+0000] {logging_mixin.py:190} INFO - [2024-12-14T11:27:56.030+0000] {dag.py:3239} INFO - Sync 4 DAGs
[2024-12-14T11:27:56.055+0000] {logging_mixin.py:190} INFO - [2024-12-14T11:27:56.055+0000] {dag.py:4180} INFO - Setting next_dagrun for dataset_alias_example_alias_consumer to None, run_after=None
[2024-12-14T11:27:56.059+0000] {logging_mixin.py:190} INFO - [2024-12-14T11:27:56.058+0000] {dag.py:4180} INFO - Setting next_dagrun for dataset_alias_example_alias_producer to None, run_after=None
[2024-12-14T11:27:56.063+0000] {logging_mixin.py:190} INFO - [2024-12-14T11:27:56.063+0000] {dag.py:4180} INFO - Setting next_dagrun for dataset_s3_bucket_consumer to None, run_after=None
[2024-12-14T11:27:56.068+0000] {logging_mixin.py:190} INFO - [2024-12-14T11:27:56.067+0000] {dag.py:4180} INFO - Setting next_dagrun for dataset_s3_bucket_producer to None, run_after=None
[2024-12-14T11:27:56.101+0000] {processor.py:208} INFO - Processing /home/airflow/.local/lib/python3.12/site-packages/airflow/example_dags/example_dataset_alias.py took 0.757 seconds
[2024-12-14T11:28:26.982+0000] {processor.py:186} INFO - Started process (PID=197) to work on /home/airflow/.local/lib/python3.12/site-packages/airflow/example_dags/example_dataset_alias.py
[2024-12-14T11:28:26.983+0000] {processor.py:914} INFO - Processing file /home/airflow/.local/lib/python3.12/site-packages/airflow/example_dags/example_dataset_alias.py for tasks to queue
[2024-12-14T11:28:26.985+0000] {logging_mixin.py:190} INFO - [2024-12-14T11:28:26.984+0000] {dagbag.py:588} INFO - Filling up the DagBag from /home/airflow/.local/lib/python3.12/site-packages/airflow/example_dags/example_dataset_alias.py
[2024-12-14T11:28:27.613+0000] {processor.py:925} INFO - DAG(s) 'dataset_s3_bucket_consumer', 'dataset_s3_bucket_producer', 'dataset_alias_example_alias_consumer', 'dataset_alias_example_alias_producer' retrieved from /home/airflow/.local/lib/python3.12/site-packages/airflow/example_dags/example_dataset_alias.py
[2024-12-14T11:28:27.632+0000] {logging_mixin.py:190} INFO - [2024-12-14T11:28:27.632+0000] {dag.py:3239} INFO - Sync 4 DAGs
[2024-12-14T11:28:27.657+0000] {logging_mixin.py:190} INFO - [2024-12-14T11:28:27.657+0000] {dag.py:4180} INFO - Setting next_dagrun for dataset_alias_example_alias_consumer to None, run_after=None
[2024-12-14T11:28:27.661+0000] {logging_mixin.py:190} INFO - [2024-12-14T11:28:27.660+0000] {dag.py:4180} INFO - Setting next_dagrun for dataset_alias_example_alias_producer to None, run_after=None
[2024-12-14T11:28:27.663+0000] {logging_mixin.py:190} INFO - [2024-12-14T11:28:27.663+0000] {dag.py:4180} INFO - Setting next_dagrun for dataset_s3_bucket_consumer to None, run_after=None
[2024-12-14T11:28:27.664+0000] {logging_mixin.py:190} INFO - [2024-12-14T11:28:27.664+0000] {dag.py:4180} INFO - Setting next_dagrun for dataset_s3_bucket_producer to None, run_after=None
[2024-12-14T11:28:27.675+0000] {processor.py:208} INFO - Processing /home/airflow/.local/lib/python3.12/site-packages/airflow/example_dags/example_dataset_alias.py took 0.698 seconds
[2024-12-14T11:28:58.570+0000] {processor.py:186} INFO - Started process (PID=261) to work on /home/airflow/.local/lib/python3.12/site-packages/airflow/example_dags/example_dataset_alias.py
[2024-12-14T11:28:58.571+0000] {processor.py:914} INFO - Processing file /home/airflow/.local/lib/python3.12/site-packages/airflow/example_dags/example_dataset_alias.py for tasks to queue
[2024-12-14T11:28:58.573+0000] {logging_mixin.py:190} INFO - [2024-12-14T11:28:58.573+0000] {dagbag.py:588} INFO - Filling up the DagBag from /home/airflow/.local/lib/python3.12/site-packages/airflow/example_dags/example_dataset_alias.py
[2024-12-14T11:28:59.000+0000] {processor.py:925} INFO - DAG(s) 'dataset_s3_bucket_producer', 'dataset_s3_bucket_consumer', 'dataset_alias_example_alias_consumer', 'dataset_alias_example_alias_producer' retrieved from /home/airflow/.local/lib/python3.12/site-packages/airflow/example_dags/example_dataset_alias.py
[2024-12-14T11:28:59.021+0000] {logging_mixin.py:190} INFO - [2024-12-14T11:28:59.021+0000] {dag.py:3239} INFO - Sync 4 DAGs
[2024-12-14T11:28:59.032+0000] {logging_mixin.py:190} INFO - [2024-12-14T11:28:59.032+0000] {dag.py:4180} INFO - Setting next_dagrun for dataset_alias_example_alias_consumer to None, run_after=None
[2024-12-14T11:28:59.034+0000] {logging_mixin.py:190} INFO - [2024-12-14T11:28:59.034+0000] {dag.py:4180} INFO - Setting next_dagrun for dataset_alias_example_alias_producer to None, run_after=None
[2024-12-14T11:28:59.037+0000] {logging_mixin.py:190} INFO - [2024-12-14T11:28:59.037+0000] {dag.py:4180} INFO - Setting next_dagrun for dataset_s3_bucket_consumer to None, run_after=None
[2024-12-14T11:28:59.038+0000] {logging_mixin.py:190} INFO - [2024-12-14T11:28:59.038+0000] {dag.py:4180} INFO - Setting next_dagrun for dataset_s3_bucket_producer to None, run_after=None
[2024-12-14T11:28:59.049+0000] {processor.py:208} INFO - Processing /home/airflow/.local/lib/python3.12/site-packages/airflow/example_dags/example_dataset_alias.py took 0.484 seconds
[2024-12-14T11:29:30.032+0000] {processor.py:186} INFO - Started process (PID=325) to work on /home/airflow/.local/lib/python3.12/site-packages/airflow/example_dags/example_dataset_alias.py
[2024-12-14T11:29:30.033+0000] {processor.py:914} INFO - Processing file /home/airflow/.local/lib/python3.12/site-packages/airflow/example_dags/example_dataset_alias.py for tasks to queue
[2024-12-14T11:29:30.034+0000] {logging_mixin.py:190} INFO - [2024-12-14T11:29:30.034+0000] {dagbag.py:588} INFO - Filling up the DagBag from /home/airflow/.local/lib/python3.12/site-packages/airflow/example_dags/example_dataset_alias.py
[2024-12-14T11:29:30.454+0000] {processor.py:925} INFO - DAG(s) 'dataset_alias_example_alias_consumer', 'dataset_alias_example_alias_producer', 'dataset_s3_bucket_producer', 'dataset_s3_bucket_consumer' retrieved from /home/airflow/.local/lib/python3.12/site-packages/airflow/example_dags/example_dataset_alias.py
[2024-12-14T11:29:30.465+0000] {logging_mixin.py:190} INFO - [2024-12-14T11:29:30.465+0000] {dag.py:3239} INFO - Sync 4 DAGs
[2024-12-14T11:29:30.478+0000] {logging_mixin.py:190} INFO - [2024-12-14T11:29:30.478+0000] {dag.py:4180} INFO - Setting next_dagrun for dataset_alias_example_alias_consumer to None, run_after=None
[2024-12-14T11:29:30.479+0000] {logging_mixin.py:190} INFO - [2024-12-14T11:29:30.479+0000] {dag.py:4180} INFO - Setting next_dagrun for dataset_alias_example_alias_producer to None, run_after=None
[2024-12-14T11:29:30.480+0000] {logging_mixin.py:190} INFO - [2024-12-14T11:29:30.480+0000] {dag.py:4180} INFO - Setting next_dagrun for dataset_s3_bucket_consumer to None, run_after=None
[2024-12-14T11:29:30.482+0000] {logging_mixin.py:190} INFO - [2024-12-14T11:29:30.482+0000] {dag.py:4180} INFO - Setting next_dagrun for dataset_s3_bucket_producer to None, run_after=None
[2024-12-14T11:29:30.494+0000] {processor.py:208} INFO - Processing /home/airflow/.local/lib/python3.12/site-packages/airflow/example_dags/example_dataset_alias.py took 0.466 seconds
[2024-12-14T11:30:01.338+0000] {processor.py:186} INFO - Started process (PID=389) to work on /home/airflow/.local/lib/python3.12/site-packages/airflow/example_dags/example_dataset_alias.py
[2024-12-14T11:30:01.339+0000] {processor.py:914} INFO - Processing file /home/airflow/.local/lib/python3.12/site-packages/airflow/example_dags/example_dataset_alias.py for tasks to queue
[2024-12-14T11:30:01.341+0000] {logging_mixin.py:190} INFO - [2024-12-14T11:30:01.341+0000] {dagbag.py:588} INFO - Filling up the DagBag from /home/airflow/.local/lib/python3.12/site-packages/airflow/example_dags/example_dataset_alias.py
[2024-12-14T11:30:01.776+0000] {processor.py:925} INFO - DAG(s) 'dataset_s3_bucket_consumer', 'dataset_alias_example_alias_consumer', 'dataset_alias_example_alias_producer', 'dataset_s3_bucket_producer' retrieved from /home/airflow/.local/lib/python3.12/site-packages/airflow/example_dags/example_dataset_alias.py
[2024-12-14T11:30:01.789+0000] {logging_mixin.py:190} INFO - [2024-12-14T11:30:01.789+0000] {dag.py:3239} INFO - Sync 4 DAGs
[2024-12-14T11:30:01.799+0000] {logging_mixin.py:190} INFO - [2024-12-14T11:30:01.799+0000] {dag.py:4180} INFO - Setting next_dagrun for dataset_alias_example_alias_consumer to None, run_after=None
[2024-12-14T11:30:01.801+0000] {logging_mixin.py:190} INFO - [2024-12-14T11:30:01.801+0000] {dag.py:4180} INFO - Setting next_dagrun for dataset_alias_example_alias_producer to None, run_after=None
[2024-12-14T11:30:01.803+0000] {logging_mixin.py:190} INFO - [2024-12-14T11:30:01.803+0000] {dag.py:4180} INFO - Setting next_dagrun for dataset_s3_bucket_consumer to None, run_after=None
[2024-12-14T11:30:01.805+0000] {logging_mixin.py:190} INFO - [2024-12-14T11:30:01.805+0000] {dag.py:4180} INFO - Setting next_dagrun for dataset_s3_bucket_producer to None, run_after=None
[2024-12-14T11:30:01.814+0000] {processor.py:208} INFO - Processing /home/airflow/.local/lib/python3.12/site-packages/airflow/example_dags/example_dataset_alias.py took 0.486 seconds
[2024-12-14T11:30:32.406+0000] {processor.py:186} INFO - Started process (PID=453) to work on /home/airflow/.local/lib/python3.12/site-packages/airflow/example_dags/example_dataset_alias.py
[2024-12-14T11:30:32.407+0000] {processor.py:914} INFO - Processing file /home/airflow/.local/lib/python3.12/site-packages/airflow/example_dags/example_dataset_alias.py for tasks to queue
[2024-12-14T11:30:32.409+0000] {logging_mixin.py:190} INFO - [2024-12-14T11:30:32.409+0000] {dagbag.py:588} INFO - Filling up the DagBag from /home/airflow/.local/lib/python3.12/site-packages/airflow/example_dags/example_dataset_alias.py
[2024-12-14T11:30:32.817+0000] {processor.py:925} INFO - DAG(s) 'dataset_alias_example_alias_producer', 'dataset_s3_bucket_producer', 'dataset_alias_example_alias_consumer', 'dataset_s3_bucket_consumer' retrieved from /home/airflow/.local/lib/python3.12/site-packages/airflow/example_dags/example_dataset_alias.py
[2024-12-14T11:30:32.829+0000] {logging_mixin.py:190} INFO - [2024-12-14T11:30:32.829+0000] {dag.py:3239} INFO - Sync 4 DAGs
[2024-12-14T11:30:32.839+0000] {logging_mixin.py:190} INFO - [2024-12-14T11:30:32.839+0000] {dag.py:4180} INFO - Setting next_dagrun for dataset_alias_example_alias_consumer to None, run_after=None
[2024-12-14T11:30:32.841+0000] {logging_mixin.py:190} INFO - [2024-12-14T11:30:32.841+0000] {dag.py:4180} INFO - Setting next_dagrun for dataset_alias_example_alias_producer to None, run_after=None
[2024-12-14T11:30:32.844+0000] {logging_mixin.py:190} INFO - [2024-12-14T11:30:32.843+0000] {dag.py:4180} INFO - Setting next_dagrun for dataset_s3_bucket_consumer to None, run_after=None
[2024-12-14T11:30:32.845+0000] {logging_mixin.py:190} INFO - [2024-12-14T11:30:32.845+0000] {dag.py:4180} INFO - Setting next_dagrun for dataset_s3_bucket_producer to None, run_after=None
[2024-12-14T11:30:32.856+0000] {processor.py:208} INFO - Processing /home/airflow/.local/lib/python3.12/site-packages/airflow/example_dags/example_dataset_alias.py took 0.454 seconds
[2024-12-14T11:31:03.427+0000] {processor.py:186} INFO - Started process (PID=517) to work on /home/airflow/.local/lib/python3.12/site-packages/airflow/example_dags/example_dataset_alias.py
[2024-12-14T11:31:03.429+0000] {processor.py:914} INFO - Processing file /home/airflow/.local/lib/python3.12/site-packages/airflow/example_dags/example_dataset_alias.py for tasks to queue
[2024-12-14T11:31:03.431+0000] {logging_mixin.py:190} INFO - [2024-12-14T11:31:03.431+0000] {dagbag.py:588} INFO - Filling up the DagBag from /home/airflow/.local/lib/python3.12/site-packages/airflow/example_dags/example_dataset_alias.py
[2024-12-14T11:31:03.858+0000] {processor.py:925} INFO - DAG(s) 'dataset_alias_example_alias_producer', 'dataset_alias_example_alias_consumer', 'dataset_s3_bucket_consumer', 'dataset_s3_bucket_producer' retrieved from /home/airflow/.local/lib/python3.12/site-packages/airflow/example_dags/example_dataset_alias.py
[2024-12-14T11:31:03.867+0000] {logging_mixin.py:190} INFO - [2024-12-14T11:31:03.867+0000] {dag.py:3239} INFO - Sync 4 DAGs
[2024-12-14T11:31:03.877+0000] {logging_mixin.py:190} INFO - [2024-12-14T11:31:03.877+0000] {dag.py:4180} INFO - Setting next_dagrun for dataset_alias_example_alias_consumer to None, run_after=None
[2024-12-14T11:31:03.878+0000] {logging_mixin.py:190} INFO - [2024-12-14T11:31:03.878+0000] {dag.py:4180} INFO - Setting next_dagrun for dataset_alias_example_alias_producer to None, run_after=None
[2024-12-14T11:31:03.879+0000] {logging_mixin.py:190} INFO - [2024-12-14T11:31:03.879+0000] {dag.py:4180} INFO - Setting next_dagrun for dataset_s3_bucket_consumer to None, run_after=None
[2024-12-14T11:31:03.880+0000] {logging_mixin.py:190} INFO - [2024-12-14T11:31:03.880+0000] {dag.py:4180} INFO - Setting next_dagrun for dataset_s3_bucket_producer to None, run_after=None
[2024-12-14T11:31:03.892+0000] {processor.py:208} INFO - Processing /home/airflow/.local/lib/python3.12/site-packages/airflow/example_dags/example_dataset_alias.py took 0.474 seconds
[2024-12-14T11:31:34.828+0000] {processor.py:186} INFO - Started process (PID=581) to work on /home/airflow/.local/lib/python3.12/site-packages/airflow/example_dags/example_dataset_alias.py
[2024-12-14T11:31:34.830+0000] {processor.py:914} INFO - Processing file /home/airflow/.local/lib/python3.12/site-packages/airflow/example_dags/example_dataset_alias.py for tasks to queue
[2024-12-14T11:31:34.833+0000] {logging_mixin.py:190} INFO - [2024-12-14T11:31:34.832+0000] {dagbag.py:588} INFO - Filling up the DagBag from /home/airflow/.local/lib/python3.12/site-packages/airflow/example_dags/example_dataset_alias.py
[2024-12-14T11:31:35.189+0000] {processor.py:925} INFO - DAG(s) 'dataset_alias_example_alias_consumer', 'dataset_alias_example_alias_producer', 'dataset_s3_bucket_producer', 'dataset_s3_bucket_consumer' retrieved from /home/airflow/.local/lib/python3.12/site-packages/airflow/example_dags/example_dataset_alias.py
[2024-12-14T11:31:35.201+0000] {logging_mixin.py:190} INFO - [2024-12-14T11:31:35.201+0000] {dag.py:3239} INFO - Sync 4 DAGs
[2024-12-14T11:31:35.212+0000] {logging_mixin.py:190} INFO - [2024-12-14T11:31:35.212+0000] {dag.py:4180} INFO - Setting next_dagrun for dataset_alias_example_alias_consumer to None, run_after=None
[2024-12-14T11:31:35.214+0000] {logging_mixin.py:190} INFO - [2024-12-14T11:31:35.214+0000] {dag.py:4180} INFO - Setting next_dagrun for dataset_alias_example_alias_producer to None, run_after=None
[2024-12-14T11:31:35.216+0000] {logging_mixin.py:190} INFO - [2024-12-14T11:31:35.215+0000] {dag.py:4180} INFO - Setting next_dagrun for dataset_s3_bucket_consumer to None, run_after=None
[2024-12-14T11:31:35.217+0000] {logging_mixin.py:190} INFO - [2024-12-14T11:31:35.217+0000] {dag.py:4180} INFO - Setting next_dagrun for dataset_s3_bucket_producer to None, run_after=None
[2024-12-14T11:31:35.229+0000] {processor.py:208} INFO - Processing /home/airflow/.local/lib/python3.12/site-packages/airflow/example_dags/example_dataset_alias.py took 0.408 seconds
[2024-12-14T11:32:05.871+0000] {processor.py:186} INFO - Started process (PID=645) to work on /home/airflow/.local/lib/python3.12/site-packages/airflow/example_dags/example_dataset_alias.py
[2024-12-14T11:32:05.873+0000] {processor.py:914} INFO - Processing file /home/airflow/.local/lib/python3.12/site-packages/airflow/example_dags/example_dataset_alias.py for tasks to queue
[2024-12-14T11:32:05.875+0000] {logging_mixin.py:190} INFO - [2024-12-14T11:32:05.875+0000] {dagbag.py:588} INFO - Filling up the DagBag from /home/airflow/.local/lib/python3.12/site-packages/airflow/example_dags/example_dataset_alias.py
[2024-12-14T11:32:06.329+0000] {processor.py:925} INFO - DAG(s) 'dataset_alias_example_alias_consumer', 'dataset_s3_bucket_consumer', 'dataset_s3_bucket_producer', 'dataset_alias_example_alias_producer' retrieved from /home/airflow/.local/lib/python3.12/site-packages/airflow/example_dags/example_dataset_alias.py
[2024-12-14T11:32:06.343+0000] {logging_mixin.py:190} INFO - [2024-12-14T11:32:06.342+0000] {dag.py:3239} INFO - Sync 4 DAGs
[2024-12-14T11:32:06.354+0000] {logging_mixin.py:190} INFO - [2024-12-14T11:32:06.353+0000] {dag.py:4180} INFO - Setting next_dagrun for dataset_alias_example_alias_consumer to None, run_after=None
[2024-12-14T11:32:06.356+0000] {logging_mixin.py:190} INFO - [2024-12-14T11:32:06.356+0000] {dag.py:4180} INFO - Setting next_dagrun for dataset_alias_example_alias_producer to None, run_after=None
[2024-12-14T11:32:06.357+0000] {logging_mixin.py:190} INFO - [2024-12-14T11:32:06.357+0000] {dag.py:4180} INFO - Setting next_dagrun for dataset_s3_bucket_consumer to None, run_after=None
[2024-12-14T11:32:06.358+0000] {logging_mixin.py:190} INFO - [2024-12-14T11:32:06.358+0000] {dag.py:4180} INFO - Setting next_dagrun for dataset_s3_bucket_producer to None, run_after=None
[2024-12-14T11:32:06.373+0000] {processor.py:208} INFO - Processing /home/airflow/.local/lib/python3.12/site-packages/airflow/example_dags/example_dataset_alias.py took 0.508 seconds
[2024-12-14T11:32:37.076+0000] {processor.py:186} INFO - Started process (PID=708) to work on /home/airflow/.local/lib/python3.12/site-packages/airflow/example_dags/example_dataset_alias.py
[2024-12-14T11:32:37.078+0000] {processor.py:914} INFO - Processing file /home/airflow/.local/lib/python3.12/site-packages/airflow/example_dags/example_dataset_alias.py for tasks to queue
[2024-12-14T11:32:37.080+0000] {logging_mixin.py:190} INFO - [2024-12-14T11:32:37.080+0000] {dagbag.py:588} INFO - Filling up the DagBag from /home/airflow/.local/lib/python3.12/site-packages/airflow/example_dags/example_dataset_alias.py
[2024-12-14T11:32:37.511+0000] {processor.py:925} INFO - DAG(s) 'dataset_alias_example_alias_producer', 'dataset_alias_example_alias_consumer', 'dataset_s3_bucket_producer', 'dataset_s3_bucket_consumer' retrieved from /home/airflow/.local/lib/python3.12/site-packages/airflow/example_dags/example_dataset_alias.py
[2024-12-14T11:32:37.524+0000] {logging_mixin.py:190} INFO - [2024-12-14T11:32:37.524+0000] {dag.py:3239} INFO - Sync 4 DAGs
[2024-12-14T11:32:37.535+0000] {logging_mixin.py:190} INFO - [2024-12-14T11:32:37.534+0000] {dag.py:4180} INFO - Setting next_dagrun for dataset_alias_example_alias_consumer to None, run_after=None
[2024-12-14T11:32:37.536+0000] {logging_mixin.py:190} INFO - [2024-12-14T11:32:37.536+0000] {dag.py:4180} INFO - Setting next_dagrun for dataset_alias_example_alias_producer to None, run_after=None
[2024-12-14T11:32:37.536+0000] {logging_mixin.py:190} INFO - [2024-12-14T11:32:37.536+0000] {dag.py:4180} INFO - Setting next_dagrun for dataset_s3_bucket_consumer to None, run_after=None
[2024-12-14T11:32:37.537+0000] {logging_mixin.py:190} INFO - [2024-12-14T11:32:37.537+0000] {dag.py:4180} INFO - Setting next_dagrun for dataset_s3_bucket_producer to None, run_after=None
[2024-12-14T11:32:37.548+0000] {processor.py:208} INFO - Processing /home/airflow/.local/lib/python3.12/site-packages/airflow/example_dags/example_dataset_alias.py took 0.483 seconds
[2024-12-14T11:33:08.178+0000] {processor.py:186} INFO - Started process (PID=772) to work on /home/airflow/.local/lib/python3.12/site-packages/airflow/example_dags/example_dataset_alias.py
[2024-12-14T11:33:08.180+0000] {processor.py:914} INFO - Processing file /home/airflow/.local/lib/python3.12/site-packages/airflow/example_dags/example_dataset_alias.py for tasks to queue
[2024-12-14T11:33:08.182+0000] {logging_mixin.py:190} INFO - [2024-12-14T11:33:08.181+0000] {dagbag.py:588} INFO - Filling up the DagBag from /home/airflow/.local/lib/python3.12/site-packages/airflow/example_dags/example_dataset_alias.py
[2024-12-14T11:33:08.608+0000] {processor.py:925} INFO - DAG(s) 'dataset_s3_bucket_producer', 'dataset_alias_example_alias_consumer', 'dataset_alias_example_alias_producer', 'dataset_s3_bucket_consumer' retrieved from /home/airflow/.local/lib/python3.12/site-packages/airflow/example_dags/example_dataset_alias.py
[2024-12-14T11:33:08.619+0000] {logging_mixin.py:190} INFO - [2024-12-14T11:33:08.619+0000] {dag.py:3239} INFO - Sync 4 DAGs
[2024-12-14T11:33:08.633+0000] {logging_mixin.py:190} INFO - [2024-12-14T11:33:08.633+0000] {dag.py:4180} INFO - Setting next_dagrun for dataset_alias_example_alias_consumer to None, run_after=None
[2024-12-14T11:33:08.635+0000] {logging_mixin.py:190} INFO - [2024-12-14T11:33:08.635+0000] {dag.py:4180} INFO - Setting next_dagrun for dataset_alias_example_alias_producer to None, run_after=None
[2024-12-14T11:33:08.636+0000] {logging_mixin.py:190} INFO - [2024-12-14T11:33:08.636+0000] {dag.py:4180} INFO - Setting next_dagrun for dataset_s3_bucket_consumer to None, run_after=None
[2024-12-14T11:33:08.637+0000] {logging_mixin.py:190} INFO - [2024-12-14T11:33:08.637+0000] {dag.py:4180} INFO - Setting next_dagrun for dataset_s3_bucket_producer to None, run_after=None
[2024-12-14T11:33:08.649+0000] {processor.py:208} INFO - Processing /home/airflow/.local/lib/python3.12/site-packages/airflow/example_dags/example_dataset_alias.py took 0.476 seconds
[2024-12-14T11:33:39.345+0000] {processor.py:186} INFO - Started process (PID=836) to work on /home/airflow/.local/lib/python3.12/site-packages/airflow/example_dags/example_dataset_alias.py
[2024-12-14T11:33:39.347+0000] {processor.py:914} INFO - Processing file /home/airflow/.local/lib/python3.12/site-packages/airflow/example_dags/example_dataset_alias.py for tasks to queue
[2024-12-14T11:33:39.350+0000] {logging_mixin.py:190} INFO - [2024-12-14T11:33:39.350+0000] {dagbag.py:588} INFO - Filling up the DagBag from /home/airflow/.local/lib/python3.12/site-packages/airflow/example_dags/example_dataset_alias.py
[2024-12-14T11:33:39.719+0000] {processor.py:925} INFO - DAG(s) 'dataset_s3_bucket_consumer', 'dataset_alias_example_alias_producer', 'dataset_s3_bucket_producer', 'dataset_alias_example_alias_consumer' retrieved from /home/airflow/.local/lib/python3.12/site-packages/airflow/example_dags/example_dataset_alias.py
[2024-12-14T11:33:39.732+0000] {logging_mixin.py:190} INFO - [2024-12-14T11:33:39.731+0000] {dag.py:3239} INFO - Sync 4 DAGs
[2024-12-14T11:33:39.742+0000] {logging_mixin.py:190} INFO - [2024-12-14T11:33:39.742+0000] {dag.py:4180} INFO - Setting next_dagrun for dataset_alias_example_alias_consumer to None, run_after=None
[2024-12-14T11:33:39.744+0000] {logging_mixin.py:190} INFO - [2024-12-14T11:33:39.744+0000] {dag.py:4180} INFO - Setting next_dagrun for dataset_alias_example_alias_producer to None, run_after=None
[2024-12-14T11:33:39.746+0000] {logging_mixin.py:190} INFO - [2024-12-14T11:33:39.746+0000] {dag.py:4180} INFO - Setting next_dagrun for dataset_s3_bucket_consumer to None, run_after=None
[2024-12-14T11:33:39.747+0000] {logging_mixin.py:190} INFO - [2024-12-14T11:33:39.747+0000] {dag.py:4180} INFO - Setting next_dagrun for dataset_s3_bucket_producer to None, run_after=None
[2024-12-14T11:33:39.759+0000] {processor.py:208} INFO - Processing /home/airflow/.local/lib/python3.12/site-packages/airflow/example_dags/example_dataset_alias.py took 0.424 seconds
