[2024-12-14T11:27:25.876+0000] {processor.py:186} INFO - Started process (PID=93) to work on /home/airflow/.local/lib/python3.12/site-packages/airflow/example_dags/example_xcomargs.py
[2024-12-14T11:27:25.877+0000] {processor.py:914} INFO - Processing file /home/airflow/.local/lib/python3.12/site-packages/airflow/example_dags/example_xcomargs.py for tasks to queue
[2024-12-14T11:27:25.878+0000] {logging_mixin.py:190} INFO - [2024-12-14T11:27:25.878+0000] {dagbag.py:588} INFO - Filling up the DagBag from /home/airflow/.local/lib/python3.12/site-packages/airflow/example_dags/example_xcomargs.py
[2024-12-14T11:27:25.883+0000] {processor.py:925} INFO - DAG(s) 'example_xcom_args', 'example_xcom_args_with_operators' retrieved from /home/airflow/.local/lib/python3.12/site-packages/airflow/example_dags/example_xcomargs.py
[2024-12-14T11:27:25.895+0000] {logging_mixin.py:190} INFO - [2024-12-14T11:27:25.895+0000] {dag.py:3239} INFO - Sync 2 DAGs
[2024-12-14T11:27:25.902+0000] {logging_mixin.py:190} INFO - [2024-12-14T11:27:25.902+0000] {dag.py:4180} INFO - Setting next_dagrun for example_xcom_args to None, run_after=None
[2024-12-14T11:27:25.904+0000] {logging_mixin.py:190} INFO - [2024-12-14T11:27:25.904+0000] {dag.py:4180} INFO - Setting next_dagrun for example_xcom_args_with_operators to None, run_after=None
[2024-12-14T11:27:25.911+0000] {processor.py:208} INFO - Processing /home/airflow/.local/lib/python3.12/site-packages/airflow/example_dags/example_xcomargs.py took 0.038 seconds
[2024-12-14T11:27:57.154+0000] {processor.py:186} INFO - Started process (PID=157) to work on /home/airflow/.local/lib/python3.12/site-packages/airflow/example_dags/example_xcomargs.py
[2024-12-14T11:27:57.155+0000] {processor.py:914} INFO - Processing file /home/airflow/.local/lib/python3.12/site-packages/airflow/example_dags/example_xcomargs.py for tasks to queue
[2024-12-14T11:27:57.158+0000] {logging_mixin.py:190} INFO - [2024-12-14T11:27:57.157+0000] {dagbag.py:588} INFO - Filling up the DagBag from /home/airflow/.local/lib/python3.12/site-packages/airflow/example_dags/example_xcomargs.py
[2024-12-14T11:27:57.164+0000] {processor.py:925} INFO - DAG(s) 'example_xcom_args', 'example_xcom_args_with_operators' retrieved from /home/airflow/.local/lib/python3.12/site-packages/airflow/example_dags/example_xcomargs.py
[2024-12-14T11:27:57.178+0000] {logging_mixin.py:190} INFO - [2024-12-14T11:27:57.178+0000] {dag.py:3239} INFO - Sync 2 DAGs
[2024-12-14T11:27:57.187+0000] {logging_mixin.py:190} INFO - [2024-12-14T11:27:57.187+0000] {dag.py:4180} INFO - Setting next_dagrun for example_xcom_args to None, run_after=None
[2024-12-14T11:27:57.189+0000] {logging_mixin.py:190} INFO - [2024-12-14T11:27:57.189+0000] {dag.py:4180} INFO - Setting next_dagrun for example_xcom_args_with_operators to None, run_after=None
[2024-12-14T11:27:57.198+0000] {processor.py:208} INFO - Processing /home/airflow/.local/lib/python3.12/site-packages/airflow/example_dags/example_xcomargs.py took 0.048 seconds
[2024-12-14T11:28:28.581+0000] {processor.py:186} INFO - Started process (PID=221) to work on /home/airflow/.local/lib/python3.12/site-packages/airflow/example_dags/example_xcomargs.py
[2024-12-14T11:28:28.582+0000] {processor.py:914} INFO - Processing file /home/airflow/.local/lib/python3.12/site-packages/airflow/example_dags/example_xcomargs.py for tasks to queue
[2024-12-14T11:28:28.583+0000] {logging_mixin.py:190} INFO - [2024-12-14T11:28:28.583+0000] {dagbag.py:588} INFO - Filling up the DagBag from /home/airflow/.local/lib/python3.12/site-packages/airflow/example_dags/example_xcomargs.py
[2024-12-14T11:28:28.590+0000] {processor.py:925} INFO - DAG(s) 'example_xcom_args_with_operators', 'example_xcom_args' retrieved from /home/airflow/.local/lib/python3.12/site-packages/airflow/example_dags/example_xcomargs.py
[2024-12-14T11:28:28.606+0000] {logging_mixin.py:190} INFO - [2024-12-14T11:28:28.605+0000] {dag.py:3239} INFO - Sync 2 DAGs
[2024-12-14T11:28:28.615+0000] {logging_mixin.py:190} INFO - [2024-12-14T11:28:28.615+0000] {dag.py:4180} INFO - Setting next_dagrun for example_xcom_args to None, run_after=None
[2024-12-14T11:28:28.618+0000] {logging_mixin.py:190} INFO - [2024-12-14T11:28:28.618+0000] {dag.py:4180} INFO - Setting next_dagrun for example_xcom_args_with_operators to None, run_after=None
[2024-12-14T11:28:28.629+0000] {processor.py:208} INFO - Processing /home/airflow/.local/lib/python3.12/site-packages/airflow/example_dags/example_xcomargs.py took 0.051 seconds
[2024-12-14T11:29:00.013+0000] {processor.py:186} INFO - Started process (PID=285) to work on /home/airflow/.local/lib/python3.12/site-packages/airflow/example_dags/example_xcomargs.py
[2024-12-14T11:29:00.014+0000] {processor.py:914} INFO - Processing file /home/airflow/.local/lib/python3.12/site-packages/airflow/example_dags/example_xcomargs.py for tasks to queue
[2024-12-14T11:29:00.015+0000] {logging_mixin.py:190} INFO - [2024-12-14T11:29:00.015+0000] {dagbag.py:588} INFO - Filling up the DagBag from /home/airflow/.local/lib/python3.12/site-packages/airflow/example_dags/example_xcomargs.py
[2024-12-14T11:29:00.022+0000] {processor.py:925} INFO - DAG(s) 'example_xcom_args_with_operators', 'example_xcom_args' retrieved from /home/airflow/.local/lib/python3.12/site-packages/airflow/example_dags/example_xcomargs.py
[2024-12-14T11:29:00.040+0000] {logging_mixin.py:190} INFO - [2024-12-14T11:29:00.040+0000] {dag.py:3239} INFO - Sync 2 DAGs
[2024-12-14T11:29:00.048+0000] {logging_mixin.py:190} INFO - [2024-12-14T11:29:00.048+0000] {dag.py:4180} INFO - Setting next_dagrun for example_xcom_args to None, run_after=None
[2024-12-14T11:29:00.051+0000] {logging_mixin.py:190} INFO - [2024-12-14T11:29:00.051+0000] {dag.py:4180} INFO - Setting next_dagrun for example_xcom_args_with_operators to None, run_after=None
[2024-12-14T11:29:00.063+0000] {processor.py:208} INFO - Processing /home/airflow/.local/lib/python3.12/site-packages/airflow/example_dags/example_xcomargs.py took 0.054 seconds
[2024-12-14T11:29:31.319+0000] {processor.py:186} INFO - Started process (PID=349) to work on /home/airflow/.local/lib/python3.12/site-packages/airflow/example_dags/example_xcomargs.py
[2024-12-14T11:29:31.322+0000] {processor.py:914} INFO - Processing file /home/airflow/.local/lib/python3.12/site-packages/airflow/example_dags/example_xcomargs.py for tasks to queue
[2024-12-14T11:29:31.325+0000] {logging_mixin.py:190} INFO - [2024-12-14T11:29:31.324+0000] {dagbag.py:588} INFO - Filling up the DagBag from /home/airflow/.local/lib/python3.12/site-packages/airflow/example_dags/example_xcomargs.py
[2024-12-14T11:29:31.330+0000] {processor.py:925} INFO - DAG(s) 'example_xcom_args', 'example_xcom_args_with_operators' retrieved from /home/airflow/.local/lib/python3.12/site-packages/airflow/example_dags/example_xcomargs.py
[2024-12-14T11:29:31.345+0000] {logging_mixin.py:190} INFO - [2024-12-14T11:29:31.345+0000] {dag.py:3239} INFO - Sync 2 DAGs
[2024-12-14T11:29:31.351+0000] {logging_mixin.py:190} INFO - [2024-12-14T11:29:31.351+0000] {dag.py:4180} INFO - Setting next_dagrun for example_xcom_args to None, run_after=None
[2024-12-14T11:29:31.354+0000] {logging_mixin.py:190} INFO - [2024-12-14T11:29:31.354+0000] {dag.py:4180} INFO - Setting next_dagrun for example_xcom_args_with_operators to None, run_after=None
[2024-12-14T11:29:31.364+0000] {processor.py:208} INFO - Processing /home/airflow/.local/lib/python3.12/site-packages/airflow/example_dags/example_xcomargs.py took 0.049 seconds
[2024-12-14T11:30:02.590+0000] {processor.py:186} INFO - Started process (PID=413) to work on /home/airflow/.local/lib/python3.12/site-packages/airflow/example_dags/example_xcomargs.py
[2024-12-14T11:30:02.590+0000] {processor.py:914} INFO - Processing file /home/airflow/.local/lib/python3.12/site-packages/airflow/example_dags/example_xcomargs.py for tasks to queue
[2024-12-14T11:30:02.591+0000] {logging_mixin.py:190} INFO - [2024-12-14T11:30:02.591+0000] {dagbag.py:588} INFO - Filling up the DagBag from /home/airflow/.local/lib/python3.12/site-packages/airflow/example_dags/example_xcomargs.py
[2024-12-14T11:30:02.597+0000] {processor.py:925} INFO - DAG(s) 'example_xcom_args_with_operators', 'example_xcom_args' retrieved from /home/airflow/.local/lib/python3.12/site-packages/airflow/example_dags/example_xcomargs.py
[2024-12-14T11:30:02.608+0000] {logging_mixin.py:190} INFO - [2024-12-14T11:30:02.608+0000] {dag.py:3239} INFO - Sync 2 DAGs
[2024-12-14T11:30:02.617+0000] {logging_mixin.py:190} INFO - [2024-12-14T11:30:02.616+0000] {dag.py:4180} INFO - Setting next_dagrun for example_xcom_args to None, run_after=None
[2024-12-14T11:30:02.620+0000] {logging_mixin.py:190} INFO - [2024-12-14T11:30:02.620+0000] {dag.py:4180} INFO - Setting next_dagrun for example_xcom_args_with_operators to None, run_after=None
[2024-12-14T11:30:02.632+0000] {processor.py:208} INFO - Processing /home/airflow/.local/lib/python3.12/site-packages/airflow/example_dags/example_xcomargs.py took 0.045 seconds
[2024-12-14T11:30:33.632+0000] {processor.py:186} INFO - Started process (PID=477) to work on /home/airflow/.local/lib/python3.12/site-packages/airflow/example_dags/example_xcomargs.py
[2024-12-14T11:30:33.633+0000] {processor.py:914} INFO - Processing file /home/airflow/.local/lib/python3.12/site-packages/airflow/example_dags/example_xcomargs.py for tasks to queue
[2024-12-14T11:30:33.635+0000] {logging_mixin.py:190} INFO - [2024-12-14T11:30:33.635+0000] {dagbag.py:588} INFO - Filling up the DagBag from /home/airflow/.local/lib/python3.12/site-packages/airflow/example_dags/example_xcomargs.py
[2024-12-14T11:30:33.641+0000] {processor.py:925} INFO - DAG(s) 'example_xcom_args', 'example_xcom_args_with_operators' retrieved from /home/airflow/.local/lib/python3.12/site-packages/airflow/example_dags/example_xcomargs.py
[2024-12-14T11:30:33.653+0000] {logging_mixin.py:190} INFO - [2024-12-14T11:30:33.653+0000] {dag.py:3239} INFO - Sync 2 DAGs
[2024-12-14T11:30:33.660+0000] {logging_mixin.py:190} INFO - [2024-12-14T11:30:33.660+0000] {dag.py:4180} INFO - Setting next_dagrun for example_xcom_args to None, run_after=None
[2024-12-14T11:30:33.662+0000] {logging_mixin.py:190} INFO - [2024-12-14T11:30:33.662+0000] {dag.py:4180} INFO - Setting next_dagrun for example_xcom_args_with_operators to None, run_after=None
[2024-12-14T11:30:33.672+0000] {processor.py:208} INFO - Processing /home/airflow/.local/lib/python3.12/site-packages/airflow/example_dags/example_xcomargs.py took 0.042 seconds
[2024-12-14T11:31:04.684+0000] {processor.py:186} INFO - Started process (PID=541) to work on /home/airflow/.local/lib/python3.12/site-packages/airflow/example_dags/example_xcomargs.py
[2024-12-14T11:31:04.685+0000] {processor.py:914} INFO - Processing file /home/airflow/.local/lib/python3.12/site-packages/airflow/example_dags/example_xcomargs.py for tasks to queue
[2024-12-14T11:31:04.686+0000] {logging_mixin.py:190} INFO - [2024-12-14T11:31:04.686+0000] {dagbag.py:588} INFO - Filling up the DagBag from /home/airflow/.local/lib/python3.12/site-packages/airflow/example_dags/example_xcomargs.py
[2024-12-14T11:31:04.693+0000] {processor.py:925} INFO - DAG(s) 'example_xcom_args', 'example_xcom_args_with_operators' retrieved from /home/airflow/.local/lib/python3.12/site-packages/airflow/example_dags/example_xcomargs.py
[2024-12-14T11:31:04.704+0000] {logging_mixin.py:190} INFO - [2024-12-14T11:31:04.704+0000] {dag.py:3239} INFO - Sync 2 DAGs
[2024-12-14T11:31:04.715+0000] {logging_mixin.py:190} INFO - [2024-12-14T11:31:04.715+0000] {dag.py:4180} INFO - Setting next_dagrun for example_xcom_args to None, run_after=None
[2024-12-14T11:31:04.717+0000] {logging_mixin.py:190} INFO - [2024-12-14T11:31:04.717+0000] {dag.py:4180} INFO - Setting next_dagrun for example_xcom_args_with_operators to None, run_after=None
[2024-12-14T11:31:04.727+0000] {processor.py:208} INFO - Processing /home/airflow/.local/lib/python3.12/site-packages/airflow/example_dags/example_xcomargs.py took 0.047 seconds
[2024-12-14T11:31:36.027+0000] {processor.py:186} INFO - Started process (PID=605) to work on /home/airflow/.local/lib/python3.12/site-packages/airflow/example_dags/example_xcomargs.py
[2024-12-14T11:31:36.028+0000] {processor.py:914} INFO - Processing file /home/airflow/.local/lib/python3.12/site-packages/airflow/example_dags/example_xcomargs.py for tasks to queue
[2024-12-14T11:31:36.030+0000] {logging_mixin.py:190} INFO - [2024-12-14T11:31:36.030+0000] {dagbag.py:588} INFO - Filling up the DagBag from /home/airflow/.local/lib/python3.12/site-packages/airflow/example_dags/example_xcomargs.py
[2024-12-14T11:31:36.036+0000] {processor.py:925} INFO - DAG(s) 'example_xcom_args', 'example_xcom_args_with_operators' retrieved from /home/airflow/.local/lib/python3.12/site-packages/airflow/example_dags/example_xcomargs.py
[2024-12-14T11:31:36.048+0000] {logging_mixin.py:190} INFO - [2024-12-14T11:31:36.048+0000] {dag.py:3239} INFO - Sync 2 DAGs
[2024-12-14T11:31:36.058+0000] {logging_mixin.py:190} INFO - [2024-12-14T11:31:36.058+0000] {dag.py:4180} INFO - Setting next_dagrun for example_xcom_args to None, run_after=None
[2024-12-14T11:31:36.061+0000] {logging_mixin.py:190} INFO - [2024-12-14T11:31:36.061+0000] {dag.py:4180} INFO - Setting next_dagrun for example_xcom_args_with_operators to None, run_after=None
[2024-12-14T11:31:36.073+0000] {processor.py:208} INFO - Processing /home/airflow/.local/lib/python3.12/site-packages/airflow/example_dags/example_xcomargs.py took 0.049 seconds
[2024-12-14T11:32:07.180+0000] {processor.py:186} INFO - Started process (PID=669) to work on /home/airflow/.local/lib/python3.12/site-packages/airflow/example_dags/example_xcomargs.py
[2024-12-14T11:32:07.181+0000] {processor.py:914} INFO - Processing file /home/airflow/.local/lib/python3.12/site-packages/airflow/example_dags/example_xcomargs.py for tasks to queue
[2024-12-14T11:32:07.183+0000] {logging_mixin.py:190} INFO - [2024-12-14T11:32:07.183+0000] {dagbag.py:588} INFO - Filling up the DagBag from /home/airflow/.local/lib/python3.12/site-packages/airflow/example_dags/example_xcomargs.py
[2024-12-14T11:32:07.189+0000] {processor.py:925} INFO - DAG(s) 'example_xcom_args', 'example_xcom_args_with_operators' retrieved from /home/airflow/.local/lib/python3.12/site-packages/airflow/example_dags/example_xcomargs.py
[2024-12-14T11:32:07.204+0000] {logging_mixin.py:190} INFO - [2024-12-14T11:32:07.204+0000] {dag.py:3239} INFO - Sync 2 DAGs
[2024-12-14T11:32:07.211+0000] {logging_mixin.py:190} INFO - [2024-12-14T11:32:07.211+0000] {dag.py:4180} INFO - Setting next_dagrun for example_xcom_args to None, run_after=None
[2024-12-14T11:32:07.213+0000] {logging_mixin.py:190} INFO - [2024-12-14T11:32:07.213+0000] {dag.py:4180} INFO - Setting next_dagrun for example_xcom_args_with_operators to None, run_after=None
[2024-12-14T11:32:07.223+0000] {processor.py:208} INFO - Processing /home/airflow/.local/lib/python3.12/site-packages/airflow/example_dags/example_xcomargs.py took 0.046 seconds
[2024-12-14T11:32:38.335+0000] {processor.py:186} INFO - Started process (PID=732) to work on /home/airflow/.local/lib/python3.12/site-packages/airflow/example_dags/example_xcomargs.py
[2024-12-14T11:32:38.336+0000] {processor.py:914} INFO - Processing file /home/airflow/.local/lib/python3.12/site-packages/airflow/example_dags/example_xcomargs.py for tasks to queue
[2024-12-14T11:32:38.338+0000] {logging_mixin.py:190} INFO - [2024-12-14T11:32:38.337+0000] {dagbag.py:588} INFO - Filling up the DagBag from /home/airflow/.local/lib/python3.12/site-packages/airflow/example_dags/example_xcomargs.py
[2024-12-14T11:32:38.344+0000] {processor.py:925} INFO - DAG(s) 'example_xcom_args_with_operators', 'example_xcom_args' retrieved from /home/airflow/.local/lib/python3.12/site-packages/airflow/example_dags/example_xcomargs.py
[2024-12-14T11:32:38.356+0000] {logging_mixin.py:190} INFO - [2024-12-14T11:32:38.356+0000] {dag.py:3239} INFO - Sync 2 DAGs
[2024-12-14T11:32:38.364+0000] {logging_mixin.py:190} INFO - [2024-12-14T11:32:38.364+0000] {dag.py:4180} INFO - Setting next_dagrun for example_xcom_args to None, run_after=None
[2024-12-14T11:32:38.367+0000] {logging_mixin.py:190} INFO - [2024-12-14T11:32:38.367+0000] {dag.py:4180} INFO - Setting next_dagrun for example_xcom_args_with_operators to None, run_after=None
[2024-12-14T11:32:38.378+0000] {processor.py:208} INFO - Processing /home/airflow/.local/lib/python3.12/site-packages/airflow/example_dags/example_xcomargs.py took 0.047 seconds
[2024-12-14T11:33:09.461+0000] {processor.py:186} INFO - Started process (PID=796) to work on /home/airflow/.local/lib/python3.12/site-packages/airflow/example_dags/example_xcomargs.py
[2024-12-14T11:33:09.463+0000] {processor.py:914} INFO - Processing file /home/airflow/.local/lib/python3.12/site-packages/airflow/example_dags/example_xcomargs.py for tasks to queue
[2024-12-14T11:33:09.464+0000] {logging_mixin.py:190} INFO - [2024-12-14T11:33:09.464+0000] {dagbag.py:588} INFO - Filling up the DagBag from /home/airflow/.local/lib/python3.12/site-packages/airflow/example_dags/example_xcomargs.py
[2024-12-14T11:33:09.470+0000] {processor.py:925} INFO - DAG(s) 'example_xcom_args_with_operators', 'example_xcom_args' retrieved from /home/airflow/.local/lib/python3.12/site-packages/airflow/example_dags/example_xcomargs.py
[2024-12-14T11:33:09.482+0000] {logging_mixin.py:190} INFO - [2024-12-14T11:33:09.481+0000] {dag.py:3239} INFO - Sync 2 DAGs
[2024-12-14T11:33:09.490+0000] {logging_mixin.py:190} INFO - [2024-12-14T11:33:09.489+0000] {dag.py:4180} INFO - Setting next_dagrun for example_xcom_args to None, run_after=None
[2024-12-14T11:33:09.491+0000] {logging_mixin.py:190} INFO - [2024-12-14T11:33:09.491+0000] {dag.py:4180} INFO - Setting next_dagrun for example_xcom_args_with_operators to None, run_after=None
[2024-12-14T11:33:09.500+0000] {processor.py:208} INFO - Processing /home/airflow/.local/lib/python3.12/site-packages/airflow/example_dags/example_xcomargs.py took 0.042 seconds
[2024-12-14T11:33:40.623+0000] {processor.py:186} INFO - Started process (PID=860) to work on /home/airflow/.local/lib/python3.12/site-packages/airflow/example_dags/example_xcomargs.py
[2024-12-14T11:33:40.623+0000] {processor.py:914} INFO - Processing file /home/airflow/.local/lib/python3.12/site-packages/airflow/example_dags/example_xcomargs.py for tasks to queue
[2024-12-14T11:33:40.625+0000] {logging_mixin.py:190} INFO - [2024-12-14T11:33:40.624+0000] {dagbag.py:588} INFO - Filling up the DagBag from /home/airflow/.local/lib/python3.12/site-packages/airflow/example_dags/example_xcomargs.py
[2024-12-14T11:33:40.630+0000] {processor.py:925} INFO - DAG(s) 'example_xcom_args', 'example_xcom_args_with_operators' retrieved from /home/airflow/.local/lib/python3.12/site-packages/airflow/example_dags/example_xcomargs.py
[2024-12-14T11:33:40.643+0000] {logging_mixin.py:190} INFO - [2024-12-14T11:33:40.643+0000] {dag.py:3239} INFO - Sync 2 DAGs
[2024-12-14T11:33:40.649+0000] {logging_mixin.py:190} INFO - [2024-12-14T11:33:40.649+0000] {dag.py:4180} INFO - Setting next_dagrun for example_xcom_args to None, run_after=None
[2024-12-14T11:33:40.651+0000] {logging_mixin.py:190} INFO - [2024-12-14T11:33:40.651+0000] {dag.py:4180} INFO - Setting next_dagrun for example_xcom_args_with_operators to None, run_after=None
[2024-12-14T11:33:40.660+0000] {processor.py:208} INFO - Processing /home/airflow/.local/lib/python3.12/site-packages/airflow/example_dags/example_xcomargs.py took 0.040 seconds
