[2024-12-14T11:27:23.463+0000] {processor.py:186} INFO - Started process (PID=55) to work on /home/airflow/.local/lib/python3.12/site-packages/airflow/example_dags/example_sensors.py
[2024-12-14T11:27:23.464+0000] {processor.py:914} INFO - Processing file /home/airflow/.local/lib/python3.12/site-packages/airflow/example_dags/example_sensors.py for tasks to queue
[2024-12-14T11:27:23.465+0000] {logging_mixin.py:190} INFO - [2024-12-14T11:27:23.465+0000] {dagbag.py:588} INFO - Filling up the DagBag from /home/airflow/.local/lib/python3.12/site-packages/airflow/example_dags/example_sensors.py
[2024-12-14T11:27:23.473+0000] {processor.py:925} INFO - DAG(s) 'example_sensors' retrieved from /home/airflow/.local/lib/python3.12/site-packages/airflow/example_dags/example_sensors.py
[2024-12-14T11:27:23.505+0000] {logging_mixin.py:190} INFO - [2024-12-14T11:27:23.505+0000] {dag.py:3239} INFO - Sync 1 DAGs
[2024-12-14T11:27:23.514+0000] {logging_mixin.py:190} INFO - [2024-12-14T11:27:23.514+0000] {dag.py:4180} INFO - Setting next_dagrun for example_sensors to None, run_after=None
[2024-12-14T11:27:23.526+0000] {processor.py:208} INFO - Processing /home/airflow/.local/lib/python3.12/site-packages/airflow/example_dags/example_sensors.py took 0.068 seconds
[2024-12-14T11:27:54.000+0000] {processor.py:186} INFO - Started process (PID=118) to work on /home/airflow/.local/lib/python3.12/site-packages/airflow/example_dags/example_sensors.py
[2024-12-14T11:27:54.004+0000] {processor.py:914} INFO - Processing file /home/airflow/.local/lib/python3.12/site-packages/airflow/example_dags/example_sensors.py for tasks to queue
[2024-12-14T11:27:54.010+0000] {logging_mixin.py:190} INFO - [2024-12-14T11:27:54.010+0000] {dagbag.py:588} INFO - Filling up the DagBag from /home/airflow/.local/lib/python3.12/site-packages/airflow/example_dags/example_sensors.py
[2024-12-14T11:27:54.018+0000] {processor.py:925} INFO - DAG(s) 'example_sensors' retrieved from /home/airflow/.local/lib/python3.12/site-packages/airflow/example_dags/example_sensors.py
[2024-12-14T11:27:54.035+0000] {logging_mixin.py:190} INFO - [2024-12-14T11:27:54.035+0000] {dag.py:3239} INFO - Sync 1 DAGs
[2024-12-14T11:27:54.045+0000] {logging_mixin.py:190} INFO - [2024-12-14T11:27:54.045+0000] {dag.py:4180} INFO - Setting next_dagrun for example_sensors to None, run_after=None
[2024-12-14T11:27:54.064+0000] {processor.py:208} INFO - Processing /home/airflow/.local/lib/python3.12/site-packages/airflow/example_dags/example_sensors.py took 0.068 seconds
[2024-12-14T11:28:24.668+0000] {processor.py:186} INFO - Started process (PID=182) to work on /home/airflow/.local/lib/python3.12/site-packages/airflow/example_dags/example_sensors.py
[2024-12-14T11:28:24.669+0000] {processor.py:914} INFO - Processing file /home/airflow/.local/lib/python3.12/site-packages/airflow/example_dags/example_sensors.py for tasks to queue
[2024-12-14T11:28:24.670+0000] {logging_mixin.py:190} INFO - [2024-12-14T11:28:24.670+0000] {dagbag.py:588} INFO - Filling up the DagBag from /home/airflow/.local/lib/python3.12/site-packages/airflow/example_dags/example_sensors.py
[2024-12-14T11:28:24.675+0000] {processor.py:925} INFO - DAG(s) 'example_sensors' retrieved from /home/airflow/.local/lib/python3.12/site-packages/airflow/example_dags/example_sensors.py
[2024-12-14T11:28:24.694+0000] {logging_mixin.py:190} INFO - [2024-12-14T11:28:24.693+0000] {dag.py:3239} INFO - Sync 1 DAGs
[2024-12-14T11:28:24.700+0000] {logging_mixin.py:190} INFO - [2024-12-14T11:28:24.700+0000] {dag.py:4180} INFO - Setting next_dagrun for example_sensors to None, run_after=None
[2024-12-14T11:28:24.710+0000] {processor.py:208} INFO - Processing /home/airflow/.local/lib/python3.12/site-packages/airflow/example_dags/example_sensors.py took 0.045 seconds
[2024-12-14T11:28:55.240+0000] {processor.py:186} INFO - Started process (PID=252) to work on /home/airflow/.local/lib/python3.12/site-packages/airflow/example_dags/example_sensors.py
[2024-12-14T11:28:55.241+0000] {processor.py:914} INFO - Processing file /home/airflow/.local/lib/python3.12/site-packages/airflow/example_dags/example_sensors.py for tasks to queue
[2024-12-14T11:28:55.242+0000] {logging_mixin.py:190} INFO - [2024-12-14T11:28:55.242+0000] {dagbag.py:588} INFO - Filling up the DagBag from /home/airflow/.local/lib/python3.12/site-packages/airflow/example_dags/example_sensors.py
[2024-12-14T11:28:55.249+0000] {processor.py:925} INFO - DAG(s) 'example_sensors' retrieved from /home/airflow/.local/lib/python3.12/site-packages/airflow/example_dags/example_sensors.py
[2024-12-14T11:28:55.262+0000] {logging_mixin.py:190} INFO - [2024-12-14T11:28:55.262+0000] {dag.py:3239} INFO - Sync 1 DAGs
[2024-12-14T11:28:55.269+0000] {logging_mixin.py:190} INFO - [2024-12-14T11:28:55.269+0000] {dag.py:4180} INFO - Setting next_dagrun for example_sensors to None, run_after=None
[2024-12-14T11:28:55.278+0000] {processor.py:208} INFO - Processing /home/airflow/.local/lib/python3.12/site-packages/airflow/example_dags/example_sensors.py took 0.043 seconds
[2024-12-14T11:29:25.657+0000] {processor.py:186} INFO - Started process (PID=316) to work on /home/airflow/.local/lib/python3.12/site-packages/airflow/example_dags/example_sensors.py
[2024-12-14T11:29:25.657+0000] {processor.py:914} INFO - Processing file /home/airflow/.local/lib/python3.12/site-packages/airflow/example_dags/example_sensors.py for tasks to queue
[2024-12-14T11:29:25.658+0000] {logging_mixin.py:190} INFO - [2024-12-14T11:29:25.658+0000] {dagbag.py:588} INFO - Filling up the DagBag from /home/airflow/.local/lib/python3.12/site-packages/airflow/example_dags/example_sensors.py
[2024-12-14T11:29:25.664+0000] {processor.py:925} INFO - DAG(s) 'example_sensors' retrieved from /home/airflow/.local/lib/python3.12/site-packages/airflow/example_dags/example_sensors.py
[2024-12-14T11:29:25.678+0000] {logging_mixin.py:190} INFO - [2024-12-14T11:29:25.677+0000] {dag.py:3239} INFO - Sync 1 DAGs
[2024-12-14T11:29:25.684+0000] {logging_mixin.py:190} INFO - [2024-12-14T11:29:25.684+0000] {dag.py:4180} INFO - Setting next_dagrun for example_sensors to None, run_after=None
[2024-12-14T11:29:25.698+0000] {processor.py:208} INFO - Processing /home/airflow/.local/lib/python3.12/site-packages/airflow/example_dags/example_sensors.py took 0.045 seconds
[2024-12-14T11:29:55.965+0000] {processor.py:186} INFO - Started process (PID=380) to work on /home/airflow/.local/lib/python3.12/site-packages/airflow/example_dags/example_sensors.py
[2024-12-14T11:29:55.966+0000] {processor.py:914} INFO - Processing file /home/airflow/.local/lib/python3.12/site-packages/airflow/example_dags/example_sensors.py for tasks to queue
[2024-12-14T11:29:55.967+0000] {logging_mixin.py:190} INFO - [2024-12-14T11:29:55.967+0000] {dagbag.py:588} INFO - Filling up the DagBag from /home/airflow/.local/lib/python3.12/site-packages/airflow/example_dags/example_sensors.py
[2024-12-14T11:29:55.973+0000] {processor.py:925} INFO - DAG(s) 'example_sensors' retrieved from /home/airflow/.local/lib/python3.12/site-packages/airflow/example_dags/example_sensors.py
[2024-12-14T11:29:55.989+0000] {logging_mixin.py:190} INFO - [2024-12-14T11:29:55.989+0000] {dag.py:3239} INFO - Sync 1 DAGs
[2024-12-14T11:29:55.996+0000] {logging_mixin.py:190} INFO - [2024-12-14T11:29:55.996+0000] {dag.py:4180} INFO - Setting next_dagrun for example_sensors to None, run_after=None
[2024-12-14T11:29:56.006+0000] {processor.py:208} INFO - Processing /home/airflow/.local/lib/python3.12/site-packages/airflow/example_dags/example_sensors.py took 0.044 seconds
[2024-12-14T11:30:27.062+0000] {processor.py:186} INFO - Started process (PID=444) to work on /home/airflow/.local/lib/python3.12/site-packages/airflow/example_dags/example_sensors.py
[2024-12-14T11:30:27.063+0000] {processor.py:914} INFO - Processing file /home/airflow/.local/lib/python3.12/site-packages/airflow/example_dags/example_sensors.py for tasks to queue
[2024-12-14T11:30:27.064+0000] {logging_mixin.py:190} INFO - [2024-12-14T11:30:27.064+0000] {dagbag.py:588} INFO - Filling up the DagBag from /home/airflow/.local/lib/python3.12/site-packages/airflow/example_dags/example_sensors.py
[2024-12-14T11:30:27.070+0000] {processor.py:925} INFO - DAG(s) 'example_sensors' retrieved from /home/airflow/.local/lib/python3.12/site-packages/airflow/example_dags/example_sensors.py
[2024-12-14T11:30:27.088+0000] {logging_mixin.py:190} INFO - [2024-12-14T11:30:27.087+0000] {dag.py:3239} INFO - Sync 1 DAGs
[2024-12-14T11:30:27.095+0000] {logging_mixin.py:190} INFO - [2024-12-14T11:30:27.095+0000] {dag.py:4180} INFO - Setting next_dagrun for example_sensors to None, run_after=None
[2024-12-14T11:30:27.108+0000] {processor.py:208} INFO - Processing /home/airflow/.local/lib/python3.12/site-packages/airflow/example_dags/example_sensors.py took 0.050 seconds
[2024-12-14T11:30:58.107+0000] {processor.py:186} INFO - Started process (PID=508) to work on /home/airflow/.local/lib/python3.12/site-packages/airflow/example_dags/example_sensors.py
[2024-12-14T11:30:58.108+0000] {processor.py:914} INFO - Processing file /home/airflow/.local/lib/python3.12/site-packages/airflow/example_dags/example_sensors.py for tasks to queue
[2024-12-14T11:30:58.110+0000] {logging_mixin.py:190} INFO - [2024-12-14T11:30:58.109+0000] {dagbag.py:588} INFO - Filling up the DagBag from /home/airflow/.local/lib/python3.12/site-packages/airflow/example_dags/example_sensors.py
[2024-12-14T11:30:58.117+0000] {processor.py:925} INFO - DAG(s) 'example_sensors' retrieved from /home/airflow/.local/lib/python3.12/site-packages/airflow/example_dags/example_sensors.py
[2024-12-14T11:30:58.131+0000] {logging_mixin.py:190} INFO - [2024-12-14T11:30:58.131+0000] {dag.py:3239} INFO - Sync 1 DAGs
[2024-12-14T11:30:58.138+0000] {logging_mixin.py:190} INFO - [2024-12-14T11:30:58.138+0000] {dag.py:4180} INFO - Setting next_dagrun for example_sensors to None, run_after=None
[2024-12-14T11:30:58.149+0000] {processor.py:208} INFO - Processing /home/airflow/.local/lib/python3.12/site-packages/airflow/example_dags/example_sensors.py took 0.045 seconds
[2024-12-14T11:31:28.321+0000] {processor.py:186} INFO - Started process (PID=572) to work on /home/airflow/.local/lib/python3.12/site-packages/airflow/example_dags/example_sensors.py
[2024-12-14T11:31:28.323+0000] {processor.py:914} INFO - Processing file /home/airflow/.local/lib/python3.12/site-packages/airflow/example_dags/example_sensors.py for tasks to queue
[2024-12-14T11:31:28.326+0000] {logging_mixin.py:190} INFO - [2024-12-14T11:31:28.326+0000] {dagbag.py:588} INFO - Filling up the DagBag from /home/airflow/.local/lib/python3.12/site-packages/airflow/example_dags/example_sensors.py
[2024-12-14T11:31:28.335+0000] {processor.py:925} INFO - DAG(s) 'example_sensors' retrieved from /home/airflow/.local/lib/python3.12/site-packages/airflow/example_dags/example_sensors.py
[2024-12-14T11:31:28.350+0000] {logging_mixin.py:190} INFO - [2024-12-14T11:31:28.349+0000] {dag.py:3239} INFO - Sync 1 DAGs
[2024-12-14T11:31:28.363+0000] {logging_mixin.py:190} INFO - [2024-12-14T11:31:28.363+0000] {dag.py:4180} INFO - Setting next_dagrun for example_sensors to None, run_after=None
[2024-12-14T11:31:28.377+0000] {processor.py:208} INFO - Processing /home/airflow/.local/lib/python3.12/site-packages/airflow/example_dags/example_sensors.py took 0.063 seconds
[2024-12-14T11:31:59.477+0000] {processor.py:186} INFO - Started process (PID=636) to work on /home/airflow/.local/lib/python3.12/site-packages/airflow/example_dags/example_sensors.py
[2024-12-14T11:31:59.478+0000] {processor.py:914} INFO - Processing file /home/airflow/.local/lib/python3.12/site-packages/airflow/example_dags/example_sensors.py for tasks to queue
[2024-12-14T11:31:59.479+0000] {logging_mixin.py:190} INFO - [2024-12-14T11:31:59.479+0000] {dagbag.py:588} INFO - Filling up the DagBag from /home/airflow/.local/lib/python3.12/site-packages/airflow/example_dags/example_sensors.py
[2024-12-14T11:31:59.485+0000] {processor.py:925} INFO - DAG(s) 'example_sensors' retrieved from /home/airflow/.local/lib/python3.12/site-packages/airflow/example_dags/example_sensors.py
[2024-12-14T11:31:59.502+0000] {logging_mixin.py:190} INFO - [2024-12-14T11:31:59.501+0000] {dag.py:3239} INFO - Sync 1 DAGs
[2024-12-14T11:31:59.508+0000] {logging_mixin.py:190} INFO - [2024-12-14T11:31:59.508+0000] {dag.py:4180} INFO - Setting next_dagrun for example_sensors to None, run_after=None
[2024-12-14T11:31:59.522+0000] {processor.py:208} INFO - Processing /home/airflow/.local/lib/python3.12/site-packages/airflow/example_dags/example_sensors.py took 0.050 seconds
[2024-12-14T11:32:29.706+0000] {processor.py:186} INFO - Started process (PID=699) to work on /home/airflow/.local/lib/python3.12/site-packages/airflow/example_dags/example_sensors.py
[2024-12-14T11:32:29.710+0000] {processor.py:914} INFO - Processing file /home/airflow/.local/lib/python3.12/site-packages/airflow/example_dags/example_sensors.py for tasks to queue
[2024-12-14T11:32:29.711+0000] {logging_mixin.py:190} INFO - [2024-12-14T11:32:29.711+0000] {dagbag.py:588} INFO - Filling up the DagBag from /home/airflow/.local/lib/python3.12/site-packages/airflow/example_dags/example_sensors.py
[2024-12-14T11:32:29.717+0000] {processor.py:925} INFO - DAG(s) 'example_sensors' retrieved from /home/airflow/.local/lib/python3.12/site-packages/airflow/example_dags/example_sensors.py
[2024-12-14T11:32:29.733+0000] {logging_mixin.py:190} INFO - [2024-12-14T11:32:29.732+0000] {dag.py:3239} INFO - Sync 1 DAGs
[2024-12-14T11:32:29.739+0000] {logging_mixin.py:190} INFO - [2024-12-14T11:32:29.739+0000] {dag.py:4180} INFO - Setting next_dagrun for example_sensors to None, run_after=None
[2024-12-14T11:32:29.748+0000] {processor.py:208} INFO - Processing /home/airflow/.local/lib/python3.12/site-packages/airflow/example_dags/example_sensors.py took 0.045 seconds
[2024-12-14T11:33:00.764+0000] {processor.py:186} INFO - Started process (PID=763) to work on /home/airflow/.local/lib/python3.12/site-packages/airflow/example_dags/example_sensors.py
[2024-12-14T11:33:00.765+0000] {processor.py:914} INFO - Processing file /home/airflow/.local/lib/python3.12/site-packages/airflow/example_dags/example_sensors.py for tasks to queue
[2024-12-14T11:33:00.766+0000] {logging_mixin.py:190} INFO - [2024-12-14T11:33:00.766+0000] {dagbag.py:588} INFO - Filling up the DagBag from /home/airflow/.local/lib/python3.12/site-packages/airflow/example_dags/example_sensors.py
[2024-12-14T11:33:00.772+0000] {processor.py:925} INFO - DAG(s) 'example_sensors' retrieved from /home/airflow/.local/lib/python3.12/site-packages/airflow/example_dags/example_sensors.py
[2024-12-14T11:33:00.787+0000] {logging_mixin.py:190} INFO - [2024-12-14T11:33:00.787+0000] {dag.py:3239} INFO - Sync 1 DAGs
[2024-12-14T11:33:00.798+0000] {logging_mixin.py:190} INFO - [2024-12-14T11:33:00.798+0000] {dag.py:4180} INFO - Setting next_dagrun for example_sensors to None, run_after=None
[2024-12-14T11:33:00.810+0000] {processor.py:208} INFO - Processing /home/airflow/.local/lib/python3.12/site-packages/airflow/example_dags/example_sensors.py took 0.049 seconds
[2024-12-14T11:33:31.947+0000] {processor.py:186} INFO - Started process (PID=827) to work on /home/airflow/.local/lib/python3.12/site-packages/airflow/example_dags/example_sensors.py
[2024-12-14T11:33:31.948+0000] {processor.py:914} INFO - Processing file /home/airflow/.local/lib/python3.12/site-packages/airflow/example_dags/example_sensors.py for tasks to queue
[2024-12-14T11:33:31.949+0000] {logging_mixin.py:190} INFO - [2024-12-14T11:33:31.949+0000] {dagbag.py:588} INFO - Filling up the DagBag from /home/airflow/.local/lib/python3.12/site-packages/airflow/example_dags/example_sensors.py
[2024-12-14T11:33:31.955+0000] {processor.py:925} INFO - DAG(s) 'example_sensors' retrieved from /home/airflow/.local/lib/python3.12/site-packages/airflow/example_dags/example_sensors.py
[2024-12-14T11:33:31.968+0000] {logging_mixin.py:190} INFO - [2024-12-14T11:33:31.968+0000] {dag.py:3239} INFO - Sync 1 DAGs
[2024-12-14T11:33:31.975+0000] {logging_mixin.py:190} INFO - [2024-12-14T11:33:31.975+0000] {dag.py:4180} INFO - Setting next_dagrun for example_sensors to None, run_after=None
[2024-12-14T11:33:31.985+0000] {processor.py:208} INFO - Processing /home/airflow/.local/lib/python3.12/site-packages/airflow/example_dags/example_sensors.py took 0.041 seconds
