[2024-12-14T11:27:23.703+0000] {processor.py:186} INFO - Started process (PID=58) to work on /home/airflow/.local/lib/python3.12/site-packages/airflow/example_dags/example_external_task_marker_dag.py
[2024-12-14T11:27:23.704+0000] {processor.py:914} INFO - Processing file /home/airflow/.local/lib/python3.12/site-packages/airflow/example_dags/example_external_task_marker_dag.py for tasks to queue
[2024-12-14T11:27:23.706+0000] {logging_mixin.py:190} INFO - [2024-12-14T11:27:23.706+0000] {dagbag.py:588} INFO - Filling up the DagBag from /home/airflow/.local/lib/python3.12/site-packages/airflow/example_dags/example_external_task_marker_dag.py
[2024-12-14T11:27:23.714+0000] {processor.py:925} INFO - DAG(s) 'example_external_task_marker_parent', 'example_external_task_marker_child' retrieved from /home/airflow/.local/lib/python3.12/site-packages/airflow/example_dags/example_external_task_marker_dag.py
[2024-12-14T11:27:23.732+0000] {logging_mixin.py:190} INFO - [2024-12-14T11:27:23.731+0000] {dag.py:3239} INFO - Sync 2 DAGs
[2024-12-14T11:27:23.744+0000] {logging_mixin.py:190} INFO - [2024-12-14T11:27:23.744+0000] {dag.py:4180} INFO - Setting next_dagrun for example_external_task_marker_child to None, run_after=None
[2024-12-14T11:27:23.748+0000] {logging_mixin.py:190} INFO - [2024-12-14T11:27:23.748+0000] {dag.py:4180} INFO - Setting next_dagrun for example_external_task_marker_parent to None, run_after=None
[2024-12-14T11:27:23.769+0000] {processor.py:208} INFO - Processing /home/airflow/.local/lib/python3.12/site-packages/airflow/example_dags/example_external_task_marker_dag.py took 0.070 seconds
[2024-12-14T11:27:54.129+0000] {processor.py:186} INFO - Started process (PID=121) to work on /home/airflow/.local/lib/python3.12/site-packages/airflow/example_dags/example_external_task_marker_dag.py
[2024-12-14T11:27:54.130+0000] {processor.py:914} INFO - Processing file /home/airflow/.local/lib/python3.12/site-packages/airflow/example_dags/example_external_task_marker_dag.py for tasks to queue
[2024-12-14T11:27:54.131+0000] {logging_mixin.py:190} INFO - [2024-12-14T11:27:54.131+0000] {dagbag.py:588} INFO - Filling up the DagBag from /home/airflow/.local/lib/python3.12/site-packages/airflow/example_dags/example_external_task_marker_dag.py
[2024-12-14T11:27:54.136+0000] {processor.py:925} INFO - DAG(s) 'example_external_task_marker_parent', 'example_external_task_marker_child' retrieved from /home/airflow/.local/lib/python3.12/site-packages/airflow/example_dags/example_external_task_marker_dag.py
[2024-12-14T11:27:54.152+0000] {logging_mixin.py:190} INFO - [2024-12-14T11:27:54.152+0000] {dag.py:3239} INFO - Sync 2 DAGs
[2024-12-14T11:27:54.160+0000] {logging_mixin.py:190} INFO - [2024-12-14T11:27:54.159+0000] {dag.py:4180} INFO - Setting next_dagrun for example_external_task_marker_child to None, run_after=None
[2024-12-14T11:27:54.162+0000] {logging_mixin.py:190} INFO - [2024-12-14T11:27:54.162+0000] {dag.py:4180} INFO - Setting next_dagrun for example_external_task_marker_parent to None, run_after=None
[2024-12-14T11:27:54.172+0000] {processor.py:208} INFO - Processing /home/airflow/.local/lib/python3.12/site-packages/airflow/example_dags/example_external_task_marker_dag.py took 0.046 seconds
[2024-12-14T11:28:24.767+0000] {processor.py:186} INFO - Started process (PID=191) to work on /home/airflow/.local/lib/python3.12/site-packages/airflow/example_dags/example_external_task_marker_dag.py
[2024-12-14T11:28:24.768+0000] {processor.py:914} INFO - Processing file /home/airflow/.local/lib/python3.12/site-packages/airflow/example_dags/example_external_task_marker_dag.py for tasks to queue
[2024-12-14T11:28:24.770+0000] {logging_mixin.py:190} INFO - [2024-12-14T11:28:24.770+0000] {dagbag.py:588} INFO - Filling up the DagBag from /home/airflow/.local/lib/python3.12/site-packages/airflow/example_dags/example_external_task_marker_dag.py
[2024-12-14T11:28:24.776+0000] {processor.py:925} INFO - DAG(s) 'example_external_task_marker_parent', 'example_external_task_marker_child' retrieved from /home/airflow/.local/lib/python3.12/site-packages/airflow/example_dags/example_external_task_marker_dag.py
[2024-12-14T11:28:24.792+0000] {logging_mixin.py:190} INFO - [2024-12-14T11:28:24.792+0000] {dag.py:3239} INFO - Sync 2 DAGs
[2024-12-14T11:28:24.799+0000] {logging_mixin.py:190} INFO - [2024-12-14T11:28:24.799+0000] {dag.py:4180} INFO - Setting next_dagrun for example_external_task_marker_child to None, run_after=None
[2024-12-14T11:28:24.805+0000] {logging_mixin.py:190} INFO - [2024-12-14T11:28:24.804+0000] {dag.py:4180} INFO - Setting next_dagrun for example_external_task_marker_parent to None, run_after=None
[2024-12-14T11:28:24.818+0000] {processor.py:208} INFO - Processing /home/airflow/.local/lib/python3.12/site-packages/airflow/example_dags/example_external_task_marker_dag.py took 0.054 seconds
[2024-12-14T11:28:55.394+0000] {processor.py:186} INFO - Started process (PID=255) to work on /home/airflow/.local/lib/python3.12/site-packages/airflow/example_dags/example_external_task_marker_dag.py
[2024-12-14T11:28:55.394+0000] {processor.py:914} INFO - Processing file /home/airflow/.local/lib/python3.12/site-packages/airflow/example_dags/example_external_task_marker_dag.py for tasks to queue
[2024-12-14T11:28:55.396+0000] {logging_mixin.py:190} INFO - [2024-12-14T11:28:55.396+0000] {dagbag.py:588} INFO - Filling up the DagBag from /home/airflow/.local/lib/python3.12/site-packages/airflow/example_dags/example_external_task_marker_dag.py
[2024-12-14T11:28:55.401+0000] {processor.py:925} INFO - DAG(s) 'example_external_task_marker_child', 'example_external_task_marker_parent' retrieved from /home/airflow/.local/lib/python3.12/site-packages/airflow/example_dags/example_external_task_marker_dag.py
[2024-12-14T11:28:55.420+0000] {logging_mixin.py:190} INFO - [2024-12-14T11:28:55.419+0000] {dag.py:3239} INFO - Sync 2 DAGs
[2024-12-14T11:28:55.429+0000] {logging_mixin.py:190} INFO - [2024-12-14T11:28:55.428+0000] {dag.py:4180} INFO - Setting next_dagrun for example_external_task_marker_child to None, run_after=None
[2024-12-14T11:28:55.432+0000] {logging_mixin.py:190} INFO - [2024-12-14T11:28:55.432+0000] {dag.py:4180} INFO - Setting next_dagrun for example_external_task_marker_parent to None, run_after=None
[2024-12-14T11:28:55.443+0000] {processor.py:208} INFO - Processing /home/airflow/.local/lib/python3.12/site-packages/airflow/example_dags/example_external_task_marker_dag.py took 0.053 seconds
[2024-12-14T11:29:25.758+0000] {processor.py:186} INFO - Started process (PID=319) to work on /home/airflow/.local/lib/python3.12/site-packages/airflow/example_dags/example_external_task_marker_dag.py
[2024-12-14T11:29:25.759+0000] {processor.py:914} INFO - Processing file /home/airflow/.local/lib/python3.12/site-packages/airflow/example_dags/example_external_task_marker_dag.py for tasks to queue
[2024-12-14T11:29:25.760+0000] {logging_mixin.py:190} INFO - [2024-12-14T11:29:25.760+0000] {dagbag.py:588} INFO - Filling up the DagBag from /home/airflow/.local/lib/python3.12/site-packages/airflow/example_dags/example_external_task_marker_dag.py
[2024-12-14T11:29:25.764+0000] {processor.py:925} INFO - DAG(s) 'example_external_task_marker_parent', 'example_external_task_marker_child' retrieved from /home/airflow/.local/lib/python3.12/site-packages/airflow/example_dags/example_external_task_marker_dag.py
[2024-12-14T11:29:25.779+0000] {logging_mixin.py:190} INFO - [2024-12-14T11:29:25.778+0000] {dag.py:3239} INFO - Sync 2 DAGs
[2024-12-14T11:29:25.787+0000] {logging_mixin.py:190} INFO - [2024-12-14T11:29:25.787+0000] {dag.py:4180} INFO - Setting next_dagrun for example_external_task_marker_child to None, run_after=None
[2024-12-14T11:29:25.789+0000] {logging_mixin.py:190} INFO - [2024-12-14T11:29:25.789+0000] {dag.py:4180} INFO - Setting next_dagrun for example_external_task_marker_parent to None, run_after=None
[2024-12-14T11:29:25.801+0000] {processor.py:208} INFO - Processing /home/airflow/.local/lib/python3.12/site-packages/airflow/example_dags/example_external_task_marker_dag.py took 0.045 seconds
[2024-12-14T11:29:56.065+0000] {processor.py:186} INFO - Started process (PID=383) to work on /home/airflow/.local/lib/python3.12/site-packages/airflow/example_dags/example_external_task_marker_dag.py
[2024-12-14T11:29:56.066+0000] {processor.py:914} INFO - Processing file /home/airflow/.local/lib/python3.12/site-packages/airflow/example_dags/example_external_task_marker_dag.py for tasks to queue
[2024-12-14T11:29:56.067+0000] {logging_mixin.py:190} INFO - [2024-12-14T11:29:56.067+0000] {dagbag.py:588} INFO - Filling up the DagBag from /home/airflow/.local/lib/python3.12/site-packages/airflow/example_dags/example_external_task_marker_dag.py
[2024-12-14T11:29:56.071+0000] {processor.py:925} INFO - DAG(s) 'example_external_task_marker_parent', 'example_external_task_marker_child' retrieved from /home/airflow/.local/lib/python3.12/site-packages/airflow/example_dags/example_external_task_marker_dag.py
[2024-12-14T11:29:56.082+0000] {logging_mixin.py:190} INFO - [2024-12-14T11:29:56.082+0000] {dag.py:3239} INFO - Sync 2 DAGs
[2024-12-14T11:29:56.089+0000] {logging_mixin.py:190} INFO - [2024-12-14T11:29:56.088+0000] {dag.py:4180} INFO - Setting next_dagrun for example_external_task_marker_child to None, run_after=None
[2024-12-14T11:29:56.090+0000] {logging_mixin.py:190} INFO - [2024-12-14T11:29:56.090+0000] {dag.py:4180} INFO - Setting next_dagrun for example_external_task_marker_parent to None, run_after=None
[2024-12-14T11:29:56.097+0000] {processor.py:208} INFO - Processing /home/airflow/.local/lib/python3.12/site-packages/airflow/example_dags/example_external_task_marker_dag.py took 0.034 seconds
[2024-12-14T11:30:27.153+0000] {processor.py:186} INFO - Started process (PID=447) to work on /home/airflow/.local/lib/python3.12/site-packages/airflow/example_dags/example_external_task_marker_dag.py
[2024-12-14T11:30:27.155+0000] {processor.py:914} INFO - Processing file /home/airflow/.local/lib/python3.12/site-packages/airflow/example_dags/example_external_task_marker_dag.py for tasks to queue
[2024-12-14T11:30:27.156+0000] {logging_mixin.py:190} INFO - [2024-12-14T11:30:27.156+0000] {dagbag.py:588} INFO - Filling up the DagBag from /home/airflow/.local/lib/python3.12/site-packages/airflow/example_dags/example_external_task_marker_dag.py
[2024-12-14T11:30:27.160+0000] {processor.py:925} INFO - DAG(s) 'example_external_task_marker_child', 'example_external_task_marker_parent' retrieved from /home/airflow/.local/lib/python3.12/site-packages/airflow/example_dags/example_external_task_marker_dag.py
[2024-12-14T11:30:27.175+0000] {logging_mixin.py:190} INFO - [2024-12-14T11:30:27.175+0000] {dag.py:3239} INFO - Sync 2 DAGs
[2024-12-14T11:30:27.183+0000] {logging_mixin.py:190} INFO - [2024-12-14T11:30:27.183+0000] {dag.py:4180} INFO - Setting next_dagrun for example_external_task_marker_child to None, run_after=None
[2024-12-14T11:30:27.185+0000] {logging_mixin.py:190} INFO - [2024-12-14T11:30:27.185+0000] {dag.py:4180} INFO - Setting next_dagrun for example_external_task_marker_parent to None, run_after=None
[2024-12-14T11:30:27.196+0000] {processor.py:208} INFO - Processing /home/airflow/.local/lib/python3.12/site-packages/airflow/example_dags/example_external_task_marker_dag.py took 0.046 seconds
[2024-12-14T11:30:58.179+0000] {processor.py:186} INFO - Started process (PID=511) to work on /home/airflow/.local/lib/python3.12/site-packages/airflow/example_dags/example_external_task_marker_dag.py
[2024-12-14T11:30:58.180+0000] {processor.py:914} INFO - Processing file /home/airflow/.local/lib/python3.12/site-packages/airflow/example_dags/example_external_task_marker_dag.py for tasks to queue
[2024-12-14T11:30:58.181+0000] {logging_mixin.py:190} INFO - [2024-12-14T11:30:58.181+0000] {dagbag.py:588} INFO - Filling up the DagBag from /home/airflow/.local/lib/python3.12/site-packages/airflow/example_dags/example_external_task_marker_dag.py
[2024-12-14T11:30:58.186+0000] {processor.py:925} INFO - DAG(s) 'example_external_task_marker_parent', 'example_external_task_marker_child' retrieved from /home/airflow/.local/lib/python3.12/site-packages/airflow/example_dags/example_external_task_marker_dag.py
[2024-12-14T11:30:58.199+0000] {logging_mixin.py:190} INFO - [2024-12-14T11:30:58.199+0000] {dag.py:3239} INFO - Sync 2 DAGs
[2024-12-14T11:30:58.207+0000] {logging_mixin.py:190} INFO - [2024-12-14T11:30:58.207+0000] {dag.py:4180} INFO - Setting next_dagrun for example_external_task_marker_child to None, run_after=None
[2024-12-14T11:30:58.210+0000] {logging_mixin.py:190} INFO - [2024-12-14T11:30:58.210+0000] {dag.py:4180} INFO - Setting next_dagrun for example_external_task_marker_parent to None, run_after=None
[2024-12-14T11:30:58.220+0000] {processor.py:208} INFO - Processing /home/airflow/.local/lib/python3.12/site-packages/airflow/example_dags/example_external_task_marker_dag.py took 0.045 seconds
[2024-12-14T11:31:28.526+0000] {processor.py:186} INFO - Started process (PID=575) to work on /home/airflow/.local/lib/python3.12/site-packages/airflow/example_dags/example_external_task_marker_dag.py
[2024-12-14T11:31:28.526+0000] {processor.py:914} INFO - Processing file /home/airflow/.local/lib/python3.12/site-packages/airflow/example_dags/example_external_task_marker_dag.py for tasks to queue
[2024-12-14T11:31:28.528+0000] {logging_mixin.py:190} INFO - [2024-12-14T11:31:28.528+0000] {dagbag.py:588} INFO - Filling up the DagBag from /home/airflow/.local/lib/python3.12/site-packages/airflow/example_dags/example_external_task_marker_dag.py
[2024-12-14T11:31:28.533+0000] {processor.py:925} INFO - DAG(s) 'example_external_task_marker_child', 'example_external_task_marker_parent' retrieved from /home/airflow/.local/lib/python3.12/site-packages/airflow/example_dags/example_external_task_marker_dag.py
[2024-12-14T11:31:28.545+0000] {logging_mixin.py:190} INFO - [2024-12-14T11:31:28.545+0000] {dag.py:3239} INFO - Sync 2 DAGs
[2024-12-14T11:31:28.556+0000] {logging_mixin.py:190} INFO - [2024-12-14T11:31:28.556+0000] {dag.py:4180} INFO - Setting next_dagrun for example_external_task_marker_child to None, run_after=None
[2024-12-14T11:31:28.558+0000] {logging_mixin.py:190} INFO - [2024-12-14T11:31:28.558+0000] {dag.py:4180} INFO - Setting next_dagrun for example_external_task_marker_parent to None, run_after=None
[2024-12-14T11:31:28.566+0000] {processor.py:208} INFO - Processing /home/airflow/.local/lib/python3.12/site-packages/airflow/example_dags/example_external_task_marker_dag.py took 0.046 seconds
[2024-12-14T11:31:59.553+0000] {processor.py:186} INFO - Started process (PID=639) to work on /home/airflow/.local/lib/python3.12/site-packages/airflow/example_dags/example_external_task_marker_dag.py
[2024-12-14T11:31:59.554+0000] {processor.py:914} INFO - Processing file /home/airflow/.local/lib/python3.12/site-packages/airflow/example_dags/example_external_task_marker_dag.py for tasks to queue
[2024-12-14T11:31:59.555+0000] {logging_mixin.py:190} INFO - [2024-12-14T11:31:59.555+0000] {dagbag.py:588} INFO - Filling up the DagBag from /home/airflow/.local/lib/python3.12/site-packages/airflow/example_dags/example_external_task_marker_dag.py
[2024-12-14T11:31:59.559+0000] {processor.py:925} INFO - DAG(s) 'example_external_task_marker_child', 'example_external_task_marker_parent' retrieved from /home/airflow/.local/lib/python3.12/site-packages/airflow/example_dags/example_external_task_marker_dag.py
[2024-12-14T11:31:59.580+0000] {logging_mixin.py:190} INFO - [2024-12-14T11:31:59.578+0000] {dag.py:3239} INFO - Sync 2 DAGs
[2024-12-14T11:31:59.589+0000] {logging_mixin.py:190} INFO - [2024-12-14T11:31:59.589+0000] {dag.py:4180} INFO - Setting next_dagrun for example_external_task_marker_child to None, run_after=None
[2024-12-14T11:31:59.596+0000] {logging_mixin.py:190} INFO - [2024-12-14T11:31:59.595+0000] {dag.py:4180} INFO - Setting next_dagrun for example_external_task_marker_parent to None, run_after=None
[2024-12-14T11:31:59.606+0000] {processor.py:208} INFO - Processing /home/airflow/.local/lib/python3.12/site-packages/airflow/example_dags/example_external_task_marker_dag.py took 0.056 seconds
[2024-12-14T11:32:29.776+0000] {processor.py:186} INFO - Started process (PID=702) to work on /home/airflow/.local/lib/python3.12/site-packages/airflow/example_dags/example_external_task_marker_dag.py
[2024-12-14T11:32:29.779+0000] {processor.py:914} INFO - Processing file /home/airflow/.local/lib/python3.12/site-packages/airflow/example_dags/example_external_task_marker_dag.py for tasks to queue
[2024-12-14T11:32:29.781+0000] {logging_mixin.py:190} INFO - [2024-12-14T11:32:29.780+0000] {dagbag.py:588} INFO - Filling up the DagBag from /home/airflow/.local/lib/python3.12/site-packages/airflow/example_dags/example_external_task_marker_dag.py
[2024-12-14T11:32:29.787+0000] {processor.py:925} INFO - DAG(s) 'example_external_task_marker_parent', 'example_external_task_marker_child' retrieved from /home/airflow/.local/lib/python3.12/site-packages/airflow/example_dags/example_external_task_marker_dag.py
[2024-12-14T11:32:29.804+0000] {logging_mixin.py:190} INFO - [2024-12-14T11:32:29.804+0000] {dag.py:3239} INFO - Sync 2 DAGs
[2024-12-14T11:32:29.812+0000] {logging_mixin.py:190} INFO - [2024-12-14T11:32:29.812+0000] {dag.py:4180} INFO - Setting next_dagrun for example_external_task_marker_child to None, run_after=None
[2024-12-14T11:32:29.814+0000] {logging_mixin.py:190} INFO - [2024-12-14T11:32:29.814+0000] {dag.py:4180} INFO - Setting next_dagrun for example_external_task_marker_parent to None, run_after=None
[2024-12-14T11:32:29.824+0000] {processor.py:208} INFO - Processing /home/airflow/.local/lib/python3.12/site-packages/airflow/example_dags/example_external_task_marker_dag.py took 0.053 seconds
[2024-12-14T11:33:00.872+0000] {processor.py:186} INFO - Started process (PID=766) to work on /home/airflow/.local/lib/python3.12/site-packages/airflow/example_dags/example_external_task_marker_dag.py
[2024-12-14T11:33:00.874+0000] {processor.py:914} INFO - Processing file /home/airflow/.local/lib/python3.12/site-packages/airflow/example_dags/example_external_task_marker_dag.py for tasks to queue
[2024-12-14T11:33:00.876+0000] {logging_mixin.py:190} INFO - [2024-12-14T11:33:00.876+0000] {dagbag.py:588} INFO - Filling up the DagBag from /home/airflow/.local/lib/python3.12/site-packages/airflow/example_dags/example_external_task_marker_dag.py
[2024-12-14T11:33:00.881+0000] {processor.py:925} INFO - DAG(s) 'example_external_task_marker_child', 'example_external_task_marker_parent' retrieved from /home/airflow/.local/lib/python3.12/site-packages/airflow/example_dags/example_external_task_marker_dag.py
[2024-12-14T11:33:00.895+0000] {logging_mixin.py:190} INFO - [2024-12-14T11:33:00.895+0000] {dag.py:3239} INFO - Sync 2 DAGs
[2024-12-14T11:33:00.903+0000] {logging_mixin.py:190} INFO - [2024-12-14T11:33:00.903+0000] {dag.py:4180} INFO - Setting next_dagrun for example_external_task_marker_child to None, run_after=None
[2024-12-14T11:33:00.906+0000] {logging_mixin.py:190} INFO - [2024-12-14T11:33:00.905+0000] {dag.py:4180} INFO - Setting next_dagrun for example_external_task_marker_parent to None, run_after=None
[2024-12-14T11:33:00.915+0000] {processor.py:208} INFO - Processing /home/airflow/.local/lib/python3.12/site-packages/airflow/example_dags/example_external_task_marker_dag.py took 0.048 seconds
[2024-12-14T11:33:32.056+0000] {processor.py:186} INFO - Started process (PID=830) to work on /home/airflow/.local/lib/python3.12/site-packages/airflow/example_dags/example_external_task_marker_dag.py
[2024-12-14T11:33:32.057+0000] {processor.py:914} INFO - Processing file /home/airflow/.local/lib/python3.12/site-packages/airflow/example_dags/example_external_task_marker_dag.py for tasks to queue
[2024-12-14T11:33:32.058+0000] {logging_mixin.py:190} INFO - [2024-12-14T11:33:32.058+0000] {dagbag.py:588} INFO - Filling up the DagBag from /home/airflow/.local/lib/python3.12/site-packages/airflow/example_dags/example_external_task_marker_dag.py
[2024-12-14T11:33:32.062+0000] {processor.py:925} INFO - DAG(s) 'example_external_task_marker_parent', 'example_external_task_marker_child' retrieved from /home/airflow/.local/lib/python3.12/site-packages/airflow/example_dags/example_external_task_marker_dag.py
[2024-12-14T11:33:32.078+0000] {logging_mixin.py:190} INFO - [2024-12-14T11:33:32.078+0000] {dag.py:3239} INFO - Sync 2 DAGs
[2024-12-14T11:33:32.087+0000] {logging_mixin.py:190} INFO - [2024-12-14T11:33:32.087+0000] {dag.py:4180} INFO - Setting next_dagrun for example_external_task_marker_child to None, run_after=None
[2024-12-14T11:33:32.089+0000] {logging_mixin.py:190} INFO - [2024-12-14T11:33:32.089+0000] {dag.py:4180} INFO - Setting next_dagrun for example_external_task_marker_parent to None, run_after=None
[2024-12-14T11:33:32.097+0000] {processor.py:208} INFO - Processing /home/airflow/.local/lib/python3.12/site-packages/airflow/example_dags/example_external_task_marker_dag.py took 0.044 seconds
