[2024-12-14T11:27:25.931+0000] {processor.py:186} INFO - Started process (PID=95) to work on /home/airflow/.local/lib/python3.12/site-packages/airflow/example_dags/example_datasets.py
[2024-12-14T11:27:25.934+0000] {processor.py:914} INFO - Processing file /home/airflow/.local/lib/python3.12/site-packages/airflow/example_dags/example_datasets.py for tasks to queue
[2024-12-14T11:27:25.936+0000] {logging_mixin.py:190} INFO - [2024-12-14T11:27:25.936+0000] {dagbag.py:588} INFO - Filling up the DagBag from /home/airflow/.local/lib/python3.12/site-packages/airflow/example_dags/example_datasets.py
[2024-12-14T11:27:26.374+0000] {processor.py:925} INFO - DAG(s) 'dataset_consumes_1', 'consume_1_or_2_with_dataset_expressions', 'dataset_produces_2', 'dataset_consumes_1_and_2', 'consume_1_and_2_with_dataset_expressions', 'consume_1_or_both_2_and_3_with_dataset_expressions', 'dataset_consumes_unknown_never_scheduled', 'dataset_produces_1', 'dataset_consumes_1_never_scheduled', 'conditional_dataset_and_time_based_timetable' retrieved from /home/airflow/.local/lib/python3.12/site-packages/airflow/example_dags/example_datasets.py
[2024-12-14T11:27:26.398+0000] {logging_mixin.py:190} INFO - [2024-12-14T11:27:26.398+0000] {dag.py:3239} INFO - Sync 10 DAGs
[2024-12-14T11:27:26.421+0000] {logging_mixin.py:190} INFO - [2024-12-14T11:27:26.421+0000] {dag.py:4180} INFO - Setting next_dagrun for conditional_dataset_and_time_based_timetable to 2024-12-11 01:00:00+00:00, run_after=2024-12-11 01:00:00+00:00
[2024-12-14T11:27:26.424+0000] {logging_mixin.py:190} INFO - [2024-12-14T11:27:26.424+0000] {dag.py:4180} INFO - Setting next_dagrun for consume_1_and_2_with_dataset_expressions to None, run_after=None
[2024-12-14T11:27:26.425+0000] {logging_mixin.py:190} INFO - [2024-12-14T11:27:26.425+0000] {dag.py:4180} INFO - Setting next_dagrun for consume_1_or_2_with_dataset_expressions to None, run_after=None
[2024-12-14T11:27:26.426+0000] {logging_mixin.py:190} INFO - [2024-12-14T11:27:26.426+0000] {dag.py:4180} INFO - Setting next_dagrun for consume_1_or_both_2_and_3_with_dataset_expressions to None, run_after=None
[2024-12-14T11:27:26.430+0000] {logging_mixin.py:190} INFO - [2024-12-14T11:27:26.430+0000] {dag.py:4180} INFO - Setting next_dagrun for dataset_consumes_1 to None, run_after=None
[2024-12-14T11:27:26.435+0000] {logging_mixin.py:190} INFO - [2024-12-14T11:27:26.435+0000] {dag.py:4180} INFO - Setting next_dagrun for dataset_consumes_1_and_2 to None, run_after=None
[2024-12-14T11:27:26.436+0000] {logging_mixin.py:190} INFO - [2024-12-14T11:27:26.436+0000] {dag.py:4180} INFO - Setting next_dagrun for dataset_consumes_1_never_scheduled to None, run_after=None
[2024-12-14T11:27:26.438+0000] {logging_mixin.py:190} INFO - [2024-12-14T11:27:26.438+0000] {dag.py:4180} INFO - Setting next_dagrun for dataset_consumes_unknown_never_scheduled to None, run_after=None
[2024-12-14T11:27:26.440+0000] {logging_mixin.py:190} INFO - [2024-12-14T11:27:26.440+0000] {dag.py:4180} INFO - Setting next_dagrun for dataset_produces_1 to 2024-12-13 00:00:00+00:00, run_after=2024-12-14 00:00:00+00:00
[2024-12-14T11:27:26.446+0000] {logging_mixin.py:190} INFO - [2024-12-14T11:27:26.445+0000] {dag.py:4180} INFO - Setting next_dagrun for dataset_produces_2 to None, run_after=None
[2024-12-14T11:27:26.496+0000] {processor.py:208} INFO - Processing /home/airflow/.local/lib/python3.12/site-packages/airflow/example_dags/example_datasets.py took 0.569 seconds
[2024-12-14T11:27:57.337+0000] {processor.py:186} INFO - Started process (PID=162) to work on /home/airflow/.local/lib/python3.12/site-packages/airflow/example_dags/example_datasets.py
[2024-12-14T11:27:57.338+0000] {processor.py:914} INFO - Processing file /home/airflow/.local/lib/python3.12/site-packages/airflow/example_dags/example_datasets.py for tasks to queue
[2024-12-14T11:27:57.340+0000] {logging_mixin.py:190} INFO - [2024-12-14T11:27:57.340+0000] {dagbag.py:588} INFO - Filling up the DagBag from /home/airflow/.local/lib/python3.12/site-packages/airflow/example_dags/example_datasets.py
[2024-12-14T11:27:57.645+0000] {processor.py:925} INFO - DAG(s) 'dataset_consumes_1_never_scheduled', 'dataset_produces_2', 'consume_1_or_both_2_and_3_with_dataset_expressions', 'conditional_dataset_and_time_based_timetable', 'dataset_consumes_unknown_never_scheduled', 'dataset_produces_1', 'dataset_consumes_1_and_2', 'consume_1_or_2_with_dataset_expressions', 'dataset_consumes_1', 'consume_1_and_2_with_dataset_expressions' retrieved from /home/airflow/.local/lib/python3.12/site-packages/airflow/example_dags/example_datasets.py
[2024-12-14T11:27:57.670+0000] {logging_mixin.py:190} INFO - [2024-12-14T11:27:57.670+0000] {dag.py:3239} INFO - Sync 10 DAGs
[2024-12-14T11:27:57.684+0000] {logging_mixin.py:190} INFO - [2024-12-14T11:27:57.684+0000] {dag.py:4180} INFO - Setting next_dagrun for conditional_dataset_and_time_based_timetable to 2024-12-11 01:00:00+00:00, run_after=2024-12-11 01:00:00+00:00
[2024-12-14T11:27:57.687+0000] {logging_mixin.py:190} INFO - [2024-12-14T11:27:57.687+0000] {dag.py:4180} INFO - Setting next_dagrun for consume_1_and_2_with_dataset_expressions to None, run_after=None
[2024-12-14T11:27:57.690+0000] {logging_mixin.py:190} INFO - [2024-12-14T11:27:57.690+0000] {dag.py:4180} INFO - Setting next_dagrun for consume_1_or_2_with_dataset_expressions to None, run_after=None
[2024-12-14T11:27:57.692+0000] {logging_mixin.py:190} INFO - [2024-12-14T11:27:57.692+0000] {dag.py:4180} INFO - Setting next_dagrun for consume_1_or_both_2_and_3_with_dataset_expressions to None, run_after=None
[2024-12-14T11:27:57.692+0000] {logging_mixin.py:190} INFO - [2024-12-14T11:27:57.692+0000] {dag.py:4180} INFO - Setting next_dagrun for dataset_consumes_1 to None, run_after=None
[2024-12-14T11:27:57.693+0000] {logging_mixin.py:190} INFO - [2024-12-14T11:27:57.693+0000] {dag.py:4180} INFO - Setting next_dagrun for dataset_consumes_1_and_2 to None, run_after=None
[2024-12-14T11:27:57.695+0000] {logging_mixin.py:190} INFO - [2024-12-14T11:27:57.695+0000] {dag.py:4180} INFO - Setting next_dagrun for dataset_consumes_1_never_scheduled to None, run_after=None
[2024-12-14T11:27:57.696+0000] {logging_mixin.py:190} INFO - [2024-12-14T11:27:57.696+0000] {dag.py:4180} INFO - Setting next_dagrun for dataset_consumes_unknown_never_scheduled to None, run_after=None
[2024-12-14T11:27:57.697+0000] {logging_mixin.py:190} INFO - [2024-12-14T11:27:57.697+0000] {dag.py:4180} INFO - Setting next_dagrun for dataset_produces_1 to 2024-12-13 00:00:00+00:00, run_after=2024-12-14 00:00:00+00:00
[2024-12-14T11:27:57.698+0000] {logging_mixin.py:190} INFO - [2024-12-14T11:27:57.698+0000] {dag.py:4180} INFO - Setting next_dagrun for dataset_produces_2 to None, run_after=None
[2024-12-14T11:27:57.716+0000] {processor.py:208} INFO - Processing /home/airflow/.local/lib/python3.12/site-packages/airflow/example_dags/example_datasets.py took 0.382 seconds
[2024-12-14T11:28:28.693+0000] {processor.py:186} INFO - Started process (PID=223) to work on /home/airflow/.local/lib/python3.12/site-packages/airflow/example_dags/example_datasets.py
[2024-12-14T11:28:28.693+0000] {processor.py:914} INFO - Processing file /home/airflow/.local/lib/python3.12/site-packages/airflow/example_dags/example_datasets.py for tasks to queue
[2024-12-14T11:28:28.695+0000] {logging_mixin.py:190} INFO - [2024-12-14T11:28:28.694+0000] {dagbag.py:588} INFO - Filling up the DagBag from /home/airflow/.local/lib/python3.12/site-packages/airflow/example_dags/example_datasets.py
[2024-12-14T11:28:29.019+0000] {processor.py:925} INFO - DAG(s) 'dataset_produces_1', 'consume_1_and_2_with_dataset_expressions', 'dataset_consumes_1', 'dataset_consumes_1_never_scheduled', 'dataset_produces_2', 'dataset_consumes_1_and_2', 'conditional_dataset_and_time_based_timetable', 'consume_1_or_both_2_and_3_with_dataset_expressions', 'dataset_consumes_unknown_never_scheduled', 'consume_1_or_2_with_dataset_expressions' retrieved from /home/airflow/.local/lib/python3.12/site-packages/airflow/example_dags/example_datasets.py
[2024-12-14T11:28:29.055+0000] {logging_mixin.py:190} INFO - [2024-12-14T11:28:29.055+0000] {dag.py:3239} INFO - Sync 10 DAGs
[2024-12-14T11:28:29.068+0000] {logging_mixin.py:190} INFO - [2024-12-14T11:28:29.067+0000] {dag.py:4180} INFO - Setting next_dagrun for conditional_dataset_and_time_based_timetable to 2024-12-11 01:00:00+00:00, run_after=2024-12-11 01:00:00+00:00
[2024-12-14T11:28:29.071+0000] {logging_mixin.py:190} INFO - [2024-12-14T11:28:29.071+0000] {dag.py:4180} INFO - Setting next_dagrun for consume_1_and_2_with_dataset_expressions to None, run_after=None
[2024-12-14T11:28:29.074+0000] {logging_mixin.py:190} INFO - [2024-12-14T11:28:29.074+0000] {dag.py:4180} INFO - Setting next_dagrun for consume_1_or_2_with_dataset_expressions to None, run_after=None
[2024-12-14T11:28:29.075+0000] {logging_mixin.py:190} INFO - [2024-12-14T11:28:29.075+0000] {dag.py:4180} INFO - Setting next_dagrun for consume_1_or_both_2_and_3_with_dataset_expressions to None, run_after=None
[2024-12-14T11:28:29.076+0000] {logging_mixin.py:190} INFO - [2024-12-14T11:28:29.076+0000] {dag.py:4180} INFO - Setting next_dagrun for dataset_consumes_1 to None, run_after=None
[2024-12-14T11:28:29.077+0000] {logging_mixin.py:190} INFO - [2024-12-14T11:28:29.077+0000] {dag.py:4180} INFO - Setting next_dagrun for dataset_consumes_1_and_2 to None, run_after=None
[2024-12-14T11:28:29.078+0000] {logging_mixin.py:190} INFO - [2024-12-14T11:28:29.078+0000] {dag.py:4180} INFO - Setting next_dagrun for dataset_consumes_1_never_scheduled to None, run_after=None
[2024-12-14T11:28:29.079+0000] {logging_mixin.py:190} INFO - [2024-12-14T11:28:29.079+0000] {dag.py:4180} INFO - Setting next_dagrun for dataset_consumes_unknown_never_scheduled to None, run_after=None
[2024-12-14T11:28:29.081+0000] {logging_mixin.py:190} INFO - [2024-12-14T11:28:29.081+0000] {dag.py:4180} INFO - Setting next_dagrun for dataset_produces_1 to 2024-12-13 00:00:00+00:00, run_after=2024-12-14 00:00:00+00:00
[2024-12-14T11:28:29.082+0000] {logging_mixin.py:190} INFO - [2024-12-14T11:28:29.082+0000] {dag.py:4180} INFO - Setting next_dagrun for dataset_produces_2 to None, run_after=None
[2024-12-14T11:28:29.100+0000] {processor.py:208} INFO - Processing /home/airflow/.local/lib/python3.12/site-packages/airflow/example_dags/example_datasets.py took 0.411 seconds
[2024-12-14T11:29:00.081+0000] {processor.py:186} INFO - Started process (PID=287) to work on /home/airflow/.local/lib/python3.12/site-packages/airflow/example_dags/example_datasets.py
[2024-12-14T11:29:00.083+0000] {processor.py:914} INFO - Processing file /home/airflow/.local/lib/python3.12/site-packages/airflow/example_dags/example_datasets.py for tasks to queue
[2024-12-14T11:29:00.084+0000] {logging_mixin.py:190} INFO - [2024-12-14T11:29:00.084+0000] {dagbag.py:588} INFO - Filling up the DagBag from /home/airflow/.local/lib/python3.12/site-packages/airflow/example_dags/example_datasets.py
[2024-12-14T11:29:00.456+0000] {processor.py:925} INFO - DAG(s) 'dataset_produces_2', 'dataset_consumes_1', 'dataset_consumes_unknown_never_scheduled', 'consume_1_or_2_with_dataset_expressions', 'dataset_consumes_1_never_scheduled', 'dataset_produces_1', 'consume_1_and_2_with_dataset_expressions', 'dataset_consumes_1_and_2', 'conditional_dataset_and_time_based_timetable', 'consume_1_or_both_2_and_3_with_dataset_expressions' retrieved from /home/airflow/.local/lib/python3.12/site-packages/airflow/example_dags/example_datasets.py
[2024-12-14T11:29:00.484+0000] {logging_mixin.py:190} INFO - [2024-12-14T11:29:00.484+0000] {dag.py:3239} INFO - Sync 10 DAGs
[2024-12-14T11:29:00.499+0000] {logging_mixin.py:190} INFO - [2024-12-14T11:29:00.499+0000] {dag.py:4180} INFO - Setting next_dagrun for conditional_dataset_and_time_based_timetable to 2024-12-11 01:00:00+00:00, run_after=2024-12-11 01:00:00+00:00
[2024-12-14T11:29:00.503+0000] {logging_mixin.py:190} INFO - [2024-12-14T11:29:00.502+0000] {dag.py:4180} INFO - Setting next_dagrun for consume_1_and_2_with_dataset_expressions to None, run_after=None
[2024-12-14T11:29:00.504+0000] {logging_mixin.py:190} INFO - [2024-12-14T11:29:00.504+0000] {dag.py:4180} INFO - Setting next_dagrun for consume_1_or_2_with_dataset_expressions to None, run_after=None
[2024-12-14T11:29:00.509+0000] {logging_mixin.py:190} INFO - [2024-12-14T11:29:00.508+0000] {dag.py:4180} INFO - Setting next_dagrun for consume_1_or_both_2_and_3_with_dataset_expressions to None, run_after=None
[2024-12-14T11:29:00.510+0000] {logging_mixin.py:190} INFO - [2024-12-14T11:29:00.510+0000] {dag.py:4180} INFO - Setting next_dagrun for dataset_consumes_1 to None, run_after=None
[2024-12-14T11:29:00.511+0000] {logging_mixin.py:190} INFO - [2024-12-14T11:29:00.511+0000] {dag.py:4180} INFO - Setting next_dagrun for dataset_consumes_1_and_2 to None, run_after=None
[2024-12-14T11:29:00.512+0000] {logging_mixin.py:190} INFO - [2024-12-14T11:29:00.512+0000] {dag.py:4180} INFO - Setting next_dagrun for dataset_consumes_1_never_scheduled to None, run_after=None
[2024-12-14T11:29:00.513+0000] {logging_mixin.py:190} INFO - [2024-12-14T11:29:00.512+0000] {dag.py:4180} INFO - Setting next_dagrun for dataset_consumes_unknown_never_scheduled to None, run_after=None
[2024-12-14T11:29:00.514+0000] {logging_mixin.py:190} INFO - [2024-12-14T11:29:00.514+0000] {dag.py:4180} INFO - Setting next_dagrun for dataset_produces_1 to 2024-12-13 00:00:00+00:00, run_after=2024-12-14 00:00:00+00:00
[2024-12-14T11:29:00.515+0000] {logging_mixin.py:190} INFO - [2024-12-14T11:29:00.515+0000] {dag.py:4180} INFO - Setting next_dagrun for dataset_produces_2 to None, run_after=None
[2024-12-14T11:29:00.536+0000] {processor.py:208} INFO - Processing /home/airflow/.local/lib/python3.12/site-packages/airflow/example_dags/example_datasets.py took 0.458 seconds
[2024-12-14T11:29:31.425+0000] {processor.py:186} INFO - Started process (PID=351) to work on /home/airflow/.local/lib/python3.12/site-packages/airflow/example_dags/example_datasets.py
[2024-12-14T11:29:31.426+0000] {processor.py:914} INFO - Processing file /home/airflow/.local/lib/python3.12/site-packages/airflow/example_dags/example_datasets.py for tasks to queue
[2024-12-14T11:29:31.427+0000] {logging_mixin.py:190} INFO - [2024-12-14T11:29:31.427+0000] {dagbag.py:588} INFO - Filling up the DagBag from /home/airflow/.local/lib/python3.12/site-packages/airflow/example_dags/example_datasets.py
[2024-12-14T11:29:31.738+0000] {processor.py:925} INFO - DAG(s) 'dataset_consumes_1_never_scheduled', 'dataset_consumes_1', 'consume_1_or_2_with_dataset_expressions', 'consume_1_and_2_with_dataset_expressions', 'dataset_consumes_unknown_never_scheduled', 'dataset_produces_2', 'dataset_produces_1', 'conditional_dataset_and_time_based_timetable', 'dataset_consumes_1_and_2', 'consume_1_or_both_2_and_3_with_dataset_expressions' retrieved from /home/airflow/.local/lib/python3.12/site-packages/airflow/example_dags/example_datasets.py
[2024-12-14T11:29:31.772+0000] {logging_mixin.py:190} INFO - [2024-12-14T11:29:31.772+0000] {dag.py:3239} INFO - Sync 10 DAGs
[2024-12-14T11:29:31.786+0000] {logging_mixin.py:190} INFO - [2024-12-14T11:29:31.786+0000] {dag.py:4180} INFO - Setting next_dagrun for conditional_dataset_and_time_based_timetable to 2024-12-11 01:00:00+00:00, run_after=2024-12-11 01:00:00+00:00
[2024-12-14T11:29:31.788+0000] {logging_mixin.py:190} INFO - [2024-12-14T11:29:31.788+0000] {dag.py:4180} INFO - Setting next_dagrun for consume_1_and_2_with_dataset_expressions to None, run_after=None
[2024-12-14T11:29:31.789+0000] {logging_mixin.py:190} INFO - [2024-12-14T11:29:31.788+0000] {dag.py:4180} INFO - Setting next_dagrun for consume_1_or_2_with_dataset_expressions to None, run_after=None
[2024-12-14T11:29:31.789+0000] {logging_mixin.py:190} INFO - [2024-12-14T11:29:31.789+0000] {dag.py:4180} INFO - Setting next_dagrun for consume_1_or_both_2_and_3_with_dataset_expressions to None, run_after=None
[2024-12-14T11:29:31.790+0000] {logging_mixin.py:190} INFO - [2024-12-14T11:29:31.790+0000] {dag.py:4180} INFO - Setting next_dagrun for dataset_consumes_1 to None, run_after=None
[2024-12-14T11:29:31.790+0000] {logging_mixin.py:190} INFO - [2024-12-14T11:29:31.790+0000] {dag.py:4180} INFO - Setting next_dagrun for dataset_consumes_1_and_2 to None, run_after=None
[2024-12-14T11:29:31.791+0000] {logging_mixin.py:190} INFO - [2024-12-14T11:29:31.791+0000] {dag.py:4180} INFO - Setting next_dagrun for dataset_consumes_1_never_scheduled to None, run_after=None
[2024-12-14T11:29:31.792+0000] {logging_mixin.py:190} INFO - [2024-12-14T11:29:31.791+0000] {dag.py:4180} INFO - Setting next_dagrun for dataset_consumes_unknown_never_scheduled to None, run_after=None
[2024-12-14T11:29:31.793+0000] {logging_mixin.py:190} INFO - [2024-12-14T11:29:31.793+0000] {dag.py:4180} INFO - Setting next_dagrun for dataset_produces_1 to 2024-12-13 00:00:00+00:00, run_after=2024-12-14 00:00:00+00:00
[2024-12-14T11:29:31.793+0000] {logging_mixin.py:190} INFO - [2024-12-14T11:29:31.793+0000] {dag.py:4180} INFO - Setting next_dagrun for dataset_produces_2 to None, run_after=None
[2024-12-14T11:29:31.809+0000] {processor.py:208} INFO - Processing /home/airflow/.local/lib/python3.12/site-packages/airflow/example_dags/example_datasets.py took 0.388 seconds
[2024-12-14T11:30:02.646+0000] {processor.py:186} INFO - Started process (PID=415) to work on /home/airflow/.local/lib/python3.12/site-packages/airflow/example_dags/example_datasets.py
[2024-12-14T11:30:02.647+0000] {processor.py:914} INFO - Processing file /home/airflow/.local/lib/python3.12/site-packages/airflow/example_dags/example_datasets.py for tasks to queue
[2024-12-14T11:30:02.648+0000] {logging_mixin.py:190} INFO - [2024-12-14T11:30:02.648+0000] {dagbag.py:588} INFO - Filling up the DagBag from /home/airflow/.local/lib/python3.12/site-packages/airflow/example_dags/example_datasets.py
[2024-12-14T11:30:02.953+0000] {processor.py:925} INFO - DAG(s) 'consume_1_or_both_2_and_3_with_dataset_expressions', 'consume_1_and_2_with_dataset_expressions', 'dataset_consumes_1', 'conditional_dataset_and_time_based_timetable', 'dataset_produces_1', 'dataset_consumes_1_and_2', 'dataset_produces_2', 'consume_1_or_2_with_dataset_expressions', 'dataset_consumes_unknown_never_scheduled', 'dataset_consumes_1_never_scheduled' retrieved from /home/airflow/.local/lib/python3.12/site-packages/airflow/example_dags/example_datasets.py
[2024-12-14T11:30:02.981+0000] {logging_mixin.py:190} INFO - [2024-12-14T11:30:02.981+0000] {dag.py:3239} INFO - Sync 10 DAGs
[2024-12-14T11:30:02.992+0000] {logging_mixin.py:190} INFO - [2024-12-14T11:30:02.992+0000] {dag.py:4180} INFO - Setting next_dagrun for conditional_dataset_and_time_based_timetable to 2024-12-11 01:00:00+00:00, run_after=2024-12-11 01:00:00+00:00
[2024-12-14T11:30:02.994+0000] {logging_mixin.py:190} INFO - [2024-12-14T11:30:02.994+0000] {dag.py:4180} INFO - Setting next_dagrun for consume_1_and_2_with_dataset_expressions to None, run_after=None
[2024-12-14T11:30:02.995+0000] {logging_mixin.py:190} INFO - [2024-12-14T11:30:02.995+0000] {dag.py:4180} INFO - Setting next_dagrun for consume_1_or_2_with_dataset_expressions to None, run_after=None
[2024-12-14T11:30:02.996+0000] {logging_mixin.py:190} INFO - [2024-12-14T11:30:02.996+0000] {dag.py:4180} INFO - Setting next_dagrun for consume_1_or_both_2_and_3_with_dataset_expressions to None, run_after=None
[2024-12-14T11:30:02.997+0000] {logging_mixin.py:190} INFO - [2024-12-14T11:30:02.997+0000] {dag.py:4180} INFO - Setting next_dagrun for dataset_consumes_1 to None, run_after=None
[2024-12-14T11:30:02.998+0000] {logging_mixin.py:190} INFO - [2024-12-14T11:30:02.998+0000] {dag.py:4180} INFO - Setting next_dagrun for dataset_consumes_1_and_2 to None, run_after=None
[2024-12-14T11:30:02.999+0000] {logging_mixin.py:190} INFO - [2024-12-14T11:30:02.999+0000] {dag.py:4180} INFO - Setting next_dagrun for dataset_consumes_1_never_scheduled to None, run_after=None
[2024-12-14T11:30:02.999+0000] {logging_mixin.py:190} INFO - [2024-12-14T11:30:02.999+0000] {dag.py:4180} INFO - Setting next_dagrun for dataset_consumes_unknown_never_scheduled to None, run_after=None
[2024-12-14T11:30:03.002+0000] {logging_mixin.py:190} INFO - [2024-12-14T11:30:03.002+0000] {dag.py:4180} INFO - Setting next_dagrun for dataset_produces_1 to 2024-12-13 00:00:00+00:00, run_after=2024-12-14 00:00:00+00:00
[2024-12-14T11:30:03.003+0000] {logging_mixin.py:190} INFO - [2024-12-14T11:30:03.003+0000] {dag.py:4180} INFO - Setting next_dagrun for dataset_produces_2 to None, run_after=None
[2024-12-14T11:30:03.020+0000] {processor.py:208} INFO - Processing /home/airflow/.local/lib/python3.12/site-packages/airflow/example_dags/example_datasets.py took 0.377 seconds
[2024-12-14T11:30:33.731+0000] {processor.py:186} INFO - Started process (PID=479) to work on /home/airflow/.local/lib/python3.12/site-packages/airflow/example_dags/example_datasets.py
[2024-12-14T11:30:33.732+0000] {processor.py:914} INFO - Processing file /home/airflow/.local/lib/python3.12/site-packages/airflow/example_dags/example_datasets.py for tasks to queue
[2024-12-14T11:30:33.733+0000] {logging_mixin.py:190} INFO - [2024-12-14T11:30:33.733+0000] {dagbag.py:588} INFO - Filling up the DagBag from /home/airflow/.local/lib/python3.12/site-packages/airflow/example_dags/example_datasets.py
[2024-12-14T11:30:34.036+0000] {processor.py:925} INFO - DAG(s) 'dataset_consumes_unknown_never_scheduled', 'conditional_dataset_and_time_based_timetable', 'dataset_produces_1', 'dataset_consumes_1_never_scheduled', 'consume_1_or_both_2_and_3_with_dataset_expressions', 'dataset_consumes_1_and_2', 'consume_1_and_2_with_dataset_expressions', 'dataset_produces_2', 'consume_1_or_2_with_dataset_expressions', 'dataset_consumes_1' retrieved from /home/airflow/.local/lib/python3.12/site-packages/airflow/example_dags/example_datasets.py
[2024-12-14T11:30:34.057+0000] {logging_mixin.py:190} INFO - [2024-12-14T11:30:34.056+0000] {dag.py:3239} INFO - Sync 10 DAGs
[2024-12-14T11:30:34.069+0000] {logging_mixin.py:190} INFO - [2024-12-14T11:30:34.069+0000] {dag.py:4180} INFO - Setting next_dagrun for conditional_dataset_and_time_based_timetable to 2024-12-11 01:00:00+00:00, run_after=2024-12-11 01:00:00+00:00
[2024-12-14T11:30:34.072+0000] {logging_mixin.py:190} INFO - [2024-12-14T11:30:34.072+0000] {dag.py:4180} INFO - Setting next_dagrun for consume_1_and_2_with_dataset_expressions to None, run_after=None
[2024-12-14T11:30:34.074+0000] {logging_mixin.py:190} INFO - [2024-12-14T11:30:34.074+0000] {dag.py:4180} INFO - Setting next_dagrun for consume_1_or_2_with_dataset_expressions to None, run_after=None
[2024-12-14T11:30:34.075+0000] {logging_mixin.py:190} INFO - [2024-12-14T11:30:34.075+0000] {dag.py:4180} INFO - Setting next_dagrun for consume_1_or_both_2_and_3_with_dataset_expressions to None, run_after=None
[2024-12-14T11:30:34.075+0000] {logging_mixin.py:190} INFO - [2024-12-14T11:30:34.075+0000] {dag.py:4180} INFO - Setting next_dagrun for dataset_consumes_1 to None, run_after=None
[2024-12-14T11:30:34.075+0000] {logging_mixin.py:190} INFO - [2024-12-14T11:30:34.075+0000] {dag.py:4180} INFO - Setting next_dagrun for dataset_consumes_1_and_2 to None, run_after=None
[2024-12-14T11:30:34.076+0000] {logging_mixin.py:190} INFO - [2024-12-14T11:30:34.076+0000] {dag.py:4180} INFO - Setting next_dagrun for dataset_consumes_1_never_scheduled to None, run_after=None
[2024-12-14T11:30:34.076+0000] {logging_mixin.py:190} INFO - [2024-12-14T11:30:34.076+0000] {dag.py:4180} INFO - Setting next_dagrun for dataset_consumes_unknown_never_scheduled to None, run_after=None
[2024-12-14T11:30:34.077+0000] {logging_mixin.py:190} INFO - [2024-12-14T11:30:34.077+0000] {dag.py:4180} INFO - Setting next_dagrun for dataset_produces_1 to 2024-12-13 00:00:00+00:00, run_after=2024-12-14 00:00:00+00:00
[2024-12-14T11:30:34.078+0000] {logging_mixin.py:190} INFO - [2024-12-14T11:30:34.078+0000] {dag.py:4180} INFO - Setting next_dagrun for dataset_produces_2 to None, run_after=None
[2024-12-14T11:30:34.092+0000] {processor.py:208} INFO - Processing /home/airflow/.local/lib/python3.12/site-packages/airflow/example_dags/example_datasets.py took 0.364 seconds
[2024-12-14T11:31:04.744+0000] {processor.py:186} INFO - Started process (PID=543) to work on /home/airflow/.local/lib/python3.12/site-packages/airflow/example_dags/example_datasets.py
[2024-12-14T11:31:04.745+0000] {processor.py:914} INFO - Processing file /home/airflow/.local/lib/python3.12/site-packages/airflow/example_dags/example_datasets.py for tasks to queue
[2024-12-14T11:31:04.746+0000] {logging_mixin.py:190} INFO - [2024-12-14T11:31:04.746+0000] {dagbag.py:588} INFO - Filling up the DagBag from /home/airflow/.local/lib/python3.12/site-packages/airflow/example_dags/example_datasets.py
[2024-12-14T11:31:05.055+0000] {processor.py:925} INFO - DAG(s) 'dataset_consumes_unknown_never_scheduled', 'conditional_dataset_and_time_based_timetable', 'consume_1_or_both_2_and_3_with_dataset_expressions', 'dataset_produces_2', 'dataset_consumes_1_and_2', 'dataset_consumes_1', 'consume_1_or_2_with_dataset_expressions', 'dataset_produces_1', 'consume_1_and_2_with_dataset_expressions', 'dataset_consumes_1_never_scheduled' retrieved from /home/airflow/.local/lib/python3.12/site-packages/airflow/example_dags/example_datasets.py
[2024-12-14T11:31:05.077+0000] {logging_mixin.py:190} INFO - [2024-12-14T11:31:05.076+0000] {dag.py:3239} INFO - Sync 10 DAGs
[2024-12-14T11:31:05.088+0000] {logging_mixin.py:190} INFO - [2024-12-14T11:31:05.088+0000] {dag.py:4180} INFO - Setting next_dagrun for conditional_dataset_and_time_based_timetable to 2024-12-11 01:00:00+00:00, run_after=2024-12-11 01:00:00+00:00
[2024-12-14T11:31:05.090+0000] {logging_mixin.py:190} INFO - [2024-12-14T11:31:05.090+0000] {dag.py:4180} INFO - Setting next_dagrun for consume_1_and_2_with_dataset_expressions to None, run_after=None
[2024-12-14T11:31:05.091+0000] {logging_mixin.py:190} INFO - [2024-12-14T11:31:05.090+0000] {dag.py:4180} INFO - Setting next_dagrun for consume_1_or_2_with_dataset_expressions to None, run_after=None
[2024-12-14T11:31:05.091+0000] {logging_mixin.py:190} INFO - [2024-12-14T11:31:05.091+0000] {dag.py:4180} INFO - Setting next_dagrun for consume_1_or_both_2_and_3_with_dataset_expressions to None, run_after=None
[2024-12-14T11:31:05.093+0000] {logging_mixin.py:190} INFO - [2024-12-14T11:31:05.093+0000] {dag.py:4180} INFO - Setting next_dagrun for dataset_consumes_1 to None, run_after=None
[2024-12-14T11:31:05.095+0000] {logging_mixin.py:190} INFO - [2024-12-14T11:31:05.095+0000] {dag.py:4180} INFO - Setting next_dagrun for dataset_consumes_1_and_2 to None, run_after=None
[2024-12-14T11:31:05.095+0000] {logging_mixin.py:190} INFO - [2024-12-14T11:31:05.095+0000] {dag.py:4180} INFO - Setting next_dagrun for dataset_consumes_1_never_scheduled to None, run_after=None
[2024-12-14T11:31:05.096+0000] {logging_mixin.py:190} INFO - [2024-12-14T11:31:05.096+0000] {dag.py:4180} INFO - Setting next_dagrun for dataset_consumes_unknown_never_scheduled to None, run_after=None
[2024-12-14T11:31:05.098+0000] {logging_mixin.py:190} INFO - [2024-12-14T11:31:05.097+0000] {dag.py:4180} INFO - Setting next_dagrun for dataset_produces_1 to 2024-12-13 00:00:00+00:00, run_after=2024-12-14 00:00:00+00:00
[2024-12-14T11:31:05.099+0000] {logging_mixin.py:190} INFO - [2024-12-14T11:31:05.099+0000] {dag.py:4180} INFO - Setting next_dagrun for dataset_produces_2 to None, run_after=None
[2024-12-14T11:31:05.115+0000] {processor.py:208} INFO - Processing /home/airflow/.local/lib/python3.12/site-packages/airflow/example_dags/example_datasets.py took 0.375 seconds
[2024-12-14T11:31:36.091+0000] {processor.py:186} INFO - Started process (PID=607) to work on /home/airflow/.local/lib/python3.12/site-packages/airflow/example_dags/example_datasets.py
[2024-12-14T11:31:36.092+0000] {processor.py:914} INFO - Processing file /home/airflow/.local/lib/python3.12/site-packages/airflow/example_dags/example_datasets.py for tasks to queue
[2024-12-14T11:31:36.094+0000] {logging_mixin.py:190} INFO - [2024-12-14T11:31:36.093+0000] {dagbag.py:588} INFO - Filling up the DagBag from /home/airflow/.local/lib/python3.12/site-packages/airflow/example_dags/example_datasets.py
[2024-12-14T11:31:36.395+0000] {processor.py:925} INFO - DAG(s) 'dataset_consumes_1', 'dataset_consumes_1_and_2', 'consume_1_or_both_2_and_3_with_dataset_expressions', 'dataset_consumes_1_never_scheduled', 'dataset_consumes_unknown_never_scheduled', 'dataset_produces_2', 'conditional_dataset_and_time_based_timetable', 'consume_1_and_2_with_dataset_expressions', 'consume_1_or_2_with_dataset_expressions', 'dataset_produces_1' retrieved from /home/airflow/.local/lib/python3.12/site-packages/airflow/example_dags/example_datasets.py
[2024-12-14T11:31:36.419+0000] {logging_mixin.py:190} INFO - [2024-12-14T11:31:36.419+0000] {dag.py:3239} INFO - Sync 10 DAGs
[2024-12-14T11:31:36.432+0000] {logging_mixin.py:190} INFO - [2024-12-14T11:31:36.432+0000] {dag.py:4180} INFO - Setting next_dagrun for conditional_dataset_and_time_based_timetable to 2024-12-11 01:00:00+00:00, run_after=2024-12-11 01:00:00+00:00
[2024-12-14T11:31:36.435+0000] {logging_mixin.py:190} INFO - [2024-12-14T11:31:36.435+0000] {dag.py:4180} INFO - Setting next_dagrun for consume_1_and_2_with_dataset_expressions to None, run_after=None
[2024-12-14T11:31:36.436+0000] {logging_mixin.py:190} INFO - [2024-12-14T11:31:36.436+0000] {dag.py:4180} INFO - Setting next_dagrun for consume_1_or_2_with_dataset_expressions to None, run_after=None
[2024-12-14T11:31:36.438+0000] {logging_mixin.py:190} INFO - [2024-12-14T11:31:36.437+0000] {dag.py:4180} INFO - Setting next_dagrun for consume_1_or_both_2_and_3_with_dataset_expressions to None, run_after=None
[2024-12-14T11:31:36.439+0000] {logging_mixin.py:190} INFO - [2024-12-14T11:31:36.438+0000] {dag.py:4180} INFO - Setting next_dagrun for dataset_consumes_1 to None, run_after=None
[2024-12-14T11:31:36.440+0000] {logging_mixin.py:190} INFO - [2024-12-14T11:31:36.440+0000] {dag.py:4180} INFO - Setting next_dagrun for dataset_consumes_1_and_2 to None, run_after=None
[2024-12-14T11:31:36.441+0000] {logging_mixin.py:190} INFO - [2024-12-14T11:31:36.441+0000] {dag.py:4180} INFO - Setting next_dagrun for dataset_consumes_1_never_scheduled to None, run_after=None
[2024-12-14T11:31:36.442+0000] {logging_mixin.py:190} INFO - [2024-12-14T11:31:36.442+0000] {dag.py:4180} INFO - Setting next_dagrun for dataset_consumes_unknown_never_scheduled to None, run_after=None
[2024-12-14T11:31:36.443+0000] {logging_mixin.py:190} INFO - [2024-12-14T11:31:36.443+0000] {dag.py:4180} INFO - Setting next_dagrun for dataset_produces_1 to 2024-12-13 00:00:00+00:00, run_after=2024-12-14 00:00:00+00:00
[2024-12-14T11:31:36.443+0000] {logging_mixin.py:190} INFO - [2024-12-14T11:31:36.443+0000] {dag.py:4180} INFO - Setting next_dagrun for dataset_produces_2 to None, run_after=None
[2024-12-14T11:31:36.464+0000] {processor.py:208} INFO - Processing /home/airflow/.local/lib/python3.12/site-packages/airflow/example_dags/example_datasets.py took 0.376 seconds
[2024-12-14T11:32:07.246+0000] {processor.py:186} INFO - Started process (PID=671) to work on /home/airflow/.local/lib/python3.12/site-packages/airflow/example_dags/example_datasets.py
[2024-12-14T11:32:07.248+0000] {processor.py:914} INFO - Processing file /home/airflow/.local/lib/python3.12/site-packages/airflow/example_dags/example_datasets.py for tasks to queue
[2024-12-14T11:32:07.250+0000] {logging_mixin.py:190} INFO - [2024-12-14T11:32:07.249+0000] {dagbag.py:588} INFO - Filling up the DagBag from /home/airflow/.local/lib/python3.12/site-packages/airflow/example_dags/example_datasets.py
[2024-12-14T11:32:07.559+0000] {processor.py:925} INFO - DAG(s) 'dataset_consumes_1', 'dataset_produces_2', 'dataset_consumes_1_never_scheduled', 'dataset_consumes_1_and_2', 'dataset_consumes_unknown_never_scheduled', 'consume_1_and_2_with_dataset_expressions', 'conditional_dataset_and_time_based_timetable', 'dataset_produces_1', 'consume_1_or_both_2_and_3_with_dataset_expressions', 'consume_1_or_2_with_dataset_expressions' retrieved from /home/airflow/.local/lib/python3.12/site-packages/airflow/example_dags/example_datasets.py
[2024-12-14T11:32:07.584+0000] {logging_mixin.py:190} INFO - [2024-12-14T11:32:07.583+0000] {dag.py:3239} INFO - Sync 10 DAGs
[2024-12-14T11:32:07.595+0000] {logging_mixin.py:190} INFO - [2024-12-14T11:32:07.595+0000] {dag.py:4180} INFO - Setting next_dagrun for conditional_dataset_and_time_based_timetable to 2024-12-11 01:00:00+00:00, run_after=2024-12-11 01:00:00+00:00
[2024-12-14T11:32:07.597+0000] {logging_mixin.py:190} INFO - [2024-12-14T11:32:07.597+0000] {dag.py:4180} INFO - Setting next_dagrun for consume_1_and_2_with_dataset_expressions to None, run_after=None
[2024-12-14T11:32:07.599+0000] {logging_mixin.py:190} INFO - [2024-12-14T11:32:07.598+0000] {dag.py:4180} INFO - Setting next_dagrun for consume_1_or_2_with_dataset_expressions to None, run_after=None
[2024-12-14T11:32:07.600+0000] {logging_mixin.py:190} INFO - [2024-12-14T11:32:07.600+0000] {dag.py:4180} INFO - Setting next_dagrun for consume_1_or_both_2_and_3_with_dataset_expressions to None, run_after=None
[2024-12-14T11:32:07.601+0000] {logging_mixin.py:190} INFO - [2024-12-14T11:32:07.601+0000] {dag.py:4180} INFO - Setting next_dagrun for dataset_consumes_1 to None, run_after=None
[2024-12-14T11:32:07.602+0000] {logging_mixin.py:190} INFO - [2024-12-14T11:32:07.602+0000] {dag.py:4180} INFO - Setting next_dagrun for dataset_consumes_1_and_2 to None, run_after=None
[2024-12-14T11:32:07.602+0000] {logging_mixin.py:190} INFO - [2024-12-14T11:32:07.602+0000] {dag.py:4180} INFO - Setting next_dagrun for dataset_consumes_1_never_scheduled to None, run_after=None
[2024-12-14T11:32:07.603+0000] {logging_mixin.py:190} INFO - [2024-12-14T11:32:07.603+0000] {dag.py:4180} INFO - Setting next_dagrun for dataset_consumes_unknown_never_scheduled to None, run_after=None
[2024-12-14T11:32:07.604+0000] {logging_mixin.py:190} INFO - [2024-12-14T11:32:07.604+0000] {dag.py:4180} INFO - Setting next_dagrun for dataset_produces_1 to 2024-12-13 00:00:00+00:00, run_after=2024-12-14 00:00:00+00:00
[2024-12-14T11:32:07.604+0000] {logging_mixin.py:190} INFO - [2024-12-14T11:32:07.604+0000] {dag.py:4180} INFO - Setting next_dagrun for dataset_produces_2 to None, run_after=None
[2024-12-14T11:32:07.620+0000] {processor.py:208} INFO - Processing /home/airflow/.local/lib/python3.12/site-packages/airflow/example_dags/example_datasets.py took 0.377 seconds
[2024-12-14T11:32:38.393+0000] {processor.py:186} INFO - Started process (PID=734) to work on /home/airflow/.local/lib/python3.12/site-packages/airflow/example_dags/example_datasets.py
[2024-12-14T11:32:38.394+0000] {processor.py:914} INFO - Processing file /home/airflow/.local/lib/python3.12/site-packages/airflow/example_dags/example_datasets.py for tasks to queue
[2024-12-14T11:32:38.395+0000] {logging_mixin.py:190} INFO - [2024-12-14T11:32:38.395+0000] {dagbag.py:588} INFO - Filling up the DagBag from /home/airflow/.local/lib/python3.12/site-packages/airflow/example_dags/example_datasets.py
[2024-12-14T11:32:38.694+0000] {processor.py:925} INFO - DAG(s) 'dataset_consumes_1', 'dataset_produces_2', 'consume_1_and_2_with_dataset_expressions', 'consume_1_or_2_with_dataset_expressions', 'dataset_produces_1', 'consume_1_or_both_2_and_3_with_dataset_expressions', 'dataset_consumes_1_never_scheduled', 'dataset_consumes_unknown_never_scheduled', 'dataset_consumes_1_and_2', 'conditional_dataset_and_time_based_timetable' retrieved from /home/airflow/.local/lib/python3.12/site-packages/airflow/example_dags/example_datasets.py
[2024-12-14T11:32:38.716+0000] {logging_mixin.py:190} INFO - [2024-12-14T11:32:38.716+0000] {dag.py:3239} INFO - Sync 10 DAGs
[2024-12-14T11:32:38.728+0000] {logging_mixin.py:190} INFO - [2024-12-14T11:32:38.728+0000] {dag.py:4180} INFO - Setting next_dagrun for conditional_dataset_and_time_based_timetable to 2024-12-11 01:00:00+00:00, run_after=2024-12-11 01:00:00+00:00
[2024-12-14T11:32:38.730+0000] {logging_mixin.py:190} INFO - [2024-12-14T11:32:38.730+0000] {dag.py:4180} INFO - Setting next_dagrun for consume_1_and_2_with_dataset_expressions to None, run_after=None
[2024-12-14T11:32:38.731+0000] {logging_mixin.py:190} INFO - [2024-12-14T11:32:38.730+0000] {dag.py:4180} INFO - Setting next_dagrun for consume_1_or_2_with_dataset_expressions to None, run_after=None
[2024-12-14T11:32:38.731+0000] {logging_mixin.py:190} INFO - [2024-12-14T11:32:38.731+0000] {dag.py:4180} INFO - Setting next_dagrun for consume_1_or_both_2_and_3_with_dataset_expressions to None, run_after=None
[2024-12-14T11:32:38.732+0000] {logging_mixin.py:190} INFO - [2024-12-14T11:32:38.732+0000] {dag.py:4180} INFO - Setting next_dagrun for dataset_consumes_1 to None, run_after=None
[2024-12-14T11:32:38.732+0000] {logging_mixin.py:190} INFO - [2024-12-14T11:32:38.732+0000] {dag.py:4180} INFO - Setting next_dagrun for dataset_consumes_1_and_2 to None, run_after=None
[2024-12-14T11:32:38.733+0000] {logging_mixin.py:190} INFO - [2024-12-14T11:32:38.733+0000] {dag.py:4180} INFO - Setting next_dagrun for dataset_consumes_1_never_scheduled to None, run_after=None
[2024-12-14T11:32:38.734+0000] {logging_mixin.py:190} INFO - [2024-12-14T11:32:38.733+0000] {dag.py:4180} INFO - Setting next_dagrun for dataset_consumes_unknown_never_scheduled to None, run_after=None
[2024-12-14T11:32:38.734+0000] {logging_mixin.py:190} INFO - [2024-12-14T11:32:38.734+0000] {dag.py:4180} INFO - Setting next_dagrun for dataset_produces_1 to 2024-12-13 00:00:00+00:00, run_after=2024-12-14 00:00:00+00:00
[2024-12-14T11:32:38.735+0000] {logging_mixin.py:190} INFO - [2024-12-14T11:32:38.735+0000] {dag.py:4180} INFO - Setting next_dagrun for dataset_produces_2 to None, run_after=None
[2024-12-14T11:32:38.752+0000] {processor.py:208} INFO - Processing /home/airflow/.local/lib/python3.12/site-packages/airflow/example_dags/example_datasets.py took 0.361 seconds
[2024-12-14T11:33:09.516+0000] {processor.py:186} INFO - Started process (PID=798) to work on /home/airflow/.local/lib/python3.12/site-packages/airflow/example_dags/example_datasets.py
[2024-12-14T11:33:09.518+0000] {processor.py:914} INFO - Processing file /home/airflow/.local/lib/python3.12/site-packages/airflow/example_dags/example_datasets.py for tasks to queue
[2024-12-14T11:33:09.520+0000] {logging_mixin.py:190} INFO - [2024-12-14T11:33:09.519+0000] {dagbag.py:588} INFO - Filling up the DagBag from /home/airflow/.local/lib/python3.12/site-packages/airflow/example_dags/example_datasets.py
[2024-12-14T11:33:09.821+0000] {processor.py:925} INFO - DAG(s) 'consume_1_and_2_with_dataset_expressions', 'consume_1_or_2_with_dataset_expressions', 'dataset_consumes_1_and_2', 'dataset_consumes_1_never_scheduled', 'dataset_consumes_unknown_never_scheduled', 'consume_1_or_both_2_and_3_with_dataset_expressions', 'dataset_produces_2', 'dataset_consumes_1', 'conditional_dataset_and_time_based_timetable', 'dataset_produces_1' retrieved from /home/airflow/.local/lib/python3.12/site-packages/airflow/example_dags/example_datasets.py
[2024-12-14T11:33:09.844+0000] {logging_mixin.py:190} INFO - [2024-12-14T11:33:09.844+0000] {dag.py:3239} INFO - Sync 10 DAGs
[2024-12-14T11:33:09.856+0000] {logging_mixin.py:190} INFO - [2024-12-14T11:33:09.855+0000] {dag.py:4180} INFO - Setting next_dagrun for conditional_dataset_and_time_based_timetable to 2024-12-11 01:00:00+00:00, run_after=2024-12-11 01:00:00+00:00
[2024-12-14T11:33:09.858+0000] {logging_mixin.py:190} INFO - [2024-12-14T11:33:09.857+0000] {dag.py:4180} INFO - Setting next_dagrun for consume_1_and_2_with_dataset_expressions to None, run_after=None
[2024-12-14T11:33:09.858+0000] {logging_mixin.py:190} INFO - [2024-12-14T11:33:09.858+0000] {dag.py:4180} INFO - Setting next_dagrun for consume_1_or_2_with_dataset_expressions to None, run_after=None
[2024-12-14T11:33:09.859+0000] {logging_mixin.py:190} INFO - [2024-12-14T11:33:09.859+0000] {dag.py:4180} INFO - Setting next_dagrun for consume_1_or_both_2_and_3_with_dataset_expressions to None, run_after=None
[2024-12-14T11:33:09.859+0000] {logging_mixin.py:190} INFO - [2024-12-14T11:33:09.859+0000] {dag.py:4180} INFO - Setting next_dagrun for dataset_consumes_1 to None, run_after=None
[2024-12-14T11:33:09.859+0000] {logging_mixin.py:190} INFO - [2024-12-14T11:33:09.859+0000] {dag.py:4180} INFO - Setting next_dagrun for dataset_consumes_1_and_2 to None, run_after=None
[2024-12-14T11:33:09.860+0000] {logging_mixin.py:190} INFO - [2024-12-14T11:33:09.860+0000] {dag.py:4180} INFO - Setting next_dagrun for dataset_consumes_1_never_scheduled to None, run_after=None
[2024-12-14T11:33:09.860+0000] {logging_mixin.py:190} INFO - [2024-12-14T11:33:09.860+0000] {dag.py:4180} INFO - Setting next_dagrun for dataset_consumes_unknown_never_scheduled to None, run_after=None
[2024-12-14T11:33:09.861+0000] {logging_mixin.py:190} INFO - [2024-12-14T11:33:09.861+0000] {dag.py:4180} INFO - Setting next_dagrun for dataset_produces_1 to 2024-12-13 00:00:00+00:00, run_after=2024-12-14 00:00:00+00:00
[2024-12-14T11:33:09.862+0000] {logging_mixin.py:190} INFO - [2024-12-14T11:33:09.862+0000] {dag.py:4180} INFO - Setting next_dagrun for dataset_produces_2 to None, run_after=None
[2024-12-14T11:33:09.875+0000] {processor.py:208} INFO - Processing /home/airflow/.local/lib/python3.12/site-packages/airflow/example_dags/example_datasets.py took 0.362 seconds
[2024-12-14T11:33:40.721+0000] {processor.py:186} INFO - Started process (PID=862) to work on /home/airflow/.local/lib/python3.12/site-packages/airflow/example_dags/example_datasets.py
[2024-12-14T11:33:40.722+0000] {processor.py:914} INFO - Processing file /home/airflow/.local/lib/python3.12/site-packages/airflow/example_dags/example_datasets.py for tasks to queue
[2024-12-14T11:33:40.723+0000] {logging_mixin.py:190} INFO - [2024-12-14T11:33:40.723+0000] {dagbag.py:588} INFO - Filling up the DagBag from /home/airflow/.local/lib/python3.12/site-packages/airflow/example_dags/example_datasets.py
[2024-12-14T11:33:41.046+0000] {processor.py:925} INFO - DAG(s) 'dataset_produces_2', 'dataset_consumes_unknown_never_scheduled', 'conditional_dataset_and_time_based_timetable', 'consume_1_or_2_with_dataset_expressions', 'consume_1_and_2_with_dataset_expressions', 'dataset_produces_1', 'dataset_consumes_1_and_2', 'dataset_consumes_1_never_scheduled', 'consume_1_or_both_2_and_3_with_dataset_expressions', 'dataset_consumes_1' retrieved from /home/airflow/.local/lib/python3.12/site-packages/airflow/example_dags/example_datasets.py
[2024-12-14T11:33:41.067+0000] {logging_mixin.py:190} INFO - [2024-12-14T11:33:41.067+0000] {dag.py:3239} INFO - Sync 10 DAGs
[2024-12-14T11:33:41.079+0000] {logging_mixin.py:190} INFO - [2024-12-14T11:33:41.079+0000] {dag.py:4180} INFO - Setting next_dagrun for conditional_dataset_and_time_based_timetable to 2024-12-11 01:00:00+00:00, run_after=2024-12-11 01:00:00+00:00
[2024-12-14T11:33:41.081+0000] {logging_mixin.py:190} INFO - [2024-12-14T11:33:41.081+0000] {dag.py:4180} INFO - Setting next_dagrun for consume_1_and_2_with_dataset_expressions to None, run_after=None
[2024-12-14T11:33:41.082+0000] {logging_mixin.py:190} INFO - [2024-12-14T11:33:41.082+0000] {dag.py:4180} INFO - Setting next_dagrun for consume_1_or_2_with_dataset_expressions to None, run_after=None
[2024-12-14T11:33:41.083+0000] {logging_mixin.py:190} INFO - [2024-12-14T11:33:41.082+0000] {dag.py:4180} INFO - Setting next_dagrun for consume_1_or_both_2_and_3_with_dataset_expressions to None, run_after=None
[2024-12-14T11:33:41.083+0000] {logging_mixin.py:190} INFO - [2024-12-14T11:33:41.083+0000] {dag.py:4180} INFO - Setting next_dagrun for dataset_consumes_1 to None, run_after=None
[2024-12-14T11:33:41.085+0000] {logging_mixin.py:190} INFO - [2024-12-14T11:33:41.085+0000] {dag.py:4180} INFO - Setting next_dagrun for dataset_consumes_1_and_2 to None, run_after=None
[2024-12-14T11:33:41.087+0000] {logging_mixin.py:190} INFO - [2024-12-14T11:33:41.087+0000] {dag.py:4180} INFO - Setting next_dagrun for dataset_consumes_1_never_scheduled to None, run_after=None
[2024-12-14T11:33:41.088+0000] {logging_mixin.py:190} INFO - [2024-12-14T11:33:41.088+0000] {dag.py:4180} INFO - Setting next_dagrun for dataset_consumes_unknown_never_scheduled to None, run_after=None
[2024-12-14T11:33:41.089+0000] {logging_mixin.py:190} INFO - [2024-12-14T11:33:41.089+0000] {dag.py:4180} INFO - Setting next_dagrun for dataset_produces_1 to 2024-12-13 00:00:00+00:00, run_after=2024-12-14 00:00:00+00:00
[2024-12-14T11:33:41.089+0000] {logging_mixin.py:190} INFO - [2024-12-14T11:33:41.089+0000] {dag.py:4180} INFO - Setting next_dagrun for dataset_produces_2 to None, run_after=None
[2024-12-14T11:33:41.106+0000] {processor.py:208} INFO - Processing /home/airflow/.local/lib/python3.12/site-packages/airflow/example_dags/example_datasets.py took 0.389 seconds
