[2024-12-14T11:27:22.768+0000] {processor.py:186} INFO - Started process (PID=50) to work on /home/airflow/.local/lib/python3.12/site-packages/airflow/example_dags/example_sla_dag.py
[2024-12-14T11:27:22.769+0000] {processor.py:914} INFO - Processing file /home/airflow/.local/lib/python3.12/site-packages/airflow/example_dags/example_sla_dag.py for tasks to queue
[2024-12-14T11:27:22.771+0000] {logging_mixin.py:190} INFO - [2024-12-14T11:27:22.771+0000] {dagbag.py:588} INFO - Filling up the DagBag from /home/airflow/.local/lib/python3.12/site-packages/airflow/example_dags/example_sla_dag.py
[2024-12-14T11:27:22.781+0000] {processor.py:925} INFO - DAG(s) 'example_sla_dag' retrieved from /home/airflow/.local/lib/python3.12/site-packages/airflow/example_dags/example_sla_dag.py
[2024-12-14T11:27:22.806+0000] {logging_mixin.py:190} INFO - [2024-12-14T11:27:22.805+0000] {dag.py:3239} INFO - Sync 1 DAGs
[2024-12-14T11:27:22.838+0000] {logging_mixin.py:190} INFO - [2024-12-14T11:27:22.837+0000] {dag.py:4180} INFO - Setting next_dagrun for example_sla_dag to 2024-12-14 11:24:00+00:00, run_after=2024-12-14 11:26:00+00:00
[2024-12-14T11:27:22.853+0000] {processor.py:208} INFO - Processing /home/airflow/.local/lib/python3.12/site-packages/airflow/example_dags/example_sla_dag.py took 0.091 seconds
[2024-12-14T11:27:53.793+0000] {processor.py:186} INFO - Started process (PID=114) to work on /home/airflow/.local/lib/python3.12/site-packages/airflow/example_dags/example_sla_dag.py
[2024-12-14T11:27:53.794+0000] {processor.py:914} INFO - Processing file /home/airflow/.local/lib/python3.12/site-packages/airflow/example_dags/example_sla_dag.py for tasks to queue
[2024-12-14T11:27:53.796+0000] {logging_mixin.py:190} INFO - [2024-12-14T11:27:53.796+0000] {dagbag.py:588} INFO - Filling up the DagBag from /home/airflow/.local/lib/python3.12/site-packages/airflow/example_dags/example_sla_dag.py
[2024-12-14T11:27:53.803+0000] {processor.py:925} INFO - DAG(s) 'example_sla_dag' retrieved from /home/airflow/.local/lib/python3.12/site-packages/airflow/example_dags/example_sla_dag.py
[2024-12-14T11:27:53.817+0000] {logging_mixin.py:190} INFO - [2024-12-14T11:27:53.817+0000] {dag.py:3239} INFO - Sync 1 DAGs
[2024-12-14T11:27:53.834+0000] {logging_mixin.py:190} INFO - [2024-12-14T11:27:53.834+0000] {dag.py:4180} INFO - Setting next_dagrun for example_sla_dag to 2024-12-14 11:24:00+00:00, run_after=2024-12-14 11:26:00+00:00
[2024-12-14T11:27:53.843+0000] {processor.py:208} INFO - Processing /home/airflow/.local/lib/python3.12/site-packages/airflow/example_dags/example_sla_dag.py took 0.064 seconds
[2024-12-14T11:28:24.386+0000] {processor.py:186} INFO - Started process (PID=178) to work on /home/airflow/.local/lib/python3.12/site-packages/airflow/example_dags/example_sla_dag.py
[2024-12-14T11:28:24.386+0000] {processor.py:914} INFO - Processing file /home/airflow/.local/lib/python3.12/site-packages/airflow/example_dags/example_sla_dag.py for tasks to queue
[2024-12-14T11:28:24.388+0000] {logging_mixin.py:190} INFO - [2024-12-14T11:28:24.387+0000] {dagbag.py:588} INFO - Filling up the DagBag from /home/airflow/.local/lib/python3.12/site-packages/airflow/example_dags/example_sla_dag.py
[2024-12-14T11:28:24.394+0000] {processor.py:925} INFO - DAG(s) 'example_sla_dag' retrieved from /home/airflow/.local/lib/python3.12/site-packages/airflow/example_dags/example_sla_dag.py
[2024-12-14T11:28:24.406+0000] {logging_mixin.py:190} INFO - [2024-12-14T11:28:24.406+0000] {dag.py:3239} INFO - Sync 1 DAGs
[2024-12-14T11:28:24.422+0000] {logging_mixin.py:190} INFO - [2024-12-14T11:28:24.422+0000] {dag.py:4180} INFO - Setting next_dagrun for example_sla_dag to 2024-12-14 11:26:00+00:00, run_after=2024-12-14 11:28:00+00:00
[2024-12-14T11:28:24.436+0000] {processor.py:208} INFO - Processing /home/airflow/.local/lib/python3.12/site-packages/airflow/example_dags/example_sla_dag.py took 0.054 seconds
[2024-12-14T11:28:54.999+0000] {processor.py:186} INFO - Started process (PID=248) to work on /home/airflow/.local/lib/python3.12/site-packages/airflow/example_dags/example_sla_dag.py
[2024-12-14T11:28:55.005+0000] {processor.py:914} INFO - Processing file /home/airflow/.local/lib/python3.12/site-packages/airflow/example_dags/example_sla_dag.py for tasks to queue
[2024-12-14T11:28:55.007+0000] {logging_mixin.py:190} INFO - [2024-12-14T11:28:55.007+0000] {dagbag.py:588} INFO - Filling up the DagBag from /home/airflow/.local/lib/python3.12/site-packages/airflow/example_dags/example_sla_dag.py
[2024-12-14T11:28:55.013+0000] {processor.py:925} INFO - DAG(s) 'example_sla_dag' retrieved from /home/airflow/.local/lib/python3.12/site-packages/airflow/example_dags/example_sla_dag.py
[2024-12-14T11:28:55.026+0000] {logging_mixin.py:190} INFO - [2024-12-14T11:28:55.026+0000] {dag.py:3239} INFO - Sync 1 DAGs
[2024-12-14T11:28:55.038+0000] {logging_mixin.py:190} INFO - [2024-12-14T11:28:55.038+0000] {dag.py:4180} INFO - Setting next_dagrun for example_sla_dag to 2024-12-14 11:26:00+00:00, run_after=2024-12-14 11:28:00+00:00
[2024-12-14T11:28:55.047+0000] {processor.py:208} INFO - Processing /home/airflow/.local/lib/python3.12/site-packages/airflow/example_dags/example_sla_dag.py took 0.055 seconds
[2024-12-14T11:29:25.406+0000] {processor.py:186} INFO - Started process (PID=312) to work on /home/airflow/.local/lib/python3.12/site-packages/airflow/example_dags/example_sla_dag.py
[2024-12-14T11:29:25.407+0000] {processor.py:914} INFO - Processing file /home/airflow/.local/lib/python3.12/site-packages/airflow/example_dags/example_sla_dag.py for tasks to queue
[2024-12-14T11:29:25.408+0000] {logging_mixin.py:190} INFO - [2024-12-14T11:29:25.408+0000] {dagbag.py:588} INFO - Filling up the DagBag from /home/airflow/.local/lib/python3.12/site-packages/airflow/example_dags/example_sla_dag.py
[2024-12-14T11:29:25.415+0000] {processor.py:925} INFO - DAG(s) 'example_sla_dag' retrieved from /home/airflow/.local/lib/python3.12/site-packages/airflow/example_dags/example_sla_dag.py
[2024-12-14T11:29:25.432+0000] {logging_mixin.py:190} INFO - [2024-12-14T11:29:25.432+0000] {dag.py:3239} INFO - Sync 1 DAGs
[2024-12-14T11:29:25.450+0000] {logging_mixin.py:190} INFO - [2024-12-14T11:29:25.450+0000] {dag.py:4180} INFO - Setting next_dagrun for example_sla_dag to 2024-12-14 11:26:00+00:00, run_after=2024-12-14 11:28:00+00:00
[2024-12-14T11:29:25.459+0000] {processor.py:208} INFO - Processing /home/airflow/.local/lib/python3.12/site-packages/airflow/example_dags/example_sla_dag.py took 0.058 seconds
[2024-12-14T11:29:55.492+0000] {processor.py:186} INFO - Started process (PID=375) to work on /home/airflow/.local/lib/python3.12/site-packages/airflow/example_dags/example_sla_dag.py
[2024-12-14T11:29:55.497+0000] {processor.py:914} INFO - Processing file /home/airflow/.local/lib/python3.12/site-packages/airflow/example_dags/example_sla_dag.py for tasks to queue
[2024-12-14T11:29:55.504+0000] {logging_mixin.py:190} INFO - [2024-12-14T11:29:55.503+0000] {dagbag.py:588} INFO - Filling up the DagBag from /home/airflow/.local/lib/python3.12/site-packages/airflow/example_dags/example_sla_dag.py
[2024-12-14T11:29:55.521+0000] {processor.py:925} INFO - DAG(s) 'example_sla_dag' retrieved from /home/airflow/.local/lib/python3.12/site-packages/airflow/example_dags/example_sla_dag.py
[2024-12-14T11:29:55.541+0000] {logging_mixin.py:190} INFO - [2024-12-14T11:29:55.541+0000] {dag.py:3239} INFO - Sync 1 DAGs
[2024-12-14T11:29:55.562+0000] {logging_mixin.py:190} INFO - [2024-12-14T11:29:55.562+0000] {dag.py:4180} INFO - Setting next_dagrun for example_sla_dag to 2024-12-14 11:26:00+00:00, run_after=2024-12-14 11:28:00+00:00
[2024-12-14T11:29:55.575+0000] {processor.py:208} INFO - Processing /home/airflow/.local/lib/python3.12/site-packages/airflow/example_dags/example_sla_dag.py took 0.095 seconds
[2024-12-14T11:30:25.702+0000] {processor.py:186} INFO - Started process (PID=439) to work on /home/airflow/.local/lib/python3.12/site-packages/airflow/example_dags/example_sla_dag.py
[2024-12-14T11:30:25.706+0000] {processor.py:914} INFO - Processing file /home/airflow/.local/lib/python3.12/site-packages/airflow/example_dags/example_sla_dag.py for tasks to queue
[2024-12-14T11:30:25.714+0000] {logging_mixin.py:190} INFO - [2024-12-14T11:30:25.714+0000] {dagbag.py:588} INFO - Filling up the DagBag from /home/airflow/.local/lib/python3.12/site-packages/airflow/example_dags/example_sla_dag.py
[2024-12-14T11:30:25.729+0000] {processor.py:925} INFO - DAG(s) 'example_sla_dag' retrieved from /home/airflow/.local/lib/python3.12/site-packages/airflow/example_dags/example_sla_dag.py
[2024-12-14T11:30:25.750+0000] {logging_mixin.py:190} INFO - [2024-12-14T11:30:25.750+0000] {dag.py:3239} INFO - Sync 1 DAGs
[2024-12-14T11:30:25.770+0000] {logging_mixin.py:190} INFO - [2024-12-14T11:30:25.770+0000] {dag.py:4180} INFO - Setting next_dagrun for example_sla_dag to 2024-12-14 11:28:00+00:00, run_after=2024-12-14 11:30:00+00:00
[2024-12-14T11:30:25.782+0000] {processor.py:208} INFO - Processing /home/airflow/.local/lib/python3.12/site-packages/airflow/example_dags/example_sla_dag.py took 0.096 seconds
[2024-12-14T11:30:56.813+0000] {processor.py:186} INFO - Started process (PID=503) to work on /home/airflow/.local/lib/python3.12/site-packages/airflow/example_dags/example_sla_dag.py
[2024-12-14T11:30:56.816+0000] {processor.py:914} INFO - Processing file /home/airflow/.local/lib/python3.12/site-packages/airflow/example_dags/example_sla_dag.py for tasks to queue
[2024-12-14T11:30:56.822+0000] {logging_mixin.py:190} INFO - [2024-12-14T11:30:56.822+0000] {dagbag.py:588} INFO - Filling up the DagBag from /home/airflow/.local/lib/python3.12/site-packages/airflow/example_dags/example_sla_dag.py
[2024-12-14T11:30:56.841+0000] {processor.py:925} INFO - DAG(s) 'example_sla_dag' retrieved from /home/airflow/.local/lib/python3.12/site-packages/airflow/example_dags/example_sla_dag.py
[2024-12-14T11:30:56.865+0000] {logging_mixin.py:190} INFO - [2024-12-14T11:30:56.865+0000] {dag.py:3239} INFO - Sync 1 DAGs
[2024-12-14T11:30:56.884+0000] {logging_mixin.py:190} INFO - [2024-12-14T11:30:56.884+0000] {dag.py:4180} INFO - Setting next_dagrun for example_sla_dag to 2024-12-14 11:28:00+00:00, run_after=2024-12-14 11:30:00+00:00
[2024-12-14T11:30:56.895+0000] {processor.py:208} INFO - Processing /home/airflow/.local/lib/python3.12/site-packages/airflow/example_dags/example_sla_dag.py took 0.092 seconds
[2024-12-14T11:31:27.985+0000] {processor.py:186} INFO - Started process (PID=567) to work on /home/airflow/.local/lib/python3.12/site-packages/airflow/example_dags/example_sla_dag.py
[2024-12-14T11:31:27.988+0000] {processor.py:914} INFO - Processing file /home/airflow/.local/lib/python3.12/site-packages/airflow/example_dags/example_sla_dag.py for tasks to queue
[2024-12-14T11:31:27.993+0000] {logging_mixin.py:190} INFO - [2024-12-14T11:31:27.993+0000] {dagbag.py:588} INFO - Filling up the DagBag from /home/airflow/.local/lib/python3.12/site-packages/airflow/example_dags/example_sla_dag.py
[2024-12-14T11:31:28.010+0000] {processor.py:925} INFO - DAG(s) 'example_sla_dag' retrieved from /home/airflow/.local/lib/python3.12/site-packages/airflow/example_dags/example_sla_dag.py
[2024-12-14T11:31:28.039+0000] {logging_mixin.py:190} INFO - [2024-12-14T11:31:28.039+0000] {dag.py:3239} INFO - Sync 1 DAGs
[2024-12-14T11:31:28.062+0000] {logging_mixin.py:190} INFO - [2024-12-14T11:31:28.062+0000] {dag.py:4180} INFO - Setting next_dagrun for example_sla_dag to 2024-12-14 11:28:00+00:00, run_after=2024-12-14 11:30:00+00:00
[2024-12-14T11:31:28.076+0000] {processor.py:208} INFO - Processing /home/airflow/.local/lib/python3.12/site-packages/airflow/example_dags/example_sla_dag.py took 0.099 seconds
[2024-12-14T11:31:59.229+0000] {processor.py:186} INFO - Started process (PID=632) to work on /home/airflow/.local/lib/python3.12/site-packages/airflow/example_dags/example_sla_dag.py
[2024-12-14T11:31:59.229+0000] {processor.py:914} INFO - Processing file /home/airflow/.local/lib/python3.12/site-packages/airflow/example_dags/example_sla_dag.py for tasks to queue
[2024-12-14T11:31:59.231+0000] {logging_mixin.py:190} INFO - [2024-12-14T11:31:59.231+0000] {dagbag.py:588} INFO - Filling up the DagBag from /home/airflow/.local/lib/python3.12/site-packages/airflow/example_dags/example_sla_dag.py
[2024-12-14T11:31:59.237+0000] {processor.py:925} INFO - DAG(s) 'example_sla_dag' retrieved from /home/airflow/.local/lib/python3.12/site-packages/airflow/example_dags/example_sla_dag.py
[2024-12-14T11:31:59.254+0000] {logging_mixin.py:190} INFO - [2024-12-14T11:31:59.254+0000] {dag.py:3239} INFO - Sync 1 DAGs
[2024-12-14T11:31:59.270+0000] {logging_mixin.py:190} INFO - [2024-12-14T11:31:59.270+0000] {dag.py:4180} INFO - Setting next_dagrun for example_sla_dag to 2024-12-14 11:28:00+00:00, run_after=2024-12-14 11:30:00+00:00
[2024-12-14T11:31:59.281+0000] {processor.py:208} INFO - Processing /home/airflow/.local/lib/python3.12/site-packages/airflow/example_dags/example_sla_dag.py took 0.061 seconds
[2024-12-14T11:32:29.315+0000] {processor.py:186} INFO - Started process (PID=694) to work on /home/airflow/.local/lib/python3.12/site-packages/airflow/example_dags/example_sla_dag.py
[2024-12-14T11:32:29.318+0000] {processor.py:914} INFO - Processing file /home/airflow/.local/lib/python3.12/site-packages/airflow/example_dags/example_sla_dag.py for tasks to queue
[2024-12-14T11:32:29.321+0000] {logging_mixin.py:190} INFO - [2024-12-14T11:32:29.321+0000] {dagbag.py:588} INFO - Filling up the DagBag from /home/airflow/.local/lib/python3.12/site-packages/airflow/example_dags/example_sla_dag.py
[2024-12-14T11:32:29.332+0000] {processor.py:925} INFO - DAG(s) 'example_sla_dag' retrieved from /home/airflow/.local/lib/python3.12/site-packages/airflow/example_dags/example_sla_dag.py
[2024-12-14T11:32:29.359+0000] {logging_mixin.py:190} INFO - [2024-12-14T11:32:29.359+0000] {dag.py:3239} INFO - Sync 1 DAGs
[2024-12-14T11:32:29.378+0000] {logging_mixin.py:190} INFO - [2024-12-14T11:32:29.377+0000] {dag.py:4180} INFO - Setting next_dagrun for example_sla_dag to 2024-12-14 11:30:00+00:00, run_after=2024-12-14 11:32:00+00:00
[2024-12-14T11:32:29.388+0000] {processor.py:208} INFO - Processing /home/airflow/.local/lib/python3.12/site-packages/airflow/example_dags/example_sla_dag.py took 0.078 seconds
[2024-12-14T11:33:00.525+0000] {processor.py:186} INFO - Started process (PID=759) to work on /home/airflow/.local/lib/python3.12/site-packages/airflow/example_dags/example_sla_dag.py
[2024-12-14T11:33:00.526+0000] {processor.py:914} INFO - Processing file /home/airflow/.local/lib/python3.12/site-packages/airflow/example_dags/example_sla_dag.py for tasks to queue
[2024-12-14T11:33:00.528+0000] {logging_mixin.py:190} INFO - [2024-12-14T11:33:00.528+0000] {dagbag.py:588} INFO - Filling up the DagBag from /home/airflow/.local/lib/python3.12/site-packages/airflow/example_dags/example_sla_dag.py
[2024-12-14T11:33:00.533+0000] {processor.py:925} INFO - DAG(s) 'example_sla_dag' retrieved from /home/airflow/.local/lib/python3.12/site-packages/airflow/example_dags/example_sla_dag.py
[2024-12-14T11:33:00.548+0000] {logging_mixin.py:190} INFO - [2024-12-14T11:33:00.548+0000] {dag.py:3239} INFO - Sync 1 DAGs
[2024-12-14T11:33:00.567+0000] {logging_mixin.py:190} INFO - [2024-12-14T11:33:00.567+0000] {dag.py:4180} INFO - Setting next_dagrun for example_sla_dag to 2024-12-14 11:30:00+00:00, run_after=2024-12-14 11:32:00+00:00
[2024-12-14T11:33:00.578+0000] {processor.py:208} INFO - Processing /home/airflow/.local/lib/python3.12/site-packages/airflow/example_dags/example_sla_dag.py took 0.059 seconds
[2024-12-14T11:33:31.641+0000] {processor.py:186} INFO - Started process (PID=823) to work on /home/airflow/.local/lib/python3.12/site-packages/airflow/example_dags/example_sla_dag.py
[2024-12-14T11:33:31.641+0000] {processor.py:914} INFO - Processing file /home/airflow/.local/lib/python3.12/site-packages/airflow/example_dags/example_sla_dag.py for tasks to queue
[2024-12-14T11:33:31.643+0000] {logging_mixin.py:190} INFO - [2024-12-14T11:33:31.643+0000] {dagbag.py:588} INFO - Filling up the DagBag from /home/airflow/.local/lib/python3.12/site-packages/airflow/example_dags/example_sla_dag.py
[2024-12-14T11:33:31.649+0000] {processor.py:925} INFO - DAG(s) 'example_sla_dag' retrieved from /home/airflow/.local/lib/python3.12/site-packages/airflow/example_dags/example_sla_dag.py
[2024-12-14T11:33:31.662+0000] {logging_mixin.py:190} INFO - [2024-12-14T11:33:31.662+0000] {dag.py:3239} INFO - Sync 1 DAGs
[2024-12-14T11:33:31.680+0000] {logging_mixin.py:190} INFO - [2024-12-14T11:33:31.680+0000] {dag.py:4180} INFO - Setting next_dagrun for example_sla_dag to 2024-12-14 11:30:00+00:00, run_after=2024-12-14 11:32:00+00:00
[2024-12-14T11:33:31.690+0000] {processor.py:208} INFO - Processing /home/airflow/.local/lib/python3.12/site-packages/airflow/example_dags/example_sla_dag.py took 0.052 seconds
