[2024-12-14T11:27:24.159+0000] {processor.py:186} INFO - Started process (PID=64) to work on /home/airflow/.local/lib/python3.12/site-packages/airflow/example_dags/example_inlet_event_extra.py
[2024-12-14T11:27:24.159+0000] {processor.py:914} INFO - Processing file /home/airflow/.local/lib/python3.12/site-packages/airflow/example_dags/example_inlet_event_extra.py for tasks to queue
[2024-12-14T11:27:24.161+0000] {logging_mixin.py:190} INFO - [2024-12-14T11:27:24.161+0000] {dagbag.py:588} INFO - Filling up the DagBag from /home/airflow/.local/lib/python3.12/site-packages/airflow/example_dags/example_inlet_event_extra.py
[2024-12-14T11:27:24.654+0000] {processor.py:925} INFO - DAG(s) 'read_dataset_event', 'read_dataset_event_from_classic' retrieved from /home/airflow/.local/lib/python3.12/site-packages/airflow/example_dags/example_inlet_event_extra.py
[2024-12-14T11:27:24.683+0000] {logging_mixin.py:190} INFO - [2024-12-14T11:27:24.682+0000] {dag.py:3239} INFO - Sync 2 DAGs
[2024-12-14T11:27:24.699+0000] {logging_mixin.py:190} INFO - [2024-12-14T11:27:24.699+0000] {dag.py:4180} INFO - Setting next_dagrun for read_dataset_event to 2024-12-13 00:00:00+00:00, run_after=2024-12-14 00:00:00+00:00
[2024-12-14T11:27:24.702+0000] {logging_mixin.py:190} INFO - [2024-12-14T11:27:24.702+0000] {dag.py:4180} INFO - Setting next_dagrun for read_dataset_event_from_classic to 2024-12-13 00:00:00+00:00, run_after=2024-12-14 00:00:00+00:00
[2024-12-14T11:27:24.834+0000] {processor.py:208} INFO - Processing /home/airflow/.local/lib/python3.12/site-packages/airflow/example_dags/example_inlet_event_extra.py took 0.678 seconds
[2024-12-14T11:27:55.356+0000] {processor.py:186} INFO - Started process (PID=134) to work on /home/airflow/.local/lib/python3.12/site-packages/airflow/example_dags/example_inlet_event_extra.py
[2024-12-14T11:27:55.358+0000] {processor.py:914} INFO - Processing file /home/airflow/.local/lib/python3.12/site-packages/airflow/example_dags/example_inlet_event_extra.py for tasks to queue
[2024-12-14T11:27:55.361+0000] {logging_mixin.py:190} INFO - [2024-12-14T11:27:55.361+0000] {dagbag.py:588} INFO - Filling up the DagBag from /home/airflow/.local/lib/python3.12/site-packages/airflow/example_dags/example_inlet_event_extra.py
[2024-12-14T11:27:56.001+0000] {processor.py:925} INFO - DAG(s) 'read_dataset_event_from_classic', 'read_dataset_event' retrieved from /home/airflow/.local/lib/python3.12/site-packages/airflow/example_dags/example_inlet_event_extra.py
[2024-12-14T11:27:56.016+0000] {logging_mixin.py:190} INFO - [2024-12-14T11:27:56.016+0000] {dag.py:3239} INFO - Sync 2 DAGs
[2024-12-14T11:27:56.040+0000] {logging_mixin.py:190} INFO - [2024-12-14T11:27:56.039+0000] {dag.py:4180} INFO - Setting next_dagrun for read_dataset_event to 2024-12-13 00:00:00+00:00, run_after=2024-12-14 00:00:00+00:00
[2024-12-14T11:27:56.046+0000] {logging_mixin.py:190} INFO - [2024-12-14T11:27:56.045+0000] {dag.py:4180} INFO - Setting next_dagrun for read_dataset_event_from_classic to 2024-12-13 00:00:00+00:00, run_after=2024-12-14 00:00:00+00:00
[2024-12-14T11:27:56.078+0000] {processor.py:208} INFO - Processing /home/airflow/.local/lib/python3.12/site-packages/airflow/example_dags/example_inlet_event_extra.py took 0.729 seconds
[2024-12-14T11:28:26.986+0000] {processor.py:186} INFO - Started process (PID=198) to work on /home/airflow/.local/lib/python3.12/site-packages/airflow/example_dags/example_inlet_event_extra.py
[2024-12-14T11:28:26.988+0000] {processor.py:914} INFO - Processing file /home/airflow/.local/lib/python3.12/site-packages/airflow/example_dags/example_inlet_event_extra.py for tasks to queue
[2024-12-14T11:28:26.993+0000] {logging_mixin.py:190} INFO - [2024-12-14T11:28:26.993+0000] {dagbag.py:588} INFO - Filling up the DagBag from /home/airflow/.local/lib/python3.12/site-packages/airflow/example_dags/example_inlet_event_extra.py
[2024-12-14T11:28:27.580+0000] {processor.py:925} INFO - DAG(s) 'read_dataset_event_from_classic', 'read_dataset_event' retrieved from /home/airflow/.local/lib/python3.12/site-packages/airflow/example_dags/example_inlet_event_extra.py
[2024-12-14T11:28:27.616+0000] {logging_mixin.py:190} INFO - [2024-12-14T11:28:27.616+0000] {dag.py:3239} INFO - Sync 2 DAGs
[2024-12-14T11:28:27.637+0000] {logging_mixin.py:190} INFO - [2024-12-14T11:28:27.636+0000] {dag.py:4180} INFO - Setting next_dagrun for read_dataset_event to 2024-12-13 00:00:00+00:00, run_after=2024-12-14 00:00:00+00:00
[2024-12-14T11:28:27.641+0000] {logging_mixin.py:190} INFO - [2024-12-14T11:28:27.641+0000] {dag.py:4180} INFO - Setting next_dagrun for read_dataset_event_from_classic to 2024-12-13 00:00:00+00:00, run_after=2024-12-14 00:00:00+00:00
[2024-12-14T11:28:27.658+0000] {processor.py:208} INFO - Processing /home/airflow/.local/lib/python3.12/site-packages/airflow/example_dags/example_inlet_event_extra.py took 0.677 seconds
[2024-12-14T11:28:58.572+0000] {processor.py:186} INFO - Started process (PID=262) to work on /home/airflow/.local/lib/python3.12/site-packages/airflow/example_dags/example_inlet_event_extra.py
[2024-12-14T11:28:58.573+0000] {processor.py:914} INFO - Processing file /home/airflow/.local/lib/python3.12/site-packages/airflow/example_dags/example_inlet_event_extra.py for tasks to queue
[2024-12-14T11:28:58.575+0000] {logging_mixin.py:190} INFO - [2024-12-14T11:28:58.575+0000] {dagbag.py:588} INFO - Filling up the DagBag from /home/airflow/.local/lib/python3.12/site-packages/airflow/example_dags/example_inlet_event_extra.py
[2024-12-14T11:28:58.988+0000] {processor.py:925} INFO - DAG(s) 'read_dataset_event_from_classic', 'read_dataset_event' retrieved from /home/airflow/.local/lib/python3.12/site-packages/airflow/example_dags/example_inlet_event_extra.py
[2024-12-14T11:28:59.002+0000] {logging_mixin.py:190} INFO - [2024-12-14T11:28:59.002+0000] {dag.py:3239} INFO - Sync 2 DAGs
[2024-12-14T11:28:59.017+0000] {logging_mixin.py:190} INFO - [2024-12-14T11:28:59.017+0000] {dag.py:4180} INFO - Setting next_dagrun for read_dataset_event to 2024-12-13 00:00:00+00:00, run_after=2024-12-14 00:00:00+00:00
[2024-12-14T11:28:59.021+0000] {logging_mixin.py:190} INFO - [2024-12-14T11:28:59.021+0000] {dag.py:4180} INFO - Setting next_dagrun for read_dataset_event_from_classic to 2024-12-13 00:00:00+00:00, run_after=2024-12-14 00:00:00+00:00
[2024-12-14T11:28:59.033+0000] {processor.py:208} INFO - Processing /home/airflow/.local/lib/python3.12/site-packages/airflow/example_dags/example_inlet_event_extra.py took 0.465 seconds
[2024-12-14T11:29:30.037+0000] {processor.py:186} INFO - Started process (PID=326) to work on /home/airflow/.local/lib/python3.12/site-packages/airflow/example_dags/example_inlet_event_extra.py
[2024-12-14T11:29:30.043+0000] {processor.py:914} INFO - Processing file /home/airflow/.local/lib/python3.12/site-packages/airflow/example_dags/example_inlet_event_extra.py for tasks to queue
[2024-12-14T11:29:30.046+0000] {logging_mixin.py:190} INFO - [2024-12-14T11:29:30.046+0000] {dagbag.py:588} INFO - Filling up the DagBag from /home/airflow/.local/lib/python3.12/site-packages/airflow/example_dags/example_inlet_event_extra.py
[2024-12-14T11:29:30.437+0000] {processor.py:925} INFO - DAG(s) 'read_dataset_event_from_classic', 'read_dataset_event' retrieved from /home/airflow/.local/lib/python3.12/site-packages/airflow/example_dags/example_inlet_event_extra.py
[2024-12-14T11:29:30.457+0000] {logging_mixin.py:190} INFO - [2024-12-14T11:29:30.457+0000] {dag.py:3239} INFO - Sync 2 DAGs
[2024-12-14T11:29:30.472+0000] {logging_mixin.py:190} INFO - [2024-12-14T11:29:30.472+0000] {dag.py:4180} INFO - Setting next_dagrun for read_dataset_event to 2024-12-13 00:00:00+00:00, run_after=2024-12-14 00:00:00+00:00
[2024-12-14T11:29:30.477+0000] {logging_mixin.py:190} INFO - [2024-12-14T11:29:30.477+0000] {dag.py:4180} INFO - Setting next_dagrun for read_dataset_event_from_classic to 2024-12-13 00:00:00+00:00, run_after=2024-12-14 00:00:00+00:00
[2024-12-14T11:29:30.488+0000] {processor.py:208} INFO - Processing /home/airflow/.local/lib/python3.12/site-packages/airflow/example_dags/example_inlet_event_extra.py took 0.455 seconds
[2024-12-14T11:30:01.344+0000] {processor.py:186} INFO - Started process (PID=390) to work on /home/airflow/.local/lib/python3.12/site-packages/airflow/example_dags/example_inlet_event_extra.py
[2024-12-14T11:30:01.354+0000] {processor.py:914} INFO - Processing file /home/airflow/.local/lib/python3.12/site-packages/airflow/example_dags/example_inlet_event_extra.py for tasks to queue
[2024-12-14T11:30:01.356+0000] {logging_mixin.py:190} INFO - [2024-12-14T11:30:01.356+0000] {dagbag.py:588} INFO - Filling up the DagBag from /home/airflow/.local/lib/python3.12/site-packages/airflow/example_dags/example_inlet_event_extra.py
[2024-12-14T11:30:01.766+0000] {processor.py:925} INFO - DAG(s) 'read_dataset_event', 'read_dataset_event_from_classic' retrieved from /home/airflow/.local/lib/python3.12/site-packages/airflow/example_dags/example_inlet_event_extra.py
[2024-12-14T11:30:01.779+0000] {logging_mixin.py:190} INFO - [2024-12-14T11:30:01.779+0000] {dag.py:3239} INFO - Sync 2 DAGs
[2024-12-14T11:30:01.793+0000] {logging_mixin.py:190} INFO - [2024-12-14T11:30:01.793+0000] {dag.py:4180} INFO - Setting next_dagrun for read_dataset_event to 2024-12-13 00:00:00+00:00, run_after=2024-12-14 00:00:00+00:00
[2024-12-14T11:30:01.795+0000] {logging_mixin.py:190} INFO - [2024-12-14T11:30:01.795+0000] {dag.py:4180} INFO - Setting next_dagrun for read_dataset_event_from_classic to 2024-12-13 00:00:00+00:00, run_after=2024-12-14 00:00:00+00:00
[2024-12-14T11:30:01.803+0000] {processor.py:208} INFO - Processing /home/airflow/.local/lib/python3.12/site-packages/airflow/example_dags/example_inlet_event_extra.py took 0.468 seconds
[2024-12-14T11:30:32.408+0000] {processor.py:186} INFO - Started process (PID=454) to work on /home/airflow/.local/lib/python3.12/site-packages/airflow/example_dags/example_inlet_event_extra.py
[2024-12-14T11:30:32.410+0000] {processor.py:914} INFO - Processing file /home/airflow/.local/lib/python3.12/site-packages/airflow/example_dags/example_inlet_event_extra.py for tasks to queue
[2024-12-14T11:30:32.411+0000] {logging_mixin.py:190} INFO - [2024-12-14T11:30:32.411+0000] {dagbag.py:588} INFO - Filling up the DagBag from /home/airflow/.local/lib/python3.12/site-packages/airflow/example_dags/example_inlet_event_extra.py
[2024-12-14T11:30:32.808+0000] {processor.py:925} INFO - DAG(s) 'read_dataset_event_from_classic', 'read_dataset_event' retrieved from /home/airflow/.local/lib/python3.12/site-packages/airflow/example_dags/example_inlet_event_extra.py
[2024-12-14T11:30:32.823+0000] {logging_mixin.py:190} INFO - [2024-12-14T11:30:32.823+0000] {dag.py:3239} INFO - Sync 2 DAGs
[2024-12-14T11:30:32.833+0000] {logging_mixin.py:190} INFO - [2024-12-14T11:30:32.833+0000] {dag.py:4180} INFO - Setting next_dagrun for read_dataset_event to 2024-12-13 00:00:00+00:00, run_after=2024-12-14 00:00:00+00:00
[2024-12-14T11:30:32.835+0000] {logging_mixin.py:190} INFO - [2024-12-14T11:30:32.835+0000] {dag.py:4180} INFO - Setting next_dagrun for read_dataset_event_from_classic to 2024-12-13 00:00:00+00:00, run_after=2024-12-14 00:00:00+00:00
[2024-12-14T11:30:32.845+0000] {processor.py:208} INFO - Processing /home/airflow/.local/lib/python3.12/site-packages/airflow/example_dags/example_inlet_event_extra.py took 0.440 seconds
[2024-12-14T11:31:03.443+0000] {processor.py:186} INFO - Started process (PID=518) to work on /home/airflow/.local/lib/python3.12/site-packages/airflow/example_dags/example_inlet_event_extra.py
[2024-12-14T11:31:03.448+0000] {processor.py:914} INFO - Processing file /home/airflow/.local/lib/python3.12/site-packages/airflow/example_dags/example_inlet_event_extra.py for tasks to queue
[2024-12-14T11:31:03.451+0000] {logging_mixin.py:190} INFO - [2024-12-14T11:31:03.451+0000] {dagbag.py:588} INFO - Filling up the DagBag from /home/airflow/.local/lib/python3.12/site-packages/airflow/example_dags/example_inlet_event_extra.py
[2024-12-14T11:31:03.849+0000] {processor.py:925} INFO - DAG(s) 'read_dataset_event_from_classic', 'read_dataset_event' retrieved from /home/airflow/.local/lib/python3.12/site-packages/airflow/example_dags/example_inlet_event_extra.py
[2024-12-14T11:31:03.860+0000] {logging_mixin.py:190} INFO - [2024-12-14T11:31:03.860+0000] {dag.py:3239} INFO - Sync 2 DAGs
[2024-12-14T11:31:03.871+0000] {logging_mixin.py:190} INFO - [2024-12-14T11:31:03.870+0000] {dag.py:4180} INFO - Setting next_dagrun for read_dataset_event to 2024-12-13 00:00:00+00:00, run_after=2024-12-14 00:00:00+00:00
[2024-12-14T11:31:03.873+0000] {logging_mixin.py:190} INFO - [2024-12-14T11:31:03.873+0000] {dag.py:4180} INFO - Setting next_dagrun for read_dataset_event_from_classic to 2024-12-13 00:00:00+00:00, run_after=2024-12-14 00:00:00+00:00
[2024-12-14T11:31:03.883+0000] {processor.py:208} INFO - Processing /home/airflow/.local/lib/python3.12/site-packages/airflow/example_dags/example_inlet_event_extra.py took 0.453 seconds
[2024-12-14T11:31:34.833+0000] {processor.py:186} INFO - Started process (PID=582) to work on /home/airflow/.local/lib/python3.12/site-packages/airflow/example_dags/example_inlet_event_extra.py
[2024-12-14T11:31:34.838+0000] {processor.py:914} INFO - Processing file /home/airflow/.local/lib/python3.12/site-packages/airflow/example_dags/example_inlet_event_extra.py for tasks to queue
[2024-12-14T11:31:34.841+0000] {logging_mixin.py:190} INFO - [2024-12-14T11:31:34.841+0000] {dagbag.py:588} INFO - Filling up the DagBag from /home/airflow/.local/lib/python3.12/site-packages/airflow/example_dags/example_inlet_event_extra.py
[2024-12-14T11:31:35.180+0000] {processor.py:925} INFO - DAG(s) 'read_dataset_event', 'read_dataset_event_from_classic' retrieved from /home/airflow/.local/lib/python3.12/site-packages/airflow/example_dags/example_inlet_event_extra.py
[2024-12-14T11:31:35.194+0000] {logging_mixin.py:190} INFO - [2024-12-14T11:31:35.194+0000] {dag.py:3239} INFO - Sync 2 DAGs
[2024-12-14T11:31:35.205+0000] {logging_mixin.py:190} INFO - [2024-12-14T11:31:35.205+0000] {dag.py:4180} INFO - Setting next_dagrun for read_dataset_event to 2024-12-13 00:00:00+00:00, run_after=2024-12-14 00:00:00+00:00
[2024-12-14T11:31:35.209+0000] {logging_mixin.py:190} INFO - [2024-12-14T11:31:35.209+0000] {dag.py:4180} INFO - Setting next_dagrun for read_dataset_event_from_classic to 2024-12-13 00:00:00+00:00, run_after=2024-12-14 00:00:00+00:00
[2024-12-14T11:31:35.218+0000] {processor.py:208} INFO - Processing /home/airflow/.local/lib/python3.12/site-packages/airflow/example_dags/example_inlet_event_extra.py took 0.391 seconds
[2024-12-14T11:32:05.875+0000] {processor.py:186} INFO - Started process (PID=646) to work on /home/airflow/.local/lib/python3.12/site-packages/airflow/example_dags/example_inlet_event_extra.py
[2024-12-14T11:32:05.882+0000] {processor.py:914} INFO - Processing file /home/airflow/.local/lib/python3.12/site-packages/airflow/example_dags/example_inlet_event_extra.py for tasks to queue
[2024-12-14T11:32:05.884+0000] {logging_mixin.py:190} INFO - [2024-12-14T11:32:05.883+0000] {dagbag.py:588} INFO - Filling up the DagBag from /home/airflow/.local/lib/python3.12/site-packages/airflow/example_dags/example_inlet_event_extra.py
[2024-12-14T11:32:06.315+0000] {processor.py:925} INFO - DAG(s) 'read_dataset_event', 'read_dataset_event_from_classic' retrieved from /home/airflow/.local/lib/python3.12/site-packages/airflow/example_dags/example_inlet_event_extra.py
[2024-12-14T11:32:06.332+0000] {logging_mixin.py:190} INFO - [2024-12-14T11:32:06.332+0000] {dag.py:3239} INFO - Sync 2 DAGs
[2024-12-14T11:32:06.345+0000] {logging_mixin.py:190} INFO - [2024-12-14T11:32:06.345+0000] {dag.py:4180} INFO - Setting next_dagrun for read_dataset_event to 2024-12-13 00:00:00+00:00, run_after=2024-12-14 00:00:00+00:00
[2024-12-14T11:32:06.350+0000] {logging_mixin.py:190} INFO - [2024-12-14T11:32:06.350+0000] {dag.py:4180} INFO - Setting next_dagrun for read_dataset_event_from_classic to 2024-12-13 00:00:00+00:00, run_after=2024-12-14 00:00:00+00:00
[2024-12-14T11:32:06.363+0000] {processor.py:208} INFO - Processing /home/airflow/.local/lib/python3.12/site-packages/airflow/example_dags/example_inlet_event_extra.py took 0.494 seconds
[2024-12-14T11:32:37.082+0000] {processor.py:186} INFO - Started process (PID=709) to work on /home/airflow/.local/lib/python3.12/site-packages/airflow/example_dags/example_inlet_event_extra.py
[2024-12-14T11:32:37.086+0000] {processor.py:914} INFO - Processing file /home/airflow/.local/lib/python3.12/site-packages/airflow/example_dags/example_inlet_event_extra.py for tasks to queue
[2024-12-14T11:32:37.089+0000] {logging_mixin.py:190} INFO - [2024-12-14T11:32:37.089+0000] {dagbag.py:588} INFO - Filling up the DagBag from /home/airflow/.local/lib/python3.12/site-packages/airflow/example_dags/example_inlet_event_extra.py
[2024-12-14T11:32:37.500+0000] {processor.py:925} INFO - DAG(s) 'read_dataset_event', 'read_dataset_event_from_classic' retrieved from /home/airflow/.local/lib/python3.12/site-packages/airflow/example_dags/example_inlet_event_extra.py
[2024-12-14T11:32:37.514+0000] {logging_mixin.py:190} INFO - [2024-12-14T11:32:37.514+0000] {dag.py:3239} INFO - Sync 2 DAGs
[2024-12-14T11:32:37.526+0000] {logging_mixin.py:190} INFO - [2024-12-14T11:32:37.526+0000] {dag.py:4180} INFO - Setting next_dagrun for read_dataset_event to 2024-12-13 00:00:00+00:00, run_after=2024-12-14 00:00:00+00:00
[2024-12-14T11:32:37.530+0000] {logging_mixin.py:190} INFO - [2024-12-14T11:32:37.530+0000] {dag.py:4180} INFO - Setting next_dagrun for read_dataset_event_from_classic to 2024-12-13 00:00:00+00:00, run_after=2024-12-14 00:00:00+00:00
[2024-12-14T11:32:37.539+0000] {processor.py:208} INFO - Processing /home/airflow/.local/lib/python3.12/site-packages/airflow/example_dags/example_inlet_event_extra.py took 0.465 seconds
[2024-12-14T11:33:08.179+0000] {processor.py:186} INFO - Started process (PID=773) to work on /home/airflow/.local/lib/python3.12/site-packages/airflow/example_dags/example_inlet_event_extra.py
[2024-12-14T11:33:08.181+0000] {processor.py:914} INFO - Processing file /home/airflow/.local/lib/python3.12/site-packages/airflow/example_dags/example_inlet_event_extra.py for tasks to queue
[2024-12-14T11:33:08.182+0000] {logging_mixin.py:190} INFO - [2024-12-14T11:33:08.182+0000] {dagbag.py:588} INFO - Filling up the DagBag from /home/airflow/.local/lib/python3.12/site-packages/airflow/example_dags/example_inlet_event_extra.py
[2024-12-14T11:33:08.595+0000] {processor.py:925} INFO - DAG(s) 'read_dataset_event', 'read_dataset_event_from_classic' retrieved from /home/airflow/.local/lib/python3.12/site-packages/airflow/example_dags/example_inlet_event_extra.py
[2024-12-14T11:33:08.612+0000] {logging_mixin.py:190} INFO - [2024-12-14T11:33:08.612+0000] {dag.py:3239} INFO - Sync 2 DAGs
[2024-12-14T11:33:08.625+0000] {logging_mixin.py:190} INFO - [2024-12-14T11:33:08.624+0000] {dag.py:4180} INFO - Setting next_dagrun for read_dataset_event to 2024-12-13 00:00:00+00:00, run_after=2024-12-14 00:00:00+00:00
[2024-12-14T11:33:08.628+0000] {logging_mixin.py:190} INFO - [2024-12-14T11:33:08.628+0000] {dag.py:4180} INFO - Setting next_dagrun for read_dataset_event_from_classic to 2024-12-13 00:00:00+00:00, run_after=2024-12-14 00:00:00+00:00
[2024-12-14T11:33:08.638+0000] {processor.py:208} INFO - Processing /home/airflow/.local/lib/python3.12/site-packages/airflow/example_dags/example_inlet_event_extra.py took 0.464 seconds
[2024-12-14T11:33:39.347+0000] {processor.py:186} INFO - Started process (PID=837) to work on /home/airflow/.local/lib/python3.12/site-packages/airflow/example_dags/example_inlet_event_extra.py
[2024-12-14T11:33:39.348+0000] {processor.py:914} INFO - Processing file /home/airflow/.local/lib/python3.12/site-packages/airflow/example_dags/example_inlet_event_extra.py for tasks to queue
[2024-12-14T11:33:39.351+0000] {logging_mixin.py:190} INFO - [2024-12-14T11:33:39.350+0000] {dagbag.py:588} INFO - Filling up the DagBag from /home/airflow/.local/lib/python3.12/site-packages/airflow/example_dags/example_inlet_event_extra.py
[2024-12-14T11:33:39.706+0000] {processor.py:925} INFO - DAG(s) 'read_dataset_event_from_classic', 'read_dataset_event' retrieved from /home/airflow/.local/lib/python3.12/site-packages/airflow/example_dags/example_inlet_event_extra.py
[2024-12-14T11:33:39.721+0000] {logging_mixin.py:190} INFO - [2024-12-14T11:33:39.721+0000] {dag.py:3239} INFO - Sync 2 DAGs
[2024-12-14T11:33:39.732+0000] {logging_mixin.py:190} INFO - [2024-12-14T11:33:39.732+0000] {dag.py:4180} INFO - Setting next_dagrun for read_dataset_event to 2024-12-13 00:00:00+00:00, run_after=2024-12-14 00:00:00+00:00
[2024-12-14T11:33:39.738+0000] {logging_mixin.py:190} INFO - [2024-12-14T11:33:39.737+0000] {dag.py:4180} INFO - Setting next_dagrun for read_dataset_event_from_classic to 2024-12-13 00:00:00+00:00, run_after=2024-12-14 00:00:00+00:00
[2024-12-14T11:33:39.747+0000] {processor.py:208} INFO - Processing /home/airflow/.local/lib/python3.12/site-packages/airflow/example_dags/example_inlet_event_extra.py took 0.406 seconds
