[2024-12-14T11:27:24.101+0000] {processor.py:186} INFO - Started process (PID=63) to work on /home/airflow/.local/lib/python3.12/site-packages/airflow/example_dags/example_nested_branch_dag.py
[2024-12-14T11:27:24.102+0000] {processor.py:914} INFO - Processing file /home/airflow/.local/lib/python3.12/site-packages/airflow/example_dags/example_nested_branch_dag.py for tasks to queue
[2024-12-14T11:27:24.103+0000] {logging_mixin.py:190} INFO - [2024-12-14T11:27:24.103+0000] {dagbag.py:588} INFO - Filling up the DagBag from /home/airflow/.local/lib/python3.12/site-packages/airflow/example_dags/example_nested_branch_dag.py
[2024-12-14T11:27:24.110+0000] {processor.py:925} INFO - DAG(s) 'example_nested_branch_dag' retrieved from /home/airflow/.local/lib/python3.12/site-packages/airflow/example_dags/example_nested_branch_dag.py
[2024-12-14T11:27:24.123+0000] {logging_mixin.py:190} INFO - [2024-12-14T11:27:24.122+0000] {dag.py:3239} INFO - Sync 1 DAGs
[2024-12-14T11:27:24.135+0000] {logging_mixin.py:190} INFO - [2024-12-14T11:27:24.135+0000] {dag.py:4180} INFO - Setting next_dagrun for example_nested_branch_dag to 2024-12-13 00:00:00+00:00, run_after=2024-12-14 00:00:00+00:00
[2024-12-14T11:27:24.145+0000] {processor.py:208} INFO - Processing /home/airflow/.local/lib/python3.12/site-packages/airflow/example_dags/example_nested_branch_dag.py took 0.047 seconds
[2024-12-14T11:27:54.284+0000] {processor.py:186} INFO - Started process (PID=126) to work on /home/airflow/.local/lib/python3.12/site-packages/airflow/example_dags/example_nested_branch_dag.py
[2024-12-14T11:27:54.285+0000] {processor.py:914} INFO - Processing file /home/airflow/.local/lib/python3.12/site-packages/airflow/example_dags/example_nested_branch_dag.py for tasks to queue
[2024-12-14T11:27:54.288+0000] {logging_mixin.py:190} INFO - [2024-12-14T11:27:54.287+0000] {dagbag.py:588} INFO - Filling up the DagBag from /home/airflow/.local/lib/python3.12/site-packages/airflow/example_dags/example_nested_branch_dag.py
[2024-12-14T11:27:54.294+0000] {processor.py:925} INFO - DAG(s) 'example_nested_branch_dag' retrieved from /home/airflow/.local/lib/python3.12/site-packages/airflow/example_dags/example_nested_branch_dag.py
[2024-12-14T11:27:54.304+0000] {logging_mixin.py:190} INFO - [2024-12-14T11:27:54.304+0000] {dag.py:3239} INFO - Sync 1 DAGs
[2024-12-14T11:27:54.317+0000] {logging_mixin.py:190} INFO - [2024-12-14T11:27:54.317+0000] {dag.py:4180} INFO - Setting next_dagrun for example_nested_branch_dag to 2024-12-13 00:00:00+00:00, run_after=2024-12-14 00:00:00+00:00
[2024-12-14T11:27:54.327+0000] {processor.py:208} INFO - Processing /home/airflow/.local/lib/python3.12/site-packages/airflow/example_dags/example_nested_branch_dag.py took 0.047 seconds
[2024-12-14T11:28:24.916+0000] {processor.py:186} INFO - Started process (PID=196) to work on /home/airflow/.local/lib/python3.12/site-packages/airflow/example_dags/example_nested_branch_dag.py
[2024-12-14T11:28:24.919+0000] {processor.py:914} INFO - Processing file /home/airflow/.local/lib/python3.12/site-packages/airflow/example_dags/example_nested_branch_dag.py for tasks to queue
[2024-12-14T11:28:24.921+0000] {logging_mixin.py:190} INFO - [2024-12-14T11:28:24.921+0000] {dagbag.py:588} INFO - Filling up the DagBag from /home/airflow/.local/lib/python3.12/site-packages/airflow/example_dags/example_nested_branch_dag.py
[2024-12-14T11:28:24.927+0000] {processor.py:925} INFO - DAG(s) 'example_nested_branch_dag' retrieved from /home/airflow/.local/lib/python3.12/site-packages/airflow/example_dags/example_nested_branch_dag.py
[2024-12-14T11:28:24.941+0000] {logging_mixin.py:190} INFO - [2024-12-14T11:28:24.941+0000] {dag.py:3239} INFO - Sync 1 DAGs
[2024-12-14T11:28:24.952+0000] {logging_mixin.py:190} INFO - [2024-12-14T11:28:24.952+0000] {dag.py:4180} INFO - Setting next_dagrun for example_nested_branch_dag to 2024-12-13 00:00:00+00:00, run_after=2024-12-14 00:00:00+00:00
[2024-12-14T11:28:24.960+0000] {processor.py:208} INFO - Processing /home/airflow/.local/lib/python3.12/site-packages/airflow/example_dags/example_nested_branch_dag.py took 0.046 seconds
[2024-12-14T11:28:55.536+0000] {processor.py:186} INFO - Started process (PID=260) to work on /home/airflow/.local/lib/python3.12/site-packages/airflow/example_dags/example_nested_branch_dag.py
[2024-12-14T11:28:55.536+0000] {processor.py:914} INFO - Processing file /home/airflow/.local/lib/python3.12/site-packages/airflow/example_dags/example_nested_branch_dag.py for tasks to queue
[2024-12-14T11:28:55.537+0000] {logging_mixin.py:190} INFO - [2024-12-14T11:28:55.537+0000] {dagbag.py:588} INFO - Filling up the DagBag from /home/airflow/.local/lib/python3.12/site-packages/airflow/example_dags/example_nested_branch_dag.py
[2024-12-14T11:28:55.546+0000] {processor.py:925} INFO - DAG(s) 'example_nested_branch_dag' retrieved from /home/airflow/.local/lib/python3.12/site-packages/airflow/example_dags/example_nested_branch_dag.py
[2024-12-14T11:28:55.563+0000] {logging_mixin.py:190} INFO - [2024-12-14T11:28:55.563+0000] {dag.py:3239} INFO - Sync 1 DAGs
[2024-12-14T11:28:55.576+0000] {logging_mixin.py:190} INFO - [2024-12-14T11:28:55.576+0000] {dag.py:4180} INFO - Setting next_dagrun for example_nested_branch_dag to 2024-12-13 00:00:00+00:00, run_after=2024-12-14 00:00:00+00:00
[2024-12-14T11:28:55.590+0000] {processor.py:208} INFO - Processing /home/airflow/.local/lib/python3.12/site-packages/airflow/example_dags/example_nested_branch_dag.py took 0.058 seconds
[2024-12-14T11:29:25.926+0000] {processor.py:186} INFO - Started process (PID=324) to work on /home/airflow/.local/lib/python3.12/site-packages/airflow/example_dags/example_nested_branch_dag.py
[2024-12-14T11:29:25.928+0000] {processor.py:914} INFO - Processing file /home/airflow/.local/lib/python3.12/site-packages/airflow/example_dags/example_nested_branch_dag.py for tasks to queue
[2024-12-14T11:29:25.929+0000] {logging_mixin.py:190} INFO - [2024-12-14T11:29:25.929+0000] {dagbag.py:588} INFO - Filling up the DagBag from /home/airflow/.local/lib/python3.12/site-packages/airflow/example_dags/example_nested_branch_dag.py
[2024-12-14T11:29:25.936+0000] {processor.py:925} INFO - DAG(s) 'example_nested_branch_dag' retrieved from /home/airflow/.local/lib/python3.12/site-packages/airflow/example_dags/example_nested_branch_dag.py
[2024-12-14T11:29:25.951+0000] {logging_mixin.py:190} INFO - [2024-12-14T11:29:25.951+0000] {dag.py:3239} INFO - Sync 1 DAGs
[2024-12-14T11:29:25.967+0000] {logging_mixin.py:190} INFO - [2024-12-14T11:29:25.967+0000] {dag.py:4180} INFO - Setting next_dagrun for example_nested_branch_dag to 2024-12-13 00:00:00+00:00, run_after=2024-12-14 00:00:00+00:00
[2024-12-14T11:29:25.980+0000] {processor.py:208} INFO - Processing /home/airflow/.local/lib/python3.12/site-packages/airflow/example_dags/example_nested_branch_dag.py took 0.057 seconds
[2024-12-14T11:29:56.209+0000] {processor.py:186} INFO - Started process (PID=388) to work on /home/airflow/.local/lib/python3.12/site-packages/airflow/example_dags/example_nested_branch_dag.py
[2024-12-14T11:29:56.210+0000] {processor.py:914} INFO - Processing file /home/airflow/.local/lib/python3.12/site-packages/airflow/example_dags/example_nested_branch_dag.py for tasks to queue
[2024-12-14T11:29:56.211+0000] {logging_mixin.py:190} INFO - [2024-12-14T11:29:56.211+0000] {dagbag.py:588} INFO - Filling up the DagBag from /home/airflow/.local/lib/python3.12/site-packages/airflow/example_dags/example_nested_branch_dag.py
[2024-12-14T11:29:56.220+0000] {processor.py:925} INFO - DAG(s) 'example_nested_branch_dag' retrieved from /home/airflow/.local/lib/python3.12/site-packages/airflow/example_dags/example_nested_branch_dag.py
[2024-12-14T11:29:56.236+0000] {logging_mixin.py:190} INFO - [2024-12-14T11:29:56.236+0000] {dag.py:3239} INFO - Sync 1 DAGs
[2024-12-14T11:29:56.250+0000] {logging_mixin.py:190} INFO - [2024-12-14T11:29:56.250+0000] {dag.py:4180} INFO - Setting next_dagrun for example_nested_branch_dag to 2024-12-13 00:00:00+00:00, run_after=2024-12-14 00:00:00+00:00
[2024-12-14T11:29:56.262+0000] {processor.py:208} INFO - Processing /home/airflow/.local/lib/python3.12/site-packages/airflow/example_dags/example_nested_branch_dag.py took 0.056 seconds
[2024-12-14T11:30:27.306+0000] {processor.py:186} INFO - Started process (PID=452) to work on /home/airflow/.local/lib/python3.12/site-packages/airflow/example_dags/example_nested_branch_dag.py
[2024-12-14T11:30:27.307+0000] {processor.py:914} INFO - Processing file /home/airflow/.local/lib/python3.12/site-packages/airflow/example_dags/example_nested_branch_dag.py for tasks to queue
[2024-12-14T11:30:27.308+0000] {logging_mixin.py:190} INFO - [2024-12-14T11:30:27.308+0000] {dagbag.py:588} INFO - Filling up the DagBag from /home/airflow/.local/lib/python3.12/site-packages/airflow/example_dags/example_nested_branch_dag.py
[2024-12-14T11:30:27.315+0000] {processor.py:925} INFO - DAG(s) 'example_nested_branch_dag' retrieved from /home/airflow/.local/lib/python3.12/site-packages/airflow/example_dags/example_nested_branch_dag.py
[2024-12-14T11:30:27.326+0000] {logging_mixin.py:190} INFO - [2024-12-14T11:30:27.326+0000] {dag.py:3239} INFO - Sync 1 DAGs
[2024-12-14T11:30:27.338+0000] {logging_mixin.py:190} INFO - [2024-12-14T11:30:27.338+0000] {dag.py:4180} INFO - Setting next_dagrun for example_nested_branch_dag to 2024-12-13 00:00:00+00:00, run_after=2024-12-14 00:00:00+00:00
[2024-12-14T11:30:27.346+0000] {processor.py:208} INFO - Processing /home/airflow/.local/lib/python3.12/site-packages/airflow/example_dags/example_nested_branch_dag.py took 0.043 seconds
[2024-12-14T11:30:58.335+0000] {processor.py:186} INFO - Started process (PID=516) to work on /home/airflow/.local/lib/python3.12/site-packages/airflow/example_dags/example_nested_branch_dag.py
[2024-12-14T11:30:58.337+0000] {processor.py:914} INFO - Processing file /home/airflow/.local/lib/python3.12/site-packages/airflow/example_dags/example_nested_branch_dag.py for tasks to queue
[2024-12-14T11:30:58.339+0000] {logging_mixin.py:190} INFO - [2024-12-14T11:30:58.338+0000] {dagbag.py:588} INFO - Filling up the DagBag from /home/airflow/.local/lib/python3.12/site-packages/airflow/example_dags/example_nested_branch_dag.py
[2024-12-14T11:30:58.345+0000] {processor.py:925} INFO - DAG(s) 'example_nested_branch_dag' retrieved from /home/airflow/.local/lib/python3.12/site-packages/airflow/example_dags/example_nested_branch_dag.py
[2024-12-14T11:30:58.355+0000] {logging_mixin.py:190} INFO - [2024-12-14T11:30:58.355+0000] {dag.py:3239} INFO - Sync 1 DAGs
[2024-12-14T11:30:58.366+0000] {logging_mixin.py:190} INFO - [2024-12-14T11:30:58.366+0000] {dag.py:4180} INFO - Setting next_dagrun for example_nested_branch_dag to 2024-12-13 00:00:00+00:00, run_after=2024-12-14 00:00:00+00:00
[2024-12-14T11:30:58.374+0000] {processor.py:208} INFO - Processing /home/airflow/.local/lib/python3.12/site-packages/airflow/example_dags/example_nested_branch_dag.py took 0.042 seconds
[2024-12-14T11:31:28.734+0000] {processor.py:186} INFO - Started process (PID=580) to work on /home/airflow/.local/lib/python3.12/site-packages/airflow/example_dags/example_nested_branch_dag.py
[2024-12-14T11:31:28.735+0000] {processor.py:914} INFO - Processing file /home/airflow/.local/lib/python3.12/site-packages/airflow/example_dags/example_nested_branch_dag.py for tasks to queue
[2024-12-14T11:31:28.737+0000] {logging_mixin.py:190} INFO - [2024-12-14T11:31:28.736+0000] {dagbag.py:588} INFO - Filling up the DagBag from /home/airflow/.local/lib/python3.12/site-packages/airflow/example_dags/example_nested_branch_dag.py
[2024-12-14T11:31:28.743+0000] {processor.py:925} INFO - DAG(s) 'example_nested_branch_dag' retrieved from /home/airflow/.local/lib/python3.12/site-packages/airflow/example_dags/example_nested_branch_dag.py
[2024-12-14T11:31:28.752+0000] {logging_mixin.py:190} INFO - [2024-12-14T11:31:28.752+0000] {dag.py:3239} INFO - Sync 1 DAGs
[2024-12-14T11:31:28.763+0000] {logging_mixin.py:190} INFO - [2024-12-14T11:31:28.762+0000] {dag.py:4180} INFO - Setting next_dagrun for example_nested_branch_dag to 2024-12-13 00:00:00+00:00, run_after=2024-12-14 00:00:00+00:00
[2024-12-14T11:31:28.770+0000] {processor.py:208} INFO - Processing /home/airflow/.local/lib/python3.12/site-packages/airflow/example_dags/example_nested_branch_dag.py took 0.039 seconds
[2024-12-14T11:31:59.729+0000] {processor.py:186} INFO - Started process (PID=644) to work on /home/airflow/.local/lib/python3.12/site-packages/airflow/example_dags/example_nested_branch_dag.py
[2024-12-14T11:31:59.731+0000] {processor.py:914} INFO - Processing file /home/airflow/.local/lib/python3.12/site-packages/airflow/example_dags/example_nested_branch_dag.py for tasks to queue
[2024-12-14T11:31:59.733+0000] {logging_mixin.py:190} INFO - [2024-12-14T11:31:59.733+0000] {dagbag.py:588} INFO - Filling up the DagBag from /home/airflow/.local/lib/python3.12/site-packages/airflow/example_dags/example_nested_branch_dag.py
[2024-12-14T11:31:59.743+0000] {processor.py:925} INFO - DAG(s) 'example_nested_branch_dag' retrieved from /home/airflow/.local/lib/python3.12/site-packages/airflow/example_dags/example_nested_branch_dag.py
[2024-12-14T11:31:59.769+0000] {logging_mixin.py:190} INFO - [2024-12-14T11:31:59.769+0000] {dag.py:3239} INFO - Sync 1 DAGs
[2024-12-14T11:31:59.790+0000] {logging_mixin.py:190} INFO - [2024-12-14T11:31:59.790+0000] {dag.py:4180} INFO - Setting next_dagrun for example_nested_branch_dag to 2024-12-13 00:00:00+00:00, run_after=2024-12-14 00:00:00+00:00
[2024-12-14T11:31:59.802+0000] {processor.py:208} INFO - Processing /home/airflow/.local/lib/python3.12/site-packages/airflow/example_dags/example_nested_branch_dag.py took 0.078 seconds
[2024-12-14T11:32:29.944+0000] {processor.py:186} INFO - Started process (PID=707) to work on /home/airflow/.local/lib/python3.12/site-packages/airflow/example_dags/example_nested_branch_dag.py
[2024-12-14T11:32:29.944+0000] {processor.py:914} INFO - Processing file /home/airflow/.local/lib/python3.12/site-packages/airflow/example_dags/example_nested_branch_dag.py for tasks to queue
[2024-12-14T11:32:29.946+0000] {logging_mixin.py:190} INFO - [2024-12-14T11:32:29.945+0000] {dagbag.py:588} INFO - Filling up the DagBag from /home/airflow/.local/lib/python3.12/site-packages/airflow/example_dags/example_nested_branch_dag.py
[2024-12-14T11:32:29.952+0000] {processor.py:925} INFO - DAG(s) 'example_nested_branch_dag' retrieved from /home/airflow/.local/lib/python3.12/site-packages/airflow/example_dags/example_nested_branch_dag.py
[2024-12-14T11:32:29.965+0000] {logging_mixin.py:190} INFO - [2024-12-14T11:32:29.965+0000] {dag.py:3239} INFO - Sync 1 DAGs
[2024-12-14T11:32:29.976+0000] {logging_mixin.py:190} INFO - [2024-12-14T11:32:29.976+0000] {dag.py:4180} INFO - Setting next_dagrun for example_nested_branch_dag to 2024-12-13 00:00:00+00:00, run_after=2024-12-14 00:00:00+00:00
[2024-12-14T11:32:29.983+0000] {processor.py:208} INFO - Processing /home/airflow/.local/lib/python3.12/site-packages/airflow/example_dags/example_nested_branch_dag.py took 0.043 seconds
[2024-12-14T11:33:01.100+0000] {processor.py:186} INFO - Started process (PID=771) to work on /home/airflow/.local/lib/python3.12/site-packages/airflow/example_dags/example_nested_branch_dag.py
[2024-12-14T11:33:01.101+0000] {processor.py:914} INFO - Processing file /home/airflow/.local/lib/python3.12/site-packages/airflow/example_dags/example_nested_branch_dag.py for tasks to queue
[2024-12-14T11:33:01.102+0000] {logging_mixin.py:190} INFO - [2024-12-14T11:33:01.102+0000] {dagbag.py:588} INFO - Filling up the DagBag from /home/airflow/.local/lib/python3.12/site-packages/airflow/example_dags/example_nested_branch_dag.py
[2024-12-14T11:33:01.108+0000] {processor.py:925} INFO - DAG(s) 'example_nested_branch_dag' retrieved from /home/airflow/.local/lib/python3.12/site-packages/airflow/example_dags/example_nested_branch_dag.py
[2024-12-14T11:33:01.119+0000] {logging_mixin.py:190} INFO - [2024-12-14T11:33:01.119+0000] {dag.py:3239} INFO - Sync 1 DAGs
[2024-12-14T11:33:01.131+0000] {logging_mixin.py:190} INFO - [2024-12-14T11:33:01.131+0000] {dag.py:4180} INFO - Setting next_dagrun for example_nested_branch_dag to 2024-12-13 00:00:00+00:00, run_after=2024-12-14 00:00:00+00:00
[2024-12-14T11:33:01.138+0000] {processor.py:208} INFO - Processing /home/airflow/.local/lib/python3.12/site-packages/airflow/example_dags/example_nested_branch_dag.py took 0.042 seconds
[2024-12-14T11:33:32.202+0000] {processor.py:186} INFO - Started process (PID=835) to work on /home/airflow/.local/lib/python3.12/site-packages/airflow/example_dags/example_nested_branch_dag.py
[2024-12-14T11:33:32.203+0000] {processor.py:914} INFO - Processing file /home/airflow/.local/lib/python3.12/site-packages/airflow/example_dags/example_nested_branch_dag.py for tasks to queue
[2024-12-14T11:33:32.205+0000] {logging_mixin.py:190} INFO - [2024-12-14T11:33:32.204+0000] {dagbag.py:588} INFO - Filling up the DagBag from /home/airflow/.local/lib/python3.12/site-packages/airflow/example_dags/example_nested_branch_dag.py
[2024-12-14T11:33:32.211+0000] {processor.py:925} INFO - DAG(s) 'example_nested_branch_dag' retrieved from /home/airflow/.local/lib/python3.12/site-packages/airflow/example_dags/example_nested_branch_dag.py
[2024-12-14T11:33:32.223+0000] {logging_mixin.py:190} INFO - [2024-12-14T11:33:32.223+0000] {dag.py:3239} INFO - Sync 1 DAGs
[2024-12-14T11:33:32.236+0000] {logging_mixin.py:190} INFO - [2024-12-14T11:33:32.236+0000] {dag.py:4180} INFO - Setting next_dagrun for example_nested_branch_dag to 2024-12-13 00:00:00+00:00, run_after=2024-12-14 00:00:00+00:00
[2024-12-14T11:33:32.245+0000] {processor.py:208} INFO - Processing /home/airflow/.local/lib/python3.12/site-packages/airflow/example_dags/example_nested_branch_dag.py took 0.047 seconds
