[2024-12-14T11:27:23.849+0000] {processor.py:186} INFO - Started process (PID=60) to work on /home/airflow/.local/lib/python3.12/site-packages/airflow/example_dags/example_latest_only_with_trigger.py
[2024-12-14T11:27:23.850+0000] {processor.py:914} INFO - Processing file /home/airflow/.local/lib/python3.12/site-packages/airflow/example_dags/example_latest_only_with_trigger.py for tasks to queue
[2024-12-14T11:27:23.851+0000] {logging_mixin.py:190} INFO - [2024-12-14T11:27:23.851+0000] {dagbag.py:588} INFO - Filling up the DagBag from /home/airflow/.local/lib/python3.12/site-packages/airflow/example_dags/example_latest_only_with_trigger.py
[2024-12-14T11:27:23.857+0000] {processor.py:925} INFO - DAG(s) 'latest_only_with_trigger' retrieved from /home/airflow/.local/lib/python3.12/site-packages/airflow/example_dags/example_latest_only_with_trigger.py
[2024-12-14T11:27:23.872+0000] {logging_mixin.py:190} INFO - [2024-12-14T11:27:23.871+0000] {dag.py:3239} INFO - Sync 1 DAGs
[2024-12-14T11:27:23.901+0000] {logging_mixin.py:190} INFO - [2024-12-14T11:27:23.900+0000] {dag.py:4180} INFO - Setting next_dagrun for latest_only_with_trigger to 2024-12-14 04:00:00+00:00, run_after=2024-12-14 08:00:00+00:00
[2024-12-14T11:27:23.915+0000] {processor.py:208} INFO - Processing /home/airflow/.local/lib/python3.12/site-packages/airflow/example_dags/example_latest_only_with_trigger.py took 0.070 seconds
[2024-12-14T11:27:54.194+0000] {processor.py:186} INFO - Started process (PID=123) to work on /home/airflow/.local/lib/python3.12/site-packages/airflow/example_dags/example_latest_only_with_trigger.py
[2024-12-14T11:27:54.195+0000] {processor.py:914} INFO - Processing file /home/airflow/.local/lib/python3.12/site-packages/airflow/example_dags/example_latest_only_with_trigger.py for tasks to queue
[2024-12-14T11:27:54.197+0000] {logging_mixin.py:190} INFO - [2024-12-14T11:27:54.197+0000] {dagbag.py:588} INFO - Filling up the DagBag from /home/airflow/.local/lib/python3.12/site-packages/airflow/example_dags/example_latest_only_with_trigger.py
[2024-12-14T11:27:54.201+0000] {processor.py:925} INFO - DAG(s) 'latest_only_with_trigger' retrieved from /home/airflow/.local/lib/python3.12/site-packages/airflow/example_dags/example_latest_only_with_trigger.py
[2024-12-14T11:27:54.214+0000] {logging_mixin.py:190} INFO - [2024-12-14T11:27:54.214+0000] {dag.py:3239} INFO - Sync 1 DAGs
[2024-12-14T11:27:54.227+0000] {logging_mixin.py:190} INFO - [2024-12-14T11:27:54.226+0000] {dag.py:4180} INFO - Setting next_dagrun for latest_only_with_trigger to 2024-12-14 04:00:00+00:00, run_after=2024-12-14 08:00:00+00:00
[2024-12-14T11:27:54.240+0000] {processor.py:208} INFO - Processing /home/airflow/.local/lib/python3.12/site-packages/airflow/example_dags/example_latest_only_with_trigger.py took 0.051 seconds
[2024-12-14T11:28:24.834+0000] {processor.py:186} INFO - Started process (PID=193) to work on /home/airflow/.local/lib/python3.12/site-packages/airflow/example_dags/example_latest_only_with_trigger.py
[2024-12-14T11:28:24.836+0000] {processor.py:914} INFO - Processing file /home/airflow/.local/lib/python3.12/site-packages/airflow/example_dags/example_latest_only_with_trigger.py for tasks to queue
[2024-12-14T11:28:24.837+0000] {logging_mixin.py:190} INFO - [2024-12-14T11:28:24.837+0000] {dagbag.py:588} INFO - Filling up the DagBag from /home/airflow/.local/lib/python3.12/site-packages/airflow/example_dags/example_latest_only_with_trigger.py
[2024-12-14T11:28:24.841+0000] {processor.py:925} INFO - DAG(s) 'latest_only_with_trigger' retrieved from /home/airflow/.local/lib/python3.12/site-packages/airflow/example_dags/example_latest_only_with_trigger.py
[2024-12-14T11:28:24.851+0000] {logging_mixin.py:190} INFO - [2024-12-14T11:28:24.851+0000] {dag.py:3239} INFO - Sync 1 DAGs
[2024-12-14T11:28:24.864+0000] {logging_mixin.py:190} INFO - [2024-12-14T11:28:24.863+0000] {dag.py:4180} INFO - Setting next_dagrun for latest_only_with_trigger to 2024-12-14 04:00:00+00:00, run_after=2024-12-14 08:00:00+00:00
[2024-12-14T11:28:24.876+0000] {processor.py:208} INFO - Processing /home/airflow/.local/lib/python3.12/site-packages/airflow/example_dags/example_latest_only_with_trigger.py took 0.045 seconds
[2024-12-14T11:28:55.459+0000] {processor.py:186} INFO - Started process (PID=257) to work on /home/airflow/.local/lib/python3.12/site-packages/airflow/example_dags/example_latest_only_with_trigger.py
[2024-12-14T11:28:55.460+0000] {processor.py:914} INFO - Processing file /home/airflow/.local/lib/python3.12/site-packages/airflow/example_dags/example_latest_only_with_trigger.py for tasks to queue
[2024-12-14T11:28:55.461+0000] {logging_mixin.py:190} INFO - [2024-12-14T11:28:55.461+0000] {dagbag.py:588} INFO - Filling up the DagBag from /home/airflow/.local/lib/python3.12/site-packages/airflow/example_dags/example_latest_only_with_trigger.py
[2024-12-14T11:28:55.466+0000] {processor.py:925} INFO - DAG(s) 'latest_only_with_trigger' retrieved from /home/airflow/.local/lib/python3.12/site-packages/airflow/example_dags/example_latest_only_with_trigger.py
[2024-12-14T11:28:55.486+0000] {logging_mixin.py:190} INFO - [2024-12-14T11:28:55.486+0000] {dag.py:3239} INFO - Sync 1 DAGs
[2024-12-14T11:28:55.499+0000] {logging_mixin.py:190} INFO - [2024-12-14T11:28:55.499+0000] {dag.py:4180} INFO - Setting next_dagrun for latest_only_with_trigger to 2024-12-14 04:00:00+00:00, run_after=2024-12-14 08:00:00+00:00
[2024-12-14T11:28:55.511+0000] {processor.py:208} INFO - Processing /home/airflow/.local/lib/python3.12/site-packages/airflow/example_dags/example_latest_only_with_trigger.py took 0.058 seconds
[2024-12-14T11:29:25.859+0000] {processor.py:186} INFO - Started process (PID=321) to work on /home/airflow/.local/lib/python3.12/site-packages/airflow/example_dags/example_latest_only_with_trigger.py
[2024-12-14T11:29:25.860+0000] {processor.py:914} INFO - Processing file /home/airflow/.local/lib/python3.12/site-packages/airflow/example_dags/example_latest_only_with_trigger.py for tasks to queue
[2024-12-14T11:29:25.861+0000] {logging_mixin.py:190} INFO - [2024-12-14T11:29:25.861+0000] {dagbag.py:588} INFO - Filling up the DagBag from /home/airflow/.local/lib/python3.12/site-packages/airflow/example_dags/example_latest_only_with_trigger.py
[2024-12-14T11:29:25.866+0000] {processor.py:925} INFO - DAG(s) 'latest_only_with_trigger' retrieved from /home/airflow/.local/lib/python3.12/site-packages/airflow/example_dags/example_latest_only_with_trigger.py
[2024-12-14T11:29:25.877+0000] {logging_mixin.py:190} INFO - [2024-12-14T11:29:25.877+0000] {dag.py:3239} INFO - Sync 1 DAGs
[2024-12-14T11:29:25.888+0000] {logging_mixin.py:190} INFO - [2024-12-14T11:29:25.888+0000] {dag.py:4180} INFO - Setting next_dagrun for latest_only_with_trigger to 2024-12-14 04:00:00+00:00, run_after=2024-12-14 08:00:00+00:00
[2024-12-14T11:29:25.898+0000] {processor.py:208} INFO - Processing /home/airflow/.local/lib/python3.12/site-packages/airflow/example_dags/example_latest_only_with_trigger.py took 0.043 seconds
[2024-12-14T11:29:56.112+0000] {processor.py:186} INFO - Started process (PID=385) to work on /home/airflow/.local/lib/python3.12/site-packages/airflow/example_dags/example_latest_only_with_trigger.py
[2024-12-14T11:29:56.113+0000] {processor.py:914} INFO - Processing file /home/airflow/.local/lib/python3.12/site-packages/airflow/example_dags/example_latest_only_with_trigger.py for tasks to queue
[2024-12-14T11:29:56.114+0000] {logging_mixin.py:190} INFO - [2024-12-14T11:29:56.114+0000] {dagbag.py:588} INFO - Filling up the DagBag from /home/airflow/.local/lib/python3.12/site-packages/airflow/example_dags/example_latest_only_with_trigger.py
[2024-12-14T11:29:56.118+0000] {processor.py:925} INFO - DAG(s) 'latest_only_with_trigger' retrieved from /home/airflow/.local/lib/python3.12/site-packages/airflow/example_dags/example_latest_only_with_trigger.py
[2024-12-14T11:29:56.129+0000] {logging_mixin.py:190} INFO - [2024-12-14T11:29:56.129+0000] {dag.py:3239} INFO - Sync 1 DAGs
[2024-12-14T11:29:56.140+0000] {logging_mixin.py:190} INFO - [2024-12-14T11:29:56.140+0000] {dag.py:4180} INFO - Setting next_dagrun for latest_only_with_trigger to 2024-12-14 04:00:00+00:00, run_after=2024-12-14 08:00:00+00:00
[2024-12-14T11:29:56.151+0000] {processor.py:208} INFO - Processing /home/airflow/.local/lib/python3.12/site-packages/airflow/example_dags/example_latest_only_with_trigger.py took 0.042 seconds
[2024-12-14T11:30:27.211+0000] {processor.py:186} INFO - Started process (PID=449) to work on /home/airflow/.local/lib/python3.12/site-packages/airflow/example_dags/example_latest_only_with_trigger.py
[2024-12-14T11:30:27.212+0000] {processor.py:914} INFO - Processing file /home/airflow/.local/lib/python3.12/site-packages/airflow/example_dags/example_latest_only_with_trigger.py for tasks to queue
[2024-12-14T11:30:27.214+0000] {logging_mixin.py:190} INFO - [2024-12-14T11:30:27.213+0000] {dagbag.py:588} INFO - Filling up the DagBag from /home/airflow/.local/lib/python3.12/site-packages/airflow/example_dags/example_latest_only_with_trigger.py
[2024-12-14T11:30:27.218+0000] {processor.py:925} INFO - DAG(s) 'latest_only_with_trigger' retrieved from /home/airflow/.local/lib/python3.12/site-packages/airflow/example_dags/example_latest_only_with_trigger.py
[2024-12-14T11:30:27.229+0000] {logging_mixin.py:190} INFO - [2024-12-14T11:30:27.229+0000] {dag.py:3239} INFO - Sync 1 DAGs
[2024-12-14T11:30:27.241+0000] {logging_mixin.py:190} INFO - [2024-12-14T11:30:27.241+0000] {dag.py:4180} INFO - Setting next_dagrun for latest_only_with_trigger to 2024-12-14 04:00:00+00:00, run_after=2024-12-14 08:00:00+00:00
[2024-12-14T11:30:27.249+0000] {processor.py:208} INFO - Processing /home/airflow/.local/lib/python3.12/site-packages/airflow/example_dags/example_latest_only_with_trigger.py took 0.041 seconds
[2024-12-14T11:30:58.235+0000] {processor.py:186} INFO - Started process (PID=513) to work on /home/airflow/.local/lib/python3.12/site-packages/airflow/example_dags/example_latest_only_with_trigger.py
[2024-12-14T11:30:58.236+0000] {processor.py:914} INFO - Processing file /home/airflow/.local/lib/python3.12/site-packages/airflow/example_dags/example_latest_only_with_trigger.py for tasks to queue
[2024-12-14T11:30:58.238+0000] {logging_mixin.py:190} INFO - [2024-12-14T11:30:58.238+0000] {dagbag.py:588} INFO - Filling up the DagBag from /home/airflow/.local/lib/python3.12/site-packages/airflow/example_dags/example_latest_only_with_trigger.py
[2024-12-14T11:30:58.242+0000] {processor.py:925} INFO - DAG(s) 'latest_only_with_trigger' retrieved from /home/airflow/.local/lib/python3.12/site-packages/airflow/example_dags/example_latest_only_with_trigger.py
[2024-12-14T11:30:58.253+0000] {logging_mixin.py:190} INFO - [2024-12-14T11:30:58.253+0000] {dag.py:3239} INFO - Sync 1 DAGs
[2024-12-14T11:30:58.264+0000] {logging_mixin.py:190} INFO - [2024-12-14T11:30:58.264+0000] {dag.py:4180} INFO - Setting next_dagrun for latest_only_with_trigger to 2024-12-14 04:00:00+00:00, run_after=2024-12-14 08:00:00+00:00
[2024-12-14T11:30:58.273+0000] {processor.py:208} INFO - Processing /home/airflow/.local/lib/python3.12/site-packages/airflow/example_dags/example_latest_only_with_trigger.py took 0.041 seconds
[2024-12-14T11:31:28.621+0000] {processor.py:186} INFO - Started process (PID=577) to work on /home/airflow/.local/lib/python3.12/site-packages/airflow/example_dags/example_latest_only_with_trigger.py
[2024-12-14T11:31:28.622+0000] {processor.py:914} INFO - Processing file /home/airflow/.local/lib/python3.12/site-packages/airflow/example_dags/example_latest_only_with_trigger.py for tasks to queue
[2024-12-14T11:31:28.623+0000] {logging_mixin.py:190} INFO - [2024-12-14T11:31:28.623+0000] {dagbag.py:588} INFO - Filling up the DagBag from /home/airflow/.local/lib/python3.12/site-packages/airflow/example_dags/example_latest_only_with_trigger.py
[2024-12-14T11:31:28.628+0000] {processor.py:925} INFO - DAG(s) 'latest_only_with_trigger' retrieved from /home/airflow/.local/lib/python3.12/site-packages/airflow/example_dags/example_latest_only_with_trigger.py
[2024-12-14T11:31:28.638+0000] {logging_mixin.py:190} INFO - [2024-12-14T11:31:28.638+0000] {dag.py:3239} INFO - Sync 1 DAGs
[2024-12-14T11:31:28.650+0000] {logging_mixin.py:190} INFO - [2024-12-14T11:31:28.650+0000] {dag.py:4180} INFO - Setting next_dagrun for latest_only_with_trigger to 2024-12-14 04:00:00+00:00, run_after=2024-12-14 08:00:00+00:00
[2024-12-14T11:31:28.660+0000] {processor.py:208} INFO - Processing /home/airflow/.local/lib/python3.12/site-packages/airflow/example_dags/example_latest_only_with_trigger.py took 0.042 seconds
[2024-12-14T11:31:59.622+0000] {processor.py:186} INFO - Started process (PID=641) to work on /home/airflow/.local/lib/python3.12/site-packages/airflow/example_dags/example_latest_only_with_trigger.py
[2024-12-14T11:31:59.622+0000] {processor.py:914} INFO - Processing file /home/airflow/.local/lib/python3.12/site-packages/airflow/example_dags/example_latest_only_with_trigger.py for tasks to queue
[2024-12-14T11:31:59.626+0000] {logging_mixin.py:190} INFO - [2024-12-14T11:31:59.626+0000] {dagbag.py:588} INFO - Filling up the DagBag from /home/airflow/.local/lib/python3.12/site-packages/airflow/example_dags/example_latest_only_with_trigger.py
[2024-12-14T11:31:59.630+0000] {processor.py:925} INFO - DAG(s) 'latest_only_with_trigger' retrieved from /home/airflow/.local/lib/python3.12/site-packages/airflow/example_dags/example_latest_only_with_trigger.py
[2024-12-14T11:31:59.643+0000] {logging_mixin.py:190} INFO - [2024-12-14T11:31:59.643+0000] {dag.py:3239} INFO - Sync 1 DAGs
[2024-12-14T11:31:59.657+0000] {logging_mixin.py:190} INFO - [2024-12-14T11:31:59.656+0000] {dag.py:4180} INFO - Setting next_dagrun for latest_only_with_trigger to 2024-12-14 04:00:00+00:00, run_after=2024-12-14 08:00:00+00:00
[2024-12-14T11:31:59.668+0000] {processor.py:208} INFO - Processing /home/airflow/.local/lib/python3.12/site-packages/airflow/example_dags/example_latest_only_with_trigger.py took 0.049 seconds
[2024-12-14T11:32:29.839+0000] {processor.py:186} INFO - Started process (PID=704) to work on /home/airflow/.local/lib/python3.12/site-packages/airflow/example_dags/example_latest_only_with_trigger.py
[2024-12-14T11:32:29.841+0000] {processor.py:914} INFO - Processing file /home/airflow/.local/lib/python3.12/site-packages/airflow/example_dags/example_latest_only_with_trigger.py for tasks to queue
[2024-12-14T11:32:29.842+0000] {logging_mixin.py:190} INFO - [2024-12-14T11:32:29.842+0000] {dagbag.py:588} INFO - Filling up the DagBag from /home/airflow/.local/lib/python3.12/site-packages/airflow/example_dags/example_latest_only_with_trigger.py
[2024-12-14T11:32:29.846+0000] {processor.py:925} INFO - DAG(s) 'latest_only_with_trigger' retrieved from /home/airflow/.local/lib/python3.12/site-packages/airflow/example_dags/example_latest_only_with_trigger.py
[2024-12-14T11:32:29.857+0000] {logging_mixin.py:190} INFO - [2024-12-14T11:32:29.857+0000] {dag.py:3239} INFO - Sync 1 DAGs
[2024-12-14T11:32:29.868+0000] {logging_mixin.py:190} INFO - [2024-12-14T11:32:29.868+0000] {dag.py:4180} INFO - Setting next_dagrun for latest_only_with_trigger to 2024-12-14 04:00:00+00:00, run_after=2024-12-14 08:00:00+00:00
[2024-12-14T11:32:29.879+0000] {processor.py:208} INFO - Processing /home/airflow/.local/lib/python3.12/site-packages/airflow/example_dags/example_latest_only_with_trigger.py took 0.043 seconds
[2024-12-14T11:33:00.966+0000] {processor.py:186} INFO - Started process (PID=768) to work on /home/airflow/.local/lib/python3.12/site-packages/airflow/example_dags/example_latest_only_with_trigger.py
[2024-12-14T11:33:00.967+0000] {processor.py:914} INFO - Processing file /home/airflow/.local/lib/python3.12/site-packages/airflow/example_dags/example_latest_only_with_trigger.py for tasks to queue
[2024-12-14T11:33:00.969+0000] {logging_mixin.py:190} INFO - [2024-12-14T11:33:00.968+0000] {dagbag.py:588} INFO - Filling up the DagBag from /home/airflow/.local/lib/python3.12/site-packages/airflow/example_dags/example_latest_only_with_trigger.py
[2024-12-14T11:33:00.973+0000] {processor.py:925} INFO - DAG(s) 'latest_only_with_trigger' retrieved from /home/airflow/.local/lib/python3.12/site-packages/airflow/example_dags/example_latest_only_with_trigger.py
[2024-12-14T11:33:00.988+0000] {logging_mixin.py:190} INFO - [2024-12-14T11:33:00.988+0000] {dag.py:3239} INFO - Sync 1 DAGs
[2024-12-14T11:33:01.002+0000] {logging_mixin.py:190} INFO - [2024-12-14T11:33:01.002+0000] {dag.py:4180} INFO - Setting next_dagrun for latest_only_with_trigger to 2024-12-14 04:00:00+00:00, run_after=2024-12-14 08:00:00+00:00
[2024-12-14T11:33:01.012+0000] {processor.py:208} INFO - Processing /home/airflow/.local/lib/python3.12/site-packages/airflow/example_dags/example_latest_only_with_trigger.py took 0.050 seconds
[2024-12-14T11:33:32.112+0000] {processor.py:186} INFO - Started process (PID=832) to work on /home/airflow/.local/lib/python3.12/site-packages/airflow/example_dags/example_latest_only_with_trigger.py
[2024-12-14T11:33:32.114+0000] {processor.py:914} INFO - Processing file /home/airflow/.local/lib/python3.12/site-packages/airflow/example_dags/example_latest_only_with_trigger.py for tasks to queue
[2024-12-14T11:33:32.115+0000] {logging_mixin.py:190} INFO - [2024-12-14T11:33:32.115+0000] {dagbag.py:588} INFO - Filling up the DagBag from /home/airflow/.local/lib/python3.12/site-packages/airflow/example_dags/example_latest_only_with_trigger.py
[2024-12-14T11:33:32.119+0000] {processor.py:925} INFO - DAG(s) 'latest_only_with_trigger' retrieved from /home/airflow/.local/lib/python3.12/site-packages/airflow/example_dags/example_latest_only_with_trigger.py
[2024-12-14T11:33:32.130+0000] {logging_mixin.py:190} INFO - [2024-12-14T11:33:32.130+0000] {dag.py:3239} INFO - Sync 1 DAGs
[2024-12-14T11:33:32.142+0000] {logging_mixin.py:190} INFO - [2024-12-14T11:33:32.141+0000] {dag.py:4180} INFO - Setting next_dagrun for latest_only_with_trigger to 2024-12-14 04:00:00+00:00, run_after=2024-12-14 08:00:00+00:00
[2024-12-14T11:33:32.150+0000] {processor.py:208} INFO - Processing /home/airflow/.local/lib/python3.12/site-packages/airflow/example_dags/example_latest_only_with_trigger.py took 0.041 seconds
