[2024-12-14T11:27:26.013+0000] {processor.py:186} INFO - Started process (PID=96) to work on /home/airflow/.local/lib/python3.12/site-packages/airflow/example_dags/example_bash_decorator.py
[2024-12-14T11:27:26.014+0000] {processor.py:914} INFO - Processing file /home/airflow/.local/lib/python3.12/site-packages/airflow/example_dags/example_bash_decorator.py for tasks to queue
[2024-12-14T11:27:26.017+0000] {logging_mixin.py:190} INFO - [2024-12-14T11:27:26.017+0000] {dagbag.py:588} INFO - Filling up the DagBag from /home/airflow/.local/lib/python3.12/site-packages/airflow/example_dags/example_bash_decorator.py
[2024-12-14T11:27:26.026+0000] {processor.py:925} INFO - DAG(s) 'example_bash_decorator' retrieved from /home/airflow/.local/lib/python3.12/site-packages/airflow/example_dags/example_bash_decorator.py
[2024-12-14T11:27:26.099+0000] {logging_mixin.py:190} INFO - [2024-12-14T11:27:26.099+0000] {dag.py:3239} INFO - Sync 1 DAGs
[2024-12-14T11:27:26.106+0000] {logging_mixin.py:190} INFO - [2024-12-14T11:27:26.106+0000] {dag.py:4180} INFO - Setting next_dagrun for example_bash_decorator to None, run_after=None
[2024-12-14T11:27:26.118+0000] {processor.py:208} INFO - Processing /home/airflow/.local/lib/python3.12/site-packages/airflow/example_dags/example_bash_decorator.py took 0.108 seconds
[2024-12-14T11:27:57.215+0000] {processor.py:186} INFO - Started process (PID=159) to work on /home/airflow/.local/lib/python3.12/site-packages/airflow/example_dags/example_bash_decorator.py
[2024-12-14T11:27:57.216+0000] {processor.py:914} INFO - Processing file /home/airflow/.local/lib/python3.12/site-packages/airflow/example_dags/example_bash_decorator.py for tasks to queue
[2024-12-14T11:27:57.218+0000] {logging_mixin.py:190} INFO - [2024-12-14T11:27:57.217+0000] {dagbag.py:588} INFO - Filling up the DagBag from /home/airflow/.local/lib/python3.12/site-packages/airflow/example_dags/example_bash_decorator.py
[2024-12-14T11:27:57.225+0000] {processor.py:925} INFO - DAG(s) 'example_bash_decorator' retrieved from /home/airflow/.local/lib/python3.12/site-packages/airflow/example_dags/example_bash_decorator.py
[2024-12-14T11:27:57.236+0000] {logging_mixin.py:190} INFO - [2024-12-14T11:27:57.236+0000] {dag.py:3239} INFO - Sync 1 DAGs
[2024-12-14T11:27:57.244+0000] {logging_mixin.py:190} INFO - [2024-12-14T11:27:57.244+0000] {dag.py:4180} INFO - Setting next_dagrun for example_bash_decorator to None, run_after=None
[2024-12-14T11:27:57.260+0000] {processor.py:208} INFO - Processing /home/airflow/.local/lib/python3.12/site-packages/airflow/example_dags/example_bash_decorator.py took 0.048 seconds
[2024-12-14T11:28:28.696+0000] {processor.py:186} INFO - Started process (PID=224) to work on /home/airflow/.local/lib/python3.12/site-packages/airflow/example_dags/example_bash_decorator.py
[2024-12-14T11:28:28.698+0000] {processor.py:914} INFO - Processing file /home/airflow/.local/lib/python3.12/site-packages/airflow/example_dags/example_bash_decorator.py for tasks to queue
[2024-12-14T11:28:28.701+0000] {logging_mixin.py:190} INFO - [2024-12-14T11:28:28.701+0000] {dagbag.py:588} INFO - Filling up the DagBag from /home/airflow/.local/lib/python3.12/site-packages/airflow/example_dags/example_bash_decorator.py
[2024-12-14T11:28:28.710+0000] {processor.py:925} INFO - DAG(s) 'example_bash_decorator' retrieved from /home/airflow/.local/lib/python3.12/site-packages/airflow/example_dags/example_bash_decorator.py
[2024-12-14T11:28:28.723+0000] {logging_mixin.py:190} INFO - [2024-12-14T11:28:28.722+0000] {dag.py:3239} INFO - Sync 1 DAGs
[2024-12-14T11:28:28.730+0000] {logging_mixin.py:190} INFO - [2024-12-14T11:28:28.730+0000] {dag.py:4180} INFO - Setting next_dagrun for example_bash_decorator to None, run_after=None
[2024-12-14T11:28:28.739+0000] {processor.py:208} INFO - Processing /home/airflow/.local/lib/python3.12/site-packages/airflow/example_dags/example_bash_decorator.py took 0.046 seconds
[2024-12-14T11:29:00.131+0000] {processor.py:186} INFO - Started process (PID=288) to work on /home/airflow/.local/lib/python3.12/site-packages/airflow/example_dags/example_bash_decorator.py
[2024-12-14T11:29:00.132+0000] {processor.py:914} INFO - Processing file /home/airflow/.local/lib/python3.12/site-packages/airflow/example_dags/example_bash_decorator.py for tasks to queue
[2024-12-14T11:29:00.134+0000] {logging_mixin.py:190} INFO - [2024-12-14T11:29:00.133+0000] {dagbag.py:588} INFO - Filling up the DagBag from /home/airflow/.local/lib/python3.12/site-packages/airflow/example_dags/example_bash_decorator.py
[2024-12-14T11:29:00.141+0000] {processor.py:925} INFO - DAG(s) 'example_bash_decorator' retrieved from /home/airflow/.local/lib/python3.12/site-packages/airflow/example_dags/example_bash_decorator.py
[2024-12-14T11:29:00.153+0000] {logging_mixin.py:190} INFO - [2024-12-14T11:29:00.152+0000] {dag.py:3239} INFO - Sync 1 DAGs
[2024-12-14T11:29:00.159+0000] {logging_mixin.py:190} INFO - [2024-12-14T11:29:00.159+0000] {dag.py:4180} INFO - Setting next_dagrun for example_bash_decorator to None, run_after=None
[2024-12-14T11:29:00.170+0000] {processor.py:208} INFO - Processing /home/airflow/.local/lib/python3.12/site-packages/airflow/example_dags/example_bash_decorator.py took 0.042 seconds
[2024-12-14T11:29:31.429+0000] {processor.py:186} INFO - Started process (PID=352) to work on /home/airflow/.local/lib/python3.12/site-packages/airflow/example_dags/example_bash_decorator.py
[2024-12-14T11:29:31.431+0000] {processor.py:914} INFO - Processing file /home/airflow/.local/lib/python3.12/site-packages/airflow/example_dags/example_bash_decorator.py for tasks to queue
[2024-12-14T11:29:31.432+0000] {logging_mixin.py:190} INFO - [2024-12-14T11:29:31.432+0000] {dagbag.py:588} INFO - Filling up the DagBag from /home/airflow/.local/lib/python3.12/site-packages/airflow/example_dags/example_bash_decorator.py
[2024-12-14T11:29:31.441+0000] {processor.py:925} INFO - DAG(s) 'example_bash_decorator' retrieved from /home/airflow/.local/lib/python3.12/site-packages/airflow/example_dags/example_bash_decorator.py
[2024-12-14T11:29:31.460+0000] {logging_mixin.py:190} INFO - [2024-12-14T11:29:31.459+0000] {dag.py:3239} INFO - Sync 1 DAGs
[2024-12-14T11:29:31.466+0000] {logging_mixin.py:190} INFO - [2024-12-14T11:29:31.466+0000] {dag.py:4180} INFO - Setting next_dagrun for example_bash_decorator to None, run_after=None
[2024-12-14T11:29:31.475+0000] {processor.py:208} INFO - Processing /home/airflow/.local/lib/python3.12/site-packages/airflow/example_dags/example_bash_decorator.py took 0.050 seconds
[2024-12-14T11:30:02.671+0000] {processor.py:186} INFO - Started process (PID=416) to work on /home/airflow/.local/lib/python3.12/site-packages/airflow/example_dags/example_bash_decorator.py
[2024-12-14T11:30:02.673+0000] {processor.py:914} INFO - Processing file /home/airflow/.local/lib/python3.12/site-packages/airflow/example_dags/example_bash_decorator.py for tasks to queue
[2024-12-14T11:30:02.674+0000] {logging_mixin.py:190} INFO - [2024-12-14T11:30:02.674+0000] {dagbag.py:588} INFO - Filling up the DagBag from /home/airflow/.local/lib/python3.12/site-packages/airflow/example_dags/example_bash_decorator.py
[2024-12-14T11:30:02.681+0000] {processor.py:925} INFO - DAG(s) 'example_bash_decorator' retrieved from /home/airflow/.local/lib/python3.12/site-packages/airflow/example_dags/example_bash_decorator.py
[2024-12-14T11:30:02.694+0000] {logging_mixin.py:190} INFO - [2024-12-14T11:30:02.694+0000] {dag.py:3239} INFO - Sync 1 DAGs
[2024-12-14T11:30:02.701+0000] {logging_mixin.py:190} INFO - [2024-12-14T11:30:02.701+0000] {dag.py:4180} INFO - Setting next_dagrun for example_bash_decorator to None, run_after=None
[2024-12-14T11:30:02.710+0000] {processor.py:208} INFO - Processing /home/airflow/.local/lib/python3.12/site-packages/airflow/example_dags/example_bash_decorator.py took 0.042 seconds
[2024-12-14T11:30:33.738+0000] {processor.py:186} INFO - Started process (PID=480) to work on /home/airflow/.local/lib/python3.12/site-packages/airflow/example_dags/example_bash_decorator.py
[2024-12-14T11:30:33.739+0000] {processor.py:914} INFO - Processing file /home/airflow/.local/lib/python3.12/site-packages/airflow/example_dags/example_bash_decorator.py for tasks to queue
[2024-12-14T11:30:33.742+0000] {logging_mixin.py:190} INFO - [2024-12-14T11:30:33.742+0000] {dagbag.py:588} INFO - Filling up the DagBag from /home/airflow/.local/lib/python3.12/site-packages/airflow/example_dags/example_bash_decorator.py
[2024-12-14T11:30:33.751+0000] {processor.py:925} INFO - DAG(s) 'example_bash_decorator' retrieved from /home/airflow/.local/lib/python3.12/site-packages/airflow/example_dags/example_bash_decorator.py
[2024-12-14T11:30:33.763+0000] {logging_mixin.py:190} INFO - [2024-12-14T11:30:33.763+0000] {dag.py:3239} INFO - Sync 1 DAGs
[2024-12-14T11:30:33.771+0000] {logging_mixin.py:190} INFO - [2024-12-14T11:30:33.771+0000] {dag.py:4180} INFO - Setting next_dagrun for example_bash_decorator to None, run_after=None
[2024-12-14T11:30:33.781+0000] {processor.py:208} INFO - Processing /home/airflow/.local/lib/python3.12/site-packages/airflow/example_dags/example_bash_decorator.py took 0.047 seconds
[2024-12-14T11:31:04.756+0000] {processor.py:186} INFO - Started process (PID=544) to work on /home/airflow/.local/lib/python3.12/site-packages/airflow/example_dags/example_bash_decorator.py
[2024-12-14T11:31:04.758+0000] {processor.py:914} INFO - Processing file /home/airflow/.local/lib/python3.12/site-packages/airflow/example_dags/example_bash_decorator.py for tasks to queue
[2024-12-14T11:31:04.760+0000] {logging_mixin.py:190} INFO - [2024-12-14T11:31:04.760+0000] {dagbag.py:588} INFO - Filling up the DagBag from /home/airflow/.local/lib/python3.12/site-packages/airflow/example_dags/example_bash_decorator.py
[2024-12-14T11:31:04.771+0000] {processor.py:925} INFO - DAG(s) 'example_bash_decorator' retrieved from /home/airflow/.local/lib/python3.12/site-packages/airflow/example_dags/example_bash_decorator.py
[2024-12-14T11:31:04.786+0000] {logging_mixin.py:190} INFO - [2024-12-14T11:31:04.786+0000] {dag.py:3239} INFO - Sync 1 DAGs
[2024-12-14T11:31:04.794+0000] {logging_mixin.py:190} INFO - [2024-12-14T11:31:04.794+0000] {dag.py:4180} INFO - Setting next_dagrun for example_bash_decorator to None, run_after=None
[2024-12-14T11:31:04.803+0000] {processor.py:208} INFO - Processing /home/airflow/.local/lib/python3.12/site-packages/airflow/example_dags/example_bash_decorator.py took 0.050 seconds
[2024-12-14T11:31:36.144+0000] {processor.py:186} INFO - Started process (PID=608) to work on /home/airflow/.local/lib/python3.12/site-packages/airflow/example_dags/example_bash_decorator.py
[2024-12-14T11:31:36.145+0000] {processor.py:914} INFO - Processing file /home/airflow/.local/lib/python3.12/site-packages/airflow/example_dags/example_bash_decorator.py for tasks to queue
[2024-12-14T11:31:36.146+0000] {logging_mixin.py:190} INFO - [2024-12-14T11:31:36.146+0000] {dagbag.py:588} INFO - Filling up the DagBag from /home/airflow/.local/lib/python3.12/site-packages/airflow/example_dags/example_bash_decorator.py
[2024-12-14T11:31:36.154+0000] {processor.py:925} INFO - DAG(s) 'example_bash_decorator' retrieved from /home/airflow/.local/lib/python3.12/site-packages/airflow/example_dags/example_bash_decorator.py
[2024-12-14T11:31:36.165+0000] {logging_mixin.py:190} INFO - [2024-12-14T11:31:36.165+0000] {dag.py:3239} INFO - Sync 1 DAGs
[2024-12-14T11:31:36.172+0000] {logging_mixin.py:190} INFO - [2024-12-14T11:31:36.172+0000] {dag.py:4180} INFO - Setting next_dagrun for example_bash_decorator to None, run_after=None
[2024-12-14T11:31:36.180+0000] {processor.py:208} INFO - Processing /home/airflow/.local/lib/python3.12/site-packages/airflow/example_dags/example_bash_decorator.py took 0.038 seconds
[2024-12-14T11:32:07.265+0000] {processor.py:186} INFO - Started process (PID=672) to work on /home/airflow/.local/lib/python3.12/site-packages/airflow/example_dags/example_bash_decorator.py
[2024-12-14T11:32:07.265+0000] {processor.py:914} INFO - Processing file /home/airflow/.local/lib/python3.12/site-packages/airflow/example_dags/example_bash_decorator.py for tasks to queue
[2024-12-14T11:32:07.267+0000] {logging_mixin.py:190} INFO - [2024-12-14T11:32:07.266+0000] {dagbag.py:588} INFO - Filling up the DagBag from /home/airflow/.local/lib/python3.12/site-packages/airflow/example_dags/example_bash_decorator.py
[2024-12-14T11:32:07.274+0000] {processor.py:925} INFO - DAG(s) 'example_bash_decorator' retrieved from /home/airflow/.local/lib/python3.12/site-packages/airflow/example_dags/example_bash_decorator.py
[2024-12-14T11:32:07.286+0000] {logging_mixin.py:190} INFO - [2024-12-14T11:32:07.286+0000] {dag.py:3239} INFO - Sync 1 DAGs
[2024-12-14T11:32:07.292+0000] {logging_mixin.py:190} INFO - [2024-12-14T11:32:07.292+0000] {dag.py:4180} INFO - Setting next_dagrun for example_bash_decorator to None, run_after=None
[2024-12-14T11:32:07.302+0000] {processor.py:208} INFO - Processing /home/airflow/.local/lib/python3.12/site-packages/airflow/example_dags/example_bash_decorator.py took 0.040 seconds
[2024-12-14T11:32:38.414+0000] {processor.py:186} INFO - Started process (PID=735) to work on /home/airflow/.local/lib/python3.12/site-packages/airflow/example_dags/example_bash_decorator.py
[2024-12-14T11:32:38.415+0000] {processor.py:914} INFO - Processing file /home/airflow/.local/lib/python3.12/site-packages/airflow/example_dags/example_bash_decorator.py for tasks to queue
[2024-12-14T11:32:38.416+0000] {logging_mixin.py:190} INFO - [2024-12-14T11:32:38.416+0000] {dagbag.py:588} INFO - Filling up the DagBag from /home/airflow/.local/lib/python3.12/site-packages/airflow/example_dags/example_bash_decorator.py
[2024-12-14T11:32:38.423+0000] {processor.py:925} INFO - DAG(s) 'example_bash_decorator' retrieved from /home/airflow/.local/lib/python3.12/site-packages/airflow/example_dags/example_bash_decorator.py
[2024-12-14T11:32:38.435+0000] {logging_mixin.py:190} INFO - [2024-12-14T11:32:38.435+0000] {dag.py:3239} INFO - Sync 1 DAGs
[2024-12-14T11:32:38.442+0000] {logging_mixin.py:190} INFO - [2024-12-14T11:32:38.441+0000] {dag.py:4180} INFO - Setting next_dagrun for example_bash_decorator to None, run_after=None
[2024-12-14T11:32:38.450+0000] {processor.py:208} INFO - Processing /home/airflow/.local/lib/python3.12/site-packages/airflow/example_dags/example_bash_decorator.py took 0.039 seconds
[2024-12-14T11:33:09.531+0000] {processor.py:186} INFO - Started process (PID=799) to work on /home/airflow/.local/lib/python3.12/site-packages/airflow/example_dags/example_bash_decorator.py
[2024-12-14T11:33:09.532+0000] {processor.py:914} INFO - Processing file /home/airflow/.local/lib/python3.12/site-packages/airflow/example_dags/example_bash_decorator.py for tasks to queue
[2024-12-14T11:33:09.533+0000] {logging_mixin.py:190} INFO - [2024-12-14T11:33:09.533+0000] {dagbag.py:588} INFO - Filling up the DagBag from /home/airflow/.local/lib/python3.12/site-packages/airflow/example_dags/example_bash_decorator.py
[2024-12-14T11:33:09.541+0000] {processor.py:925} INFO - DAG(s) 'example_bash_decorator' retrieved from /home/airflow/.local/lib/python3.12/site-packages/airflow/example_dags/example_bash_decorator.py
[2024-12-14T11:33:09.553+0000] {logging_mixin.py:190} INFO - [2024-12-14T11:33:09.553+0000] {dag.py:3239} INFO - Sync 1 DAGs
[2024-12-14T11:33:09.560+0000] {logging_mixin.py:190} INFO - [2024-12-14T11:33:09.560+0000] {dag.py:4180} INFO - Setting next_dagrun for example_bash_decorator to None, run_after=None
[2024-12-14T11:33:09.569+0000] {processor.py:208} INFO - Processing /home/airflow/.local/lib/python3.12/site-packages/airflow/example_dags/example_bash_decorator.py took 0.042 seconds
[2024-12-14T11:33:40.725+0000] {processor.py:186} INFO - Started process (PID=863) to work on /home/airflow/.local/lib/python3.12/site-packages/airflow/example_dags/example_bash_decorator.py
[2024-12-14T11:33:40.727+0000] {processor.py:914} INFO - Processing file /home/airflow/.local/lib/python3.12/site-packages/airflow/example_dags/example_bash_decorator.py for tasks to queue
[2024-12-14T11:33:40.733+0000] {logging_mixin.py:190} INFO - [2024-12-14T11:33:40.733+0000] {dagbag.py:588} INFO - Filling up the DagBag from /home/airflow/.local/lib/python3.12/site-packages/airflow/example_dags/example_bash_decorator.py
[2024-12-14T11:33:40.742+0000] {processor.py:925} INFO - DAG(s) 'example_bash_decorator' retrieved from /home/airflow/.local/lib/python3.12/site-packages/airflow/example_dags/example_bash_decorator.py
[2024-12-14T11:33:40.757+0000] {logging_mixin.py:190} INFO - [2024-12-14T11:33:40.757+0000] {dag.py:3239} INFO - Sync 1 DAGs
[2024-12-14T11:33:40.765+0000] {logging_mixin.py:190} INFO - [2024-12-14T11:33:40.765+0000] {dag.py:4180} INFO - Setting next_dagrun for example_bash_decorator to None, run_after=None
[2024-12-14T11:33:40.774+0000] {processor.py:208} INFO - Processing /home/airflow/.local/lib/python3.12/site-packages/airflow/example_dags/example_bash_decorator.py took 0.053 seconds
