[2024-12-14T11:27:23.946+0000] {processor.py:186} INFO - Started process (PID=61) to work on /home/airflow/.local/lib/python3.12/site-packages/airflow/example_dags/tutorial.py
[2024-12-14T11:27:23.947+0000] {processor.py:914} INFO - Processing file /home/airflow/.local/lib/python3.12/site-packages/airflow/example_dags/tutorial.py for tasks to queue
[2024-12-14T11:27:23.949+0000] {logging_mixin.py:190} INFO - [2024-12-14T11:27:23.948+0000] {dagbag.py:588} INFO - Filling up the DagBag from /home/airflow/.local/lib/python3.12/site-packages/airflow/example_dags/tutorial.py
[2024-12-14T11:27:23.959+0000] {processor.py:925} INFO - DAG(s) 'tutorial' retrieved from /home/airflow/.local/lib/python3.12/site-packages/airflow/example_dags/tutorial.py
[2024-12-14T11:27:23.973+0000] {logging_mixin.py:190} INFO - [2024-12-14T11:27:23.973+0000] {dag.py:3239} INFO - Sync 1 DAGs
[2024-12-14T11:27:23.987+0000] {logging_mixin.py:190} INFO - [2024-12-14T11:27:23.987+0000] {dag.py:4180} INFO - Setting next_dagrun for tutorial to 2024-12-13 00:00:00+00:00, run_after=2024-12-14 00:00:00+00:00
[2024-12-14T11:27:23.999+0000] {processor.py:208} INFO - Processing /home/airflow/.local/lib/python3.12/site-packages/airflow/example_dags/tutorial.py took 0.059 seconds
[2024-12-14T11:27:54.222+0000] {processor.py:186} INFO - Started process (PID=124) to work on /home/airflow/.local/lib/python3.12/site-packages/airflow/example_dags/tutorial.py
[2024-12-14T11:27:54.223+0000] {processor.py:914} INFO - Processing file /home/airflow/.local/lib/python3.12/site-packages/airflow/example_dags/tutorial.py for tasks to queue
[2024-12-14T11:27:54.226+0000] {logging_mixin.py:190} INFO - [2024-12-14T11:27:54.226+0000] {dagbag.py:588} INFO - Filling up the DagBag from /home/airflow/.local/lib/python3.12/site-packages/airflow/example_dags/tutorial.py
[2024-12-14T11:27:54.230+0000] {processor.py:925} INFO - DAG(s) 'tutorial' retrieved from /home/airflow/.local/lib/python3.12/site-packages/airflow/example_dags/tutorial.py
[2024-12-14T11:27:54.242+0000] {logging_mixin.py:190} INFO - [2024-12-14T11:27:54.241+0000] {dag.py:3239} INFO - Sync 1 DAGs
[2024-12-14T11:27:54.255+0000] {logging_mixin.py:190} INFO - [2024-12-14T11:27:54.255+0000] {dag.py:4180} INFO - Setting next_dagrun for tutorial to 2024-12-13 00:00:00+00:00, run_after=2024-12-14 00:00:00+00:00
[2024-12-14T11:27:54.266+0000] {processor.py:208} INFO - Processing /home/airflow/.local/lib/python3.12/site-packages/airflow/example_dags/tutorial.py took 0.047 seconds
[2024-12-14T11:28:24.847+0000] {processor.py:186} INFO - Started process (PID=194) to work on /home/airflow/.local/lib/python3.12/site-packages/airflow/example_dags/tutorial.py
[2024-12-14T11:28:24.850+0000] {processor.py:914} INFO - Processing file /home/airflow/.local/lib/python3.12/site-packages/airflow/example_dags/tutorial.py for tasks to queue
[2024-12-14T11:28:24.855+0000] {logging_mixin.py:190} INFO - [2024-12-14T11:28:24.854+0000] {dagbag.py:588} INFO - Filling up the DagBag from /home/airflow/.local/lib/python3.12/site-packages/airflow/example_dags/tutorial.py
[2024-12-14T11:28:24.859+0000] {processor.py:925} INFO - DAG(s) 'tutorial' retrieved from /home/airflow/.local/lib/python3.12/site-packages/airflow/example_dags/tutorial.py
[2024-12-14T11:28:24.875+0000] {logging_mixin.py:190} INFO - [2024-12-14T11:28:24.875+0000] {dag.py:3239} INFO - Sync 1 DAGs
[2024-12-14T11:28:24.886+0000] {logging_mixin.py:190} INFO - [2024-12-14T11:28:24.886+0000] {dag.py:4180} INFO - Setting next_dagrun for tutorial to 2024-12-13 00:00:00+00:00, run_after=2024-12-14 00:00:00+00:00
[2024-12-14T11:28:24.895+0000] {processor.py:208} INFO - Processing /home/airflow/.local/lib/python3.12/site-packages/airflow/example_dags/tutorial.py took 0.052 seconds
[2024-12-14T11:28:55.465+0000] {processor.py:186} INFO - Started process (PID=258) to work on /home/airflow/.local/lib/python3.12/site-packages/airflow/example_dags/tutorial.py
[2024-12-14T11:28:55.466+0000] {processor.py:914} INFO - Processing file /home/airflow/.local/lib/python3.12/site-packages/airflow/example_dags/tutorial.py for tasks to queue
[2024-12-14T11:28:55.469+0000] {logging_mixin.py:190} INFO - [2024-12-14T11:28:55.469+0000] {dagbag.py:588} INFO - Filling up the DagBag from /home/airflow/.local/lib/python3.12/site-packages/airflow/example_dags/tutorial.py
[2024-12-14T11:28:55.474+0000] {processor.py:925} INFO - DAG(s) 'tutorial' retrieved from /home/airflow/.local/lib/python3.12/site-packages/airflow/example_dags/tutorial.py
[2024-12-14T11:28:55.492+0000] {logging_mixin.py:190} INFO - [2024-12-14T11:28:55.492+0000] {dag.py:3239} INFO - Sync 1 DAGs
[2024-12-14T11:28:55.503+0000] {logging_mixin.py:190} INFO - [2024-12-14T11:28:55.503+0000] {dag.py:4180} INFO - Setting next_dagrun for tutorial to 2024-12-13 00:00:00+00:00, run_after=2024-12-14 00:00:00+00:00
[2024-12-14T11:28:55.517+0000] {processor.py:208} INFO - Processing /home/airflow/.local/lib/python3.12/site-packages/airflow/example_dags/tutorial.py took 0.056 seconds
[2024-12-14T11:29:25.862+0000] {processor.py:186} INFO - Started process (PID=322) to work on /home/airflow/.local/lib/python3.12/site-packages/airflow/example_dags/tutorial.py
[2024-12-14T11:29:25.866+0000] {processor.py:914} INFO - Processing file /home/airflow/.local/lib/python3.12/site-packages/airflow/example_dags/tutorial.py for tasks to queue
[2024-12-14T11:29:25.867+0000] {logging_mixin.py:190} INFO - [2024-12-14T11:29:25.867+0000] {dagbag.py:588} INFO - Filling up the DagBag from /home/airflow/.local/lib/python3.12/site-packages/airflow/example_dags/tutorial.py
[2024-12-14T11:29:25.872+0000] {processor.py:925} INFO - DAG(s) 'tutorial' retrieved from /home/airflow/.local/lib/python3.12/site-packages/airflow/example_dags/tutorial.py
[2024-12-14T11:29:25.889+0000] {logging_mixin.py:190} INFO - [2024-12-14T11:29:25.889+0000] {dag.py:3239} INFO - Sync 1 DAGs
[2024-12-14T11:29:25.901+0000] {logging_mixin.py:190} INFO - [2024-12-14T11:29:25.901+0000] {dag.py:4180} INFO - Setting next_dagrun for tutorial to 2024-12-13 00:00:00+00:00, run_after=2024-12-14 00:00:00+00:00
[2024-12-14T11:29:25.910+0000] {processor.py:208} INFO - Processing /home/airflow/.local/lib/python3.12/site-packages/airflow/example_dags/tutorial.py took 0.051 seconds
[2024-12-14T11:29:56.162+0000] {processor.py:186} INFO - Started process (PID=386) to work on /home/airflow/.local/lib/python3.12/site-packages/airflow/example_dags/tutorial.py
[2024-12-14T11:29:56.162+0000] {processor.py:914} INFO - Processing file /home/airflow/.local/lib/python3.12/site-packages/airflow/example_dags/tutorial.py for tasks to queue
[2024-12-14T11:29:56.164+0000] {logging_mixin.py:190} INFO - [2024-12-14T11:29:56.163+0000] {dagbag.py:588} INFO - Filling up the DagBag from /home/airflow/.local/lib/python3.12/site-packages/airflow/example_dags/tutorial.py
[2024-12-14T11:29:56.168+0000] {processor.py:925} INFO - DAG(s) 'tutorial' retrieved from /home/airflow/.local/lib/python3.12/site-packages/airflow/example_dags/tutorial.py
[2024-12-14T11:29:56.177+0000] {logging_mixin.py:190} INFO - [2024-12-14T11:29:56.177+0000] {dag.py:3239} INFO - Sync 1 DAGs
[2024-12-14T11:29:56.187+0000] {logging_mixin.py:190} INFO - [2024-12-14T11:29:56.187+0000] {dag.py:4180} INFO - Setting next_dagrun for tutorial to 2024-12-13 00:00:00+00:00, run_after=2024-12-14 00:00:00+00:00
[2024-12-14T11:29:56.195+0000] {processor.py:208} INFO - Processing /home/airflow/.local/lib/python3.12/site-packages/airflow/example_dags/tutorial.py took 0.036 seconds
[2024-12-14T11:30:27.248+0000] {processor.py:186} INFO - Started process (PID=450) to work on /home/airflow/.local/lib/python3.12/site-packages/airflow/example_dags/tutorial.py
[2024-12-14T11:30:27.249+0000] {processor.py:914} INFO - Processing file /home/airflow/.local/lib/python3.12/site-packages/airflow/example_dags/tutorial.py for tasks to queue
[2024-12-14T11:30:27.251+0000] {logging_mixin.py:190} INFO - [2024-12-14T11:30:27.251+0000] {dagbag.py:588} INFO - Filling up the DagBag from /home/airflow/.local/lib/python3.12/site-packages/airflow/example_dags/tutorial.py
[2024-12-14T11:30:27.256+0000] {processor.py:925} INFO - DAG(s) 'tutorial' retrieved from /home/airflow/.local/lib/python3.12/site-packages/airflow/example_dags/tutorial.py
[2024-12-14T11:30:27.266+0000] {logging_mixin.py:190} INFO - [2024-12-14T11:30:27.266+0000] {dag.py:3239} INFO - Sync 1 DAGs
[2024-12-14T11:30:27.279+0000] {logging_mixin.py:190} INFO - [2024-12-14T11:30:27.279+0000] {dag.py:4180} INFO - Setting next_dagrun for tutorial to 2024-12-13 00:00:00+00:00, run_after=2024-12-14 00:00:00+00:00
[2024-12-14T11:30:27.291+0000] {processor.py:208} INFO - Processing /home/airflow/.local/lib/python3.12/site-packages/airflow/example_dags/tutorial.py took 0.046 seconds
[2024-12-14T11:30:58.280+0000] {processor.py:186} INFO - Started process (PID=514) to work on /home/airflow/.local/lib/python3.12/site-packages/airflow/example_dags/tutorial.py
[2024-12-14T11:30:58.281+0000] {processor.py:914} INFO - Processing file /home/airflow/.local/lib/python3.12/site-packages/airflow/example_dags/tutorial.py for tasks to queue
[2024-12-14T11:30:58.282+0000] {logging_mixin.py:190} INFO - [2024-12-14T11:30:58.282+0000] {dagbag.py:588} INFO - Filling up the DagBag from /home/airflow/.local/lib/python3.12/site-packages/airflow/example_dags/tutorial.py
[2024-12-14T11:30:58.288+0000] {processor.py:925} INFO - DAG(s) 'tutorial' retrieved from /home/airflow/.local/lib/python3.12/site-packages/airflow/example_dags/tutorial.py
[2024-12-14T11:30:58.298+0000] {logging_mixin.py:190} INFO - [2024-12-14T11:30:58.298+0000] {dag.py:3239} INFO - Sync 1 DAGs
[2024-12-14T11:30:58.309+0000] {logging_mixin.py:190} INFO - [2024-12-14T11:30:58.309+0000] {dag.py:4180} INFO - Setting next_dagrun for tutorial to 2024-12-13 00:00:00+00:00, run_after=2024-12-14 00:00:00+00:00
[2024-12-14T11:30:58.320+0000] {processor.py:208} INFO - Processing /home/airflow/.local/lib/python3.12/site-packages/airflow/example_dags/tutorial.py took 0.043 seconds
[2024-12-14T11:31:28.676+0000] {processor.py:186} INFO - Started process (PID=578) to work on /home/airflow/.local/lib/python3.12/site-packages/airflow/example_dags/tutorial.py
[2024-12-14T11:31:28.677+0000] {processor.py:914} INFO - Processing file /home/airflow/.local/lib/python3.12/site-packages/airflow/example_dags/tutorial.py for tasks to queue
[2024-12-14T11:31:28.678+0000] {logging_mixin.py:190} INFO - [2024-12-14T11:31:28.678+0000] {dagbag.py:588} INFO - Filling up the DagBag from /home/airflow/.local/lib/python3.12/site-packages/airflow/example_dags/tutorial.py
[2024-12-14T11:31:28.682+0000] {processor.py:925} INFO - DAG(s) 'tutorial' retrieved from /home/airflow/.local/lib/python3.12/site-packages/airflow/example_dags/tutorial.py
[2024-12-14T11:31:28.693+0000] {logging_mixin.py:190} INFO - [2024-12-14T11:31:28.693+0000] {dag.py:3239} INFO - Sync 1 DAGs
[2024-12-14T11:31:28.705+0000] {logging_mixin.py:190} INFO - [2024-12-14T11:31:28.705+0000] {dag.py:4180} INFO - Setting next_dagrun for tutorial to 2024-12-13 00:00:00+00:00, run_after=2024-12-14 00:00:00+00:00
[2024-12-14T11:31:28.719+0000] {processor.py:208} INFO - Processing /home/airflow/.local/lib/python3.12/site-packages/airflow/example_dags/tutorial.py took 0.047 seconds
[2024-12-14T11:31:59.662+0000] {processor.py:186} INFO - Started process (PID=642) to work on /home/airflow/.local/lib/python3.12/site-packages/airflow/example_dags/tutorial.py
[2024-12-14T11:31:59.663+0000] {processor.py:914} INFO - Processing file /home/airflow/.local/lib/python3.12/site-packages/airflow/example_dags/tutorial.py for tasks to queue
[2024-12-14T11:31:59.664+0000] {logging_mixin.py:190} INFO - [2024-12-14T11:31:59.664+0000] {dagbag.py:588} INFO - Filling up the DagBag from /home/airflow/.local/lib/python3.12/site-packages/airflow/example_dags/tutorial.py
[2024-12-14T11:31:59.670+0000] {processor.py:925} INFO - DAG(s) 'tutorial' retrieved from /home/airflow/.local/lib/python3.12/site-packages/airflow/example_dags/tutorial.py
[2024-12-14T11:31:59.684+0000] {logging_mixin.py:190} INFO - [2024-12-14T11:31:59.683+0000] {dag.py:3239} INFO - Sync 1 DAGs
[2024-12-14T11:31:59.698+0000] {logging_mixin.py:190} INFO - [2024-12-14T11:31:59.698+0000] {dag.py:4180} INFO - Setting next_dagrun for tutorial to 2024-12-13 00:00:00+00:00, run_after=2024-12-14 00:00:00+00:00
[2024-12-14T11:31:59.709+0000] {processor.py:208} INFO - Processing /home/airflow/.local/lib/python3.12/site-packages/airflow/example_dags/tutorial.py took 0.049 seconds
[2024-12-14T11:32:29.888+0000] {processor.py:186} INFO - Started process (PID=705) to work on /home/airflow/.local/lib/python3.12/site-packages/airflow/example_dags/tutorial.py
[2024-12-14T11:32:29.888+0000] {processor.py:914} INFO - Processing file /home/airflow/.local/lib/python3.12/site-packages/airflow/example_dags/tutorial.py for tasks to queue
[2024-12-14T11:32:29.890+0000] {logging_mixin.py:190} INFO - [2024-12-14T11:32:29.890+0000] {dagbag.py:588} INFO - Filling up the DagBag from /home/airflow/.local/lib/python3.12/site-packages/airflow/example_dags/tutorial.py
[2024-12-14T11:32:29.894+0000] {processor.py:925} INFO - DAG(s) 'tutorial' retrieved from /home/airflow/.local/lib/python3.12/site-packages/airflow/example_dags/tutorial.py
[2024-12-14T11:32:29.905+0000] {logging_mixin.py:190} INFO - [2024-12-14T11:32:29.905+0000] {dag.py:3239} INFO - Sync 1 DAGs
[2024-12-14T11:32:29.920+0000] {logging_mixin.py:190} INFO - [2024-12-14T11:32:29.920+0000] {dag.py:4180} INFO - Setting next_dagrun for tutorial to 2024-12-13 00:00:00+00:00, run_after=2024-12-14 00:00:00+00:00
[2024-12-14T11:32:29.929+0000] {processor.py:208} INFO - Processing /home/airflow/.local/lib/python3.12/site-packages/airflow/example_dags/tutorial.py took 0.046 seconds
[2024-12-14T11:33:00.971+0000] {processor.py:186} INFO - Started process (PID=769) to work on /home/airflow/.local/lib/python3.12/site-packages/airflow/example_dags/tutorial.py
[2024-12-14T11:33:00.973+0000] {processor.py:914} INFO - Processing file /home/airflow/.local/lib/python3.12/site-packages/airflow/example_dags/tutorial.py for tasks to queue
[2024-12-14T11:33:00.975+0000] {logging_mixin.py:190} INFO - [2024-12-14T11:33:00.975+0000] {dagbag.py:588} INFO - Filling up the DagBag from /home/airflow/.local/lib/python3.12/site-packages/airflow/example_dags/tutorial.py
[2024-12-14T11:33:00.981+0000] {processor.py:925} INFO - DAG(s) 'tutorial' retrieved from /home/airflow/.local/lib/python3.12/site-packages/airflow/example_dags/tutorial.py
[2024-12-14T11:33:00.996+0000] {logging_mixin.py:190} INFO - [2024-12-14T11:33:00.996+0000] {dag.py:3239} INFO - Sync 1 DAGs
[2024-12-14T11:33:01.008+0000] {logging_mixin.py:190} INFO - [2024-12-14T11:33:01.008+0000] {dag.py:4180} INFO - Setting next_dagrun for tutorial to 2024-12-13 00:00:00+00:00, run_after=2024-12-14 00:00:00+00:00
[2024-12-14T11:33:01.018+0000] {processor.py:208} INFO - Processing /home/airflow/.local/lib/python3.12/site-packages/airflow/example_dags/tutorial.py took 0.053 seconds
[2024-12-14T11:33:32.145+0000] {processor.py:186} INFO - Started process (PID=833) to work on /home/airflow/.local/lib/python3.12/site-packages/airflow/example_dags/tutorial.py
[2024-12-14T11:33:32.145+0000] {processor.py:914} INFO - Processing file /home/airflow/.local/lib/python3.12/site-packages/airflow/example_dags/tutorial.py for tasks to queue
[2024-12-14T11:33:32.147+0000] {logging_mixin.py:190} INFO - [2024-12-14T11:33:32.146+0000] {dagbag.py:588} INFO - Filling up the DagBag from /home/airflow/.local/lib/python3.12/site-packages/airflow/example_dags/tutorial.py
[2024-12-14T11:33:32.151+0000] {processor.py:925} INFO - DAG(s) 'tutorial' retrieved from /home/airflow/.local/lib/python3.12/site-packages/airflow/example_dags/tutorial.py
[2024-12-14T11:33:32.163+0000] {logging_mixin.py:190} INFO - [2024-12-14T11:33:32.163+0000] {dag.py:3239} INFO - Sync 1 DAGs
[2024-12-14T11:33:32.175+0000] {logging_mixin.py:190} INFO - [2024-12-14T11:33:32.175+0000] {dag.py:4180} INFO - Setting next_dagrun for tutorial to 2024-12-13 00:00:00+00:00, run_after=2024-12-14 00:00:00+00:00
[2024-12-14T11:33:32.186+0000] {processor.py:208} INFO - Processing /home/airflow/.local/lib/python3.12/site-packages/airflow/example_dags/tutorial.py took 0.044 seconds
