[2024-12-14T11:27:22.582+0000] {processor.py:186} INFO - Started process (PID=48) to work on /opt/airflow/dags/movielens_pipeline.py
[2024-12-14T11:27:22.584+0000] {processor.py:914} INFO - Processing file /opt/airflow/dags/movielens_pipeline.py for tasks to queue
[2024-12-14T11:27:22.591+0000] {logging_mixin.py:190} INFO - [2024-12-14T11:27:22.590+0000] {dagbag.py:588} INFO - Filling up the DagBag from /opt/airflow/dags/movielens_pipeline.py
[2024-12-14T11:27:23.108+0000] {processor.py:925} INFO - DAG(s) 'movielens_pipeline' retrieved from /opt/airflow/dags/movielens_pipeline.py
[2024-12-14T11:27:23.193+0000] {logging_mixin.py:190} INFO - [2024-12-14T11:27:23.193+0000] {dag.py:3239} INFO - Sync 1 DAGs
[2024-12-14T11:27:23.216+0000] {logging_mixin.py:190} INFO - [2024-12-14T11:27:23.215+0000] {dag.py:4180} INFO - Setting next_dagrun for movielens_pipeline to None, run_after=None
[2024-12-14T11:27:23.246+0000] {processor.py:208} INFO - Processing /opt/airflow/dags/movielens_pipeline.py took 0.671 seconds
[2024-12-14T11:27:53.666+0000] {processor.py:186} INFO - Started process (PID=112) to work on /opt/airflow/dags/movielens_pipeline.py
[2024-12-14T11:27:53.669+0000] {processor.py:914} INFO - Processing file /opt/airflow/dags/movielens_pipeline.py for tasks to queue
[2024-12-14T11:27:53.672+0000] {logging_mixin.py:190} INFO - [2024-12-14T11:27:53.672+0000] {dagbag.py:588} INFO - Filling up the DagBag from /opt/airflow/dags/movielens_pipeline.py
[2024-12-14T11:27:53.932+0000] {processor.py:925} INFO - DAG(s) 'movielens_pipeline' retrieved from /opt/airflow/dags/movielens_pipeline.py
[2024-12-14T11:27:53.949+0000] {logging_mixin.py:190} INFO - [2024-12-14T11:27:53.949+0000] {dag.py:3239} INFO - Sync 1 DAGs
[2024-12-14T11:27:53.956+0000] {logging_mixin.py:190} INFO - [2024-12-14T11:27:53.956+0000] {dag.py:4180} INFO - Setting next_dagrun for movielens_pipeline to None, run_after=None
[2024-12-14T11:27:53.968+0000] {processor.py:208} INFO - Processing /opt/airflow/dags/movielens_pipeline.py took 0.310 seconds
[2024-12-14T11:28:24.296+0000] {processor.py:186} INFO - Started process (PID=176) to work on /opt/airflow/dags/movielens_pipeline.py
[2024-12-14T11:28:24.298+0000] {processor.py:914} INFO - Processing file /opt/airflow/dags/movielens_pipeline.py for tasks to queue
[2024-12-14T11:28:24.303+0000] {logging_mixin.py:190} INFO - [2024-12-14T11:28:24.302+0000] {dagbag.py:588} INFO - Filling up the DagBag from /opt/airflow/dags/movielens_pipeline.py
[2024-12-14T11:28:24.599+0000] {processor.py:925} INFO - DAG(s) 'movielens_pipeline' retrieved from /opt/airflow/dags/movielens_pipeline.py
[2024-12-14T11:28:24.609+0000] {logging_mixin.py:190} INFO - [2024-12-14T11:28:24.609+0000] {dag.py:3239} INFO - Sync 1 DAGs
[2024-12-14T11:28:24.620+0000] {logging_mixin.py:190} INFO - [2024-12-14T11:28:24.620+0000] {dag.py:4180} INFO - Setting next_dagrun for movielens_pipeline to None, run_after=None
[2024-12-14T11:28:24.636+0000] {processor.py:208} INFO - Processing /opt/airflow/dags/movielens_pipeline.py took 0.357 seconds
[2024-12-14T11:28:54.874+0000] {processor.py:186} INFO - Started process (PID=246) to work on /opt/airflow/dags/movielens_pipeline.py
[2024-12-14T11:28:54.877+0000] {processor.py:914} INFO - Processing file /opt/airflow/dags/movielens_pipeline.py for tasks to queue
[2024-12-14T11:28:54.883+0000] {logging_mixin.py:190} INFO - [2024-12-14T11:28:54.882+0000] {dagbag.py:588} INFO - Filling up the DagBag from /opt/airflow/dags/movielens_pipeline.py
[2024-12-14T11:28:55.105+0000] {processor.py:925} INFO - DAG(s) 'movielens_pipeline' retrieved from /opt/airflow/dags/movielens_pipeline.py
[2024-12-14T11:28:55.119+0000] {logging_mixin.py:190} INFO - [2024-12-14T11:28:55.119+0000] {dag.py:3239} INFO - Sync 1 DAGs
[2024-12-14T11:28:55.128+0000] {logging_mixin.py:190} INFO - [2024-12-14T11:28:55.128+0000] {dag.py:4180} INFO - Setting next_dagrun for movielens_pipeline to None, run_after=None
[2024-12-14T11:28:55.140+0000] {processor.py:208} INFO - Processing /opt/airflow/dags/movielens_pipeline.py took 0.276 seconds
[2024-12-14T11:29:25.296+0000] {processor.py:186} INFO - Started process (PID=310) to work on /opt/airflow/dags/movielens_pipeline.py
[2024-12-14T11:29:25.301+0000] {processor.py:914} INFO - Processing file /opt/airflow/dags/movielens_pipeline.py for tasks to queue
[2024-12-14T11:29:25.304+0000] {logging_mixin.py:190} INFO - [2024-12-14T11:29:25.304+0000] {dagbag.py:588} INFO - Filling up the DagBag from /opt/airflow/dags/movielens_pipeline.py
[2024-12-14T11:29:25.530+0000] {processor.py:925} INFO - DAG(s) 'movielens_pipeline' retrieved from /opt/airflow/dags/movielens_pipeline.py
[2024-12-14T11:29:25.545+0000] {logging_mixin.py:190} INFO - [2024-12-14T11:29:25.544+0000] {dag.py:3239} INFO - Sync 1 DAGs
[2024-12-14T11:29:25.556+0000] {logging_mixin.py:190} INFO - [2024-12-14T11:29:25.556+0000] {dag.py:4180} INFO - Setting next_dagrun for movielens_pipeline to None, run_after=None
[2024-12-14T11:29:25.573+0000] {processor.py:208} INFO - Processing /opt/airflow/dags/movielens_pipeline.py took 0.292 seconds
[2024-12-14T11:29:55.611+0000] {processor.py:186} INFO - Started process (PID=376) to work on /opt/airflow/dags/movielens_pipeline.py
[2024-12-14T11:29:55.612+0000] {processor.py:914} INFO - Processing file /opt/airflow/dags/movielens_pipeline.py for tasks to queue
[2024-12-14T11:29:55.613+0000] {logging_mixin.py:190} INFO - [2024-12-14T11:29:55.613+0000] {dagbag.py:588} INFO - Filling up the DagBag from /opt/airflow/dags/movielens_pipeline.py
[2024-12-14T11:29:55.779+0000] {processor.py:925} INFO - DAG(s) 'movielens_pipeline' retrieved from /opt/airflow/dags/movielens_pipeline.py
[2024-12-14T11:29:55.792+0000] {logging_mixin.py:190} INFO - [2024-12-14T11:29:55.791+0000] {dag.py:3239} INFO - Sync 1 DAGs
[2024-12-14T11:29:55.799+0000] {logging_mixin.py:190} INFO - [2024-12-14T11:29:55.798+0000] {dag.py:4180} INFO - Setting next_dagrun for movielens_pipeline to None, run_after=None
[2024-12-14T11:29:55.807+0000] {processor.py:208} INFO - Processing /opt/airflow/dags/movielens_pipeline.py took 0.217 seconds
[2024-12-14T11:30:26.808+0000] {processor.py:186} INFO - Started process (PID=440) to work on /opt/airflow/dags/movielens_pipeline.py
[2024-12-14T11:30:26.810+0000] {processor.py:914} INFO - Processing file /opt/airflow/dags/movielens_pipeline.py for tasks to queue
[2024-12-14T11:30:26.813+0000] {logging_mixin.py:190} INFO - [2024-12-14T11:30:26.813+0000] {dagbag.py:588} INFO - Filling up the DagBag from /opt/airflow/dags/movielens_pipeline.py
[2024-12-14T11:30:27.007+0000] {processor.py:925} INFO - DAG(s) 'movielens_pipeline' retrieved from /opt/airflow/dags/movielens_pipeline.py
[2024-12-14T11:30:27.020+0000] {logging_mixin.py:190} INFO - [2024-12-14T11:30:27.020+0000] {dag.py:3239} INFO - Sync 1 DAGs
[2024-12-14T11:30:27.028+0000] {logging_mixin.py:190} INFO - [2024-12-14T11:30:27.028+0000] {dag.py:4180} INFO - Setting next_dagrun for movielens_pipeline to None, run_after=None
[2024-12-14T11:30:27.044+0000] {processor.py:208} INFO - Processing /opt/airflow/dags/movielens_pipeline.py took 0.242 seconds
[2024-12-14T11:30:57.853+0000] {processor.py:186} INFO - Started process (PID=504) to work on /opt/airflow/dags/movielens_pipeline.py
[2024-12-14T11:30:57.855+0000] {processor.py:914} INFO - Processing file /opt/airflow/dags/movielens_pipeline.py for tasks to queue
[2024-12-14T11:30:57.858+0000] {logging_mixin.py:190} INFO - [2024-12-14T11:30:57.857+0000] {dagbag.py:588} INFO - Filling up the DagBag from /opt/airflow/dags/movielens_pipeline.py
[2024-12-14T11:30:58.058+0000] {processor.py:925} INFO - DAG(s) 'movielens_pipeline' retrieved from /opt/airflow/dags/movielens_pipeline.py
[2024-12-14T11:30:58.068+0000] {logging_mixin.py:190} INFO - [2024-12-14T11:30:58.068+0000] {dag.py:3239} INFO - Sync 1 DAGs
[2024-12-14T11:30:58.075+0000] {logging_mixin.py:190} INFO - [2024-12-14T11:30:58.075+0000] {dag.py:4180} INFO - Setting next_dagrun for movielens_pipeline to None, run_after=None
[2024-12-14T11:30:58.089+0000] {processor.py:208} INFO - Processing /opt/airflow/dags/movielens_pipeline.py took 0.244 seconds
[2024-12-14T11:31:28.259+0000] {processor.py:186} INFO - Started process (PID=570) to work on /opt/airflow/dags/movielens_pipeline.py
[2024-12-14T11:31:28.260+0000] {processor.py:914} INFO - Processing file /opt/airflow/dags/movielens_pipeline.py for tasks to queue
[2024-12-14T11:31:28.262+0000] {logging_mixin.py:190} INFO - [2024-12-14T11:31:28.262+0000] {dagbag.py:588} INFO - Filling up the DagBag from /opt/airflow/dags/movielens_pipeline.py
[2024-12-14T11:31:28.443+0000] {processor.py:925} INFO - DAG(s) 'movielens_pipeline' retrieved from /opt/airflow/dags/movielens_pipeline.py
[2024-12-14T11:31:28.454+0000] {logging_mixin.py:190} INFO - [2024-12-14T11:31:28.454+0000] {dag.py:3239} INFO - Sync 1 DAGs
[2024-12-14T11:31:28.656+0000] {logging_mixin.py:190} INFO - [2024-12-14T11:31:28.655+0000] {dag.py:4180} INFO - Setting next_dagrun for movielens_pipeline to None, run_after=None
[2024-12-14T11:31:28.665+0000] {processor.py:208} INFO - Processing /opt/airflow/dags/movielens_pipeline.py took 0.411 seconds
[2024-12-14T11:31:59.079+0000] {processor.py:186} INFO - Started process (PID=630) to work on /opt/airflow/dags/movielens_pipeline.py
[2024-12-14T11:31:59.081+0000] {processor.py:914} INFO - Processing file /opt/airflow/dags/movielens_pipeline.py for tasks to queue
[2024-12-14T11:31:59.087+0000] {logging_mixin.py:190} INFO - [2024-12-14T11:31:59.087+0000] {dagbag.py:588} INFO - Filling up the DagBag from /opt/airflow/dags/movielens_pipeline.py
[2024-12-14T11:31:59.342+0000] {processor.py:925} INFO - DAG(s) 'movielens_pipeline' retrieved from /opt/airflow/dags/movielens_pipeline.py
[2024-12-14T11:31:59.355+0000] {logging_mixin.py:190} INFO - [2024-12-14T11:31:59.355+0000] {dag.py:3239} INFO - Sync 1 DAGs
[2024-12-14T11:31:59.364+0000] {logging_mixin.py:190} INFO - [2024-12-14T11:31:59.364+0000] {dag.py:4180} INFO - Setting next_dagrun for movielens_pipeline to None, run_after=None
[2024-12-14T11:31:59.376+0000] {processor.py:208} INFO - Processing /opt/airflow/dags/movielens_pipeline.py took 0.310 seconds
[2024-12-14T11:32:29.396+0000] {processor.py:186} INFO - Started process (PID=695) to work on /opt/airflow/dags/movielens_pipeline.py
[2024-12-14T11:32:29.396+0000] {processor.py:914} INFO - Processing file /opt/airflow/dags/movielens_pipeline.py for tasks to queue
[2024-12-14T11:32:29.398+0000] {logging_mixin.py:190} INFO - [2024-12-14T11:32:29.398+0000] {dagbag.py:588} INFO - Filling up the DagBag from /opt/airflow/dags/movielens_pipeline.py
[2024-12-14T11:32:29.552+0000] {processor.py:925} INFO - DAG(s) 'movielens_pipeline' retrieved from /opt/airflow/dags/movielens_pipeline.py
[2024-12-14T11:32:29.561+0000] {logging_mixin.py:190} INFO - [2024-12-14T11:32:29.561+0000] {dag.py:3239} INFO - Sync 1 DAGs
[2024-12-14T11:32:29.568+0000] {logging_mixin.py:190} INFO - [2024-12-14T11:32:29.568+0000] {dag.py:4180} INFO - Setting next_dagrun for movielens_pipeline to None, run_after=None
[2024-12-14T11:32:29.577+0000] {processor.py:208} INFO - Processing /opt/airflow/dags/movielens_pipeline.py took 0.184 seconds
[2024-12-14T11:33:00.418+0000] {processor.py:186} INFO - Started process (PID=757) to work on /opt/airflow/dags/movielens_pipeline.py
[2024-12-14T11:33:00.419+0000] {processor.py:914} INFO - Processing file /opt/airflow/dags/movielens_pipeline.py for tasks to queue
[2024-12-14T11:33:00.426+0000] {logging_mixin.py:190} INFO - [2024-12-14T11:33:00.425+0000] {dagbag.py:588} INFO - Filling up the DagBag from /opt/airflow/dags/movielens_pipeline.py
[2024-12-14T11:33:00.651+0000] {processor.py:925} INFO - DAG(s) 'movielens_pipeline' retrieved from /opt/airflow/dags/movielens_pipeline.py
[2024-12-14T11:33:00.666+0000] {logging_mixin.py:190} INFO - [2024-12-14T11:33:00.666+0000] {dag.py:3239} INFO - Sync 1 DAGs
[2024-12-14T11:33:00.674+0000] {logging_mixin.py:190} INFO - [2024-12-14T11:33:00.674+0000] {dag.py:4180} INFO - Setting next_dagrun for movielens_pipeline to None, run_after=None
[2024-12-14T11:33:00.685+0000] {processor.py:208} INFO - Processing /opt/airflow/dags/movielens_pipeline.py took 0.293 seconds
[2024-12-14T11:33:31.520+0000] {processor.py:186} INFO - Started process (PID=821) to work on /opt/airflow/dags/movielens_pipeline.py
[2024-12-14T11:33:31.526+0000] {processor.py:914} INFO - Processing file /opt/airflow/dags/movielens_pipeline.py for tasks to queue
[2024-12-14T11:33:31.534+0000] {logging_mixin.py:190} INFO - [2024-12-14T11:33:31.534+0000] {dagbag.py:588} INFO - Filling up the DagBag from /opt/airflow/dags/movielens_pipeline.py
[2024-12-14T11:33:31.773+0000] {processor.py:925} INFO - DAG(s) 'movielens_pipeline' retrieved from /opt/airflow/dags/movielens_pipeline.py
[2024-12-14T11:33:31.992+0000] {logging_mixin.py:190} INFO - [2024-12-14T11:33:31.992+0000] {dag.py:3239} INFO - Sync 1 DAGs
[2024-12-14T11:33:31.998+0000] {logging_mixin.py:190} INFO - [2024-12-14T11:33:31.998+0000] {dag.py:4180} INFO - Setting next_dagrun for movielens_pipeline to None, run_after=None
[2024-12-14T11:33:32.009+0000] {processor.py:208} INFO - Processing /opt/airflow/dags/movielens_pipeline.py took 0.506 seconds
