[2024-12-13T17:01:46.643+0000] {processor.py:186} INFO - Started process (PID=48) to work on /opt/airflow/dags/movielens_pipeline.py
[2024-12-13T17:01:46.646+0000] {processor.py:914} INFO - Processing file /opt/airflow/dags/movielens_pipeline.py for tasks to queue
[2024-12-13T17:01:46.648+0000] {logging_mixin.py:190} INFO - [2024-12-13T17:01:46.648+0000] {dagbag.py:588} INFO - Filling up the DagBag from /opt/airflow/dags/movielens_pipeline.py
[2024-12-13T17:01:47.086+0000] {processor.py:925} INFO - DAG(s) 'movielens_pipeline' retrieved from /opt/airflow/dags/movielens_pipeline.py
[2024-12-13T17:01:47.142+0000] {logging_mixin.py:190} INFO - [2024-12-13T17:01:47.141+0000] {override.py:1911} INFO - Created Permission View: can edit on DAG:movielens_pipeline
[2024-12-13T17:01:47.151+0000] {logging_mixin.py:190} INFO - [2024-12-13T17:01:47.151+0000] {override.py:1911} INFO - Created Permission View: can read on DAG:movielens_pipeline
[2024-12-13T17:01:47.156+0000] {logging_mixin.py:190} INFO - [2024-12-13T17:01:47.156+0000] {override.py:1911} INFO - Created Permission View: can delete on DAG:movielens_pipeline
[2024-12-13T17:01:47.162+0000] {logging_mixin.py:190} INFO - [2024-12-13T17:01:47.162+0000] {override.py:1911} INFO - Created Permission View: can delete on DAG Run:movielens_pipeline
[2024-12-13T17:01:47.168+0000] {logging_mixin.py:190} INFO - [2024-12-13T17:01:47.167+0000] {override.py:1911} INFO - Created Permission View: can read on DAG Run:movielens_pipeline
[2024-12-13T17:01:47.171+0000] {logging_mixin.py:190} INFO - [2024-12-13T17:01:47.171+0000] {override.py:1911} INFO - Created Permission View: can create on DAG Run:movielens_pipeline
[2024-12-13T17:01:47.174+0000] {logging_mixin.py:190} INFO - [2024-12-13T17:01:47.174+0000] {override.py:1911} INFO - Created Permission View: menu access on DAG Run:movielens_pipeline
[2024-12-13T17:01:47.174+0000] {logging_mixin.py:190} INFO - [2024-12-13T17:01:47.174+0000] {dag.py:3239} INFO - Sync 1 DAGs
[2024-12-13T17:01:47.180+0000] {logging_mixin.py:190} INFO - [2024-12-13T17:01:47.180+0000] {dag.py:3262} INFO - Creating ORM DAG for movielens_pipeline
[2024-12-13T17:01:47.181+0000] {logging_mixin.py:190} INFO - [2024-12-13T17:01:47.181+0000] {dag.py:4180} INFO - Setting next_dagrun for movielens_pipeline to None, run_after=None
[2024-12-13T17:01:47.192+0000] {processor.py:208} INFO - Processing /opt/airflow/dags/movielens_pipeline.py took 0.555 seconds
[2024-12-13T17:02:17.277+0000] {processor.py:186} INFO - Started process (PID=114) to work on /opt/airflow/dags/movielens_pipeline.py
[2024-12-13T17:02:17.278+0000] {processor.py:914} INFO - Processing file /opt/airflow/dags/movielens_pipeline.py for tasks to queue
[2024-12-13T17:02:17.279+0000] {logging_mixin.py:190} INFO - [2024-12-13T17:02:17.279+0000] {dagbag.py:588} INFO - Filling up the DagBag from /opt/airflow/dags/movielens_pipeline.py
[2024-12-13T17:02:17.468+0000] {processor.py:925} INFO - DAG(s) 'movielens_pipeline' retrieved from /opt/airflow/dags/movielens_pipeline.py
[2024-12-13T17:02:17.479+0000] {logging_mixin.py:190} INFO - [2024-12-13T17:02:17.479+0000] {dag.py:3239} INFO - Sync 1 DAGs
[2024-12-13T17:02:17.487+0000] {logging_mixin.py:190} INFO - [2024-12-13T17:02:17.487+0000] {dag.py:4180} INFO - Setting next_dagrun for movielens_pipeline to None, run_after=None
[2024-12-13T17:02:17.497+0000] {processor.py:208} INFO - Processing /opt/airflow/dags/movielens_pipeline.py took 0.224 seconds
[2024-12-13T17:02:47.591+0000] {processor.py:186} INFO - Started process (PID=176) to work on /opt/airflow/dags/movielens_pipeline.py
[2024-12-13T17:02:47.592+0000] {processor.py:914} INFO - Processing file /opt/airflow/dags/movielens_pipeline.py for tasks to queue
[2024-12-13T17:02:47.595+0000] {logging_mixin.py:190} INFO - [2024-12-13T17:02:47.594+0000] {dagbag.py:588} INFO - Filling up the DagBag from /opt/airflow/dags/movielens_pipeline.py
[2024-12-13T17:02:47.795+0000] {processor.py:925} INFO - DAG(s) 'movielens_pipeline' retrieved from /opt/airflow/dags/movielens_pipeline.py
[2024-12-13T17:02:47.811+0000] {logging_mixin.py:190} INFO - [2024-12-13T17:02:47.810+0000] {dag.py:3239} INFO - Sync 1 DAGs
[2024-12-13T17:02:47.818+0000] {logging_mixin.py:190} INFO - [2024-12-13T17:02:47.818+0000] {dag.py:4180} INFO - Setting next_dagrun for movielens_pipeline to None, run_after=None
[2024-12-13T17:02:47.833+0000] {processor.py:208} INFO - Processing /opt/airflow/dags/movielens_pipeline.py took 0.251 seconds
[2024-12-13T17:03:18.664+0000] {processor.py:186} INFO - Started process (PID=240) to work on /opt/airflow/dags/movielens_pipeline.py
[2024-12-13T17:03:18.667+0000] {processor.py:914} INFO - Processing file /opt/airflow/dags/movielens_pipeline.py for tasks to queue
[2024-12-13T17:03:18.672+0000] {logging_mixin.py:190} INFO - [2024-12-13T17:03:18.671+0000] {dagbag.py:588} INFO - Filling up the DagBag from /opt/airflow/dags/movielens_pipeline.py
[2024-12-13T17:03:18.918+0000] {processor.py:925} INFO - DAG(s) 'movielens_pipeline' retrieved from /opt/airflow/dags/movielens_pipeline.py
[2024-12-13T17:03:18.931+0000] {logging_mixin.py:190} INFO - [2024-12-13T17:03:18.931+0000] {dag.py:3239} INFO - Sync 1 DAGs
[2024-12-13T17:03:18.939+0000] {logging_mixin.py:190} INFO - [2024-12-13T17:03:18.939+0000] {dag.py:4180} INFO - Setting next_dagrun for movielens_pipeline to None, run_after=None
[2024-12-13T17:03:18.951+0000] {processor.py:208} INFO - Processing /opt/airflow/dags/movielens_pipeline.py took 0.299 seconds
