[2024-12-13T17:02:36.089+0000] {local_task_job_runner.py:123} INFO - ::group::Pre task execution logs
[2024-12-13T17:02:36.097+0000] {taskinstance.py:2613} INFO - Dependencies all met for dep_context=non-requeueable deps ti=<TaskInstance: movielens_pipeline.split manual__2024-12-13T17:02:21.744359+00:00 [queued]>
[2024-12-13T17:02:36.101+0000] {taskinstance.py:2613} INFO - Dependencies all met for dep_context=requeueable deps ti=<TaskInstance: movielens_pipeline.split manual__2024-12-13T17:02:21.744359+00:00 [queued]>
[2024-12-13T17:02:36.101+0000] {taskinstance.py:2866} INFO - Starting attempt 1 of 1
[2024-12-13T17:02:36.108+0000] {taskinstance.py:2889} INFO - Executing <Task(PythonOperator): split> on 2024-12-13 17:02:21.744359+00:00
[2024-12-13T17:02:36.112+0000] {warnings.py:112} WARNING - /home/***/.local/lib/python3.12/site-packages/***/task/task_runner/standard_task_runner.py:70: DeprecationWarning: This process (pid=78) is multi-threaded, use of fork() may lead to deadlocks in the child.
  pid = os.fork()

[2024-12-13T17:02:36.113+0000] {standard_task_runner.py:72} INFO - Started process 79 to run task
[2024-12-13T17:02:36.114+0000] {standard_task_runner.py:104} INFO - Running: ['***', 'tasks', 'run', 'movielens_pipeline', 'split', 'manual__2024-12-13T17:02:21.744359+00:00', '--job-id', '4', '--raw', '--subdir', 'DAGS_FOLDER/movielens_pipeline.py', '--cfg-path', '/tmp/tmpod8ymn70']
[2024-12-13T17:02:36.115+0000] {standard_task_runner.py:105} INFO - Job 4: Subtask split
[2024-12-13T17:02:36.140+0000] {task_command.py:467} INFO - Running <TaskInstance: movielens_pipeline.split manual__2024-12-13T17:02:21.744359+00:00 [running]> on host 86634416f965
[2024-12-13T17:02:36.174+0000] {taskinstance.py:3132} INFO - Exporting env vars: AIRFLOW_CTX_DAG_OWNER='***' AIRFLOW_CTX_DAG_ID='movielens_pipeline' AIRFLOW_CTX_TASK_ID='split' AIRFLOW_CTX_EXECUTION_DATE='2024-12-13T17:02:21.744359+00:00' AIRFLOW_CTX_TRY_NUMBER='1' AIRFLOW_CTX_DAG_RUN_ID='manual__2024-12-13T17:02:21.744359+00:00'
[2024-12-13T17:02:36.175+0000] {logging_mixin.py:190} INFO - Task instance is in running state
[2024-12-13T17:02:36.175+0000] {logging_mixin.py:190} INFO -  Previous state of the Task instance: queued
[2024-12-13T17:02:36.175+0000] {logging_mixin.py:190} INFO - Current task name:split state:running start_date:2024-12-13 17:02:36.097770+00:00
[2024-12-13T17:02:36.175+0000] {logging_mixin.py:190} INFO - Dag name:movielens_pipeline and current dag run status:running
[2024-12-13T17:02:36.176+0000] {taskinstance.py:731} INFO - ::endgroup::
[2024-12-13T17:02:36.378+0000] {split_data.py:23} INFO - Data split into train (80668) and test (20168) sets.
[2024-12-13T17:02:36.378+0000] {python.py:240} INFO - Done. Returned value was: None
[2024-12-13T17:02:36.383+0000] {taskinstance.py:340} INFO - ::group::Post task execution logs
[2024-12-13T17:02:36.383+0000] {taskinstance.py:352} INFO - Marking task as SUCCESS. dag_id=movielens_pipeline, task_id=split, run_id=manual__2024-12-13T17:02:21.744359+00:00, execution_date=20241213T170221, start_date=20241213T170236, end_date=20241213T170236
[2024-12-13T17:02:36.387+0000] {logging_mixin.py:190} INFO - Task instance in success state
[2024-12-13T17:02:36.388+0000] {logging_mixin.py:190} INFO -  Previous state of the Task instance: running
[2024-12-13T17:02:36.388+0000] {logging_mixin.py:190} INFO - Dag name:movielens_pipeline queued_at:2024-12-13 17:02:21.761114+00:00
[2024-12-13T17:02:36.388+0000] {logging_mixin.py:190} INFO - Task hostname:86634416f965 operator:PythonOperator
[2024-12-13T17:02:36.422+0000] {local_task_job_runner.py:266} INFO - Task exited with return code 0
[2024-12-13T17:02:36.434+0000] {taskinstance.py:3895} INFO - 1 downstream tasks scheduled from follow-on schedule check
[2024-12-13T17:02:36.434+0000] {local_task_job_runner.py:245} INFO - ::endgroup::
