[2024-12-13T17:01:49.264+0000] {processor.py:186} INFO - Started process (PID=75) to work on /home/airflow/.local/lib/python3.12/site-packages/airflow/example_dags/example_outlet_event_extra.py
[2024-12-13T17:01:49.264+0000] {processor.py:914} INFO - Processing file /home/airflow/.local/lib/python3.12/site-packages/airflow/example_dags/example_outlet_event_extra.py for tasks to queue
[2024-12-13T17:01:49.265+0000] {logging_mixin.py:190} INFO - [2024-12-13T17:01:49.265+0000] {dagbag.py:588} INFO - Filling up the DagBag from /home/airflow/.local/lib/python3.12/site-packages/airflow/example_dags/example_outlet_event_extra.py
[2024-12-13T17:01:49.589+0000] {processor.py:925} INFO - DAG(s) 'dataset_with_extra_by_yield', 'dataset_with_extra_by_context', 'dataset_with_extra_from_classic_operator' retrieved from /home/airflow/.local/lib/python3.12/site-packages/airflow/example_dags/example_outlet_event_extra.py
[2024-12-13T17:01:49.631+0000] {logging_mixin.py:190} INFO - [2024-12-13T17:01:49.631+0000] {override.py:1911} INFO - Created Permission View: can edit on DAG:dataset_with_extra_by_yield
[2024-12-13T17:01:49.636+0000] {logging_mixin.py:190} INFO - [2024-12-13T17:01:49.636+0000] {override.py:1911} INFO - Created Permission View: can read on DAG:dataset_with_extra_by_yield
[2024-12-13T17:01:49.641+0000] {logging_mixin.py:190} INFO - [2024-12-13T17:01:49.641+0000] {override.py:1911} INFO - Created Permission View: can delete on DAG:dataset_with_extra_by_yield
[2024-12-13T17:01:49.645+0000] {logging_mixin.py:190} INFO - [2024-12-13T17:01:49.645+0000] {override.py:1911} INFO - Created Permission View: can delete on DAG Run:dataset_with_extra_by_yield
[2024-12-13T17:01:49.649+0000] {logging_mixin.py:190} INFO - [2024-12-13T17:01:49.649+0000] {override.py:1911} INFO - Created Permission View: can read on DAG Run:dataset_with_extra_by_yield
[2024-12-13T17:01:49.653+0000] {logging_mixin.py:190} INFO - [2024-12-13T17:01:49.653+0000] {override.py:1911} INFO - Created Permission View: can create on DAG Run:dataset_with_extra_by_yield
[2024-12-13T17:01:49.656+0000] {logging_mixin.py:190} INFO - [2024-12-13T17:01:49.656+0000] {override.py:1911} INFO - Created Permission View: menu access on DAG Run:dataset_with_extra_by_yield
[2024-12-13T17:01:49.666+0000] {logging_mixin.py:190} INFO - [2024-12-13T17:01:49.666+0000] {override.py:1911} INFO - Created Permission View: can edit on DAG:dataset_with_extra_by_context
[2024-12-13T17:01:49.672+0000] {logging_mixin.py:190} INFO - [2024-12-13T17:01:49.672+0000] {override.py:1911} INFO - Created Permission View: can read on DAG:dataset_with_extra_by_context
[2024-12-13T17:01:49.679+0000] {logging_mixin.py:190} INFO - [2024-12-13T17:01:49.678+0000] {override.py:1911} INFO - Created Permission View: can delete on DAG:dataset_with_extra_by_context
[2024-12-13T17:01:49.687+0000] {logging_mixin.py:190} INFO - [2024-12-13T17:01:49.686+0000] {override.py:1911} INFO - Created Permission View: can delete on DAG Run:dataset_with_extra_by_context
[2024-12-13T17:01:49.692+0000] {logging_mixin.py:190} INFO - [2024-12-13T17:01:49.692+0000] {override.py:1911} INFO - Created Permission View: can read on DAG Run:dataset_with_extra_by_context
[2024-12-13T17:01:49.695+0000] {logging_mixin.py:190} INFO - [2024-12-13T17:01:49.695+0000] {override.py:1911} INFO - Created Permission View: can create on DAG Run:dataset_with_extra_by_context
[2024-12-13T17:01:49.698+0000] {logging_mixin.py:190} INFO - [2024-12-13T17:01:49.698+0000] {override.py:1911} INFO - Created Permission View: menu access on DAG Run:dataset_with_extra_by_context
[2024-12-13T17:01:49.706+0000] {logging_mixin.py:190} INFO - [2024-12-13T17:01:49.706+0000] {override.py:1911} INFO - Created Permission View: can edit on DAG:dataset_with_extra_from_classic_operator
[2024-12-13T17:01:49.711+0000] {logging_mixin.py:190} INFO - [2024-12-13T17:01:49.711+0000] {override.py:1911} INFO - Created Permission View: can read on DAG:dataset_with_extra_from_classic_operator
[2024-12-13T17:01:49.715+0000] {logging_mixin.py:190} INFO - [2024-12-13T17:01:49.715+0000] {override.py:1911} INFO - Created Permission View: can delete on DAG:dataset_with_extra_from_classic_operator
[2024-12-13T17:01:49.718+0000] {logging_mixin.py:190} INFO - [2024-12-13T17:01:49.718+0000] {override.py:1911} INFO - Created Permission View: can delete on DAG Run:dataset_with_extra_from_classic_operator
[2024-12-13T17:01:49.723+0000] {logging_mixin.py:190} INFO - [2024-12-13T17:01:49.722+0000] {override.py:1911} INFO - Created Permission View: can read on DAG Run:dataset_with_extra_from_classic_operator
[2024-12-13T17:01:49.727+0000] {logging_mixin.py:190} INFO - [2024-12-13T17:01:49.726+0000] {override.py:1911} INFO - Created Permission View: can create on DAG Run:dataset_with_extra_from_classic_operator
[2024-12-13T17:01:49.730+0000] {logging_mixin.py:190} INFO - [2024-12-13T17:01:49.730+0000] {override.py:1911} INFO - Created Permission View: menu access on DAG Run:dataset_with_extra_from_classic_operator
[2024-12-13T17:01:49.731+0000] {logging_mixin.py:190} INFO - [2024-12-13T17:01:49.731+0000] {dag.py:3239} INFO - Sync 3 DAGs
[2024-12-13T17:01:49.738+0000] {logging_mixin.py:190} INFO - [2024-12-13T17:01:49.738+0000] {dag.py:3262} INFO - Creating ORM DAG for dataset_with_extra_by_context
[2024-12-13T17:01:49.739+0000] {logging_mixin.py:190} INFO - [2024-12-13T17:01:49.739+0000] {dag.py:3262} INFO - Creating ORM DAG for dataset_with_extra_by_yield
[2024-12-13T17:01:49.740+0000] {logging_mixin.py:190} INFO - [2024-12-13T17:01:49.740+0000] {dag.py:3262} INFO - Creating ORM DAG for dataset_with_extra_from_classic_operator
[2024-12-13T17:01:49.747+0000] {logging_mixin.py:190} INFO - [2024-12-13T17:01:49.747+0000] {dag.py:4180} INFO - Setting next_dagrun for dataset_with_extra_by_context to 2024-12-12 00:00:00+00:00, run_after=2024-12-13 00:00:00+00:00
[2024-12-13T17:01:49.749+0000] {logging_mixin.py:190} INFO - [2024-12-13T17:01:49.749+0000] {dag.py:4180} INFO - Setting next_dagrun for dataset_with_extra_by_yield to 2024-12-12 00:00:00+00:00, run_after=2024-12-13 00:00:00+00:00
[2024-12-13T17:01:49.749+0000] {logging_mixin.py:190} INFO - [2024-12-13T17:01:49.749+0000] {dag.py:4180} INFO - Setting next_dagrun for dataset_with_extra_from_classic_operator to 2024-12-12 00:00:00+00:00, run_after=2024-12-13 00:00:00+00:00
[2024-12-13T17:01:49.762+0000] {processor.py:208} INFO - Processing /home/airflow/.local/lib/python3.12/site-packages/airflow/example_dags/example_outlet_event_extra.py took 0.501 seconds
[2024-12-13T17:02:20.698+0000] {processor.py:186} INFO - Started process (PID=141) to work on /home/airflow/.local/lib/python3.12/site-packages/airflow/example_dags/example_outlet_event_extra.py
[2024-12-13T17:02:20.699+0000] {processor.py:914} INFO - Processing file /home/airflow/.local/lib/python3.12/site-packages/airflow/example_dags/example_outlet_event_extra.py for tasks to queue
[2024-12-13T17:02:20.701+0000] {logging_mixin.py:190} INFO - [2024-12-13T17:02:20.701+0000] {dagbag.py:588} INFO - Filling up the DagBag from /home/airflow/.local/lib/python3.12/site-packages/airflow/example_dags/example_outlet_event_extra.py
[2024-12-13T17:02:21.001+0000] {processor.py:925} INFO - DAG(s) 'dataset_with_extra_by_context', 'dataset_with_extra_by_yield', 'dataset_with_extra_from_classic_operator' retrieved from /home/airflow/.local/lib/python3.12/site-packages/airflow/example_dags/example_outlet_event_extra.py
[2024-12-13T17:02:21.017+0000] {logging_mixin.py:190} INFO - [2024-12-13T17:02:21.017+0000] {dag.py:3239} INFO - Sync 3 DAGs
[2024-12-13T17:02:21.027+0000] {logging_mixin.py:190} INFO - [2024-12-13T17:02:21.027+0000] {dag.py:4180} INFO - Setting next_dagrun for dataset_with_extra_by_context to 2024-12-12 00:00:00+00:00, run_after=2024-12-13 00:00:00+00:00
[2024-12-13T17:02:21.030+0000] {logging_mixin.py:190} INFO - [2024-12-13T17:02:21.030+0000] {dag.py:4180} INFO - Setting next_dagrun for dataset_with_extra_by_yield to 2024-12-12 00:00:00+00:00, run_after=2024-12-13 00:00:00+00:00
[2024-12-13T17:02:21.031+0000] {logging_mixin.py:190} INFO - [2024-12-13T17:02:21.031+0000] {dag.py:4180} INFO - Setting next_dagrun for dataset_with_extra_from_classic_operator to 2024-12-12 00:00:00+00:00, run_after=2024-12-13 00:00:00+00:00
[2024-12-13T17:02:21.040+0000] {processor.py:208} INFO - Processing /home/airflow/.local/lib/python3.12/site-packages/airflow/example_dags/example_outlet_event_extra.py took 0.349 seconds
[2024-12-13T17:02:51.993+0000] {processor.py:186} INFO - Started process (PID=210) to work on /home/airflow/.local/lib/python3.12/site-packages/airflow/example_dags/example_outlet_event_extra.py
[2024-12-13T17:02:51.996+0000] {processor.py:914} INFO - Processing file /home/airflow/.local/lib/python3.12/site-packages/airflow/example_dags/example_outlet_event_extra.py for tasks to queue
[2024-12-13T17:02:51.998+0000] {logging_mixin.py:190} INFO - [2024-12-13T17:02:51.998+0000] {dagbag.py:588} INFO - Filling up the DagBag from /home/airflow/.local/lib/python3.12/site-packages/airflow/example_dags/example_outlet_event_extra.py
[2024-12-13T17:02:52.304+0000] {processor.py:925} INFO - DAG(s) 'dataset_with_extra_by_yield', 'dataset_with_extra_by_context', 'dataset_with_extra_from_classic_operator' retrieved from /home/airflow/.local/lib/python3.12/site-packages/airflow/example_dags/example_outlet_event_extra.py
[2024-12-13T17:02:52.318+0000] {logging_mixin.py:190} INFO - [2024-12-13T17:02:52.318+0000] {dag.py:3239} INFO - Sync 3 DAGs
[2024-12-13T17:02:52.328+0000] {logging_mixin.py:190} INFO - [2024-12-13T17:02:52.328+0000] {dag.py:4180} INFO - Setting next_dagrun for dataset_with_extra_by_context to 2024-12-12 00:00:00+00:00, run_after=2024-12-13 00:00:00+00:00
[2024-12-13T17:02:52.330+0000] {logging_mixin.py:190} INFO - [2024-12-13T17:02:52.330+0000] {dag.py:4180} INFO - Setting next_dagrun for dataset_with_extra_by_yield to 2024-12-12 00:00:00+00:00, run_after=2024-12-13 00:00:00+00:00
[2024-12-13T17:02:52.332+0000] {logging_mixin.py:190} INFO - [2024-12-13T17:02:52.332+0000] {dag.py:4180} INFO - Setting next_dagrun for dataset_with_extra_from_classic_operator to 2024-12-12 00:00:00+00:00, run_after=2024-12-13 00:00:00+00:00
[2024-12-13T17:02:52.341+0000] {processor.py:208} INFO - Processing /home/airflow/.local/lib/python3.12/site-packages/airflow/example_dags/example_outlet_event_extra.py took 0.354 seconds
[2024-12-13T17:03:22.395+0000] {processor.py:186} INFO - Started process (PID=278) to work on /home/airflow/.local/lib/python3.12/site-packages/airflow/example_dags/example_outlet_event_extra.py
[2024-12-13T17:03:22.396+0000] {processor.py:914} INFO - Processing file /home/airflow/.local/lib/python3.12/site-packages/airflow/example_dags/example_outlet_event_extra.py for tasks to queue
[2024-12-13T17:03:22.397+0000] {logging_mixin.py:190} INFO - [2024-12-13T17:03:22.397+0000] {dagbag.py:588} INFO - Filling up the DagBag from /home/airflow/.local/lib/python3.12/site-packages/airflow/example_dags/example_outlet_event_extra.py
[2024-12-13T17:03:22.705+0000] {processor.py:925} INFO - DAG(s) 'dataset_with_extra_by_context', 'dataset_with_extra_by_yield', 'dataset_with_extra_from_classic_operator' retrieved from /home/airflow/.local/lib/python3.12/site-packages/airflow/example_dags/example_outlet_event_extra.py
[2024-12-13T17:03:22.722+0000] {logging_mixin.py:190} INFO - [2024-12-13T17:03:22.721+0000] {dag.py:3239} INFO - Sync 3 DAGs
[2024-12-13T17:03:22.732+0000] {logging_mixin.py:190} INFO - [2024-12-13T17:03:22.732+0000] {dag.py:4180} INFO - Setting next_dagrun for dataset_with_extra_by_context to 2024-12-12 00:00:00+00:00, run_after=2024-12-13 00:00:00+00:00
[2024-12-13T17:03:22.734+0000] {logging_mixin.py:190} INFO - [2024-12-13T17:03:22.734+0000] {dag.py:4180} INFO - Setting next_dagrun for dataset_with_extra_by_yield to 2024-12-12 00:00:00+00:00, run_after=2024-12-13 00:00:00+00:00
[2024-12-13T17:03:22.736+0000] {logging_mixin.py:190} INFO - [2024-12-13T17:03:22.736+0000] {dag.py:4180} INFO - Setting next_dagrun for dataset_with_extra_from_classic_operator to 2024-12-12 00:00:00+00:00, run_after=2024-12-13 00:00:00+00:00
[2024-12-13T17:03:22.749+0000] {processor.py:208} INFO - Processing /home/airflow/.local/lib/python3.12/site-packages/airflow/example_dags/example_outlet_event_extra.py took 0.358 seconds
