[2024-12-13T17:01:50.206+0000] {processor.py:186} INFO - Started process (PID=86) to work on /home/airflow/.local/lib/python3.12/site-packages/airflow/example_dags/example_setup_teardown_taskflow.py
[2024-12-13T17:01:50.207+0000] {processor.py:914} INFO - Processing file /home/airflow/.local/lib/python3.12/site-packages/airflow/example_dags/example_setup_teardown_taskflow.py for tasks to queue
[2024-12-13T17:01:50.211+0000] {logging_mixin.py:190} INFO - [2024-12-13T17:01:50.211+0000] {dagbag.py:588} INFO - Filling up the DagBag from /home/airflow/.local/lib/python3.12/site-packages/airflow/example_dags/example_setup_teardown_taskflow.py
[2024-12-13T17:01:50.224+0000] {processor.py:925} INFO - DAG(s) 'example_setup_teardown_taskflow' retrieved from /home/airflow/.local/lib/python3.12/site-packages/airflow/example_dags/example_setup_teardown_taskflow.py
[2024-12-13T17:01:50.287+0000] {logging_mixin.py:190} INFO - [2024-12-13T17:01:50.287+0000] {override.py:1911} INFO - Created Permission View: can edit on DAG:example_setup_teardown_taskflow
[2024-12-13T17:01:50.294+0000] {logging_mixin.py:190} INFO - [2024-12-13T17:01:50.294+0000] {override.py:1911} INFO - Created Permission View: can read on DAG:example_setup_teardown_taskflow
[2024-12-13T17:01:50.297+0000] {logging_mixin.py:190} INFO - [2024-12-13T17:01:50.297+0000] {override.py:1911} INFO - Created Permission View: can delete on DAG:example_setup_teardown_taskflow
[2024-12-13T17:01:50.299+0000] {logging_mixin.py:190} INFO - [2024-12-13T17:01:50.299+0000] {override.py:1911} INFO - Created Permission View: can delete on DAG Run:example_setup_teardown_taskflow
[2024-12-13T17:01:50.302+0000] {logging_mixin.py:190} INFO - [2024-12-13T17:01:50.302+0000] {override.py:1911} INFO - Created Permission View: can read on DAG Run:example_setup_teardown_taskflow
[2024-12-13T17:01:50.305+0000] {logging_mixin.py:190} INFO - [2024-12-13T17:01:50.304+0000] {override.py:1911} INFO - Created Permission View: can create on DAG Run:example_setup_teardown_taskflow
[2024-12-13T17:01:50.307+0000] {logging_mixin.py:190} INFO - [2024-12-13T17:01:50.307+0000] {override.py:1911} INFO - Created Permission View: menu access on DAG Run:example_setup_teardown_taskflow
[2024-12-13T17:01:50.307+0000] {logging_mixin.py:190} INFO - [2024-12-13T17:01:50.307+0000] {dag.py:3239} INFO - Sync 1 DAGs
[2024-12-13T17:01:50.314+0000] {logging_mixin.py:190} INFO - [2024-12-13T17:01:50.313+0000] {dag.py:3262} INFO - Creating ORM DAG for example_setup_teardown_taskflow
[2024-12-13T17:01:50.314+0000] {logging_mixin.py:190} INFO - [2024-12-13T17:01:50.314+0000] {dag.py:4180} INFO - Setting next_dagrun for example_setup_teardown_taskflow to None, run_after=None
[2024-12-13T17:01:50.323+0000] {processor.py:208} INFO - Processing /home/airflow/.local/lib/python3.12/site-packages/airflow/example_dags/example_setup_teardown_taskflow.py took 0.123 seconds
[2024-12-13T17:02:21.088+0000] {processor.py:186} INFO - Started process (PID=150) to work on /home/airflow/.local/lib/python3.12/site-packages/airflow/example_dags/example_setup_teardown_taskflow.py
[2024-12-13T17:02:21.089+0000] {processor.py:914} INFO - Processing file /home/airflow/.local/lib/python3.12/site-packages/airflow/example_dags/example_setup_teardown_taskflow.py for tasks to queue
[2024-12-13T17:02:21.091+0000] {logging_mixin.py:190} INFO - [2024-12-13T17:02:21.090+0000] {dagbag.py:588} INFO - Filling up the DagBag from /home/airflow/.local/lib/python3.12/site-packages/airflow/example_dags/example_setup_teardown_taskflow.py
[2024-12-13T17:02:21.096+0000] {processor.py:925} INFO - DAG(s) 'example_setup_teardown_taskflow' retrieved from /home/airflow/.local/lib/python3.12/site-packages/airflow/example_dags/example_setup_teardown_taskflow.py
[2024-12-13T17:02:21.109+0000] {logging_mixin.py:190} INFO - [2024-12-13T17:02:21.109+0000] {dag.py:3239} INFO - Sync 1 DAGs
[2024-12-13T17:02:21.116+0000] {logging_mixin.py:190} INFO - [2024-12-13T17:02:21.116+0000] {dag.py:4180} INFO - Setting next_dagrun for example_setup_teardown_taskflow to None, run_after=None
[2024-12-13T17:02:21.126+0000] {processor.py:208} INFO - Processing /home/airflow/.local/lib/python3.12/site-packages/airflow/example_dags/example_setup_teardown_taskflow.py took 0.041 seconds
[2024-12-13T17:02:52.166+0000] {processor.py:186} INFO - Started process (PID=214) to work on /home/airflow/.local/lib/python3.12/site-packages/airflow/example_dags/example_setup_teardown_taskflow.py
[2024-12-13T17:02:52.167+0000] {processor.py:914} INFO - Processing file /home/airflow/.local/lib/python3.12/site-packages/airflow/example_dags/example_setup_teardown_taskflow.py for tasks to queue
[2024-12-13T17:02:52.169+0000] {logging_mixin.py:190} INFO - [2024-12-13T17:02:52.168+0000] {dagbag.py:588} INFO - Filling up the DagBag from /home/airflow/.local/lib/python3.12/site-packages/airflow/example_dags/example_setup_teardown_taskflow.py
[2024-12-13T17:02:52.176+0000] {processor.py:925} INFO - DAG(s) 'example_setup_teardown_taskflow' retrieved from /home/airflow/.local/lib/python3.12/site-packages/airflow/example_dags/example_setup_teardown_taskflow.py
[2024-12-13T17:02:52.193+0000] {logging_mixin.py:190} INFO - [2024-12-13T17:02:52.193+0000] {dag.py:3239} INFO - Sync 1 DAGs
[2024-12-13T17:02:52.201+0000] {logging_mixin.py:190} INFO - [2024-12-13T17:02:52.200+0000] {dag.py:4180} INFO - Setting next_dagrun for example_setup_teardown_taskflow to None, run_after=None
[2024-12-13T17:02:52.210+0000] {processor.py:208} INFO - Processing /home/airflow/.local/lib/python3.12/site-packages/airflow/example_dags/example_setup_teardown_taskflow.py took 0.047 seconds
[2024-12-13T17:03:22.351+0000] {processor.py:186} INFO - Started process (PID=277) to work on /home/airflow/.local/lib/python3.12/site-packages/airflow/example_dags/example_setup_teardown_taskflow.py
[2024-12-13T17:03:22.352+0000] {processor.py:914} INFO - Processing file /home/airflow/.local/lib/python3.12/site-packages/airflow/example_dags/example_setup_teardown_taskflow.py for tasks to queue
[2024-12-13T17:03:22.355+0000] {logging_mixin.py:190} INFO - [2024-12-13T17:03:22.355+0000] {dagbag.py:588} INFO - Filling up the DagBag from /home/airflow/.local/lib/python3.12/site-packages/airflow/example_dags/example_setup_teardown_taskflow.py
[2024-12-13T17:03:22.362+0000] {processor.py:925} INFO - DAG(s) 'example_setup_teardown_taskflow' retrieved from /home/airflow/.local/lib/python3.12/site-packages/airflow/example_dags/example_setup_teardown_taskflow.py
[2024-12-13T17:03:22.379+0000] {logging_mixin.py:190} INFO - [2024-12-13T17:03:22.379+0000] {dag.py:3239} INFO - Sync 1 DAGs
[2024-12-13T17:03:22.386+0000] {logging_mixin.py:190} INFO - [2024-12-13T17:03:22.386+0000] {dag.py:4180} INFO - Setting next_dagrun for example_setup_teardown_taskflow to None, run_after=None
[2024-12-13T17:03:22.395+0000] {processor.py:208} INFO - Processing /home/airflow/.local/lib/python3.12/site-packages/airflow/example_dags/example_setup_teardown_taskflow.py took 0.048 seconds
