[2024-12-13T17:01:50.340+0000] {processor.py:186} INFO - Started process (PID=88) to work on /home/airflow/.local/lib/python3.12/site-packages/airflow/example_dags/example_params_ui_tutorial.py
[2024-12-13T17:01:50.340+0000] {processor.py:914} INFO - Processing file /home/airflow/.local/lib/python3.12/site-packages/airflow/example_dags/example_params_ui_tutorial.py for tasks to queue
[2024-12-13T17:01:50.342+0000] {logging_mixin.py:190} INFO - [2024-12-13T17:01:50.342+0000] {dagbag.py:588} INFO - Filling up the DagBag from /home/airflow/.local/lib/python3.12/site-packages/airflow/example_dags/example_params_ui_tutorial.py
[2024-12-13T17:01:50.348+0000] {processor.py:925} INFO - DAG(s) 'example_params_ui_tutorial' retrieved from /home/airflow/.local/lib/python3.12/site-packages/airflow/example_dags/example_params_ui_tutorial.py
[2024-12-13T17:01:50.463+0000] {logging_mixin.py:190} INFO - [2024-12-13T17:01:50.462+0000] {override.py:1911} INFO - Created Permission View: can edit on DAG:example_params_ui_tutorial
[2024-12-13T17:01:50.470+0000] {logging_mixin.py:190} INFO - [2024-12-13T17:01:50.470+0000] {override.py:1911} INFO - Created Permission View: can read on DAG:example_params_ui_tutorial
[2024-12-13T17:01:50.477+0000] {logging_mixin.py:190} INFO - [2024-12-13T17:01:50.477+0000] {override.py:1911} INFO - Created Permission View: can delete on DAG:example_params_ui_tutorial
[2024-12-13T17:01:50.482+0000] {logging_mixin.py:190} INFO - [2024-12-13T17:01:50.482+0000] {override.py:1911} INFO - Created Permission View: can delete on DAG Run:example_params_ui_tutorial
[2024-12-13T17:01:50.489+0000] {logging_mixin.py:190} INFO - [2024-12-13T17:01:50.489+0000] {override.py:1911} INFO - Created Permission View: can read on DAG Run:example_params_ui_tutorial
[2024-12-13T17:01:50.495+0000] {logging_mixin.py:190} INFO - [2024-12-13T17:01:50.495+0000] {override.py:1911} INFO - Created Permission View: can create on DAG Run:example_params_ui_tutorial
[2024-12-13T17:01:50.499+0000] {logging_mixin.py:190} INFO - [2024-12-13T17:01:50.499+0000] {override.py:1911} INFO - Created Permission View: menu access on DAG Run:example_params_ui_tutorial
[2024-12-13T17:01:50.499+0000] {logging_mixin.py:190} INFO - [2024-12-13T17:01:50.499+0000] {dag.py:3239} INFO - Sync 1 DAGs
[2024-12-13T17:01:50.509+0000] {logging_mixin.py:190} INFO - [2024-12-13T17:01:50.509+0000] {dag.py:3262} INFO - Creating ORM DAG for example_params_ui_tutorial
[2024-12-13T17:01:50.511+0000] {logging_mixin.py:190} INFO - [2024-12-13T17:01:50.511+0000] {dag.py:4180} INFO - Setting next_dagrun for example_params_ui_tutorial to None, run_after=None
[2024-12-13T17:01:50.521+0000] {processor.py:208} INFO - Processing /home/airflow/.local/lib/python3.12/site-packages/airflow/example_dags/example_params_ui_tutorial.py took 0.185 seconds
[2024-12-13T17:02:21.143+0000] {processor.py:186} INFO - Started process (PID=152) to work on /home/airflow/.local/lib/python3.12/site-packages/airflow/example_dags/example_params_ui_tutorial.py
[2024-12-13T17:02:21.144+0000] {processor.py:914} INFO - Processing file /home/airflow/.local/lib/python3.12/site-packages/airflow/example_dags/example_params_ui_tutorial.py for tasks to queue
[2024-12-13T17:02:21.147+0000] {logging_mixin.py:190} INFO - [2024-12-13T17:02:21.147+0000] {dagbag.py:588} INFO - Filling up the DagBag from /home/airflow/.local/lib/python3.12/site-packages/airflow/example_dags/example_params_ui_tutorial.py
[2024-12-13T17:02:21.152+0000] {processor.py:925} INFO - DAG(s) 'example_params_ui_tutorial' retrieved from /home/airflow/.local/lib/python3.12/site-packages/airflow/example_dags/example_params_ui_tutorial.py
[2024-12-13T17:02:21.176+0000] {logging_mixin.py:190} INFO - [2024-12-13T17:02:21.176+0000] {dag.py:3239} INFO - Sync 1 DAGs
[2024-12-13T17:02:21.184+0000] {logging_mixin.py:190} INFO - [2024-12-13T17:02:21.184+0000] {dag.py:4180} INFO - Setting next_dagrun for example_params_ui_tutorial to None, run_after=None
[2024-12-13T17:02:21.195+0000] {processor.py:208} INFO - Processing /home/airflow/.local/lib/python3.12/site-packages/airflow/example_dags/example_params_ui_tutorial.py took 0.055 seconds
[2024-12-13T17:02:52.286+0000] {processor.py:186} INFO - Started process (PID=216) to work on /home/airflow/.local/lib/python3.12/site-packages/airflow/example_dags/example_params_ui_tutorial.py
[2024-12-13T17:02:52.287+0000] {processor.py:914} INFO - Processing file /home/airflow/.local/lib/python3.12/site-packages/airflow/example_dags/example_params_ui_tutorial.py for tasks to queue
[2024-12-13T17:02:52.288+0000] {logging_mixin.py:190} INFO - [2024-12-13T17:02:52.288+0000] {dagbag.py:588} INFO - Filling up the DagBag from /home/airflow/.local/lib/python3.12/site-packages/airflow/example_dags/example_params_ui_tutorial.py
[2024-12-13T17:02:52.293+0000] {processor.py:925} INFO - DAG(s) 'example_params_ui_tutorial' retrieved from /home/airflow/.local/lib/python3.12/site-packages/airflow/example_dags/example_params_ui_tutorial.py
[2024-12-13T17:02:52.313+0000] {logging_mixin.py:190} INFO - [2024-12-13T17:02:52.313+0000] {dag.py:3239} INFO - Sync 1 DAGs
[2024-12-13T17:02:52.320+0000] {logging_mixin.py:190} INFO - [2024-12-13T17:02:52.319+0000] {dag.py:4180} INFO - Setting next_dagrun for example_params_ui_tutorial to None, run_after=None
[2024-12-13T17:02:52.332+0000] {processor.py:208} INFO - Processing /home/airflow/.local/lib/python3.12/site-packages/airflow/example_dags/example_params_ui_tutorial.py took 0.049 seconds
[2024-12-13T17:03:22.473+0000] {processor.py:186} INFO - Started process (PID=280) to work on /home/airflow/.local/lib/python3.12/site-packages/airflow/example_dags/example_params_ui_tutorial.py
[2024-12-13T17:03:22.474+0000] {processor.py:914} INFO - Processing file /home/airflow/.local/lib/python3.12/site-packages/airflow/example_dags/example_params_ui_tutorial.py for tasks to queue
[2024-12-13T17:03:22.475+0000] {logging_mixin.py:190} INFO - [2024-12-13T17:03:22.475+0000] {dagbag.py:588} INFO - Filling up the DagBag from /home/airflow/.local/lib/python3.12/site-packages/airflow/example_dags/example_params_ui_tutorial.py
[2024-12-13T17:03:22.482+0000] {processor.py:925} INFO - DAG(s) 'example_params_ui_tutorial' retrieved from /home/airflow/.local/lib/python3.12/site-packages/airflow/example_dags/example_params_ui_tutorial.py
[2024-12-13T17:03:22.505+0000] {logging_mixin.py:190} INFO - [2024-12-13T17:03:22.505+0000] {dag.py:3239} INFO - Sync 1 DAGs
[2024-12-13T17:03:22.513+0000] {logging_mixin.py:190} INFO - [2024-12-13T17:03:22.512+0000] {dag.py:4180} INFO - Setting next_dagrun for example_params_ui_tutorial to None, run_after=None
[2024-12-13T17:03:22.522+0000] {processor.py:208} INFO - Processing /home/airflow/.local/lib/python3.12/site-packages/airflow/example_dags/example_params_ui_tutorial.py took 0.052 seconds
