[2024-12-13T17:01:47.916+0000] {processor.py:186} INFO - Started process (PID=58) to work on /home/airflow/.local/lib/python3.12/site-packages/airflow/example_dags/example_external_task_marker_dag.py
[2024-12-13T17:01:47.917+0000] {processor.py:914} INFO - Processing file /home/airflow/.local/lib/python3.12/site-packages/airflow/example_dags/example_external_task_marker_dag.py for tasks to queue
[2024-12-13T17:01:47.918+0000] {logging_mixin.py:190} INFO - [2024-12-13T17:01:47.918+0000] {dagbag.py:588} INFO - Filling up the DagBag from /home/airflow/.local/lib/python3.12/site-packages/airflow/example_dags/example_external_task_marker_dag.py
[2024-12-13T17:01:47.923+0000] {processor.py:925} INFO - DAG(s) 'example_external_task_marker_parent', 'example_external_task_marker_child' retrieved from /home/airflow/.local/lib/python3.12/site-packages/airflow/example_dags/example_external_task_marker_dag.py
[2024-12-13T17:01:47.975+0000] {logging_mixin.py:190} INFO - [2024-12-13T17:01:47.974+0000] {override.py:1911} INFO - Created Permission View: can edit on DAG:example_external_task_marker_parent
[2024-12-13T17:01:47.979+0000] {logging_mixin.py:190} INFO - [2024-12-13T17:01:47.978+0000] {override.py:1911} INFO - Created Permission View: can read on DAG:example_external_task_marker_parent
[2024-12-13T17:01:47.981+0000] {logging_mixin.py:190} INFO - [2024-12-13T17:01:47.981+0000] {override.py:1911} INFO - Created Permission View: can delete on DAG:example_external_task_marker_parent
[2024-12-13T17:01:47.984+0000] {logging_mixin.py:190} INFO - [2024-12-13T17:01:47.984+0000] {override.py:1911} INFO - Created Permission View: can delete on DAG Run:example_external_task_marker_parent
[2024-12-13T17:01:47.987+0000] {logging_mixin.py:190} INFO - [2024-12-13T17:01:47.987+0000] {override.py:1911} INFO - Created Permission View: can read on DAG Run:example_external_task_marker_parent
[2024-12-13T17:01:47.990+0000] {logging_mixin.py:190} INFO - [2024-12-13T17:01:47.989+0000] {override.py:1911} INFO - Created Permission View: can create on DAG Run:example_external_task_marker_parent
[2024-12-13T17:01:47.992+0000] {logging_mixin.py:190} INFO - [2024-12-13T17:01:47.992+0000] {override.py:1911} INFO - Created Permission View: menu access on DAG Run:example_external_task_marker_parent
[2024-12-13T17:01:47.999+0000] {logging_mixin.py:190} INFO - [2024-12-13T17:01:47.999+0000] {override.py:1911} INFO - Created Permission View: can edit on DAG:example_external_task_marker_child
[2024-12-13T17:01:48.002+0000] {logging_mixin.py:190} INFO - [2024-12-13T17:01:48.002+0000] {override.py:1911} INFO - Created Permission View: can read on DAG:example_external_task_marker_child
[2024-12-13T17:01:48.005+0000] {logging_mixin.py:190} INFO - [2024-12-13T17:01:48.005+0000] {override.py:1911} INFO - Created Permission View: can delete on DAG:example_external_task_marker_child
[2024-12-13T17:01:48.009+0000] {logging_mixin.py:190} INFO - [2024-12-13T17:01:48.009+0000] {override.py:1911} INFO - Created Permission View: can delete on DAG Run:example_external_task_marker_child
[2024-12-13T17:01:48.012+0000] {logging_mixin.py:190} INFO - [2024-12-13T17:01:48.012+0000] {override.py:1911} INFO - Created Permission View: can read on DAG Run:example_external_task_marker_child
[2024-12-13T17:01:48.015+0000] {logging_mixin.py:190} INFO - [2024-12-13T17:01:48.015+0000] {override.py:1911} INFO - Created Permission View: can create on DAG Run:example_external_task_marker_child
[2024-12-13T17:01:48.017+0000] {logging_mixin.py:190} INFO - [2024-12-13T17:01:48.017+0000] {override.py:1911} INFO - Created Permission View: menu access on DAG Run:example_external_task_marker_child
[2024-12-13T17:01:48.018+0000] {logging_mixin.py:190} INFO - [2024-12-13T17:01:48.018+0000] {dag.py:3239} INFO - Sync 2 DAGs
[2024-12-13T17:01:48.025+0000] {logging_mixin.py:190} INFO - [2024-12-13T17:01:48.025+0000] {dag.py:3262} INFO - Creating ORM DAG for example_external_task_marker_parent
[2024-12-13T17:01:48.025+0000] {logging_mixin.py:190} INFO - [2024-12-13T17:01:48.025+0000] {dag.py:3262} INFO - Creating ORM DAG for example_external_task_marker_child
[2024-12-13T17:01:48.026+0000] {logging_mixin.py:190} INFO - [2024-12-13T17:01:48.026+0000] {dag.py:4180} INFO - Setting next_dagrun for example_external_task_marker_child to None, run_after=None
[2024-12-13T17:01:48.026+0000] {logging_mixin.py:190} INFO - [2024-12-13T17:01:48.026+0000] {dag.py:4180} INFO - Setting next_dagrun for example_external_task_marker_parent to None, run_after=None
[2024-12-13T17:01:48.036+0000] {processor.py:208} INFO - Processing /home/airflow/.local/lib/python3.12/site-packages/airflow/example_dags/example_external_task_marker_dag.py took 0.123 seconds
[2024-12-13T17:02:18.900+0000] {processor.py:186} INFO - Started process (PID=128) to work on /home/airflow/.local/lib/python3.12/site-packages/airflow/example_dags/example_external_task_marker_dag.py
[2024-12-13T17:02:18.901+0000] {processor.py:914} INFO - Processing file /home/airflow/.local/lib/python3.12/site-packages/airflow/example_dags/example_external_task_marker_dag.py for tasks to queue
[2024-12-13T17:02:18.902+0000] {logging_mixin.py:190} INFO - [2024-12-13T17:02:18.902+0000] {dagbag.py:588} INFO - Filling up the DagBag from /home/airflow/.local/lib/python3.12/site-packages/airflow/example_dags/example_external_task_marker_dag.py
[2024-12-13T17:02:18.907+0000] {processor.py:925} INFO - DAG(s) 'example_external_task_marker_child', 'example_external_task_marker_parent' retrieved from /home/airflow/.local/lib/python3.12/site-packages/airflow/example_dags/example_external_task_marker_dag.py
[2024-12-13T17:02:18.921+0000] {logging_mixin.py:190} INFO - [2024-12-13T17:02:18.920+0000] {dag.py:3239} INFO - Sync 2 DAGs
[2024-12-13T17:02:18.929+0000] {logging_mixin.py:190} INFO - [2024-12-13T17:02:18.929+0000] {dag.py:4180} INFO - Setting next_dagrun for example_external_task_marker_child to None, run_after=None
[2024-12-13T17:02:18.931+0000] {logging_mixin.py:190} INFO - [2024-12-13T17:02:18.931+0000] {dag.py:4180} INFO - Setting next_dagrun for example_external_task_marker_parent to None, run_after=None
[2024-12-13T17:02:18.941+0000] {processor.py:208} INFO - Processing /home/airflow/.local/lib/python3.12/site-packages/airflow/example_dags/example_external_task_marker_dag.py took 0.044 seconds
[2024-12-13T17:02:49.004+0000] {processor.py:186} INFO - Started process (PID=191) to work on /home/airflow/.local/lib/python3.12/site-packages/airflow/example_dags/example_external_task_marker_dag.py
[2024-12-13T17:02:49.004+0000] {processor.py:914} INFO - Processing file /home/airflow/.local/lib/python3.12/site-packages/airflow/example_dags/example_external_task_marker_dag.py for tasks to queue
[2024-12-13T17:02:49.006+0000] {logging_mixin.py:190} INFO - [2024-12-13T17:02:49.006+0000] {dagbag.py:588} INFO - Filling up the DagBag from /home/airflow/.local/lib/python3.12/site-packages/airflow/example_dags/example_external_task_marker_dag.py
[2024-12-13T17:02:49.010+0000] {processor.py:925} INFO - DAG(s) 'example_external_task_marker_parent', 'example_external_task_marker_child' retrieved from /home/airflow/.local/lib/python3.12/site-packages/airflow/example_dags/example_external_task_marker_dag.py
[2024-12-13T17:02:49.021+0000] {logging_mixin.py:190} INFO - [2024-12-13T17:02:49.021+0000] {dag.py:3239} INFO - Sync 2 DAGs
[2024-12-13T17:02:49.028+0000] {logging_mixin.py:190} INFO - [2024-12-13T17:02:49.028+0000] {dag.py:4180} INFO - Setting next_dagrun for example_external_task_marker_child to None, run_after=None
[2024-12-13T17:02:49.029+0000] {logging_mixin.py:190} INFO - [2024-12-13T17:02:49.029+0000] {dag.py:4180} INFO - Setting next_dagrun for example_external_task_marker_parent to None, run_after=None
[2024-12-13T17:02:49.036+0000] {processor.py:208} INFO - Processing /home/airflow/.local/lib/python3.12/site-packages/airflow/example_dags/example_external_task_marker_dag.py took 0.035 seconds
[2024-12-13T17:03:19.176+0000] {processor.py:186} INFO - Started process (PID=255) to work on /home/airflow/.local/lib/python3.12/site-packages/airflow/example_dags/example_external_task_marker_dag.py
[2024-12-13T17:03:19.176+0000] {processor.py:914} INFO - Processing file /home/airflow/.local/lib/python3.12/site-packages/airflow/example_dags/example_external_task_marker_dag.py for tasks to queue
[2024-12-13T17:03:19.178+0000] {logging_mixin.py:190} INFO - [2024-12-13T17:03:19.177+0000] {dagbag.py:588} INFO - Filling up the DagBag from /home/airflow/.local/lib/python3.12/site-packages/airflow/example_dags/example_external_task_marker_dag.py
[2024-12-13T17:03:19.182+0000] {processor.py:925} INFO - DAG(s) 'example_external_task_marker_parent', 'example_external_task_marker_child' retrieved from /home/airflow/.local/lib/python3.12/site-packages/airflow/example_dags/example_external_task_marker_dag.py
[2024-12-13T17:03:19.198+0000] {logging_mixin.py:190} INFO - [2024-12-13T17:03:19.197+0000] {dag.py:3239} INFO - Sync 2 DAGs
[2024-12-13T17:03:19.207+0000] {logging_mixin.py:190} INFO - [2024-12-13T17:03:19.207+0000] {dag.py:4180} INFO - Setting next_dagrun for example_external_task_marker_child to None, run_after=None
[2024-12-13T17:03:19.210+0000] {logging_mixin.py:190} INFO - [2024-12-13T17:03:19.210+0000] {dag.py:4180} INFO - Setting next_dagrun for example_external_task_marker_parent to None, run_after=None
[2024-12-13T17:03:19.219+0000] {processor.py:208} INFO - Processing /home/airflow/.local/lib/python3.12/site-packages/airflow/example_dags/example_external_task_marker_dag.py took 0.046 seconds
