[2024-12-13T17:01:51.639+0000] {processor.py:186} INFO - Started process (PID=96) to work on /home/airflow/.local/lib/python3.12/site-packages/airflow/example_dags/example_bash_decorator.py
[2024-12-13T17:01:51.640+0000] {processor.py:914} INFO - Processing file /home/airflow/.local/lib/python3.12/site-packages/airflow/example_dags/example_bash_decorator.py for tasks to queue
[2024-12-13T17:01:51.641+0000] {logging_mixin.py:190} INFO - [2024-12-13T17:01:51.641+0000] {dagbag.py:588} INFO - Filling up the DagBag from /home/airflow/.local/lib/python3.12/site-packages/airflow/example_dags/example_bash_decorator.py
[2024-12-13T17:01:51.649+0000] {processor.py:925} INFO - DAG(s) 'example_bash_decorator' retrieved from /home/airflow/.local/lib/python3.12/site-packages/airflow/example_dags/example_bash_decorator.py
[2024-12-13T17:01:51.705+0000] {logging_mixin.py:190} INFO - [2024-12-13T17:01:51.704+0000] {override.py:1911} INFO - Created Permission View: can edit on DAG:example_bash_decorator
[2024-12-13T17:01:51.710+0000] {logging_mixin.py:190} INFO - [2024-12-13T17:01:51.710+0000] {override.py:1911} INFO - Created Permission View: can read on DAG:example_bash_decorator
[2024-12-13T17:01:51.714+0000] {logging_mixin.py:190} INFO - [2024-12-13T17:01:51.714+0000] {override.py:1911} INFO - Created Permission View: can delete on DAG:example_bash_decorator
[2024-12-13T17:01:51.718+0000] {logging_mixin.py:190} INFO - [2024-12-13T17:01:51.718+0000] {override.py:1911} INFO - Created Permission View: can delete on DAG Run:example_bash_decorator
[2024-12-13T17:01:51.721+0000] {logging_mixin.py:190} INFO - [2024-12-13T17:01:51.721+0000] {override.py:1911} INFO - Created Permission View: can read on DAG Run:example_bash_decorator
[2024-12-13T17:01:51.724+0000] {logging_mixin.py:190} INFO - [2024-12-13T17:01:51.724+0000] {override.py:1911} INFO - Created Permission View: can create on DAG Run:example_bash_decorator
[2024-12-13T17:01:51.727+0000] {logging_mixin.py:190} INFO - [2024-12-13T17:01:51.727+0000] {override.py:1911} INFO - Created Permission View: menu access on DAG Run:example_bash_decorator
[2024-12-13T17:01:51.728+0000] {logging_mixin.py:190} INFO - [2024-12-13T17:01:51.728+0000] {dag.py:3239} INFO - Sync 1 DAGs
[2024-12-13T17:01:51.735+0000] {logging_mixin.py:190} INFO - [2024-12-13T17:01:51.734+0000] {dag.py:3262} INFO - Creating ORM DAG for example_bash_decorator
[2024-12-13T17:01:51.735+0000] {logging_mixin.py:190} INFO - [2024-12-13T17:01:51.735+0000] {dag.py:4180} INFO - Setting next_dagrun for example_bash_decorator to None, run_after=None
[2024-12-13T17:01:51.745+0000] {processor.py:208} INFO - Processing /home/airflow/.local/lib/python3.12/site-packages/airflow/example_dags/example_bash_decorator.py took 0.110 seconds
[2024-12-13T17:02:22.388+0000] {processor.py:186} INFO - Started process (PID=160) to work on /home/airflow/.local/lib/python3.12/site-packages/airflow/example_dags/example_bash_decorator.py
[2024-12-13T17:02:22.388+0000] {processor.py:914} INFO - Processing file /home/airflow/.local/lib/python3.12/site-packages/airflow/example_dags/example_bash_decorator.py for tasks to queue
[2024-12-13T17:02:22.391+0000] {logging_mixin.py:190} INFO - [2024-12-13T17:02:22.391+0000] {dagbag.py:588} INFO - Filling up the DagBag from /home/airflow/.local/lib/python3.12/site-packages/airflow/example_dags/example_bash_decorator.py
[2024-12-13T17:02:22.399+0000] {processor.py:925} INFO - DAG(s) 'example_bash_decorator' retrieved from /home/airflow/.local/lib/python3.12/site-packages/airflow/example_dags/example_bash_decorator.py
[2024-12-13T17:02:22.412+0000] {logging_mixin.py:190} INFO - [2024-12-13T17:02:22.412+0000] {dag.py:3239} INFO - Sync 1 DAGs
[2024-12-13T17:02:22.419+0000] {logging_mixin.py:190} INFO - [2024-12-13T17:02:22.419+0000] {dag.py:4180} INFO - Setting next_dagrun for example_bash_decorator to None, run_after=None
[2024-12-13T17:02:22.428+0000] {processor.py:208} INFO - Processing /home/airflow/.local/lib/python3.12/site-packages/airflow/example_dags/example_bash_decorator.py took 0.043 seconds
[2024-12-13T17:02:52.513+0000] {processor.py:186} INFO - Started process (PID=223) to work on /home/airflow/.local/lib/python3.12/site-packages/airflow/example_dags/example_bash_decorator.py
[2024-12-13T17:02:52.514+0000] {processor.py:914} INFO - Processing file /home/airflow/.local/lib/python3.12/site-packages/airflow/example_dags/example_bash_decorator.py for tasks to queue
[2024-12-13T17:02:52.515+0000] {logging_mixin.py:190} INFO - [2024-12-13T17:02:52.515+0000] {dagbag.py:588} INFO - Filling up the DagBag from /home/airflow/.local/lib/python3.12/site-packages/airflow/example_dags/example_bash_decorator.py
[2024-12-13T17:02:52.523+0000] {processor.py:925} INFO - DAG(s) 'example_bash_decorator' retrieved from /home/airflow/.local/lib/python3.12/site-packages/airflow/example_dags/example_bash_decorator.py
[2024-12-13T17:02:52.540+0000] {logging_mixin.py:190} INFO - [2024-12-13T17:02:52.540+0000] {dag.py:3239} INFO - Sync 1 DAGs
[2024-12-13T17:02:52.547+0000] {logging_mixin.py:190} INFO - [2024-12-13T17:02:52.547+0000] {dag.py:4180} INFO - Setting next_dagrun for example_bash_decorator to None, run_after=None
[2024-12-13T17:02:52.557+0000] {processor.py:208} INFO - Processing /home/airflow/.local/lib/python3.12/site-packages/airflow/example_dags/example_bash_decorator.py took 0.047 seconds
[2024-12-13T17:03:22.834+0000] {processor.py:186} INFO - Started process (PID=287) to work on /home/airflow/.local/lib/python3.12/site-packages/airflow/example_dags/example_bash_decorator.py
[2024-12-13T17:03:22.835+0000] {processor.py:914} INFO - Processing file /home/airflow/.local/lib/python3.12/site-packages/airflow/example_dags/example_bash_decorator.py for tasks to queue
[2024-12-13T17:03:22.836+0000] {logging_mixin.py:190} INFO - [2024-12-13T17:03:22.836+0000] {dagbag.py:588} INFO - Filling up the DagBag from /home/airflow/.local/lib/python3.12/site-packages/airflow/example_dags/example_bash_decorator.py
[2024-12-13T17:03:22.843+0000] {processor.py:925} INFO - DAG(s) 'example_bash_decorator' retrieved from /home/airflow/.local/lib/python3.12/site-packages/airflow/example_dags/example_bash_decorator.py
[2024-12-13T17:03:22.857+0000] {logging_mixin.py:190} INFO - [2024-12-13T17:03:22.856+0000] {dag.py:3239} INFO - Sync 1 DAGs
[2024-12-13T17:03:22.864+0000] {logging_mixin.py:190} INFO - [2024-12-13T17:03:22.864+0000] {dag.py:4180} INFO - Setting next_dagrun for example_bash_decorator to None, run_after=None
[2024-12-13T17:03:22.874+0000] {processor.py:208} INFO - Processing /home/airflow/.local/lib/python3.12/site-packages/airflow/example_dags/example_bash_decorator.py took 0.043 seconds
