[2024-12-13T17:01:49.566+0000] {processor.py:186} INFO - Started process (PID=78) to work on /home/airflow/.local/lib/python3.12/site-packages/airflow/example_dags/example_short_circuit_decorator.py
[2024-12-13T17:01:49.567+0000] {processor.py:914} INFO - Processing file /home/airflow/.local/lib/python3.12/site-packages/airflow/example_dags/example_short_circuit_decorator.py for tasks to queue
[2024-12-13T17:01:49.569+0000] {logging_mixin.py:190} INFO - [2024-12-13T17:01:49.569+0000] {dagbag.py:588} INFO - Filling up the DagBag from /home/airflow/.local/lib/python3.12/site-packages/airflow/example_dags/example_short_circuit_decorator.py
[2024-12-13T17:01:49.582+0000] {processor.py:925} INFO - DAG(s) 'example_short_circuit_decorator' retrieved from /home/airflow/.local/lib/python3.12/site-packages/airflow/example_dags/example_short_circuit_decorator.py
[2024-12-13T17:01:49.635+0000] {logging_mixin.py:190} INFO - [2024-12-13T17:01:49.635+0000] {override.py:1911} INFO - Created Permission View: can edit on DAG:example_short_circuit_decorator
[2024-12-13T17:01:49.641+0000] {logging_mixin.py:190} INFO - [2024-12-13T17:01:49.641+0000] {override.py:1911} INFO - Created Permission View: can read on DAG:example_short_circuit_decorator
[2024-12-13T17:01:49.645+0000] {logging_mixin.py:190} INFO - [2024-12-13T17:01:49.645+0000] {override.py:1911} INFO - Created Permission View: can delete on DAG:example_short_circuit_decorator
[2024-12-13T17:01:49.649+0000] {logging_mixin.py:190} INFO - [2024-12-13T17:01:49.649+0000] {override.py:1911} INFO - Created Permission View: can delete on DAG Run:example_short_circuit_decorator
[2024-12-13T17:01:49.653+0000] {logging_mixin.py:190} INFO - [2024-12-13T17:01:49.653+0000] {override.py:1911} INFO - Created Permission View: can read on DAG Run:example_short_circuit_decorator
[2024-12-13T17:01:49.656+0000] {logging_mixin.py:190} INFO - [2024-12-13T17:01:49.656+0000] {override.py:1911} INFO - Created Permission View: can create on DAG Run:example_short_circuit_decorator
[2024-12-13T17:01:49.660+0000] {logging_mixin.py:190} INFO - [2024-12-13T17:01:49.660+0000] {override.py:1911} INFO - Created Permission View: menu access on DAG Run:example_short_circuit_decorator
[2024-12-13T17:01:49.661+0000] {logging_mixin.py:190} INFO - [2024-12-13T17:01:49.661+0000] {dag.py:3239} INFO - Sync 1 DAGs
[2024-12-13T17:01:49.668+0000] {logging_mixin.py:190} INFO - [2024-12-13T17:01:49.667+0000] {dag.py:3262} INFO - Creating ORM DAG for example_short_circuit_decorator
[2024-12-13T17:01:49.668+0000] {logging_mixin.py:190} INFO - [2024-12-13T17:01:49.668+0000] {dag.py:4180} INFO - Setting next_dagrun for example_short_circuit_decorator to None, run_after=None
[2024-12-13T17:01:49.683+0000] {processor.py:208} INFO - Processing /home/airflow/.local/lib/python3.12/site-packages/airflow/example_dags/example_short_circuit_decorator.py took 0.122 seconds
[2024-12-13T17:02:20.701+0000] {processor.py:186} INFO - Started process (PID=142) to work on /home/airflow/.local/lib/python3.12/site-packages/airflow/example_dags/example_short_circuit_decorator.py
[2024-12-13T17:02:20.706+0000] {processor.py:914} INFO - Processing file /home/airflow/.local/lib/python3.12/site-packages/airflow/example_dags/example_short_circuit_decorator.py for tasks to queue
[2024-12-13T17:02:20.708+0000] {logging_mixin.py:190} INFO - [2024-12-13T17:02:20.707+0000] {dagbag.py:588} INFO - Filling up the DagBag from /home/airflow/.local/lib/python3.12/site-packages/airflow/example_dags/example_short_circuit_decorator.py
[2024-12-13T17:02:20.714+0000] {processor.py:925} INFO - DAG(s) 'example_short_circuit_decorator' retrieved from /home/airflow/.local/lib/python3.12/site-packages/airflow/example_dags/example_short_circuit_decorator.py
[2024-12-13T17:02:20.729+0000] {logging_mixin.py:190} INFO - [2024-12-13T17:02:20.729+0000] {dag.py:3239} INFO - Sync 1 DAGs
[2024-12-13T17:02:20.737+0000] {logging_mixin.py:190} INFO - [2024-12-13T17:02:20.737+0000] {dag.py:4180} INFO - Setting next_dagrun for example_short_circuit_decorator to None, run_after=None
[2024-12-13T17:02:20.746+0000] {processor.py:208} INFO - Processing /home/airflow/.local/lib/python3.12/site-packages/airflow/example_dags/example_short_circuit_decorator.py took 0.049 seconds
[2024-12-13T17:02:50.773+0000] {processor.py:186} INFO - Started process (PID=205) to work on /home/airflow/.local/lib/python3.12/site-packages/airflow/example_dags/example_short_circuit_decorator.py
[2024-12-13T17:02:50.777+0000] {processor.py:914} INFO - Processing file /home/airflow/.local/lib/python3.12/site-packages/airflow/example_dags/example_short_circuit_decorator.py for tasks to queue
[2024-12-13T17:02:50.778+0000] {logging_mixin.py:190} INFO - [2024-12-13T17:02:50.778+0000] {dagbag.py:588} INFO - Filling up the DagBag from /home/airflow/.local/lib/python3.12/site-packages/airflow/example_dags/example_short_circuit_decorator.py
[2024-12-13T17:02:50.784+0000] {processor.py:925} INFO - DAG(s) 'example_short_circuit_decorator' retrieved from /home/airflow/.local/lib/python3.12/site-packages/airflow/example_dags/example_short_circuit_decorator.py
[2024-12-13T17:02:50.798+0000] {logging_mixin.py:190} INFO - [2024-12-13T17:02:50.797+0000] {dag.py:3239} INFO - Sync 1 DAGs
[2024-12-13T17:02:50.806+0000] {logging_mixin.py:190} INFO - [2024-12-13T17:02:50.806+0000] {dag.py:4180} INFO - Setting next_dagrun for example_short_circuit_decorator to None, run_after=None
[2024-12-13T17:02:50.818+0000] {processor.py:208} INFO - Processing /home/airflow/.local/lib/python3.12/site-packages/airflow/example_dags/example_short_circuit_decorator.py took 0.048 seconds
[2024-12-13T17:03:22.115+0000] {processor.py:186} INFO - Started process (PID=269) to work on /home/airflow/.local/lib/python3.12/site-packages/airflow/example_dags/example_short_circuit_decorator.py
[2024-12-13T17:03:22.116+0000] {processor.py:914} INFO - Processing file /home/airflow/.local/lib/python3.12/site-packages/airflow/example_dags/example_short_circuit_decorator.py for tasks to queue
[2024-12-13T17:03:22.118+0000] {logging_mixin.py:190} INFO - [2024-12-13T17:03:22.117+0000] {dagbag.py:588} INFO - Filling up the DagBag from /home/airflow/.local/lib/python3.12/site-packages/airflow/example_dags/example_short_circuit_decorator.py
[2024-12-13T17:03:22.123+0000] {processor.py:925} INFO - DAG(s) 'example_short_circuit_decorator' retrieved from /home/airflow/.local/lib/python3.12/site-packages/airflow/example_dags/example_short_circuit_decorator.py
[2024-12-13T17:03:22.137+0000] {logging_mixin.py:190} INFO - [2024-12-13T17:03:22.137+0000] {dag.py:3239} INFO - Sync 1 DAGs
[2024-12-13T17:03:22.144+0000] {logging_mixin.py:190} INFO - [2024-12-13T17:03:22.144+0000] {dag.py:4180} INFO - Setting next_dagrun for example_short_circuit_decorator to None, run_after=None
[2024-12-13T17:03:22.158+0000] {processor.py:208} INFO - Processing /home/airflow/.local/lib/python3.12/site-packages/airflow/example_dags/example_short_circuit_decorator.py took 0.046 seconds
