[2024-12-13T17:01:49.309+0000] {processor.py:186} INFO - Started process (PID=76) to work on /home/airflow/.local/lib/python3.12/site-packages/airflow/example_dags/example_branch_day_of_week_operator.py
[2024-12-13T17:01:49.309+0000] {processor.py:914} INFO - Processing file /home/airflow/.local/lib/python3.12/site-packages/airflow/example_dags/example_branch_day_of_week_operator.py for tasks to queue
[2024-12-13T17:01:49.311+0000] {logging_mixin.py:190} INFO - [2024-12-13T17:01:49.311+0000] {dagbag.py:588} INFO - Filling up the DagBag from /home/airflow/.local/lib/python3.12/site-packages/airflow/example_dags/example_branch_day_of_week_operator.py
[2024-12-13T17:01:49.316+0000] {processor.py:925} INFO - DAG(s) 'example_weekday_branch_operator' retrieved from /home/airflow/.local/lib/python3.12/site-packages/airflow/example_dags/example_branch_day_of_week_operator.py
[2024-12-13T17:01:49.365+0000] {logging_mixin.py:190} INFO - [2024-12-13T17:01:49.365+0000] {override.py:1911} INFO - Created Permission View: can edit on DAG:example_weekday_branch_operator
[2024-12-13T17:01:49.370+0000] {logging_mixin.py:190} INFO - [2024-12-13T17:01:49.369+0000] {override.py:1911} INFO - Created Permission View: can read on DAG:example_weekday_branch_operator
[2024-12-13T17:01:49.372+0000] {logging_mixin.py:190} INFO - [2024-12-13T17:01:49.372+0000] {override.py:1911} INFO - Created Permission View: can delete on DAG:example_weekday_branch_operator
[2024-12-13T17:01:49.375+0000] {logging_mixin.py:190} INFO - [2024-12-13T17:01:49.375+0000] {override.py:1911} INFO - Created Permission View: can delete on DAG Run:example_weekday_branch_operator
[2024-12-13T17:01:49.378+0000] {logging_mixin.py:190} INFO - [2024-12-13T17:01:49.378+0000] {override.py:1911} INFO - Created Permission View: can read on DAG Run:example_weekday_branch_operator
[2024-12-13T17:01:49.380+0000] {logging_mixin.py:190} INFO - [2024-12-13T17:01:49.380+0000] {override.py:1911} INFO - Created Permission View: can create on DAG Run:example_weekday_branch_operator
[2024-12-13T17:01:49.383+0000] {logging_mixin.py:190} INFO - [2024-12-13T17:01:49.383+0000] {override.py:1911} INFO - Created Permission View: menu access on DAG Run:example_weekday_branch_operator
[2024-12-13T17:01:49.383+0000] {logging_mixin.py:190} INFO - [2024-12-13T17:01:49.383+0000] {dag.py:3239} INFO - Sync 1 DAGs
[2024-12-13T17:01:49.389+0000] {logging_mixin.py:190} INFO - [2024-12-13T17:01:49.389+0000] {dag.py:3262} INFO - Creating ORM DAG for example_weekday_branch_operator
[2024-12-13T17:01:49.394+0000] {logging_mixin.py:190} INFO - [2024-12-13T17:01:49.394+0000] {dag.py:4180} INFO - Setting next_dagrun for example_weekday_branch_operator to 2024-12-12 00:00:00+00:00, run_after=2024-12-13 00:00:00+00:00
[2024-12-13T17:01:49.403+0000] {processor.py:208} INFO - Processing /home/airflow/.local/lib/python3.12/site-packages/airflow/example_dags/example_branch_day_of_week_operator.py took 0.097 seconds
[2024-12-13T17:02:19.527+0000] {processor.py:186} INFO - Started process (PID=139) to work on /home/airflow/.local/lib/python3.12/site-packages/airflow/example_dags/example_branch_day_of_week_operator.py
[2024-12-13T17:02:19.529+0000] {processor.py:914} INFO - Processing file /home/airflow/.local/lib/python3.12/site-packages/airflow/example_dags/example_branch_day_of_week_operator.py for tasks to queue
[2024-12-13T17:02:19.530+0000] {logging_mixin.py:190} INFO - [2024-12-13T17:02:19.530+0000] {dagbag.py:588} INFO - Filling up the DagBag from /home/airflow/.local/lib/python3.12/site-packages/airflow/example_dags/example_branch_day_of_week_operator.py
[2024-12-13T17:02:19.536+0000] {processor.py:925} INFO - DAG(s) 'example_weekday_branch_operator' retrieved from /home/airflow/.local/lib/python3.12/site-packages/airflow/example_dags/example_branch_day_of_week_operator.py
[2024-12-13T17:02:19.550+0000] {logging_mixin.py:190} INFO - [2024-12-13T17:02:19.550+0000] {dag.py:3239} INFO - Sync 1 DAGs
[2024-12-13T17:02:19.565+0000] {logging_mixin.py:190} INFO - [2024-12-13T17:02:19.565+0000] {dag.py:4180} INFO - Setting next_dagrun for example_weekday_branch_operator to 2024-12-12 00:00:00+00:00, run_after=2024-12-13 00:00:00+00:00
[2024-12-13T17:02:19.586+0000] {processor.py:208} INFO - Processing /home/airflow/.local/lib/python3.12/site-packages/airflow/example_dags/example_branch_day_of_week_operator.py took 0.063 seconds
[2024-12-13T17:02:50.709+0000] {processor.py:186} INFO - Started process (PID=203) to work on /home/airflow/.local/lib/python3.12/site-packages/airflow/example_dags/example_branch_day_of_week_operator.py
[2024-12-13T17:02:50.709+0000] {processor.py:914} INFO - Processing file /home/airflow/.local/lib/python3.12/site-packages/airflow/example_dags/example_branch_day_of_week_operator.py for tasks to queue
[2024-12-13T17:02:50.711+0000] {logging_mixin.py:190} INFO - [2024-12-13T17:02:50.711+0000] {dagbag.py:588} INFO - Filling up the DagBag from /home/airflow/.local/lib/python3.12/site-packages/airflow/example_dags/example_branch_day_of_week_operator.py
[2024-12-13T17:02:50.717+0000] {processor.py:925} INFO - DAG(s) 'example_weekday_branch_operator' retrieved from /home/airflow/.local/lib/python3.12/site-packages/airflow/example_dags/example_branch_day_of_week_operator.py
[2024-12-13T17:02:50.733+0000] {logging_mixin.py:190} INFO - [2024-12-13T17:02:50.733+0000] {dag.py:3239} INFO - Sync 1 DAGs
[2024-12-13T17:02:50.747+0000] {logging_mixin.py:190} INFO - [2024-12-13T17:02:50.747+0000] {dag.py:4180} INFO - Setting next_dagrun for example_weekday_branch_operator to 2024-12-12 00:00:00+00:00, run_after=2024-12-13 00:00:00+00:00
[2024-12-13T17:02:50.757+0000] {processor.py:208} INFO - Processing /home/airflow/.local/lib/python3.12/site-packages/airflow/example_dags/example_branch_day_of_week_operator.py took 0.051 seconds
[2024-12-13T17:03:22.045+0000] {processor.py:186} INFO - Started process (PID=267) to work on /home/airflow/.local/lib/python3.12/site-packages/airflow/example_dags/example_branch_day_of_week_operator.py
[2024-12-13T17:03:22.046+0000] {processor.py:914} INFO - Processing file /home/airflow/.local/lib/python3.12/site-packages/airflow/example_dags/example_branch_day_of_week_operator.py for tasks to queue
[2024-12-13T17:03:22.048+0000] {logging_mixin.py:190} INFO - [2024-12-13T17:03:22.048+0000] {dagbag.py:588} INFO - Filling up the DagBag from /home/airflow/.local/lib/python3.12/site-packages/airflow/example_dags/example_branch_day_of_week_operator.py
[2024-12-13T17:03:22.054+0000] {processor.py:925} INFO - DAG(s) 'example_weekday_branch_operator' retrieved from /home/airflow/.local/lib/python3.12/site-packages/airflow/example_dags/example_branch_day_of_week_operator.py
[2024-12-13T17:03:22.065+0000] {logging_mixin.py:190} INFO - [2024-12-13T17:03:22.065+0000] {dag.py:3239} INFO - Sync 1 DAGs
[2024-12-13T17:03:22.078+0000] {logging_mixin.py:190} INFO - [2024-12-13T17:03:22.078+0000] {dag.py:4180} INFO - Setting next_dagrun for example_weekday_branch_operator to 2024-12-12 00:00:00+00:00, run_after=2024-12-13 00:00:00+00:00
[2024-12-13T17:03:22.098+0000] {processor.py:208} INFO - Processing /home/airflow/.local/lib/python3.12/site-packages/airflow/example_dags/example_branch_day_of_week_operator.py took 0.057 seconds
