[2024-12-13T17:01:52.494+0000] {processor.py:186} INFO - Started process (PID=103) to work on /home/airflow/.local/lib/python3.12/site-packages/airflow/example_dags/example_trigger_target_dag.py
[2024-12-13T17:01:52.495+0000] {processor.py:914} INFO - Processing file /home/airflow/.local/lib/python3.12/site-packages/airflow/example_dags/example_trigger_target_dag.py for tasks to queue
[2024-12-13T17:01:52.496+0000] {logging_mixin.py:190} INFO - [2024-12-13T17:01:52.496+0000] {dagbag.py:588} INFO - Filling up the DagBag from /home/airflow/.local/lib/python3.12/site-packages/airflow/example_dags/example_trigger_target_dag.py
[2024-12-13T17:01:52.502+0000] {processor.py:925} INFO - DAG(s) 'example_trigger_target_dag' retrieved from /home/airflow/.local/lib/python3.12/site-packages/airflow/example_dags/example_trigger_target_dag.py
[2024-12-13T17:01:52.560+0000] {logging_mixin.py:190} INFO - [2024-12-13T17:01:52.560+0000] {override.py:1911} INFO - Created Permission View: can edit on DAG:example_trigger_target_dag
[2024-12-13T17:01:52.566+0000] {logging_mixin.py:190} INFO - [2024-12-13T17:01:52.566+0000] {override.py:1911} INFO - Created Permission View: can read on DAG:example_trigger_target_dag
[2024-12-13T17:01:52.571+0000] {logging_mixin.py:190} INFO - [2024-12-13T17:01:52.571+0000] {override.py:1911} INFO - Created Permission View: can delete on DAG:example_trigger_target_dag
[2024-12-13T17:01:52.576+0000] {logging_mixin.py:190} INFO - [2024-12-13T17:01:52.576+0000] {override.py:1911} INFO - Created Permission View: can delete on DAG Run:example_trigger_target_dag
[2024-12-13T17:01:52.580+0000] {logging_mixin.py:190} INFO - [2024-12-13T17:01:52.579+0000] {override.py:1911} INFO - Created Permission View: can read on DAG Run:example_trigger_target_dag
[2024-12-13T17:01:52.584+0000] {logging_mixin.py:190} INFO - [2024-12-13T17:01:52.584+0000] {override.py:1911} INFO - Created Permission View: can create on DAG Run:example_trigger_target_dag
[2024-12-13T17:01:52.588+0000] {logging_mixin.py:190} INFO - [2024-12-13T17:01:52.588+0000] {override.py:1911} INFO - Created Permission View: menu access on DAG Run:example_trigger_target_dag
[2024-12-13T17:01:52.588+0000] {logging_mixin.py:190} INFO - [2024-12-13T17:01:52.588+0000] {dag.py:3239} INFO - Sync 1 DAGs
[2024-12-13T17:01:52.597+0000] {logging_mixin.py:190} INFO - [2024-12-13T17:01:52.597+0000] {dag.py:3262} INFO - Creating ORM DAG for example_trigger_target_dag
[2024-12-13T17:01:52.598+0000] {logging_mixin.py:190} INFO - [2024-12-13T17:01:52.598+0000] {dag.py:4180} INFO - Setting next_dagrun for example_trigger_target_dag to None, run_after=None
[2024-12-13T17:01:52.608+0000] {processor.py:208} INFO - Processing /home/airflow/.local/lib/python3.12/site-packages/airflow/example_dags/example_trigger_target_dag.py took 0.119 seconds
[2024-12-13T17:02:22.800+0000] {processor.py:186} INFO - Started process (PID=167) to work on /home/airflow/.local/lib/python3.12/site-packages/airflow/example_dags/example_trigger_target_dag.py
[2024-12-13T17:02:22.804+0000] {processor.py:914} INFO - Processing file /home/airflow/.local/lib/python3.12/site-packages/airflow/example_dags/example_trigger_target_dag.py for tasks to queue
[2024-12-13T17:02:22.807+0000] {logging_mixin.py:190} INFO - [2024-12-13T17:02:22.807+0000] {dagbag.py:588} INFO - Filling up the DagBag from /home/airflow/.local/lib/python3.12/site-packages/airflow/example_dags/example_trigger_target_dag.py
[2024-12-13T17:02:22.814+0000] {processor.py:925} INFO - DAG(s) 'example_trigger_target_dag' retrieved from /home/airflow/.local/lib/python3.12/site-packages/airflow/example_dags/example_trigger_target_dag.py
[2024-12-13T17:02:22.828+0000] {logging_mixin.py:190} INFO - [2024-12-13T17:02:22.828+0000] {dag.py:3239} INFO - Sync 1 DAGs
[2024-12-13T17:02:22.838+0000] {logging_mixin.py:190} INFO - [2024-12-13T17:02:22.838+0000] {dag.py:4180} INFO - Setting next_dagrun for example_trigger_target_dag to None, run_after=None
[2024-12-13T17:02:22.878+0000] {processor.py:208} INFO - Processing /home/airflow/.local/lib/python3.12/site-packages/airflow/example_dags/example_trigger_target_dag.py took 0.083 seconds
[2024-12-13T17:02:53.978+0000] {processor.py:186} INFO - Started process (PID=231) to work on /home/airflow/.local/lib/python3.12/site-packages/airflow/example_dags/example_trigger_target_dag.py
[2024-12-13T17:02:53.979+0000] {processor.py:914} INFO - Processing file /home/airflow/.local/lib/python3.12/site-packages/airflow/example_dags/example_trigger_target_dag.py for tasks to queue
[2024-12-13T17:02:53.980+0000] {logging_mixin.py:190} INFO - [2024-12-13T17:02:53.980+0000] {dagbag.py:588} INFO - Filling up the DagBag from /home/airflow/.local/lib/python3.12/site-packages/airflow/example_dags/example_trigger_target_dag.py
[2024-12-13T17:02:53.985+0000] {processor.py:925} INFO - DAG(s) 'example_trigger_target_dag' retrieved from /home/airflow/.local/lib/python3.12/site-packages/airflow/example_dags/example_trigger_target_dag.py
[2024-12-13T17:02:53.995+0000] {logging_mixin.py:190} INFO - [2024-12-13T17:02:53.995+0000] {dag.py:3239} INFO - Sync 1 DAGs
[2024-12-13T17:02:54.001+0000] {logging_mixin.py:190} INFO - [2024-12-13T17:02:54.001+0000] {dag.py:4180} INFO - Setting next_dagrun for example_trigger_target_dag to None, run_after=None
[2024-12-13T17:02:54.010+0000] {processor.py:208} INFO - Processing /home/airflow/.local/lib/python3.12/site-packages/airflow/example_dags/example_trigger_target_dag.py took 0.036 seconds
[2024-12-13T17:03:24.047+0000] {processor.py:186} INFO - Started process (PID=294) to work on /home/airflow/.local/lib/python3.12/site-packages/airflow/example_dags/example_trigger_target_dag.py
[2024-12-13T17:03:24.048+0000] {processor.py:914} INFO - Processing file /home/airflow/.local/lib/python3.12/site-packages/airflow/example_dags/example_trigger_target_dag.py for tasks to queue
[2024-12-13T17:03:24.050+0000] {logging_mixin.py:190} INFO - [2024-12-13T17:03:24.050+0000] {dagbag.py:588} INFO - Filling up the DagBag from /home/airflow/.local/lib/python3.12/site-packages/airflow/example_dags/example_trigger_target_dag.py
[2024-12-13T17:03:24.056+0000] {processor.py:925} INFO - DAG(s) 'example_trigger_target_dag' retrieved from /home/airflow/.local/lib/python3.12/site-packages/airflow/example_dags/example_trigger_target_dag.py
[2024-12-13T17:03:24.067+0000] {logging_mixin.py:190} INFO - [2024-12-13T17:03:24.067+0000] {dag.py:3239} INFO - Sync 1 DAGs
[2024-12-13T17:03:24.074+0000] {logging_mixin.py:190} INFO - [2024-12-13T17:03:24.074+0000] {dag.py:4180} INFO - Setting next_dagrun for example_trigger_target_dag to None, run_after=None
[2024-12-13T17:03:24.083+0000] {processor.py:208} INFO - Processing /home/airflow/.local/lib/python3.12/site-packages/airflow/example_dags/example_trigger_target_dag.py took 0.039 seconds
