[2024-12-13T17:01:46.652+0000] {processor.py:186} INFO - Started process (PID=49) to work on /home/airflow/.local/lib/python3.12/site-packages/airflow/example_dags/example_short_circuit_operator.py
[2024-12-13T17:01:46.652+0000] {processor.py:914} INFO - Processing file /home/airflow/.local/lib/python3.12/site-packages/airflow/example_dags/example_short_circuit_operator.py for tasks to queue
[2024-12-13T17:01:46.658+0000] {logging_mixin.py:190} INFO - [2024-12-13T17:01:46.658+0000] {dagbag.py:588} INFO - Filling up the DagBag from /home/airflow/.local/lib/python3.12/site-packages/airflow/example_dags/example_short_circuit_operator.py
[2024-12-13T17:01:46.690+0000] {processor.py:925} INFO - DAG(s) 'example_short_circuit_operator' retrieved from /home/airflow/.local/lib/python3.12/site-packages/airflow/example_dags/example_short_circuit_operator.py
[2024-12-13T17:01:46.905+0000] {logging_mixin.py:190} INFO - [2024-12-13T17:01:46.904+0000] {override.py:1911} INFO - Created Permission View: can edit on DAG:example_short_circuit_operator
[2024-12-13T17:01:46.914+0000] {logging_mixin.py:190} INFO - [2024-12-13T17:01:46.914+0000] {override.py:1911} INFO - Created Permission View: can read on DAG:example_short_circuit_operator
[2024-12-13T17:01:46.923+0000] {logging_mixin.py:190} INFO - [2024-12-13T17:01:46.923+0000] {override.py:1911} INFO - Created Permission View: can delete on DAG:example_short_circuit_operator
[2024-12-13T17:01:46.928+0000] {logging_mixin.py:190} INFO - [2024-12-13T17:01:46.928+0000] {override.py:1911} INFO - Created Permission View: can delete on DAG Run:example_short_circuit_operator
[2024-12-13T17:01:46.935+0000] {logging_mixin.py:190} INFO - [2024-12-13T17:01:46.935+0000] {override.py:1911} INFO - Created Permission View: can read on DAG Run:example_short_circuit_operator
[2024-12-13T17:01:46.939+0000] {logging_mixin.py:190} INFO - [2024-12-13T17:01:46.939+0000] {override.py:1911} INFO - Created Permission View: can create on DAG Run:example_short_circuit_operator
[2024-12-13T17:01:46.947+0000] {logging_mixin.py:190} INFO - [2024-12-13T17:01:46.947+0000] {override.py:1911} INFO - Created Permission View: menu access on DAG Run:example_short_circuit_operator
[2024-12-13T17:01:46.947+0000] {logging_mixin.py:190} INFO - [2024-12-13T17:01:46.947+0000] {dag.py:3239} INFO - Sync 1 DAGs
[2024-12-13T17:01:46.956+0000] {logging_mixin.py:190} INFO - [2024-12-13T17:01:46.956+0000] {dag.py:3262} INFO - Creating ORM DAG for example_short_circuit_operator
[2024-12-13T17:01:46.958+0000] {logging_mixin.py:190} INFO - [2024-12-13T17:01:46.958+0000] {dag.py:4180} INFO - Setting next_dagrun for example_short_circuit_operator to None, run_after=None
[2024-12-13T17:01:46.970+0000] {processor.py:208} INFO - Processing /home/airflow/.local/lib/python3.12/site-packages/airflow/example_dags/example_short_circuit_operator.py took 0.324 seconds
[2024-12-13T17:02:17.182+0000] {processor.py:186} INFO - Started process (PID=112) to work on /home/airflow/.local/lib/python3.12/site-packages/airflow/example_dags/example_short_circuit_operator.py
[2024-12-13T17:02:17.183+0000] {processor.py:914} INFO - Processing file /home/airflow/.local/lib/python3.12/site-packages/airflow/example_dags/example_short_circuit_operator.py for tasks to queue
[2024-12-13T17:02:17.187+0000] {logging_mixin.py:190} INFO - [2024-12-13T17:02:17.186+0000] {dagbag.py:588} INFO - Filling up the DagBag from /home/airflow/.local/lib/python3.12/site-packages/airflow/example_dags/example_short_circuit_operator.py
[2024-12-13T17:02:17.199+0000] {processor.py:925} INFO - DAG(s) 'example_short_circuit_operator' retrieved from /home/airflow/.local/lib/python3.12/site-packages/airflow/example_dags/example_short_circuit_operator.py
[2024-12-13T17:02:17.219+0000] {logging_mixin.py:190} INFO - [2024-12-13T17:02:17.219+0000] {dag.py:3239} INFO - Sync 1 DAGs
[2024-12-13T17:02:17.230+0000] {logging_mixin.py:190} INFO - [2024-12-13T17:02:17.230+0000] {dag.py:4180} INFO - Setting next_dagrun for example_short_circuit_operator to None, run_after=None
[2024-12-13T17:02:17.258+0000] {processor.py:208} INFO - Processing /home/airflow/.local/lib/python3.12/site-packages/airflow/example_dags/example_short_circuit_operator.py took 0.085 seconds
[2024-12-13T17:02:47.591+0000] {processor.py:186} INFO - Started process (PID=177) to work on /home/airflow/.local/lib/python3.12/site-packages/airflow/example_dags/example_short_circuit_operator.py
[2024-12-13T17:02:47.592+0000] {processor.py:914} INFO - Processing file /home/airflow/.local/lib/python3.12/site-packages/airflow/example_dags/example_short_circuit_operator.py for tasks to queue
[2024-12-13T17:02:47.595+0000] {logging_mixin.py:190} INFO - [2024-12-13T17:02:47.594+0000] {dagbag.py:588} INFO - Filling up the DagBag from /home/airflow/.local/lib/python3.12/site-packages/airflow/example_dags/example_short_circuit_operator.py
[2024-12-13T17:02:47.613+0000] {processor.py:925} INFO - DAG(s) 'example_short_circuit_operator' retrieved from /home/airflow/.local/lib/python3.12/site-packages/airflow/example_dags/example_short_circuit_operator.py
[2024-12-13T17:02:47.642+0000] {logging_mixin.py:190} INFO - [2024-12-13T17:02:47.642+0000] {dag.py:3239} INFO - Sync 1 DAGs
[2024-12-13T17:02:47.654+0000] {logging_mixin.py:190} INFO - [2024-12-13T17:02:47.654+0000] {dag.py:4180} INFO - Setting next_dagrun for example_short_circuit_operator to None, run_after=None
[2024-12-13T17:02:47.666+0000] {processor.py:208} INFO - Processing /home/airflow/.local/lib/python3.12/site-packages/airflow/example_dags/example_short_circuit_operator.py took 0.084 seconds
[2024-12-13T17:03:18.666+0000] {processor.py:186} INFO - Started process (PID=241) to work on /home/airflow/.local/lib/python3.12/site-packages/airflow/example_dags/example_short_circuit_operator.py
[2024-12-13T17:03:18.667+0000] {processor.py:914} INFO - Processing file /home/airflow/.local/lib/python3.12/site-packages/airflow/example_dags/example_short_circuit_operator.py for tasks to queue
[2024-12-13T17:03:18.672+0000] {logging_mixin.py:190} INFO - [2024-12-13T17:03:18.671+0000] {dagbag.py:588} INFO - Filling up the DagBag from /home/airflow/.local/lib/python3.12/site-packages/airflow/example_dags/example_short_circuit_operator.py
[2024-12-13T17:03:18.690+0000] {processor.py:925} INFO - DAG(s) 'example_short_circuit_operator' retrieved from /home/airflow/.local/lib/python3.12/site-packages/airflow/example_dags/example_short_circuit_operator.py
[2024-12-13T17:03:18.727+0000] {logging_mixin.py:190} INFO - [2024-12-13T17:03:18.726+0000] {dag.py:3239} INFO - Sync 1 DAGs
[2024-12-13T17:03:18.748+0000] {logging_mixin.py:190} INFO - [2024-12-13T17:03:18.748+0000] {dag.py:4180} INFO - Setting next_dagrun for example_short_circuit_operator to None, run_after=None
[2024-12-13T17:03:18.760+0000] {processor.py:208} INFO - Processing /home/airflow/.local/lib/python3.12/site-packages/airflow/example_dags/example_short_circuit_operator.py took 0.101 seconds
