[2024-12-13T17:01:52.497+0000] {processor.py:186} INFO - Started process (PID=104) to work on /home/airflow/.local/lib/python3.12/site-packages/airflow/example_dags/example_dynamic_task_mapping.py
[2024-12-13T17:01:52.501+0000] {processor.py:914} INFO - Processing file /home/airflow/.local/lib/python3.12/site-packages/airflow/example_dags/example_dynamic_task_mapping.py for tasks to queue
[2024-12-13T17:01:52.503+0000] {logging_mixin.py:190} INFO - [2024-12-13T17:01:52.503+0000] {dagbag.py:588} INFO - Filling up the DagBag from /home/airflow/.local/lib/python3.12/site-packages/airflow/example_dags/example_dynamic_task_mapping.py
[2024-12-13T17:01:52.510+0000] {processor.py:925} INFO - DAG(s) 'example_dynamic_task_mapping' retrieved from /home/airflow/.local/lib/python3.12/site-packages/airflow/example_dags/example_dynamic_task_mapping.py
[2024-12-13T17:01:52.567+0000] {logging_mixin.py:190} INFO - [2024-12-13T17:01:52.567+0000] {override.py:1911} INFO - Created Permission View: can edit on DAG:example_dynamic_task_mapping
[2024-12-13T17:01:52.573+0000] {logging_mixin.py:190} INFO - [2024-12-13T17:01:52.573+0000] {override.py:1911} INFO - Created Permission View: can read on DAG:example_dynamic_task_mapping
[2024-12-13T17:01:52.577+0000] {logging_mixin.py:190} INFO - [2024-12-13T17:01:52.577+0000] {override.py:1911} INFO - Created Permission View: can delete on DAG:example_dynamic_task_mapping
[2024-12-13T17:01:52.582+0000] {logging_mixin.py:190} INFO - [2024-12-13T17:01:52.582+0000] {override.py:1911} INFO - Created Permission View: can delete on DAG Run:example_dynamic_task_mapping
[2024-12-13T17:01:52.586+0000] {logging_mixin.py:190} INFO - [2024-12-13T17:01:52.586+0000] {override.py:1911} INFO - Created Permission View: can read on DAG Run:example_dynamic_task_mapping
[2024-12-13T17:01:52.591+0000] {logging_mixin.py:190} INFO - [2024-12-13T17:01:52.590+0000] {override.py:1911} INFO - Created Permission View: can create on DAG Run:example_dynamic_task_mapping
[2024-12-13T17:01:52.596+0000] {logging_mixin.py:190} INFO - [2024-12-13T17:01:52.596+0000] {override.py:1911} INFO - Created Permission View: menu access on DAG Run:example_dynamic_task_mapping
[2024-12-13T17:01:52.596+0000] {logging_mixin.py:190} INFO - [2024-12-13T17:01:52.596+0000] {dag.py:3239} INFO - Sync 1 DAGs
[2024-12-13T17:01:52.604+0000] {logging_mixin.py:190} INFO - [2024-12-13T17:01:52.604+0000] {dag.py:3262} INFO - Creating ORM DAG for example_dynamic_task_mapping
[2024-12-13T17:01:52.605+0000] {logging_mixin.py:190} INFO - [2024-12-13T17:01:52.605+0000] {dag.py:4180} INFO - Setting next_dagrun for example_dynamic_task_mapping to None, run_after=None
[2024-12-13T17:01:52.613+0000] {processor.py:208} INFO - Processing /home/airflow/.local/lib/python3.12/site-packages/airflow/example_dags/example_dynamic_task_mapping.py took 0.120 seconds
[2024-12-13T17:02:22.893+0000] {processor.py:186} INFO - Started process (PID=168) to work on /home/airflow/.local/lib/python3.12/site-packages/airflow/example_dags/example_dynamic_task_mapping.py
[2024-12-13T17:02:22.893+0000] {processor.py:914} INFO - Processing file /home/airflow/.local/lib/python3.12/site-packages/airflow/example_dags/example_dynamic_task_mapping.py for tasks to queue
[2024-12-13T17:02:22.895+0000] {logging_mixin.py:190} INFO - [2024-12-13T17:02:22.894+0000] {dagbag.py:588} INFO - Filling up the DagBag from /home/airflow/.local/lib/python3.12/site-packages/airflow/example_dags/example_dynamic_task_mapping.py
[2024-12-13T17:02:22.900+0000] {processor.py:925} INFO - DAG(s) 'example_dynamic_task_mapping' retrieved from /home/airflow/.local/lib/python3.12/site-packages/airflow/example_dags/example_dynamic_task_mapping.py
[2024-12-13T17:02:22.911+0000] {logging_mixin.py:190} INFO - [2024-12-13T17:02:22.911+0000] {dag.py:3239} INFO - Sync 1 DAGs
[2024-12-13T17:02:22.918+0000] {logging_mixin.py:190} INFO - [2024-12-13T17:02:22.918+0000] {dag.py:4180} INFO - Setting next_dagrun for example_dynamic_task_mapping to None, run_after=None
[2024-12-13T17:02:22.928+0000] {processor.py:208} INFO - Processing /home/airflow/.local/lib/python3.12/site-packages/airflow/example_dags/example_dynamic_task_mapping.py took 0.039 seconds
[2024-12-13T17:02:54.025+0000] {processor.py:186} INFO - Started process (PID=232) to work on /home/airflow/.local/lib/python3.12/site-packages/airflow/example_dags/example_dynamic_task_mapping.py
[2024-12-13T17:02:54.025+0000] {processor.py:914} INFO - Processing file /home/airflow/.local/lib/python3.12/site-packages/airflow/example_dags/example_dynamic_task_mapping.py for tasks to queue
[2024-12-13T17:02:54.027+0000] {logging_mixin.py:190} INFO - [2024-12-13T17:02:54.027+0000] {dagbag.py:588} INFO - Filling up the DagBag from /home/airflow/.local/lib/python3.12/site-packages/airflow/example_dags/example_dynamic_task_mapping.py
[2024-12-13T17:02:54.032+0000] {processor.py:925} INFO - DAG(s) 'example_dynamic_task_mapping' retrieved from /home/airflow/.local/lib/python3.12/site-packages/airflow/example_dags/example_dynamic_task_mapping.py
[2024-12-13T17:02:54.044+0000] {logging_mixin.py:190} INFO - [2024-12-13T17:02:54.044+0000] {dag.py:3239} INFO - Sync 1 DAGs
[2024-12-13T17:02:54.055+0000] {logging_mixin.py:190} INFO - [2024-12-13T17:02:54.054+0000] {dag.py:4180} INFO - Setting next_dagrun for example_dynamic_task_mapping to None, run_after=None
[2024-12-13T17:02:54.067+0000] {processor.py:208} INFO - Processing /home/airflow/.local/lib/python3.12/site-packages/airflow/example_dags/example_dynamic_task_mapping.py took 0.046 seconds
[2024-12-13T17:03:24.096+0000] {processor.py:186} INFO - Started process (PID=295) to work on /home/airflow/.local/lib/python3.12/site-packages/airflow/example_dags/example_dynamic_task_mapping.py
[2024-12-13T17:03:24.096+0000] {processor.py:914} INFO - Processing file /home/airflow/.local/lib/python3.12/site-packages/airflow/example_dags/example_dynamic_task_mapping.py for tasks to queue
[2024-12-13T17:03:24.098+0000] {logging_mixin.py:190} INFO - [2024-12-13T17:03:24.097+0000] {dagbag.py:588} INFO - Filling up the DagBag from /home/airflow/.local/lib/python3.12/site-packages/airflow/example_dags/example_dynamic_task_mapping.py
[2024-12-13T17:03:24.102+0000] {processor.py:925} INFO - DAG(s) 'example_dynamic_task_mapping' retrieved from /home/airflow/.local/lib/python3.12/site-packages/airflow/example_dags/example_dynamic_task_mapping.py
[2024-12-13T17:03:24.112+0000] {logging_mixin.py:190} INFO - [2024-12-13T17:03:24.112+0000] {dag.py:3239} INFO - Sync 1 DAGs
[2024-12-13T17:03:24.120+0000] {logging_mixin.py:190} INFO - [2024-12-13T17:03:24.119+0000] {dag.py:4180} INFO - Setting next_dagrun for example_dynamic_task_mapping to None, run_after=None
[2024-12-13T17:03:24.128+0000] {processor.py:208} INFO - Processing /home/airflow/.local/lib/python3.12/site-packages/airflow/example_dags/example_dynamic_task_mapping.py took 0.035 seconds
