[2024-12-13T17:01:51.643+0000] {processor.py:186} INFO - Started process (PID=97) to work on /home/airflow/.local/lib/python3.12/site-packages/airflow/example_dags/example_xcom.py
[2024-12-13T17:01:51.645+0000] {processor.py:914} INFO - Processing file /home/airflow/.local/lib/python3.12/site-packages/airflow/example_dags/example_xcom.py for tasks to queue
[2024-12-13T17:01:51.647+0000] {logging_mixin.py:190} INFO - [2024-12-13T17:01:51.646+0000] {dagbag.py:588} INFO - Filling up the DagBag from /home/airflow/.local/lib/python3.12/site-packages/airflow/example_dags/example_xcom.py
[2024-12-13T17:01:51.653+0000] {processor.py:925} INFO - DAG(s) 'example_xcom' retrieved from /home/airflow/.local/lib/python3.12/site-packages/airflow/example_dags/example_xcom.py
[2024-12-13T17:01:51.709+0000] {logging_mixin.py:190} INFO - [2024-12-13T17:01:51.709+0000] {override.py:1911} INFO - Created Permission View: can edit on DAG:example_xcom
[2024-12-13T17:01:51.716+0000] {logging_mixin.py:190} INFO - [2024-12-13T17:01:51.716+0000] {override.py:1911} INFO - Created Permission View: can read on DAG:example_xcom
[2024-12-13T17:01:51.719+0000] {logging_mixin.py:190} INFO - [2024-12-13T17:01:51.719+0000] {override.py:1911} INFO - Created Permission View: can delete on DAG:example_xcom
[2024-12-13T17:01:51.723+0000] {logging_mixin.py:190} INFO - [2024-12-13T17:01:51.723+0000] {override.py:1911} INFO - Created Permission View: can delete on DAG Run:example_xcom
[2024-12-13T17:01:51.728+0000] {logging_mixin.py:190} INFO - [2024-12-13T17:01:51.727+0000] {override.py:1911} INFO - Created Permission View: can read on DAG Run:example_xcom
[2024-12-13T17:01:51.734+0000] {logging_mixin.py:190} INFO - [2024-12-13T17:01:51.734+0000] {override.py:1911} INFO - Created Permission View: can create on DAG Run:example_xcom
[2024-12-13T17:01:51.738+0000] {logging_mixin.py:190} INFO - [2024-12-13T17:01:51.738+0000] {override.py:1911} INFO - Created Permission View: menu access on DAG Run:example_xcom
[2024-12-13T17:01:51.738+0000] {logging_mixin.py:190} INFO - [2024-12-13T17:01:51.738+0000] {dag.py:3239} INFO - Sync 1 DAGs
[2024-12-13T17:01:51.745+0000] {logging_mixin.py:190} INFO - [2024-12-13T17:01:51.745+0000] {dag.py:3262} INFO - Creating ORM DAG for example_xcom
[2024-12-13T17:01:51.750+0000] {logging_mixin.py:190} INFO - [2024-12-13T17:01:51.750+0000] {dag.py:4180} INFO - Setting next_dagrun for example_xcom to 2021-01-01 00:00:00+00:00, run_after=2021-01-01 00:00:00+00:00
[2024-12-13T17:01:51.758+0000] {processor.py:208} INFO - Processing /home/airflow/.local/lib/python3.12/site-packages/airflow/example_dags/example_xcom.py took 0.119 seconds
[2024-12-13T17:02:22.441+0000] {processor.py:186} INFO - Started process (PID=161) to work on /home/airflow/.local/lib/python3.12/site-packages/airflow/example_dags/example_xcom.py
[2024-12-13T17:02:22.442+0000] {processor.py:914} INFO - Processing file /home/airflow/.local/lib/python3.12/site-packages/airflow/example_dags/example_xcom.py for tasks to queue
[2024-12-13T17:02:22.443+0000] {logging_mixin.py:190} INFO - [2024-12-13T17:02:22.443+0000] {dagbag.py:588} INFO - Filling up the DagBag from /home/airflow/.local/lib/python3.12/site-packages/airflow/example_dags/example_xcom.py
[2024-12-13T17:02:22.448+0000] {processor.py:925} INFO - DAG(s) 'example_xcom' retrieved from /home/airflow/.local/lib/python3.12/site-packages/airflow/example_dags/example_xcom.py
[2024-12-13T17:02:22.459+0000] {logging_mixin.py:190} INFO - [2024-12-13T17:02:22.459+0000] {dag.py:3239} INFO - Sync 1 DAGs
[2024-12-13T17:02:22.471+0000] {logging_mixin.py:190} INFO - [2024-12-13T17:02:22.471+0000] {dag.py:4180} INFO - Setting next_dagrun for example_xcom to 2021-01-01 00:00:00+00:00, run_after=2021-01-01 00:00:00+00:00
[2024-12-13T17:02:22.481+0000] {processor.py:208} INFO - Processing /home/airflow/.local/lib/python3.12/site-packages/airflow/example_dags/example_xcom.py took 0.043 seconds
[2024-12-13T17:02:52.520+0000] {processor.py:186} INFO - Started process (PID=224) to work on /home/airflow/.local/lib/python3.12/site-packages/airflow/example_dags/example_xcom.py
[2024-12-13T17:02:52.521+0000] {processor.py:914} INFO - Processing file /home/airflow/.local/lib/python3.12/site-packages/airflow/example_dags/example_xcom.py for tasks to queue
[2024-12-13T17:02:52.523+0000] {logging_mixin.py:190} INFO - [2024-12-13T17:02:52.523+0000] {dagbag.py:588} INFO - Filling up the DagBag from /home/airflow/.local/lib/python3.12/site-packages/airflow/example_dags/example_xcom.py
[2024-12-13T17:02:52.527+0000] {processor.py:925} INFO - DAG(s) 'example_xcom' retrieved from /home/airflow/.local/lib/python3.12/site-packages/airflow/example_dags/example_xcom.py
[2024-12-13T17:02:52.540+0000] {logging_mixin.py:190} INFO - [2024-12-13T17:02:52.540+0000] {dag.py:3239} INFO - Sync 1 DAGs
[2024-12-13T17:02:52.551+0000] {logging_mixin.py:190} INFO - [2024-12-13T17:02:52.551+0000] {dag.py:4180} INFO - Setting next_dagrun for example_xcom to 2021-01-01 00:00:00+00:00, run_after=2021-01-01 00:00:00+00:00
[2024-12-13T17:02:52.563+0000] {processor.py:208} INFO - Processing /home/airflow/.local/lib/python3.12/site-packages/airflow/example_dags/example_xcom.py took 0.046 seconds
[2024-12-13T17:03:22.844+0000] {processor.py:186} INFO - Started process (PID=288) to work on /home/airflow/.local/lib/python3.12/site-packages/airflow/example_dags/example_xcom.py
[2024-12-13T17:03:22.845+0000] {processor.py:914} INFO - Processing file /home/airflow/.local/lib/python3.12/site-packages/airflow/example_dags/example_xcom.py for tasks to queue
[2024-12-13T17:03:22.846+0000] {logging_mixin.py:190} INFO - [2024-12-13T17:03:22.846+0000] {dagbag.py:588} INFO - Filling up the DagBag from /home/airflow/.local/lib/python3.12/site-packages/airflow/example_dags/example_xcom.py
[2024-12-13T17:03:22.851+0000] {processor.py:925} INFO - DAG(s) 'example_xcom' retrieved from /home/airflow/.local/lib/python3.12/site-packages/airflow/example_dags/example_xcom.py
[2024-12-13T17:03:22.865+0000] {logging_mixin.py:190} INFO - [2024-12-13T17:03:22.864+0000] {dag.py:3239} INFO - Sync 1 DAGs
[2024-12-13T17:03:22.877+0000] {logging_mixin.py:190} INFO - [2024-12-13T17:03:22.876+0000] {dag.py:4180} INFO - Setting next_dagrun for example_xcom to 2021-01-01 00:00:00+00:00, run_after=2021-01-01 00:00:00+00:00
[2024-12-13T17:03:22.886+0000] {processor.py:208} INFO - Processing /home/airflow/.local/lib/python3.12/site-packages/airflow/example_dags/example_xcom.py took 0.045 seconds
