[2024-12-13T17:01:49.918+0000] {processor.py:186} INFO - Started process (PID=82) to work on /home/airflow/.local/lib/python3.12/site-packages/airflow/example_dags/example_trigger_controller_dag.py
[2024-12-13T17:01:49.920+0000] {processor.py:914} INFO - Processing file /home/airflow/.local/lib/python3.12/site-packages/airflow/example_dags/example_trigger_controller_dag.py for tasks to queue
[2024-12-13T17:01:49.922+0000] {logging_mixin.py:190} INFO - [2024-12-13T17:01:49.922+0000] {dagbag.py:588} INFO - Filling up the DagBag from /home/airflow/.local/lib/python3.12/site-packages/airflow/example_dags/example_trigger_controller_dag.py
[2024-12-13T17:01:49.929+0000] {processor.py:925} INFO - DAG(s) 'example_trigger_controller_dag' retrieved from /home/airflow/.local/lib/python3.12/site-packages/airflow/example_dags/example_trigger_controller_dag.py
[2024-12-13T17:01:49.990+0000] {logging_mixin.py:190} INFO - [2024-12-13T17:01:49.990+0000] {override.py:1911} INFO - Created Permission View: can edit on DAG:example_trigger_controller_dag
[2024-12-13T17:01:49.998+0000] {logging_mixin.py:190} INFO - [2024-12-13T17:01:49.998+0000] {override.py:1911} INFO - Created Permission View: can read on DAG:example_trigger_controller_dag
[2024-12-13T17:01:50.003+0000] {logging_mixin.py:190} INFO - [2024-12-13T17:01:50.003+0000] {override.py:1911} INFO - Created Permission View: can delete on DAG:example_trigger_controller_dag
[2024-12-13T17:01:50.013+0000] {logging_mixin.py:190} INFO - [2024-12-13T17:01:50.012+0000] {override.py:1911} INFO - Created Permission View: can delete on DAG Run:example_trigger_controller_dag
[2024-12-13T17:01:50.020+0000] {logging_mixin.py:190} INFO - [2024-12-13T17:01:50.020+0000] {override.py:1911} INFO - Created Permission View: can read on DAG Run:example_trigger_controller_dag
[2024-12-13T17:01:50.030+0000] {logging_mixin.py:190} INFO - [2024-12-13T17:01:50.029+0000] {override.py:1911} INFO - Created Permission View: can create on DAG Run:example_trigger_controller_dag
[2024-12-13T17:01:50.035+0000] {logging_mixin.py:190} INFO - [2024-12-13T17:01:50.035+0000] {override.py:1911} INFO - Created Permission View: menu access on DAG Run:example_trigger_controller_dag
[2024-12-13T17:01:50.036+0000] {logging_mixin.py:190} INFO - [2024-12-13T17:01:50.036+0000] {dag.py:3239} INFO - Sync 1 DAGs
[2024-12-13T17:01:50.044+0000] {logging_mixin.py:190} INFO - [2024-12-13T17:01:50.044+0000] {dag.py:3262} INFO - Creating ORM DAG for example_trigger_controller_dag
[2024-12-13T17:01:50.048+0000] {logging_mixin.py:190} INFO - [2024-12-13T17:01:50.048+0000] {dag.py:4180} INFO - Setting next_dagrun for example_trigger_controller_dag to 2021-01-01 00:00:00+00:00, run_after=2021-01-01 00:00:00+00:00
[2024-12-13T17:01:50.060+0000] {processor.py:208} INFO - Processing /home/airflow/.local/lib/python3.12/site-packages/airflow/example_dags/example_trigger_controller_dag.py took 0.145 seconds
[2024-12-13T17:02:20.918+0000] {processor.py:186} INFO - Started process (PID=146) to work on /home/airflow/.local/lib/python3.12/site-packages/airflow/example_dags/example_trigger_controller_dag.py
[2024-12-13T17:02:20.919+0000] {processor.py:914} INFO - Processing file /home/airflow/.local/lib/python3.12/site-packages/airflow/example_dags/example_trigger_controller_dag.py for tasks to queue
[2024-12-13T17:02:20.920+0000] {logging_mixin.py:190} INFO - [2024-12-13T17:02:20.920+0000] {dagbag.py:588} INFO - Filling up the DagBag from /home/airflow/.local/lib/python3.12/site-packages/airflow/example_dags/example_trigger_controller_dag.py
[2024-12-13T17:02:20.923+0000] {processor.py:925} INFO - DAG(s) 'example_trigger_controller_dag' retrieved from /home/airflow/.local/lib/python3.12/site-packages/airflow/example_dags/example_trigger_controller_dag.py
[2024-12-13T17:02:20.934+0000] {logging_mixin.py:190} INFO - [2024-12-13T17:02:20.934+0000] {dag.py:3239} INFO - Sync 1 DAGs
[2024-12-13T17:02:20.944+0000] {logging_mixin.py:190} INFO - [2024-12-13T17:02:20.944+0000] {dag.py:4180} INFO - Setting next_dagrun for example_trigger_controller_dag to 2021-01-01 00:00:00+00:00, run_after=2021-01-01 00:00:00+00:00
[2024-12-13T17:02:20.952+0000] {processor.py:208} INFO - Processing /home/airflow/.local/lib/python3.12/site-packages/airflow/example_dags/example_trigger_controller_dag.py took 0.037 seconds
[2024-12-13T17:02:50.969+0000] {processor.py:186} INFO - Started process (PID=209) to work on /home/airflow/.local/lib/python3.12/site-packages/airflow/example_dags/example_trigger_controller_dag.py
[2024-12-13T17:02:50.969+0000] {processor.py:914} INFO - Processing file /home/airflow/.local/lib/python3.12/site-packages/airflow/example_dags/example_trigger_controller_dag.py for tasks to queue
[2024-12-13T17:02:50.971+0000] {logging_mixin.py:190} INFO - [2024-12-13T17:02:50.970+0000] {dagbag.py:588} INFO - Filling up the DagBag from /home/airflow/.local/lib/python3.12/site-packages/airflow/example_dags/example_trigger_controller_dag.py
[2024-12-13T17:02:50.974+0000] {processor.py:925} INFO - DAG(s) 'example_trigger_controller_dag' retrieved from /home/airflow/.local/lib/python3.12/site-packages/airflow/example_dags/example_trigger_controller_dag.py
[2024-12-13T17:02:50.983+0000] {logging_mixin.py:190} INFO - [2024-12-13T17:02:50.983+0000] {dag.py:3239} INFO - Sync 1 DAGs
[2024-12-13T17:02:50.997+0000] {logging_mixin.py:190} INFO - [2024-12-13T17:02:50.997+0000] {dag.py:4180} INFO - Setting next_dagrun for example_trigger_controller_dag to 2021-01-01 00:00:00+00:00, run_after=2021-01-01 00:00:00+00:00
[2024-12-13T17:02:51.006+0000] {processor.py:208} INFO - Processing /home/airflow/.local/lib/python3.12/site-packages/airflow/example_dags/example_trigger_controller_dag.py took 0.041 seconds
[2024-12-13T17:03:22.233+0000] {processor.py:186} INFO - Started process (PID=273) to work on /home/airflow/.local/lib/python3.12/site-packages/airflow/example_dags/example_trigger_controller_dag.py
[2024-12-13T17:03:22.234+0000] {processor.py:914} INFO - Processing file /home/airflow/.local/lib/python3.12/site-packages/airflow/example_dags/example_trigger_controller_dag.py for tasks to queue
[2024-12-13T17:03:22.235+0000] {logging_mixin.py:190} INFO - [2024-12-13T17:03:22.235+0000] {dagbag.py:588} INFO - Filling up the DagBag from /home/airflow/.local/lib/python3.12/site-packages/airflow/example_dags/example_trigger_controller_dag.py
[2024-12-13T17:03:22.239+0000] {processor.py:925} INFO - DAG(s) 'example_trigger_controller_dag' retrieved from /home/airflow/.local/lib/python3.12/site-packages/airflow/example_dags/example_trigger_controller_dag.py
[2024-12-13T17:03:22.251+0000] {logging_mixin.py:190} INFO - [2024-12-13T17:03:22.250+0000] {dag.py:3239} INFO - Sync 1 DAGs
[2024-12-13T17:03:22.262+0000] {logging_mixin.py:190} INFO - [2024-12-13T17:03:22.262+0000] {dag.py:4180} INFO - Setting next_dagrun for example_trigger_controller_dag to 2021-01-01 00:00:00+00:00, run_after=2021-01-01 00:00:00+00:00
[2024-12-13T17:03:22.274+0000] {processor.py:208} INFO - Processing /home/airflow/.local/lib/python3.12/site-packages/airflow/example_dags/example_trigger_controller_dag.py took 0.044 seconds
