[2024-12-13T17:01:52.038+0000] {processor.py:186} INFO - Started process (PID=102) to work on /home/airflow/.local/lib/python3.12/site-packages/airflow/example_dags/example_dataset_alias_with_no_taskflow.py
[2024-12-13T17:01:52.039+0000] {processor.py:914} INFO - Processing file /home/airflow/.local/lib/python3.12/site-packages/airflow/example_dags/example_dataset_alias_with_no_taskflow.py for tasks to queue
[2024-12-13T17:01:52.040+0000] {logging_mixin.py:190} INFO - [2024-12-13T17:01:52.040+0000] {dagbag.py:588} INFO - Filling up the DagBag from /home/airflow/.local/lib/python3.12/site-packages/airflow/example_dags/example_dataset_alias_with_no_taskflow.py
[2024-12-13T17:01:52.341+0000] {processor.py:925} INFO - DAG(s) 'dataset_s3_bucket_consumer_with_no_taskflow', 'dataset_alias_example_alias_consumer_with_no_taskflow', 'dataset_s3_bucket_producer_with_no_taskflow', 'dataset_alias_example_alias_producer_with_no_taskflow' retrieved from /home/airflow/.local/lib/python3.12/site-packages/airflow/example_dags/example_dataset_alias_with_no_taskflow.py
[2024-12-13T17:01:52.377+0000] {logging_mixin.py:190} INFO - [2024-12-13T17:01:52.377+0000] {override.py:1911} INFO - Created Permission View: can edit on DAG:dataset_s3_bucket_consumer_with_no_taskflow
[2024-12-13T17:01:52.381+0000] {logging_mixin.py:190} INFO - [2024-12-13T17:01:52.381+0000] {override.py:1911} INFO - Created Permission View: can read on DAG:dataset_s3_bucket_consumer_with_no_taskflow
[2024-12-13T17:01:52.384+0000] {logging_mixin.py:190} INFO - [2024-12-13T17:01:52.384+0000] {override.py:1911} INFO - Created Permission View: can delete on DAG:dataset_s3_bucket_consumer_with_no_taskflow
[2024-12-13T17:01:52.386+0000] {logging_mixin.py:190} INFO - [2024-12-13T17:01:52.386+0000] {override.py:1911} INFO - Created Permission View: can delete on DAG Run:dataset_s3_bucket_consumer_with_no_taskflow
[2024-12-13T17:01:52.388+0000] {logging_mixin.py:190} INFO - [2024-12-13T17:01:52.388+0000] {override.py:1911} INFO - Created Permission View: can read on DAG Run:dataset_s3_bucket_consumer_with_no_taskflow
[2024-12-13T17:01:52.390+0000] {logging_mixin.py:190} INFO - [2024-12-13T17:01:52.390+0000] {override.py:1911} INFO - Created Permission View: can create on DAG Run:dataset_s3_bucket_consumer_with_no_taskflow
[2024-12-13T17:01:52.393+0000] {logging_mixin.py:190} INFO - [2024-12-13T17:01:52.392+0000] {override.py:1911} INFO - Created Permission View: menu access on DAG Run:dataset_s3_bucket_consumer_with_no_taskflow
[2024-12-13T17:01:52.397+0000] {logging_mixin.py:190} INFO - [2024-12-13T17:01:52.397+0000] {override.py:1911} INFO - Created Permission View: can edit on DAG:dataset_alias_example_alias_consumer_with_no_taskflow
[2024-12-13T17:01:52.399+0000] {logging_mixin.py:190} INFO - [2024-12-13T17:01:52.399+0000] {override.py:1911} INFO - Created Permission View: can read on DAG:dataset_alias_example_alias_consumer_with_no_taskflow
[2024-12-13T17:01:52.401+0000] {logging_mixin.py:190} INFO - [2024-12-13T17:01:52.401+0000] {override.py:1911} INFO - Created Permission View: can delete on DAG:dataset_alias_example_alias_consumer_with_no_taskflow
[2024-12-13T17:01:52.403+0000] {logging_mixin.py:190} INFO - [2024-12-13T17:01:52.403+0000] {override.py:1911} INFO - Created Permission View: can delete on DAG Run:dataset_alias_example_alias_consumer_with_no_taskflow
[2024-12-13T17:01:52.405+0000] {logging_mixin.py:190} INFO - [2024-12-13T17:01:52.405+0000] {override.py:1911} INFO - Created Permission View: can read on DAG Run:dataset_alias_example_alias_consumer_with_no_taskflow
[2024-12-13T17:01:52.408+0000] {logging_mixin.py:190} INFO - [2024-12-13T17:01:52.407+0000] {override.py:1911} INFO - Created Permission View: can create on DAG Run:dataset_alias_example_alias_consumer_with_no_taskflow
[2024-12-13T17:01:52.410+0000] {logging_mixin.py:190} INFO - [2024-12-13T17:01:52.410+0000] {override.py:1911} INFO - Created Permission View: menu access on DAG Run:dataset_alias_example_alias_consumer_with_no_taskflow
[2024-12-13T17:01:52.414+0000] {logging_mixin.py:190} INFO - [2024-12-13T17:01:52.414+0000] {override.py:1911} INFO - Created Permission View: can edit on DAG:dataset_s3_bucket_producer_with_no_taskflow
[2024-12-13T17:01:52.417+0000] {logging_mixin.py:190} INFO - [2024-12-13T17:01:52.416+0000] {override.py:1911} INFO - Created Permission View: can read on DAG:dataset_s3_bucket_producer_with_no_taskflow
[2024-12-13T17:01:52.419+0000] {logging_mixin.py:190} INFO - [2024-12-13T17:01:52.419+0000] {override.py:1911} INFO - Created Permission View: can delete on DAG:dataset_s3_bucket_producer_with_no_taskflow
[2024-12-13T17:01:52.421+0000] {logging_mixin.py:190} INFO - [2024-12-13T17:01:52.421+0000] {override.py:1911} INFO - Created Permission View: can delete on DAG Run:dataset_s3_bucket_producer_with_no_taskflow
[2024-12-13T17:01:52.423+0000] {logging_mixin.py:190} INFO - [2024-12-13T17:01:52.423+0000] {override.py:1911} INFO - Created Permission View: can read on DAG Run:dataset_s3_bucket_producer_with_no_taskflow
[2024-12-13T17:01:52.425+0000] {logging_mixin.py:190} INFO - [2024-12-13T17:01:52.425+0000] {override.py:1911} INFO - Created Permission View: can create on DAG Run:dataset_s3_bucket_producer_with_no_taskflow
[2024-12-13T17:01:52.428+0000] {logging_mixin.py:190} INFO - [2024-12-13T17:01:52.428+0000] {override.py:1911} INFO - Created Permission View: menu access on DAG Run:dataset_s3_bucket_producer_with_no_taskflow
[2024-12-13T17:01:52.433+0000] {logging_mixin.py:190} INFO - [2024-12-13T17:01:52.432+0000] {override.py:1911} INFO - Created Permission View: can edit on DAG:dataset_alias_example_alias_producer_with_no_taskflow
[2024-12-13T17:01:52.435+0000] {logging_mixin.py:190} INFO - [2024-12-13T17:01:52.435+0000] {override.py:1911} INFO - Created Permission View: can read on DAG:dataset_alias_example_alias_producer_with_no_taskflow
[2024-12-13T17:01:52.437+0000] {logging_mixin.py:190} INFO - [2024-12-13T17:01:52.437+0000] {override.py:1911} INFO - Created Permission View: can delete on DAG:dataset_alias_example_alias_producer_with_no_taskflow
[2024-12-13T17:01:52.439+0000] {logging_mixin.py:190} INFO - [2024-12-13T17:01:52.439+0000] {override.py:1911} INFO - Created Permission View: can delete on DAG Run:dataset_alias_example_alias_producer_with_no_taskflow
[2024-12-13T17:01:52.441+0000] {logging_mixin.py:190} INFO - [2024-12-13T17:01:52.441+0000] {override.py:1911} INFO - Created Permission View: can read on DAG Run:dataset_alias_example_alias_producer_with_no_taskflow
[2024-12-13T17:01:52.444+0000] {logging_mixin.py:190} INFO - [2024-12-13T17:01:52.444+0000] {override.py:1911} INFO - Created Permission View: can create on DAG Run:dataset_alias_example_alias_producer_with_no_taskflow
[2024-12-13T17:01:52.447+0000] {logging_mixin.py:190} INFO - [2024-12-13T17:01:52.446+0000] {override.py:1911} INFO - Created Permission View: menu access on DAG Run:dataset_alias_example_alias_producer_with_no_taskflow
[2024-12-13T17:01:52.447+0000] {logging_mixin.py:190} INFO - [2024-12-13T17:01:52.447+0000] {dag.py:3239} INFO - Sync 4 DAGs
[2024-12-13T17:01:52.453+0000] {logging_mixin.py:190} INFO - [2024-12-13T17:01:52.453+0000] {dag.py:3262} INFO - Creating ORM DAG for dataset_s3_bucket_producer_with_no_taskflow
[2024-12-13T17:01:52.453+0000] {logging_mixin.py:190} INFO - [2024-12-13T17:01:52.453+0000] {dag.py:3262} INFO - Creating ORM DAG for dataset_alias_example_alias_producer_with_no_taskflow
[2024-12-13T17:01:52.454+0000] {logging_mixin.py:190} INFO - [2024-12-13T17:01:52.454+0000] {dag.py:3262} INFO - Creating ORM DAG for dataset_s3_bucket_consumer_with_no_taskflow
[2024-12-13T17:01:52.454+0000] {logging_mixin.py:190} INFO - [2024-12-13T17:01:52.454+0000] {dag.py:3262} INFO - Creating ORM DAG for dataset_alias_example_alias_consumer_with_no_taskflow
[2024-12-13T17:01:52.459+0000] {logging_mixin.py:190} INFO - [2024-12-13T17:01:52.458+0000] {dag.py:4180} INFO - Setting next_dagrun for dataset_alias_example_alias_consumer_with_no_taskflow to None, run_after=None
[2024-12-13T17:01:52.459+0000] {logging_mixin.py:190} INFO - [2024-12-13T17:01:52.459+0000] {dag.py:4180} INFO - Setting next_dagrun for dataset_alias_example_alias_producer_with_no_taskflow to None, run_after=None
[2024-12-13T17:01:52.459+0000] {logging_mixin.py:190} INFO - [2024-12-13T17:01:52.459+0000] {dag.py:4180} INFO - Setting next_dagrun for dataset_s3_bucket_consumer_with_no_taskflow to None, run_after=None
[2024-12-13T17:01:52.459+0000] {logging_mixin.py:190} INFO - [2024-12-13T17:01:52.459+0000] {dag.py:4180} INFO - Setting next_dagrun for dataset_s3_bucket_producer_with_no_taskflow to None, run_after=None
[2024-12-13T17:01:52.473+0000] {processor.py:208} INFO - Processing /home/airflow/.local/lib/python3.12/site-packages/airflow/example_dags/example_dataset_alias_with_no_taskflow.py took 0.438 seconds
[2024-12-13T17:02:22.792+0000] {processor.py:186} INFO - Started process (PID=166) to work on /home/airflow/.local/lib/python3.12/site-packages/airflow/example_dags/example_dataset_alias_with_no_taskflow.py
[2024-12-13T17:02:22.793+0000] {processor.py:914} INFO - Processing file /home/airflow/.local/lib/python3.12/site-packages/airflow/example_dags/example_dataset_alias_with_no_taskflow.py for tasks to queue
[2024-12-13T17:02:22.796+0000] {logging_mixin.py:190} INFO - [2024-12-13T17:02:22.796+0000] {dagbag.py:588} INFO - Filling up the DagBag from /home/airflow/.local/lib/python3.12/site-packages/airflow/example_dags/example_dataset_alias_with_no_taskflow.py
[2024-12-13T17:02:23.216+0000] {processor.py:925} INFO - DAG(s) 'dataset_alias_example_alias_producer_with_no_taskflow', 'dataset_s3_bucket_consumer_with_no_taskflow', 'dataset_alias_example_alias_consumer_with_no_taskflow', 'dataset_s3_bucket_producer_with_no_taskflow' retrieved from /home/airflow/.local/lib/python3.12/site-packages/airflow/example_dags/example_dataset_alias_with_no_taskflow.py
[2024-12-13T17:02:23.227+0000] {logging_mixin.py:190} INFO - [2024-12-13T17:02:23.227+0000] {dag.py:3239} INFO - Sync 4 DAGs
[2024-12-13T17:02:23.238+0000] {logging_mixin.py:190} INFO - [2024-12-13T17:02:23.238+0000] {dag.py:4180} INFO - Setting next_dagrun for dataset_alias_example_alias_consumer_with_no_taskflow to None, run_after=None
[2024-12-13T17:02:23.240+0000] {logging_mixin.py:190} INFO - [2024-12-13T17:02:23.239+0000] {dag.py:4180} INFO - Setting next_dagrun for dataset_alias_example_alias_producer_with_no_taskflow to None, run_after=None
[2024-12-13T17:02:23.240+0000] {logging_mixin.py:190} INFO - [2024-12-13T17:02:23.240+0000] {dag.py:4180} INFO - Setting next_dagrun for dataset_s3_bucket_consumer_with_no_taskflow to None, run_after=None
[2024-12-13T17:02:23.242+0000] {logging_mixin.py:190} INFO - [2024-12-13T17:02:23.242+0000] {dag.py:4180} INFO - Setting next_dagrun for dataset_s3_bucket_producer_with_no_taskflow to None, run_after=None
[2024-12-13T17:02:23.257+0000] {processor.py:208} INFO - Processing /home/airflow/.local/lib/python3.12/site-packages/airflow/example_dags/example_dataset_alias_with_no_taskflow.py took 0.474 seconds
[2024-12-13T17:02:53.776+0000] {processor.py:186} INFO - Started process (PID=230) to work on /home/airflow/.local/lib/python3.12/site-packages/airflow/example_dags/example_dataset_alias_with_no_taskflow.py
[2024-12-13T17:02:53.777+0000] {processor.py:914} INFO - Processing file /home/airflow/.local/lib/python3.12/site-packages/airflow/example_dags/example_dataset_alias_with_no_taskflow.py for tasks to queue
[2024-12-13T17:02:53.778+0000] {logging_mixin.py:190} INFO - [2024-12-13T17:02:53.778+0000] {dagbag.py:588} INFO - Filling up the DagBag from /home/airflow/.local/lib/python3.12/site-packages/airflow/example_dags/example_dataset_alias_with_no_taskflow.py
[2024-12-13T17:02:54.115+0000] {processor.py:925} INFO - DAG(s) 'dataset_s3_bucket_producer_with_no_taskflow', 'dataset_alias_example_alias_producer_with_no_taskflow', 'dataset_s3_bucket_consumer_with_no_taskflow', 'dataset_alias_example_alias_consumer_with_no_taskflow' retrieved from /home/airflow/.local/lib/python3.12/site-packages/airflow/example_dags/example_dataset_alias_with_no_taskflow.py
[2024-12-13T17:02:54.133+0000] {logging_mixin.py:190} INFO - [2024-12-13T17:02:54.133+0000] {dag.py:3239} INFO - Sync 4 DAGs
[2024-12-13T17:02:54.144+0000] {logging_mixin.py:190} INFO - [2024-12-13T17:02:54.144+0000] {dag.py:4180} INFO - Setting next_dagrun for dataset_alias_example_alias_consumer_with_no_taskflow to None, run_after=None
[2024-12-13T17:02:54.146+0000] {logging_mixin.py:190} INFO - [2024-12-13T17:02:54.145+0000] {dag.py:4180} INFO - Setting next_dagrun for dataset_alias_example_alias_producer_with_no_taskflow to None, run_after=None
[2024-12-13T17:02:54.146+0000] {logging_mixin.py:190} INFO - [2024-12-13T17:02:54.146+0000] {dag.py:4180} INFO - Setting next_dagrun for dataset_s3_bucket_consumer_with_no_taskflow to None, run_after=None
[2024-12-13T17:02:54.147+0000] {logging_mixin.py:190} INFO - [2024-12-13T17:02:54.147+0000] {dag.py:4180} INFO - Setting next_dagrun for dataset_s3_bucket_producer_with_no_taskflow to None, run_after=None
[2024-12-13T17:02:54.162+0000] {processor.py:208} INFO - Processing /home/airflow/.local/lib/python3.12/site-packages/airflow/example_dags/example_dataset_alias_with_no_taskflow.py took 0.390 seconds
[2024-12-13T17:03:24.370+0000] {processor.py:186} INFO - Started process (PID=296) to work on /home/airflow/.local/lib/python3.12/site-packages/airflow/example_dags/example_dataset_alias_with_no_taskflow.py
[2024-12-13T17:03:24.373+0000] {processor.py:914} INFO - Processing file /home/airflow/.local/lib/python3.12/site-packages/airflow/example_dags/example_dataset_alias_with_no_taskflow.py for tasks to queue
[2024-12-13T17:03:24.375+0000] {logging_mixin.py:190} INFO - [2024-12-13T17:03:24.375+0000] {dagbag.py:588} INFO - Filling up the DagBag from /home/airflow/.local/lib/python3.12/site-packages/airflow/example_dags/example_dataset_alias_with_no_taskflow.py
[2024-12-13T17:03:24.681+0000] {processor.py:925} INFO - DAG(s) 'dataset_alias_example_alias_producer_with_no_taskflow', 'dataset_s3_bucket_producer_with_no_taskflow', 'dataset_alias_example_alias_consumer_with_no_taskflow', 'dataset_s3_bucket_consumer_with_no_taskflow' retrieved from /home/airflow/.local/lib/python3.12/site-packages/airflow/example_dags/example_dataset_alias_with_no_taskflow.py
[2024-12-13T17:03:24.690+0000] {logging_mixin.py:190} INFO - [2024-12-13T17:03:24.690+0000] {dag.py:3239} INFO - Sync 4 DAGs
[2024-12-13T17:03:24.699+0000] {logging_mixin.py:190} INFO - [2024-12-13T17:03:24.699+0000] {dag.py:4180} INFO - Setting next_dagrun for dataset_alias_example_alias_consumer_with_no_taskflow to None, run_after=None
[2024-12-13T17:03:24.701+0000] {logging_mixin.py:190} INFO - [2024-12-13T17:03:24.701+0000] {dag.py:4180} INFO - Setting next_dagrun for dataset_alias_example_alias_producer_with_no_taskflow to None, run_after=None
[2024-12-13T17:03:24.701+0000] {logging_mixin.py:190} INFO - [2024-12-13T17:03:24.701+0000] {dag.py:4180} INFO - Setting next_dagrun for dataset_s3_bucket_consumer_with_no_taskflow to None, run_after=None
[2024-12-13T17:03:24.702+0000] {logging_mixin.py:190} INFO - [2024-12-13T17:03:24.702+0000] {dag.py:4180} INFO - Setting next_dagrun for dataset_s3_bucket_producer_with_no_taskflow to None, run_after=None
[2024-12-13T17:03:24.716+0000] {processor.py:208} INFO - Processing /home/airflow/.local/lib/python3.12/site-packages/airflow/example_dags/example_dataset_alias_with_no_taskflow.py took 0.349 seconds
