[2024-12-13T17:01:52.631+0000] {processor.py:186} INFO - Started process (PID=105) to work on /home/airflow/.local/lib/python3.12/site-packages/airflow/example_dags/example_kubernetes_executor.py
[2024-12-13T17:01:52.631+0000] {processor.py:914} INFO - Processing file /home/airflow/.local/lib/python3.12/site-packages/airflow/example_dags/example_kubernetes_executor.py for tasks to queue
[2024-12-13T17:01:52.632+0000] {logging_mixin.py:190} INFO - [2024-12-13T17:01:52.632+0000] {dagbag.py:588} INFO - Filling up the DagBag from /home/airflow/.local/lib/python3.12/site-packages/airflow/example_dags/example_kubernetes_executor.py
[2024-12-13T17:01:52.640+0000] {processor.py:925} INFO - DAG(s) 'example_kubernetes_executor' retrieved from /home/airflow/.local/lib/python3.12/site-packages/airflow/example_dags/example_kubernetes_executor.py
[2024-12-13T17:01:52.696+0000] {logging_mixin.py:190} INFO - [2024-12-13T17:01:52.696+0000] {override.py:1911} INFO - Created Permission View: can edit on DAG:example_kubernetes_executor
[2024-12-13T17:01:52.700+0000] {logging_mixin.py:190} INFO - [2024-12-13T17:01:52.700+0000] {override.py:1911} INFO - Created Permission View: can read on DAG:example_kubernetes_executor
[2024-12-13T17:01:52.702+0000] {logging_mixin.py:190} INFO - [2024-12-13T17:01:52.702+0000] {override.py:1911} INFO - Created Permission View: can delete on DAG:example_kubernetes_executor
[2024-12-13T17:01:52.704+0000] {logging_mixin.py:190} INFO - [2024-12-13T17:01:52.704+0000] {override.py:1911} INFO - Created Permission View: can delete on DAG Run:example_kubernetes_executor
[2024-12-13T17:01:52.706+0000] {logging_mixin.py:190} INFO - [2024-12-13T17:01:52.706+0000] {override.py:1911} INFO - Created Permission View: can read on DAG Run:example_kubernetes_executor
[2024-12-13T17:01:52.708+0000] {logging_mixin.py:190} INFO - [2024-12-13T17:01:52.708+0000] {override.py:1911} INFO - Created Permission View: can create on DAG Run:example_kubernetes_executor
[2024-12-13T17:01:52.711+0000] {logging_mixin.py:190} INFO - [2024-12-13T17:01:52.711+0000] {override.py:1911} INFO - Created Permission View: menu access on DAG Run:example_kubernetes_executor
[2024-12-13T17:01:52.711+0000] {logging_mixin.py:190} INFO - [2024-12-13T17:01:52.711+0000] {dag.py:3239} INFO - Sync 1 DAGs
[2024-12-13T17:01:52.716+0000] {logging_mixin.py:190} INFO - [2024-12-13T17:01:52.716+0000] {dag.py:3262} INFO - Creating ORM DAG for example_kubernetes_executor
[2024-12-13T17:01:52.717+0000] {logging_mixin.py:190} INFO - [2024-12-13T17:01:52.716+0000] {dag.py:4180} INFO - Setting next_dagrun for example_kubernetes_executor to None, run_after=None
[2024-12-13T17:01:52.723+0000] {processor.py:208} INFO - Processing /home/airflow/.local/lib/python3.12/site-packages/airflow/example_dags/example_kubernetes_executor.py took 0.096 seconds
[2024-12-13T17:02:22.944+0000] {processor.py:186} INFO - Started process (PID=169) to work on /home/airflow/.local/lib/python3.12/site-packages/airflow/example_dags/example_kubernetes_executor.py
[2024-12-13T17:02:22.944+0000] {processor.py:914} INFO - Processing file /home/airflow/.local/lib/python3.12/site-packages/airflow/example_dags/example_kubernetes_executor.py for tasks to queue
[2024-12-13T17:02:22.945+0000] {logging_mixin.py:190} INFO - [2024-12-13T17:02:22.945+0000] {dagbag.py:588} INFO - Filling up the DagBag from /home/airflow/.local/lib/python3.12/site-packages/airflow/example_dags/example_kubernetes_executor.py
[2024-12-13T17:02:22.976+0000] {processor.py:925} INFO - DAG(s) 'example_kubernetes_executor' retrieved from /home/airflow/.local/lib/python3.12/site-packages/airflow/example_dags/example_kubernetes_executor.py
[2024-12-13T17:02:22.994+0000] {logging_mixin.py:190} INFO - [2024-12-13T17:02:22.994+0000] {dag.py:3239} INFO - Sync 1 DAGs
[2024-12-13T17:02:23.001+0000] {logging_mixin.py:190} INFO - [2024-12-13T17:02:23.001+0000] {dag.py:4180} INFO - Setting next_dagrun for example_kubernetes_executor to None, run_after=None
[2024-12-13T17:02:23.017+0000] {processor.py:208} INFO - Processing /home/airflow/.local/lib/python3.12/site-packages/airflow/example_dags/example_kubernetes_executor.py took 0.077 seconds
[2024-12-13T17:02:54.087+0000] {processor.py:186} INFO - Started process (PID=233) to work on /home/airflow/.local/lib/python3.12/site-packages/airflow/example_dags/example_kubernetes_executor.py
[2024-12-13T17:02:54.088+0000] {processor.py:914} INFO - Processing file /home/airflow/.local/lib/python3.12/site-packages/airflow/example_dags/example_kubernetes_executor.py for tasks to queue
[2024-12-13T17:02:54.089+0000] {logging_mixin.py:190} INFO - [2024-12-13T17:02:54.089+0000] {dagbag.py:588} INFO - Filling up the DagBag from /home/airflow/.local/lib/python3.12/site-packages/airflow/example_dags/example_kubernetes_executor.py
[2024-12-13T17:02:54.097+0000] {processor.py:925} INFO - DAG(s) 'example_kubernetes_executor' retrieved from /home/airflow/.local/lib/python3.12/site-packages/airflow/example_dags/example_kubernetes_executor.py
[2024-12-13T17:02:54.117+0000] {logging_mixin.py:190} INFO - [2024-12-13T17:02:54.117+0000] {dag.py:3239} INFO - Sync 1 DAGs
[2024-12-13T17:02:54.127+0000] {logging_mixin.py:190} INFO - [2024-12-13T17:02:54.127+0000] {dag.py:4180} INFO - Setting next_dagrun for example_kubernetes_executor to None, run_after=None
[2024-12-13T17:02:54.140+0000] {processor.py:208} INFO - Processing /home/airflow/.local/lib/python3.12/site-packages/airflow/example_dags/example_kubernetes_executor.py took 0.057 seconds
[2024-12-13T17:03:24.372+0000] {processor.py:186} INFO - Started process (PID=297) to work on /home/airflow/.local/lib/python3.12/site-packages/airflow/example_dags/example_kubernetes_executor.py
[2024-12-13T17:03:24.373+0000] {processor.py:914} INFO - Processing file /home/airflow/.local/lib/python3.12/site-packages/airflow/example_dags/example_kubernetes_executor.py for tasks to queue
[2024-12-13T17:03:24.374+0000] {logging_mixin.py:190} INFO - [2024-12-13T17:03:24.374+0000] {dagbag.py:588} INFO - Filling up the DagBag from /home/airflow/.local/lib/python3.12/site-packages/airflow/example_dags/example_kubernetes_executor.py
[2024-12-13T17:03:24.382+0000] {processor.py:925} INFO - DAG(s) 'example_kubernetes_executor' retrieved from /home/airflow/.local/lib/python3.12/site-packages/airflow/example_dags/example_kubernetes_executor.py
[2024-12-13T17:03:24.402+0000] {logging_mixin.py:190} INFO - [2024-12-13T17:03:24.402+0000] {dag.py:3239} INFO - Sync 1 DAGs
[2024-12-13T17:03:24.408+0000] {logging_mixin.py:190} INFO - [2024-12-13T17:03:24.408+0000] {dag.py:4180} INFO - Setting next_dagrun for example_kubernetes_executor to None, run_after=None
[2024-12-13T17:03:24.418+0000] {processor.py:208} INFO - Processing /home/airflow/.local/lib/python3.12/site-packages/airflow/example_dags/example_kubernetes_executor.py took 0.049 seconds
