[2024-12-13T17:01:50.264+0000] {processor.py:186} INFO - Started process (PID=87) to work on /home/airflow/.local/lib/python3.12/site-packages/airflow/example_dags/example_branch_datetime_operator.py
[2024-12-13T17:01:50.265+0000] {processor.py:914} INFO - Processing file /home/airflow/.local/lib/python3.12/site-packages/airflow/example_dags/example_branch_datetime_operator.py for tasks to queue
[2024-12-13T17:01:50.268+0000] {logging_mixin.py:190} INFO - [2024-12-13T17:01:50.267+0000] {dagbag.py:588} INFO - Filling up the DagBag from /home/airflow/.local/lib/python3.12/site-packages/airflow/example_dags/example_branch_datetime_operator.py
[2024-12-13T17:01:50.275+0000] {processor.py:925} INFO - DAG(s) 'example_branch_datetime_operator_3', 'example_branch_datetime_operator', 'example_branch_datetime_operator_2' retrieved from /home/airflow/.local/lib/python3.12/site-packages/airflow/example_dags/example_branch_datetime_operator.py
[2024-12-13T17:01:50.332+0000] {logging_mixin.py:190} INFO - [2024-12-13T17:01:50.331+0000] {override.py:1911} INFO - Created Permission View: can edit on DAG:example_branch_datetime_operator_3
[2024-12-13T17:01:50.336+0000] {logging_mixin.py:190} INFO - [2024-12-13T17:01:50.336+0000] {override.py:1911} INFO - Created Permission View: can read on DAG:example_branch_datetime_operator_3
[2024-12-13T17:01:50.340+0000] {logging_mixin.py:190} INFO - [2024-12-13T17:01:50.340+0000] {override.py:1911} INFO - Created Permission View: can delete on DAG:example_branch_datetime_operator_3
[2024-12-13T17:01:50.343+0000] {logging_mixin.py:190} INFO - [2024-12-13T17:01:50.343+0000] {override.py:1911} INFO - Created Permission View: can delete on DAG Run:example_branch_datetime_operator_3
[2024-12-13T17:01:50.352+0000] {logging_mixin.py:190} INFO - [2024-12-13T17:01:50.351+0000] {override.py:1911} INFO - Created Permission View: can read on DAG Run:example_branch_datetime_operator_3
[2024-12-13T17:01:50.358+0000] {logging_mixin.py:190} INFO - [2024-12-13T17:01:50.358+0000] {override.py:1911} INFO - Created Permission View: can create on DAG Run:example_branch_datetime_operator_3
[2024-12-13T17:01:50.364+0000] {logging_mixin.py:190} INFO - [2024-12-13T17:01:50.364+0000] {override.py:1911} INFO - Created Permission View: menu access on DAG Run:example_branch_datetime_operator_3
[2024-12-13T17:01:50.375+0000] {logging_mixin.py:190} INFO - [2024-12-13T17:01:50.375+0000] {override.py:1911} INFO - Created Permission View: can edit on DAG:example_branch_datetime_operator
[2024-12-13T17:01:50.395+0000] {logging_mixin.py:190} INFO - [2024-12-13T17:01:50.394+0000] {override.py:1911} INFO - Created Permission View: can read on DAG:example_branch_datetime_operator
[2024-12-13T17:01:50.404+0000] {logging_mixin.py:190} INFO - [2024-12-13T17:01:50.403+0000] {override.py:1911} INFO - Created Permission View: can delete on DAG:example_branch_datetime_operator
[2024-12-13T17:01:50.414+0000] {logging_mixin.py:190} INFO - [2024-12-13T17:01:50.414+0000] {override.py:1911} INFO - Created Permission View: can delete on DAG Run:example_branch_datetime_operator
[2024-12-13T17:01:50.419+0000] {logging_mixin.py:190} INFO - [2024-12-13T17:01:50.418+0000] {override.py:1911} INFO - Created Permission View: can read on DAG Run:example_branch_datetime_operator
[2024-12-13T17:01:50.423+0000] {logging_mixin.py:190} INFO - [2024-12-13T17:01:50.422+0000] {override.py:1911} INFO - Created Permission View: can create on DAG Run:example_branch_datetime_operator
[2024-12-13T17:01:50.429+0000] {logging_mixin.py:190} INFO - [2024-12-13T17:01:50.429+0000] {override.py:1911} INFO - Created Permission View: menu access on DAG Run:example_branch_datetime_operator
[2024-12-13T17:01:50.441+0000] {logging_mixin.py:190} INFO - [2024-12-13T17:01:50.440+0000] {override.py:1911} INFO - Created Permission View: can edit on DAG:example_branch_datetime_operator_2
[2024-12-13T17:01:50.446+0000] {logging_mixin.py:190} INFO - [2024-12-13T17:01:50.446+0000] {override.py:1911} INFO - Created Permission View: can read on DAG:example_branch_datetime_operator_2
[2024-12-13T17:01:50.453+0000] {logging_mixin.py:190} INFO - [2024-12-13T17:01:50.453+0000] {override.py:1911} INFO - Created Permission View: can delete on DAG:example_branch_datetime_operator_2
[2024-12-13T17:01:50.457+0000] {logging_mixin.py:190} INFO - [2024-12-13T17:01:50.457+0000] {override.py:1911} INFO - Created Permission View: can delete on DAG Run:example_branch_datetime_operator_2
[2024-12-13T17:01:50.461+0000] {logging_mixin.py:190} INFO - [2024-12-13T17:01:50.461+0000] {override.py:1911} INFO - Created Permission View: can read on DAG Run:example_branch_datetime_operator_2
[2024-12-13T17:01:50.468+0000] {logging_mixin.py:190} INFO - [2024-12-13T17:01:50.467+0000] {override.py:1911} INFO - Created Permission View: can create on DAG Run:example_branch_datetime_operator_2
[2024-12-13T17:01:50.472+0000] {logging_mixin.py:190} INFO - [2024-12-13T17:01:50.472+0000] {override.py:1911} INFO - Created Permission View: menu access on DAG Run:example_branch_datetime_operator_2
[2024-12-13T17:01:50.472+0000] {logging_mixin.py:190} INFO - [2024-12-13T17:01:50.472+0000] {dag.py:3239} INFO - Sync 3 DAGs
[2024-12-13T17:01:50.480+0000] {logging_mixin.py:190} INFO - [2024-12-13T17:01:50.480+0000] {dag.py:3262} INFO - Creating ORM DAG for example_branch_datetime_operator
[2024-12-13T17:01:50.481+0000] {logging_mixin.py:190} INFO - [2024-12-13T17:01:50.481+0000] {dag.py:3262} INFO - Creating ORM DAG for example_branch_datetime_operator_3
[2024-12-13T17:01:50.482+0000] {logging_mixin.py:190} INFO - [2024-12-13T17:01:50.482+0000] {dag.py:3262} INFO - Creating ORM DAG for example_branch_datetime_operator_2
[2024-12-13T17:01:50.489+0000] {logging_mixin.py:190} INFO - [2024-12-13T17:01:50.489+0000] {dag.py:4180} INFO - Setting next_dagrun for example_branch_datetime_operator to 2024-12-12 00:00:00+00:00, run_after=2024-12-13 00:00:00+00:00
[2024-12-13T17:01:50.490+0000] {logging_mixin.py:190} INFO - [2024-12-13T17:01:50.490+0000] {dag.py:4180} INFO - Setting next_dagrun for example_branch_datetime_operator_2 to 2024-12-12 00:00:00+00:00, run_after=2024-12-13 00:00:00+00:00
[2024-12-13T17:01:50.491+0000] {logging_mixin.py:190} INFO - [2024-12-13T17:01:50.491+0000] {dag.py:4180} INFO - Setting next_dagrun for example_branch_datetime_operator_3 to 2024-12-12 00:00:00+00:00, run_after=2024-12-13 00:00:00+00:00
[2024-12-13T17:01:50.506+0000] {processor.py:208} INFO - Processing /home/airflow/.local/lib/python3.12/site-packages/airflow/example_dags/example_branch_datetime_operator.py took 0.245 seconds
[2024-12-13T17:02:21.126+0000] {processor.py:186} INFO - Started process (PID=151) to work on /home/airflow/.local/lib/python3.12/site-packages/airflow/example_dags/example_branch_datetime_operator.py
[2024-12-13T17:02:21.130+0000] {processor.py:914} INFO - Processing file /home/airflow/.local/lib/python3.12/site-packages/airflow/example_dags/example_branch_datetime_operator.py for tasks to queue
[2024-12-13T17:02:21.131+0000] {logging_mixin.py:190} INFO - [2024-12-13T17:02:21.131+0000] {dagbag.py:588} INFO - Filling up the DagBag from /home/airflow/.local/lib/python3.12/site-packages/airflow/example_dags/example_branch_datetime_operator.py
[2024-12-13T17:02:21.137+0000] {processor.py:925} INFO - DAG(s) 'example_branch_datetime_operator', 'example_branch_datetime_operator_3', 'example_branch_datetime_operator_2' retrieved from /home/airflow/.local/lib/python3.12/site-packages/airflow/example_dags/example_branch_datetime_operator.py
[2024-12-13T17:02:21.151+0000] {logging_mixin.py:190} INFO - [2024-12-13T17:02:21.151+0000] {dag.py:3239} INFO - Sync 3 DAGs
[2024-12-13T17:02:21.167+0000] {logging_mixin.py:190} INFO - [2024-12-13T17:02:21.167+0000] {dag.py:4180} INFO - Setting next_dagrun for example_branch_datetime_operator to 2024-12-12 00:00:00+00:00, run_after=2024-12-13 00:00:00+00:00
[2024-12-13T17:02:21.169+0000] {logging_mixin.py:190} INFO - [2024-12-13T17:02:21.169+0000] {dag.py:4180} INFO - Setting next_dagrun for example_branch_datetime_operator_2 to 2024-12-12 00:00:00+00:00, run_after=2024-12-13 00:00:00+00:00
[2024-12-13T17:02:21.170+0000] {logging_mixin.py:190} INFO - [2024-12-13T17:02:21.170+0000] {dag.py:4180} INFO - Setting next_dagrun for example_branch_datetime_operator_3 to 2024-12-12 00:00:00+00:00, run_after=2024-12-13 00:00:00+00:00
[2024-12-13T17:02:21.182+0000] {processor.py:208} INFO - Processing /home/airflow/.local/lib/python3.12/site-packages/airflow/example_dags/example_branch_datetime_operator.py took 0.060 seconds
[2024-12-13T17:02:52.224+0000] {processor.py:186} INFO - Started process (PID=215) to work on /home/airflow/.local/lib/python3.12/site-packages/airflow/example_dags/example_branch_datetime_operator.py
[2024-12-13T17:02:52.225+0000] {processor.py:914} INFO - Processing file /home/airflow/.local/lib/python3.12/site-packages/airflow/example_dags/example_branch_datetime_operator.py for tasks to queue
[2024-12-13T17:02:52.226+0000] {logging_mixin.py:190} INFO - [2024-12-13T17:02:52.226+0000] {dagbag.py:588} INFO - Filling up the DagBag from /home/airflow/.local/lib/python3.12/site-packages/airflow/example_dags/example_branch_datetime_operator.py
[2024-12-13T17:02:52.233+0000] {processor.py:925} INFO - DAG(s) 'example_branch_datetime_operator', 'example_branch_datetime_operator_3', 'example_branch_datetime_operator_2' retrieved from /home/airflow/.local/lib/python3.12/site-packages/airflow/example_dags/example_branch_datetime_operator.py
[2024-12-13T17:02:52.248+0000] {logging_mixin.py:190} INFO - [2024-12-13T17:02:52.248+0000] {dag.py:3239} INFO - Sync 3 DAGs
[2024-12-13T17:02:52.261+0000] {logging_mixin.py:190} INFO - [2024-12-13T17:02:52.261+0000] {dag.py:4180} INFO - Setting next_dagrun for example_branch_datetime_operator to 2024-12-12 00:00:00+00:00, run_after=2024-12-13 00:00:00+00:00
[2024-12-13T17:02:52.264+0000] {logging_mixin.py:190} INFO - [2024-12-13T17:02:52.264+0000] {dag.py:4180} INFO - Setting next_dagrun for example_branch_datetime_operator_2 to 2024-12-12 00:00:00+00:00, run_after=2024-12-13 00:00:00+00:00
[2024-12-13T17:02:52.265+0000] {logging_mixin.py:190} INFO - [2024-12-13T17:02:52.265+0000] {dag.py:4180} INFO - Setting next_dagrun for example_branch_datetime_operator_3 to 2024-12-12 00:00:00+00:00, run_after=2024-12-13 00:00:00+00:00
[2024-12-13T17:02:52.274+0000] {processor.py:208} INFO - Processing /home/airflow/.local/lib/python3.12/site-packages/airflow/example_dags/example_branch_datetime_operator.py took 0.053 seconds
[2024-12-13T17:03:22.409+0000] {processor.py:186} INFO - Started process (PID=279) to work on /home/airflow/.local/lib/python3.12/site-packages/airflow/example_dags/example_branch_datetime_operator.py
[2024-12-13T17:03:22.410+0000] {processor.py:914} INFO - Processing file /home/airflow/.local/lib/python3.12/site-packages/airflow/example_dags/example_branch_datetime_operator.py for tasks to queue
[2024-12-13T17:03:22.411+0000] {logging_mixin.py:190} INFO - [2024-12-13T17:03:22.411+0000] {dagbag.py:588} INFO - Filling up the DagBag from /home/airflow/.local/lib/python3.12/site-packages/airflow/example_dags/example_branch_datetime_operator.py
[2024-12-13T17:03:22.419+0000] {processor.py:925} INFO - DAG(s) 'example_branch_datetime_operator_2', 'example_branch_datetime_operator_3', 'example_branch_datetime_operator' retrieved from /home/airflow/.local/lib/python3.12/site-packages/airflow/example_dags/example_branch_datetime_operator.py
[2024-12-13T17:03:22.435+0000] {logging_mixin.py:190} INFO - [2024-12-13T17:03:22.434+0000] {dag.py:3239} INFO - Sync 3 DAGs
[2024-12-13T17:03:22.447+0000] {logging_mixin.py:190} INFO - [2024-12-13T17:03:22.446+0000] {dag.py:4180} INFO - Setting next_dagrun for example_branch_datetime_operator to 2024-12-12 00:00:00+00:00, run_after=2024-12-13 00:00:00+00:00
[2024-12-13T17:03:22.449+0000] {logging_mixin.py:190} INFO - [2024-12-13T17:03:22.449+0000] {dag.py:4180} INFO - Setting next_dagrun for example_branch_datetime_operator_2 to 2024-12-12 00:00:00+00:00, run_after=2024-12-13 00:00:00+00:00
[2024-12-13T17:03:22.450+0000] {logging_mixin.py:190} INFO - [2024-12-13T17:03:22.450+0000] {dag.py:4180} INFO - Setting next_dagrun for example_branch_datetime_operator_3 to 2024-12-12 00:00:00+00:00, run_after=2024-12-13 00:00:00+00:00
[2024-12-13T17:03:22.458+0000] {processor.py:208} INFO - Processing /home/airflow/.local/lib/python3.12/site-packages/airflow/example_dags/example_branch_datetime_operator.py took 0.052 seconds
