[2024-12-13T17:01:47.506+0000] {processor.py:186} INFO - Started process (PID=55) to work on /home/airflow/.local/lib/python3.12/site-packages/airflow/example_dags/example_sensors.py
[2024-12-13T17:01:47.507+0000] {processor.py:914} INFO - Processing file /home/airflow/.local/lib/python3.12/site-packages/airflow/example_dags/example_sensors.py for tasks to queue
[2024-12-13T17:01:47.510+0000] {logging_mixin.py:190} INFO - [2024-12-13T17:01:47.509+0000] {dagbag.py:588} INFO - Filling up the DagBag from /home/airflow/.local/lib/python3.12/site-packages/airflow/example_dags/example_sensors.py
[2024-12-13T17:01:47.524+0000] {processor.py:925} INFO - DAG(s) 'example_sensors' retrieved from /home/airflow/.local/lib/python3.12/site-packages/airflow/example_dags/example_sensors.py
[2024-12-13T17:01:47.589+0000] {logging_mixin.py:190} INFO - [2024-12-13T17:01:47.589+0000] {override.py:1911} INFO - Created Permission View: can edit on DAG:example_sensors
[2024-12-13T17:01:47.595+0000] {logging_mixin.py:190} INFO - [2024-12-13T17:01:47.594+0000] {override.py:1911} INFO - Created Permission View: can read on DAG:example_sensors
[2024-12-13T17:01:47.597+0000] {logging_mixin.py:190} INFO - [2024-12-13T17:01:47.597+0000] {override.py:1911} INFO - Created Permission View: can delete on DAG:example_sensors
[2024-12-13T17:01:47.600+0000] {logging_mixin.py:190} INFO - [2024-12-13T17:01:47.600+0000] {override.py:1911} INFO - Created Permission View: can delete on DAG Run:example_sensors
[2024-12-13T17:01:47.603+0000] {logging_mixin.py:190} INFO - [2024-12-13T17:01:47.603+0000] {override.py:1911} INFO - Created Permission View: can read on DAG Run:example_sensors
[2024-12-13T17:01:47.606+0000] {logging_mixin.py:190} INFO - [2024-12-13T17:01:47.606+0000] {override.py:1911} INFO - Created Permission View: can create on DAG Run:example_sensors
[2024-12-13T17:01:47.609+0000] {logging_mixin.py:190} INFO - [2024-12-13T17:01:47.609+0000] {override.py:1911} INFO - Created Permission View: menu access on DAG Run:example_sensors
[2024-12-13T17:01:47.610+0000] {logging_mixin.py:190} INFO - [2024-12-13T17:01:47.610+0000] {dag.py:3239} INFO - Sync 1 DAGs
[2024-12-13T17:01:47.617+0000] {logging_mixin.py:190} INFO - [2024-12-13T17:01:47.617+0000] {dag.py:3262} INFO - Creating ORM DAG for example_sensors
[2024-12-13T17:01:47.617+0000] {logging_mixin.py:190} INFO - [2024-12-13T17:01:47.617+0000] {dag.py:4180} INFO - Setting next_dagrun for example_sensors to None, run_after=None
[2024-12-13T17:01:47.627+0000] {processor.py:208} INFO - Processing /home/airflow/.local/lib/python3.12/site-packages/airflow/example_dags/example_sensors.py took 0.128 seconds
[2024-12-13T17:02:18.642+0000] {processor.py:186} INFO - Started process (PID=119) to work on /home/airflow/.local/lib/python3.12/site-packages/airflow/example_dags/example_sensors.py
[2024-12-13T17:02:18.645+0000] {processor.py:914} INFO - Processing file /home/airflow/.local/lib/python3.12/site-packages/airflow/example_dags/example_sensors.py for tasks to queue
[2024-12-13T17:02:18.649+0000] {logging_mixin.py:190} INFO - [2024-12-13T17:02:18.649+0000] {dagbag.py:588} INFO - Filling up the DagBag from /home/airflow/.local/lib/python3.12/site-packages/airflow/example_dags/example_sensors.py
[2024-12-13T17:02:18.661+0000] {processor.py:925} INFO - DAG(s) 'example_sensors' retrieved from /home/airflow/.local/lib/python3.12/site-packages/airflow/example_dags/example_sensors.py
[2024-12-13T17:02:18.693+0000] {logging_mixin.py:190} INFO - [2024-12-13T17:02:18.693+0000] {dag.py:3239} INFO - Sync 1 DAGs
[2024-12-13T17:02:18.706+0000] {logging_mixin.py:190} INFO - [2024-12-13T17:02:18.706+0000] {dag.py:4180} INFO - Setting next_dagrun for example_sensors to None, run_after=None
[2024-12-13T17:02:18.720+0000] {processor.py:208} INFO - Processing /home/airflow/.local/lib/python3.12/site-packages/airflow/example_dags/example_sensors.py took 0.082 seconds
[2024-12-13T17:02:48.881+0000] {processor.py:186} INFO - Started process (PID=182) to work on /home/airflow/.local/lib/python3.12/site-packages/airflow/example_dags/example_sensors.py
[2024-12-13T17:02:48.882+0000] {processor.py:914} INFO - Processing file /home/airflow/.local/lib/python3.12/site-packages/airflow/example_dags/example_sensors.py for tasks to queue
[2024-12-13T17:02:48.884+0000] {logging_mixin.py:190} INFO - [2024-12-13T17:02:48.883+0000] {dagbag.py:588} INFO - Filling up the DagBag from /home/airflow/.local/lib/python3.12/site-packages/airflow/example_dags/example_sensors.py
[2024-12-13T17:02:48.890+0000] {processor.py:925} INFO - DAG(s) 'example_sensors' retrieved from /home/airflow/.local/lib/python3.12/site-packages/airflow/example_dags/example_sensors.py
[2024-12-13T17:02:48.914+0000] {logging_mixin.py:190} INFO - [2024-12-13T17:02:48.913+0000] {dag.py:3239} INFO - Sync 1 DAGs
[2024-12-13T17:02:48.927+0000] {logging_mixin.py:190} INFO - [2024-12-13T17:02:48.927+0000] {dag.py:4180} INFO - Setting next_dagrun for example_sensors to None, run_after=None
[2024-12-13T17:02:48.940+0000] {processor.py:208} INFO - Processing /home/airflow/.local/lib/python3.12/site-packages/airflow/example_dags/example_sensors.py took 0.063 seconds
[2024-12-13T17:03:19.071+0000] {processor.py:186} INFO - Started process (PID=252) to work on /home/airflow/.local/lib/python3.12/site-packages/airflow/example_dags/example_sensors.py
[2024-12-13T17:03:19.072+0000] {processor.py:914} INFO - Processing file /home/airflow/.local/lib/python3.12/site-packages/airflow/example_dags/example_sensors.py for tasks to queue
[2024-12-13T17:03:19.074+0000] {logging_mixin.py:190} INFO - [2024-12-13T17:03:19.073+0000] {dagbag.py:588} INFO - Filling up the DagBag from /home/airflow/.local/lib/python3.12/site-packages/airflow/example_dags/example_sensors.py
[2024-12-13T17:03:19.079+0000] {processor.py:925} INFO - DAG(s) 'example_sensors' retrieved from /home/airflow/.local/lib/python3.12/site-packages/airflow/example_dags/example_sensors.py
[2024-12-13T17:03:19.093+0000] {logging_mixin.py:190} INFO - [2024-12-13T17:03:19.093+0000] {dag.py:3239} INFO - Sync 1 DAGs
[2024-12-13T17:03:19.100+0000] {logging_mixin.py:190} INFO - [2024-12-13T17:03:19.099+0000] {dag.py:4180} INFO - Setting next_dagrun for example_sensors to None, run_after=None
[2024-12-13T17:03:19.111+0000] {processor.py:208} INFO - Processing /home/airflow/.local/lib/python3.12/site-packages/airflow/example_dags/example_sensors.py took 0.042 seconds
