[2024-12-13T17:01:50.810+0000] {processor.py:186} INFO - Started process (PID=93) to work on /home/airflow/.local/lib/python3.12/site-packages/airflow/example_dags/example_xcomargs.py
[2024-12-13T17:01:50.810+0000] {processor.py:914} INFO - Processing file /home/airflow/.local/lib/python3.12/site-packages/airflow/example_dags/example_xcomargs.py for tasks to queue
[2024-12-13T17:01:50.811+0000] {logging_mixin.py:190} INFO - [2024-12-13T17:01:50.811+0000] {dagbag.py:588} INFO - Filling up the DagBag from /home/airflow/.local/lib/python3.12/site-packages/airflow/example_dags/example_xcomargs.py
[2024-12-13T17:01:50.817+0000] {processor.py:925} INFO - DAG(s) 'example_xcom_args_with_operators', 'example_xcom_args' retrieved from /home/airflow/.local/lib/python3.12/site-packages/airflow/example_dags/example_xcomargs.py
[2024-12-13T17:01:50.875+0000] {logging_mixin.py:190} INFO - [2024-12-13T17:01:50.874+0000] {override.py:1911} INFO - Created Permission View: can edit on DAG:example_xcom_args_with_operators
[2024-12-13T17:01:50.882+0000] {logging_mixin.py:190} INFO - [2024-12-13T17:01:50.882+0000] {override.py:1911} INFO - Created Permission View: can read on DAG:example_xcom_args_with_operators
[2024-12-13T17:01:50.886+0000] {logging_mixin.py:190} INFO - [2024-12-13T17:01:50.886+0000] {override.py:1911} INFO - Created Permission View: can delete on DAG:example_xcom_args_with_operators
[2024-12-13T17:01:50.889+0000] {logging_mixin.py:190} INFO - [2024-12-13T17:01:50.889+0000] {override.py:1911} INFO - Created Permission View: can delete on DAG Run:example_xcom_args_with_operators
[2024-12-13T17:01:50.893+0000] {logging_mixin.py:190} INFO - [2024-12-13T17:01:50.892+0000] {override.py:1911} INFO - Created Permission View: can read on DAG Run:example_xcom_args_with_operators
[2024-12-13T17:01:50.896+0000] {logging_mixin.py:190} INFO - [2024-12-13T17:01:50.896+0000] {override.py:1911} INFO - Created Permission View: can create on DAG Run:example_xcom_args_with_operators
[2024-12-13T17:01:50.899+0000] {logging_mixin.py:190} INFO - [2024-12-13T17:01:50.899+0000] {override.py:1911} INFO - Created Permission View: menu access on DAG Run:example_xcom_args_with_operators
[2024-12-13T17:01:50.907+0000] {logging_mixin.py:190} INFO - [2024-12-13T17:01:50.906+0000] {override.py:1911} INFO - Created Permission View: can edit on DAG:example_xcom_args
[2024-12-13T17:01:50.911+0000] {logging_mixin.py:190} INFO - [2024-12-13T17:01:50.911+0000] {override.py:1911} INFO - Created Permission View: can read on DAG:example_xcom_args
[2024-12-13T17:01:50.914+0000] {logging_mixin.py:190} INFO - [2024-12-13T17:01:50.914+0000] {override.py:1911} INFO - Created Permission View: can delete on DAG:example_xcom_args
[2024-12-13T17:01:50.919+0000] {logging_mixin.py:190} INFO - [2024-12-13T17:01:50.918+0000] {override.py:1911} INFO - Created Permission View: can delete on DAG Run:example_xcom_args
[2024-12-13T17:01:50.922+0000] {logging_mixin.py:190} INFO - [2024-12-13T17:01:50.922+0000] {override.py:1911} INFO - Created Permission View: can read on DAG Run:example_xcom_args
[2024-12-13T17:01:50.926+0000] {logging_mixin.py:190} INFO - [2024-12-13T17:01:50.926+0000] {override.py:1911} INFO - Created Permission View: can create on DAG Run:example_xcom_args
[2024-12-13T17:01:50.929+0000] {logging_mixin.py:190} INFO - [2024-12-13T17:01:50.929+0000] {override.py:1911} INFO - Created Permission View: menu access on DAG Run:example_xcom_args
[2024-12-13T17:01:50.930+0000] {logging_mixin.py:190} INFO - [2024-12-13T17:01:50.930+0000] {dag.py:3239} INFO - Sync 2 DAGs
[2024-12-13T17:01:50.938+0000] {logging_mixin.py:190} INFO - [2024-12-13T17:01:50.938+0000] {dag.py:3262} INFO - Creating ORM DAG for example_xcom_args
[2024-12-13T17:01:50.938+0000] {logging_mixin.py:190} INFO - [2024-12-13T17:01:50.938+0000] {dag.py:3262} INFO - Creating ORM DAG for example_xcom_args_with_operators
[2024-12-13T17:01:50.939+0000] {logging_mixin.py:190} INFO - [2024-12-13T17:01:50.938+0000] {dag.py:4180} INFO - Setting next_dagrun for example_xcom_args to None, run_after=None
[2024-12-13T17:01:50.939+0000] {logging_mixin.py:190} INFO - [2024-12-13T17:01:50.939+0000] {dag.py:4180} INFO - Setting next_dagrun for example_xcom_args_with_operators to None, run_after=None
[2024-12-13T17:01:50.949+0000] {processor.py:208} INFO - Processing /home/airflow/.local/lib/python3.12/site-packages/airflow/example_dags/example_xcomargs.py took 0.142 seconds
[2024-12-13T17:02:21.314+0000] {processor.py:186} INFO - Started process (PID=157) to work on /home/airflow/.local/lib/python3.12/site-packages/airflow/example_dags/example_xcomargs.py
[2024-12-13T17:02:21.315+0000] {processor.py:914} INFO - Processing file /home/airflow/.local/lib/python3.12/site-packages/airflow/example_dags/example_xcomargs.py for tasks to queue
[2024-12-13T17:02:21.316+0000] {logging_mixin.py:190} INFO - [2024-12-13T17:02:21.316+0000] {dagbag.py:588} INFO - Filling up the DagBag from /home/airflow/.local/lib/python3.12/site-packages/airflow/example_dags/example_xcomargs.py
[2024-12-13T17:02:21.323+0000] {processor.py:925} INFO - DAG(s) 'example_xcom_args', 'example_xcom_args_with_operators' retrieved from /home/airflow/.local/lib/python3.12/site-packages/airflow/example_dags/example_xcomargs.py
[2024-12-13T17:02:21.336+0000] {logging_mixin.py:190} INFO - [2024-12-13T17:02:21.336+0000] {dag.py:3239} INFO - Sync 2 DAGs
[2024-12-13T17:02:21.344+0000] {logging_mixin.py:190} INFO - [2024-12-13T17:02:21.344+0000] {dag.py:4180} INFO - Setting next_dagrun for example_xcom_args to None, run_after=None
[2024-12-13T17:02:21.346+0000] {logging_mixin.py:190} INFO - [2024-12-13T17:02:21.346+0000] {dag.py:4180} INFO - Setting next_dagrun for example_xcom_args_with_operators to None, run_after=None
[2024-12-13T17:02:21.356+0000] {processor.py:208} INFO - Processing /home/airflow/.local/lib/python3.12/site-packages/airflow/example_dags/example_xcomargs.py took 0.046 seconds
[2024-12-13T17:02:52.459+0000] {processor.py:186} INFO - Started process (PID=221) to work on /home/airflow/.local/lib/python3.12/site-packages/airflow/example_dags/example_xcomargs.py
[2024-12-13T17:02:52.460+0000] {processor.py:914} INFO - Processing file /home/airflow/.local/lib/python3.12/site-packages/airflow/example_dags/example_xcomargs.py for tasks to queue
[2024-12-13T17:02:52.461+0000] {logging_mixin.py:190} INFO - [2024-12-13T17:02:52.461+0000] {dagbag.py:588} INFO - Filling up the DagBag from /home/airflow/.local/lib/python3.12/site-packages/airflow/example_dags/example_xcomargs.py
[2024-12-13T17:02:52.467+0000] {processor.py:925} INFO - DAG(s) 'example_xcom_args', 'example_xcom_args_with_operators' retrieved from /home/airflow/.local/lib/python3.12/site-packages/airflow/example_dags/example_xcomargs.py
[2024-12-13T17:02:52.482+0000] {logging_mixin.py:190} INFO - [2024-12-13T17:02:52.482+0000] {dag.py:3239} INFO - Sync 2 DAGs
[2024-12-13T17:02:52.488+0000] {logging_mixin.py:190} INFO - [2024-12-13T17:02:52.488+0000] {dag.py:4180} INFO - Setting next_dagrun for example_xcom_args to None, run_after=None
[2024-12-13T17:02:52.490+0000] {logging_mixin.py:190} INFO - [2024-12-13T17:02:52.490+0000] {dag.py:4180} INFO - Setting next_dagrun for example_xcom_args_with_operators to None, run_after=None
[2024-12-13T17:02:52.500+0000] {processor.py:208} INFO - Processing /home/airflow/.local/lib/python3.12/site-packages/airflow/example_dags/example_xcomargs.py took 0.043 seconds
[2024-12-13T17:03:22.765+0000] {processor.py:186} INFO - Started process (PID=285) to work on /home/airflow/.local/lib/python3.12/site-packages/airflow/example_dags/example_xcomargs.py
[2024-12-13T17:03:22.766+0000] {processor.py:914} INFO - Processing file /home/airflow/.local/lib/python3.12/site-packages/airflow/example_dags/example_xcomargs.py for tasks to queue
[2024-12-13T17:03:22.767+0000] {logging_mixin.py:190} INFO - [2024-12-13T17:03:22.767+0000] {dagbag.py:588} INFO - Filling up the DagBag from /home/airflow/.local/lib/python3.12/site-packages/airflow/example_dags/example_xcomargs.py
[2024-12-13T17:03:22.774+0000] {processor.py:925} INFO - DAG(s) 'example_xcom_args_with_operators', 'example_xcom_args' retrieved from /home/airflow/.local/lib/python3.12/site-packages/airflow/example_dags/example_xcomargs.py
[2024-12-13T17:03:22.794+0000] {logging_mixin.py:190} INFO - [2024-12-13T17:03:22.794+0000] {dag.py:3239} INFO - Sync 2 DAGs
[2024-12-13T17:03:22.801+0000] {logging_mixin.py:190} INFO - [2024-12-13T17:03:22.801+0000] {dag.py:4180} INFO - Setting next_dagrun for example_xcom_args to None, run_after=None
[2024-12-13T17:03:22.804+0000] {logging_mixin.py:190} INFO - [2024-12-13T17:03:22.804+0000] {dag.py:4180} INFO - Setting next_dagrun for example_xcom_args_with_operators to None, run_after=None
[2024-12-13T17:03:22.816+0000] {processor.py:208} INFO - Processing /home/airflow/.local/lib/python3.12/site-packages/airflow/example_dags/example_xcomargs.py took 0.055 seconds
