[2024-12-13T17:01:51.888+0000] {processor.py:186} INFO - Started process (PID=100) to work on /home/airflow/.local/lib/python3.12/site-packages/airflow/example_dags/example_workday_timetable.py
[2024-12-13T17:01:51.889+0000] {processor.py:914} INFO - Processing file /home/airflow/.local/lib/python3.12/site-packages/airflow/example_dags/example_workday_timetable.py for tasks to queue
[2024-12-13T17:01:51.892+0000] {logging_mixin.py:190} INFO - [2024-12-13T17:01:51.891+0000] {dagbag.py:588} INFO - Filling up the DagBag from /home/airflow/.local/lib/python3.12/site-packages/airflow/example_dags/example_workday_timetable.py
[2024-12-13T17:01:51.897+0000] {processor.py:925} INFO - DAG(s) 'example_workday_timetable' retrieved from /home/airflow/.local/lib/python3.12/site-packages/airflow/example_dags/example_workday_timetable.py
[2024-12-13T17:01:51.950+0000] {logging_mixin.py:190} INFO - [2024-12-13T17:01:51.950+0000] {override.py:1911} INFO - Created Permission View: can edit on DAG:example_workday_timetable
[2024-12-13T17:01:51.959+0000] {logging_mixin.py:190} INFO - [2024-12-13T17:01:51.959+0000] {override.py:1911} INFO - Created Permission View: can read on DAG:example_workday_timetable
[2024-12-13T17:01:51.963+0000] {logging_mixin.py:190} INFO - [2024-12-13T17:01:51.963+0000] {override.py:1911} INFO - Created Permission View: can delete on DAG:example_workday_timetable
[2024-12-13T17:01:51.972+0000] {logging_mixin.py:190} INFO - [2024-12-13T17:01:51.972+0000] {override.py:1911} INFO - Created Permission View: can delete on DAG Run:example_workday_timetable
[2024-12-13T17:01:51.976+0000] {logging_mixin.py:190} INFO - [2024-12-13T17:01:51.976+0000] {override.py:1911} INFO - Created Permission View: can read on DAG Run:example_workday_timetable
[2024-12-13T17:01:51.981+0000] {logging_mixin.py:190} INFO - [2024-12-13T17:01:51.981+0000] {override.py:1911} INFO - Created Permission View: can create on DAG Run:example_workday_timetable
[2024-12-13T17:01:51.984+0000] {logging_mixin.py:190} INFO - [2024-12-13T17:01:51.984+0000] {override.py:1911} INFO - Created Permission View: menu access on DAG Run:example_workday_timetable
[2024-12-13T17:01:51.984+0000] {logging_mixin.py:190} INFO - [2024-12-13T17:01:51.984+0000] {dag.py:3239} INFO - Sync 1 DAGs
[2024-12-13T17:01:51.990+0000] {logging_mixin.py:190} INFO - [2024-12-13T17:01:51.990+0000] {dag.py:3262} INFO - Creating ORM DAG for example_workday_timetable
[2024-12-13T17:01:52.014+0000] {logging_mixin.py:190} INFO - [2024-12-13T17:01:52.014+0000] {dag.py:4180} INFO - Setting next_dagrun for example_workday_timetable to 2021-01-04 00:00:00+00:00, run_after=2021-01-05 00:00:00+00:00
[2024-12-13T17:01:52.022+0000] {processor.py:208} INFO - Processing /home/airflow/.local/lib/python3.12/site-packages/airflow/example_dags/example_workday_timetable.py took 0.137 seconds
[2024-12-13T17:02:22.630+0000] {processor.py:186} INFO - Started process (PID=164) to work on /home/airflow/.local/lib/python3.12/site-packages/airflow/example_dags/example_workday_timetable.py
[2024-12-13T17:02:22.631+0000] {processor.py:914} INFO - Processing file /home/airflow/.local/lib/python3.12/site-packages/airflow/example_dags/example_workday_timetable.py for tasks to queue
[2024-12-13T17:02:22.632+0000] {logging_mixin.py:190} INFO - [2024-12-13T17:02:22.632+0000] {dagbag.py:588} INFO - Filling up the DagBag from /home/airflow/.local/lib/python3.12/site-packages/airflow/example_dags/example_workday_timetable.py
[2024-12-13T17:02:22.637+0000] {processor.py:925} INFO - DAG(s) 'example_workday_timetable' retrieved from /home/airflow/.local/lib/python3.12/site-packages/airflow/example_dags/example_workday_timetable.py
[2024-12-13T17:02:22.651+0000] {logging_mixin.py:190} INFO - [2024-12-13T17:02:22.651+0000] {dag.py:3239} INFO - Sync 1 DAGs
[2024-12-13T17:02:22.685+0000] {logging_mixin.py:190} INFO - [2024-12-13T17:02:22.685+0000] {dag.py:4180} INFO - Setting next_dagrun for example_workday_timetable to 2021-01-04 00:00:00+00:00, run_after=2021-01-05 00:00:00+00:00
[2024-12-13T17:02:22.696+0000] {processor.py:208} INFO - Processing /home/airflow/.local/lib/python3.12/site-packages/airflow/example_dags/example_workday_timetable.py took 0.070 seconds
[2024-12-13T17:02:53.648+0000] {processor.py:186} INFO - Started process (PID=228) to work on /home/airflow/.local/lib/python3.12/site-packages/airflow/example_dags/example_workday_timetable.py
[2024-12-13T17:02:53.648+0000] {processor.py:914} INFO - Processing file /home/airflow/.local/lib/python3.12/site-packages/airflow/example_dags/example_workday_timetable.py for tasks to queue
[2024-12-13T17:02:53.650+0000] {logging_mixin.py:190} INFO - [2024-12-13T17:02:53.649+0000] {dagbag.py:588} INFO - Filling up the DagBag from /home/airflow/.local/lib/python3.12/site-packages/airflow/example_dags/example_workday_timetable.py
[2024-12-13T17:02:53.653+0000] {processor.py:925} INFO - DAG(s) 'example_workday_timetable' retrieved from /home/airflow/.local/lib/python3.12/site-packages/airflow/example_dags/example_workday_timetable.py
[2024-12-13T17:02:53.665+0000] {logging_mixin.py:190} INFO - [2024-12-13T17:02:53.665+0000] {dag.py:3239} INFO - Sync 1 DAGs
[2024-12-13T17:02:53.693+0000] {logging_mixin.py:190} INFO - [2024-12-13T17:02:53.693+0000] {dag.py:4180} INFO - Setting next_dagrun for example_workday_timetable to 2021-01-04 00:00:00+00:00, run_after=2021-01-05 00:00:00+00:00
[2024-12-13T17:02:53.704+0000] {processor.py:208} INFO - Processing /home/airflow/.local/lib/python3.12/site-packages/airflow/example_dags/example_workday_timetable.py took 0.059 seconds
[2024-12-13T17:03:23.914+0000] {processor.py:186} INFO - Started process (PID=291) to work on /home/airflow/.local/lib/python3.12/site-packages/airflow/example_dags/example_workday_timetable.py
[2024-12-13T17:03:23.916+0000] {processor.py:914} INFO - Processing file /home/airflow/.local/lib/python3.12/site-packages/airflow/example_dags/example_workday_timetable.py for tasks to queue
[2024-12-13T17:03:23.917+0000] {logging_mixin.py:190} INFO - [2024-12-13T17:03:23.917+0000] {dagbag.py:588} INFO - Filling up the DagBag from /home/airflow/.local/lib/python3.12/site-packages/airflow/example_dags/example_workday_timetable.py
[2024-12-13T17:03:23.921+0000] {processor.py:925} INFO - DAG(s) 'example_workday_timetable' retrieved from /home/airflow/.local/lib/python3.12/site-packages/airflow/example_dags/example_workday_timetable.py
[2024-12-13T17:03:23.937+0000] {logging_mixin.py:190} INFO - [2024-12-13T17:03:23.936+0000] {dag.py:3239} INFO - Sync 1 DAGs
[2024-12-13T17:03:23.979+0000] {logging_mixin.py:190} INFO - [2024-12-13T17:03:23.979+0000] {dag.py:4180} INFO - Setting next_dagrun for example_workday_timetable to 2021-01-04 00:00:00+00:00, run_after=2021-01-05 00:00:00+00:00
[2024-12-13T17:03:23.997+0000] {processor.py:208} INFO - Processing /home/airflow/.local/lib/python3.12/site-packages/airflow/example_dags/example_workday_timetable.py took 0.086 seconds
