[2024-12-13T17:01:47.185+0000] {processor.py:186} INFO - Started process (PID=51) to work on /home/airflow/.local/lib/python3.12/site-packages/airflow/example_dags/example_dag_decorator.py
[2024-12-13T17:01:47.186+0000] {processor.py:914} INFO - Processing file /home/airflow/.local/lib/python3.12/site-packages/airflow/example_dags/example_dag_decorator.py for tasks to queue
[2024-12-13T17:01:47.187+0000] {logging_mixin.py:190} INFO - [2024-12-13T17:01:47.187+0000] {dagbag.py:588} INFO - Filling up the DagBag from /home/airflow/.local/lib/python3.12/site-packages/airflow/example_dags/example_dag_decorator.py
[2024-12-13T17:01:47.202+0000] {processor.py:925} INFO - DAG(s) 'example_dag_decorator' retrieved from /home/airflow/.local/lib/python3.12/site-packages/airflow/example_dags/example_dag_decorator.py
[2024-12-13T17:01:47.265+0000] {logging_mixin.py:190} INFO - [2024-12-13T17:01:47.264+0000] {override.py:1911} INFO - Created Permission View: can edit on DAG:example_dag_decorator
[2024-12-13T17:01:47.269+0000] {logging_mixin.py:190} INFO - [2024-12-13T17:01:47.269+0000] {override.py:1911} INFO - Created Permission View: can read on DAG:example_dag_decorator
[2024-12-13T17:01:47.272+0000] {logging_mixin.py:190} INFO - [2024-12-13T17:01:47.272+0000] {override.py:1911} INFO - Created Permission View: can delete on DAG:example_dag_decorator
[2024-12-13T17:01:47.275+0000] {logging_mixin.py:190} INFO - [2024-12-13T17:01:47.275+0000] {override.py:1911} INFO - Created Permission View: can delete on DAG Run:example_dag_decorator
[2024-12-13T17:01:47.277+0000] {logging_mixin.py:190} INFO - [2024-12-13T17:01:47.277+0000] {override.py:1911} INFO - Created Permission View: can read on DAG Run:example_dag_decorator
[2024-12-13T17:01:47.280+0000] {logging_mixin.py:190} INFO - [2024-12-13T17:01:47.280+0000] {override.py:1911} INFO - Created Permission View: can create on DAG Run:example_dag_decorator
[2024-12-13T17:01:47.283+0000] {logging_mixin.py:190} INFO - [2024-12-13T17:01:47.283+0000] {override.py:1911} INFO - Created Permission View: menu access on DAG Run:example_dag_decorator
[2024-12-13T17:01:47.283+0000] {logging_mixin.py:190} INFO - [2024-12-13T17:01:47.283+0000] {dag.py:3239} INFO - Sync 1 DAGs
[2024-12-13T17:01:47.290+0000] {logging_mixin.py:190} INFO - [2024-12-13T17:01:47.290+0000] {dag.py:3262} INFO - Creating ORM DAG for example_dag_decorator
[2024-12-13T17:01:47.290+0000] {logging_mixin.py:190} INFO - [2024-12-13T17:01:47.290+0000] {dag.py:4180} INFO - Setting next_dagrun for example_dag_decorator to None, run_after=None
[2024-12-13T17:01:47.299+0000] {processor.py:208} INFO - Processing /home/airflow/.local/lib/python3.12/site-packages/airflow/example_dags/example_dag_decorator.py took 0.118 seconds
[2024-12-13T17:02:17.515+0000] {processor.py:186} INFO - Started process (PID=115) to work on /home/airflow/.local/lib/python3.12/site-packages/airflow/example_dags/example_dag_decorator.py
[2024-12-13T17:02:17.515+0000] {processor.py:914} INFO - Processing file /home/airflow/.local/lib/python3.12/site-packages/airflow/example_dags/example_dag_decorator.py for tasks to queue
[2024-12-13T17:02:17.517+0000] {logging_mixin.py:190} INFO - [2024-12-13T17:02:17.517+0000] {dagbag.py:588} INFO - Filling up the DagBag from /home/airflow/.local/lib/python3.12/site-packages/airflow/example_dags/example_dag_decorator.py
[2024-12-13T17:02:17.524+0000] {processor.py:925} INFO - DAG(s) 'example_dag_decorator' retrieved from /home/airflow/.local/lib/python3.12/site-packages/airflow/example_dags/example_dag_decorator.py
[2024-12-13T17:02:17.589+0000] {logging_mixin.py:190} INFO - [2024-12-13T17:02:17.589+0000] {dag.py:3239} INFO - Sync 1 DAGs
[2024-12-13T17:02:17.596+0000] {logging_mixin.py:190} INFO - [2024-12-13T17:02:17.596+0000] {dag.py:4180} INFO - Setting next_dagrun for example_dag_decorator to None, run_after=None
[2024-12-13T17:02:17.611+0000] {processor.py:208} INFO - Processing /home/airflow/.local/lib/python3.12/site-packages/airflow/example_dags/example_dag_decorator.py took 0.102 seconds
[2024-12-13T17:02:47.746+0000] {processor.py:186} INFO - Started process (PID=179) to work on /home/airflow/.local/lib/python3.12/site-packages/airflow/example_dags/example_dag_decorator.py
[2024-12-13T17:02:47.747+0000] {processor.py:914} INFO - Processing file /home/airflow/.local/lib/python3.12/site-packages/airflow/example_dags/example_dag_decorator.py for tasks to queue
[2024-12-13T17:02:47.748+0000] {logging_mixin.py:190} INFO - [2024-12-13T17:02:47.748+0000] {dagbag.py:588} INFO - Filling up the DagBag from /home/airflow/.local/lib/python3.12/site-packages/airflow/example_dags/example_dag_decorator.py
[2024-12-13T17:02:47.754+0000] {processor.py:925} INFO - DAG(s) 'example_dag_decorator' retrieved from /home/airflow/.local/lib/python3.12/site-packages/airflow/example_dags/example_dag_decorator.py
[2024-12-13T17:02:47.824+0000] {logging_mixin.py:190} INFO - [2024-12-13T17:02:47.824+0000] {dag.py:3239} INFO - Sync 1 DAGs
[2024-12-13T17:02:47.832+0000] {logging_mixin.py:190} INFO - [2024-12-13T17:02:47.832+0000] {dag.py:4180} INFO - Setting next_dagrun for example_dag_decorator to None, run_after=None
[2024-12-13T17:02:47.843+0000] {processor.py:208} INFO - Processing /home/airflow/.local/lib/python3.12/site-packages/airflow/example_dags/example_dag_decorator.py took 0.100 seconds
[2024-12-13T17:03:18.849+0000] {processor.py:186} INFO - Started process (PID=243) to work on /home/airflow/.local/lib/python3.12/site-packages/airflow/example_dags/example_dag_decorator.py
[2024-12-13T17:03:18.850+0000] {processor.py:914} INFO - Processing file /home/airflow/.local/lib/python3.12/site-packages/airflow/example_dags/example_dag_decorator.py for tasks to queue
[2024-12-13T17:03:18.852+0000] {logging_mixin.py:190} INFO - [2024-12-13T17:03:18.851+0000] {dagbag.py:588} INFO - Filling up the DagBag from /home/airflow/.local/lib/python3.12/site-packages/airflow/example_dags/example_dag_decorator.py
[2024-12-13T17:03:18.859+0000] {processor.py:925} INFO - DAG(s) 'example_dag_decorator' retrieved from /home/airflow/.local/lib/python3.12/site-packages/airflow/example_dags/example_dag_decorator.py
[2024-12-13T17:03:18.931+0000] {logging_mixin.py:190} INFO - [2024-12-13T17:03:18.931+0000] {dag.py:3239} INFO - Sync 1 DAGs
[2024-12-13T17:03:18.938+0000] {logging_mixin.py:190} INFO - [2024-12-13T17:03:18.938+0000] {dag.py:4180} INFO - Setting next_dagrun for example_dag_decorator to None, run_after=None
[2024-12-13T17:03:18.952+0000] {processor.py:208} INFO - Processing /home/airflow/.local/lib/python3.12/site-packages/airflow/example_dags/example_dag_decorator.py took 0.106 seconds
