[2024-12-13T17:01:47.019+0000] {processor.py:186} INFO - Started process (PID=50) to work on /home/airflow/.local/lib/python3.12/site-packages/airflow/example_dags/example_sla_dag.py
[2024-12-13T17:01:47.021+0000] {processor.py:914} INFO - Processing file /home/airflow/.local/lib/python3.12/site-packages/airflow/example_dags/example_sla_dag.py for tasks to queue
[2024-12-13T17:01:47.023+0000] {logging_mixin.py:190} INFO - [2024-12-13T17:01:47.023+0000] {dagbag.py:588} INFO - Filling up the DagBag from /home/airflow/.local/lib/python3.12/site-packages/airflow/example_dags/example_sla_dag.py
[2024-12-13T17:01:47.032+0000] {processor.py:925} INFO - DAG(s) 'example_sla_dag' retrieved from /home/airflow/.local/lib/python3.12/site-packages/airflow/example_dags/example_sla_dag.py
[2024-12-13T17:01:47.115+0000] {logging_mixin.py:190} INFO - [2024-12-13T17:01:47.115+0000] {override.py:1911} INFO - Created Permission View: can edit on DAG:example_sla_dag
[2024-12-13T17:01:47.123+0000] {logging_mixin.py:190} INFO - [2024-12-13T17:01:47.123+0000] {override.py:1911} INFO - Created Permission View: can read on DAG:example_sla_dag
[2024-12-13T17:01:47.126+0000] {logging_mixin.py:190} INFO - [2024-12-13T17:01:47.126+0000] {override.py:1911} INFO - Created Permission View: can delete on DAG:example_sla_dag
[2024-12-13T17:01:47.130+0000] {logging_mixin.py:190} INFO - [2024-12-13T17:01:47.130+0000] {override.py:1911} INFO - Created Permission View: can delete on DAG Run:example_sla_dag
[2024-12-13T17:01:47.135+0000] {logging_mixin.py:190} INFO - [2024-12-13T17:01:47.135+0000] {override.py:1911} INFO - Created Permission View: can read on DAG Run:example_sla_dag
[2024-12-13T17:01:47.138+0000] {logging_mixin.py:190} INFO - [2024-12-13T17:01:47.138+0000] {override.py:1911} INFO - Created Permission View: can create on DAG Run:example_sla_dag
[2024-12-13T17:01:47.141+0000] {logging_mixin.py:190} INFO - [2024-12-13T17:01:47.141+0000] {override.py:1911} INFO - Created Permission View: menu access on DAG Run:example_sla_dag
[2024-12-13T17:01:47.142+0000] {logging_mixin.py:190} INFO - [2024-12-13T17:01:47.142+0000] {dag.py:3239} INFO - Sync 1 DAGs
[2024-12-13T17:01:47.148+0000] {logging_mixin.py:190} INFO - [2024-12-13T17:01:47.148+0000] {dag.py:3262} INFO - Creating ORM DAG for example_sla_dag
[2024-12-13T17:01:47.155+0000] {logging_mixin.py:190} INFO - [2024-12-13T17:01:47.155+0000] {dag.py:4180} INFO - Setting next_dagrun for example_sla_dag to 2024-12-13 16:58:00+00:00, run_after=2024-12-13 17:00:00+00:00
[2024-12-13T17:01:47.165+0000] {processor.py:208} INFO - Processing /home/airflow/.local/lib/python3.12/site-packages/airflow/example_dags/example_sla_dag.py took 0.150 seconds
[2024-12-13T17:02:17.199+0000] {processor.py:186} INFO - Started process (PID=113) to work on /home/airflow/.local/lib/python3.12/site-packages/airflow/example_dags/example_sla_dag.py
[2024-12-13T17:02:17.201+0000] {processor.py:914} INFO - Processing file /home/airflow/.local/lib/python3.12/site-packages/airflow/example_dags/example_sla_dag.py for tasks to queue
[2024-12-13T17:02:17.204+0000] {logging_mixin.py:190} INFO - [2024-12-13T17:02:17.203+0000] {dagbag.py:588} INFO - Filling up the DagBag from /home/airflow/.local/lib/python3.12/site-packages/airflow/example_dags/example_sla_dag.py
[2024-12-13T17:02:17.213+0000] {processor.py:925} INFO - DAG(s) 'example_sla_dag' retrieved from /home/airflow/.local/lib/python3.12/site-packages/airflow/example_dags/example_sla_dag.py
[2024-12-13T17:02:17.227+0000] {logging_mixin.py:190} INFO - [2024-12-13T17:02:17.227+0000] {dag.py:3239} INFO - Sync 1 DAGs
[2024-12-13T17:02:17.259+0000] {logging_mixin.py:190} INFO - [2024-12-13T17:02:17.259+0000] {dag.py:4180} INFO - Setting next_dagrun for example_sla_dag to 2024-12-13 17:00:00+00:00, run_after=2024-12-13 17:02:00+00:00
[2024-12-13T17:02:17.272+0000] {processor.py:208} INFO - Processing /home/airflow/.local/lib/python3.12/site-packages/airflow/example_dags/example_sla_dag.py took 0.078 seconds
[2024-12-13T17:02:47.678+0000] {processor.py:186} INFO - Started process (PID=178) to work on /home/airflow/.local/lib/python3.12/site-packages/airflow/example_dags/example_sla_dag.py
[2024-12-13T17:02:47.679+0000] {processor.py:914} INFO - Processing file /home/airflow/.local/lib/python3.12/site-packages/airflow/example_dags/example_sla_dag.py for tasks to queue
[2024-12-13T17:02:47.680+0000] {logging_mixin.py:190} INFO - [2024-12-13T17:02:47.680+0000] {dagbag.py:588} INFO - Filling up the DagBag from /home/airflow/.local/lib/python3.12/site-packages/airflow/example_dags/example_sla_dag.py
[2024-12-13T17:02:47.686+0000] {processor.py:925} INFO - DAG(s) 'example_sla_dag' retrieved from /home/airflow/.local/lib/python3.12/site-packages/airflow/example_dags/example_sla_dag.py
[2024-12-13T17:02:47.703+0000] {logging_mixin.py:190} INFO - [2024-12-13T17:02:47.702+0000] {dag.py:3239} INFO - Sync 1 DAGs
[2024-12-13T17:02:47.723+0000] {logging_mixin.py:190} INFO - [2024-12-13T17:02:47.722+0000] {dag.py:4180} INFO - Setting next_dagrun for example_sla_dag to 2024-12-13 17:00:00+00:00, run_after=2024-12-13 17:02:00+00:00
[2024-12-13T17:02:47.733+0000] {processor.py:208} INFO - Processing /home/airflow/.local/lib/python3.12/site-packages/airflow/example_dags/example_sla_dag.py took 0.057 seconds
[2024-12-13T17:03:18.779+0000] {processor.py:186} INFO - Started process (PID=242) to work on /home/airflow/.local/lib/python3.12/site-packages/airflow/example_dags/example_sla_dag.py
[2024-12-13T17:03:18.780+0000] {processor.py:914} INFO - Processing file /home/airflow/.local/lib/python3.12/site-packages/airflow/example_dags/example_sla_dag.py for tasks to queue
[2024-12-13T17:03:18.781+0000] {logging_mixin.py:190} INFO - [2024-12-13T17:03:18.781+0000] {dagbag.py:588} INFO - Filling up the DagBag from /home/airflow/.local/lib/python3.12/site-packages/airflow/example_dags/example_sla_dag.py
[2024-12-13T17:03:18.787+0000] {processor.py:925} INFO - DAG(s) 'example_sla_dag' retrieved from /home/airflow/.local/lib/python3.12/site-packages/airflow/example_dags/example_sla_dag.py
[2024-12-13T17:03:18.808+0000] {logging_mixin.py:190} INFO - [2024-12-13T17:03:18.808+0000] {dag.py:3239} INFO - Sync 1 DAGs
[2024-12-13T17:03:18.824+0000] {logging_mixin.py:190} INFO - [2024-12-13T17:03:18.824+0000] {dag.py:4180} INFO - Setting next_dagrun for example_sla_dag to 2024-12-13 17:00:00+00:00, run_after=2024-12-13 17:02:00+00:00
[2024-12-13T17:03:18.833+0000] {processor.py:208} INFO - Processing /home/airflow/.local/lib/python3.12/site-packages/airflow/example_dags/example_sla_dag.py took 0.060 seconds
