[2024-12-13T17:01:51.913+0000] {processor.py:186} INFO - Started process (PID=101) to work on /home/airflow/.local/lib/python3.12/site-packages/airflow/example_dags/example_latest_only.py
[2024-12-13T17:01:51.914+0000] {processor.py:914} INFO - Processing file /home/airflow/.local/lib/python3.12/site-packages/airflow/example_dags/example_latest_only.py for tasks to queue
[2024-12-13T17:01:51.916+0000] {logging_mixin.py:190} INFO - [2024-12-13T17:01:51.916+0000] {dagbag.py:588} INFO - Filling up the DagBag from /home/airflow/.local/lib/python3.12/site-packages/airflow/example_dags/example_latest_only.py
[2024-12-13T17:01:51.921+0000] {processor.py:925} INFO - DAG(s) 'latest_only' retrieved from /home/airflow/.local/lib/python3.12/site-packages/airflow/example_dags/example_latest_only.py
[2024-12-13T17:01:51.984+0000] {logging_mixin.py:190} INFO - [2024-12-13T17:01:51.984+0000] {override.py:1911} INFO - Created Permission View: can edit on DAG:latest_only
[2024-12-13T17:01:51.989+0000] {logging_mixin.py:190} INFO - [2024-12-13T17:01:51.989+0000] {override.py:1911} INFO - Created Permission View: can read on DAG:latest_only
[2024-12-13T17:01:51.992+0000] {logging_mixin.py:190} INFO - [2024-12-13T17:01:51.992+0000] {override.py:1911} INFO - Created Permission View: can delete on DAG:latest_only
[2024-12-13T17:01:51.995+0000] {logging_mixin.py:190} INFO - [2024-12-13T17:01:51.995+0000] {override.py:1911} INFO - Created Permission View: can delete on DAG Run:latest_only
[2024-12-13T17:01:51.998+0000] {logging_mixin.py:190} INFO - [2024-12-13T17:01:51.998+0000] {override.py:1911} INFO - Created Permission View: can read on DAG Run:latest_only
[2024-12-13T17:01:52.000+0000] {logging_mixin.py:190} INFO - [2024-12-13T17:01:52.000+0000] {override.py:1911} INFO - Created Permission View: can create on DAG Run:latest_only
[2024-12-13T17:01:52.002+0000] {logging_mixin.py:190} INFO - [2024-12-13T17:01:52.002+0000] {override.py:1911} INFO - Created Permission View: menu access on DAG Run:latest_only
[2024-12-13T17:01:52.003+0000] {logging_mixin.py:190} INFO - [2024-12-13T17:01:52.003+0000] {dag.py:3239} INFO - Sync 1 DAGs
[2024-12-13T17:01:52.009+0000] {logging_mixin.py:190} INFO - [2024-12-13T17:01:52.009+0000] {dag.py:3262} INFO - Creating ORM DAG for latest_only
[2024-12-13T17:01:52.013+0000] {logging_mixin.py:190} INFO - [2024-12-13T17:01:52.013+0000] {dag.py:4180} INFO - Setting next_dagrun for latest_only to 2024-12-13 12:00:00+00:00, run_after=2024-12-13 16:00:00+00:00
[2024-12-13T17:01:52.022+0000] {processor.py:208} INFO - Processing /home/airflow/.local/lib/python3.12/site-packages/airflow/example_dags/example_latest_only.py took 0.112 seconds
[2024-12-13T17:02:22.712+0000] {processor.py:186} INFO - Started process (PID=165) to work on /home/airflow/.local/lib/python3.12/site-packages/airflow/example_dags/example_latest_only.py
[2024-12-13T17:02:22.714+0000] {processor.py:914} INFO - Processing file /home/airflow/.local/lib/python3.12/site-packages/airflow/example_dags/example_latest_only.py for tasks to queue
[2024-12-13T17:02:22.716+0000] {logging_mixin.py:190} INFO - [2024-12-13T17:02:22.716+0000] {dagbag.py:588} INFO - Filling up the DagBag from /home/airflow/.local/lib/python3.12/site-packages/airflow/example_dags/example_latest_only.py
[2024-12-13T17:02:22.721+0000] {processor.py:925} INFO - DAG(s) 'latest_only' retrieved from /home/airflow/.local/lib/python3.12/site-packages/airflow/example_dags/example_latest_only.py
[2024-12-13T17:02:22.737+0000] {logging_mixin.py:190} INFO - [2024-12-13T17:02:22.736+0000] {dag.py:3239} INFO - Sync 1 DAGs
[2024-12-13T17:02:22.754+0000] {logging_mixin.py:190} INFO - [2024-12-13T17:02:22.754+0000] {dag.py:4180} INFO - Setting next_dagrun for latest_only to 2024-12-13 12:00:00+00:00, run_after=2024-12-13 16:00:00+00:00
[2024-12-13T17:02:22.768+0000] {processor.py:208} INFO - Processing /home/airflow/.local/lib/python3.12/site-packages/airflow/example_dags/example_latest_only.py took 0.060 seconds
[2024-12-13T17:02:53.718+0000] {processor.py:186} INFO - Started process (PID=229) to work on /home/airflow/.local/lib/python3.12/site-packages/airflow/example_dags/example_latest_only.py
[2024-12-13T17:02:53.719+0000] {processor.py:914} INFO - Processing file /home/airflow/.local/lib/python3.12/site-packages/airflow/example_dags/example_latest_only.py for tasks to queue
[2024-12-13T17:02:53.721+0000] {logging_mixin.py:190} INFO - [2024-12-13T17:02:53.721+0000] {dagbag.py:588} INFO - Filling up the DagBag from /home/airflow/.local/lib/python3.12/site-packages/airflow/example_dags/example_latest_only.py
[2024-12-13T17:02:53.725+0000] {processor.py:925} INFO - DAG(s) 'latest_only' retrieved from /home/airflow/.local/lib/python3.12/site-packages/airflow/example_dags/example_latest_only.py
[2024-12-13T17:02:53.738+0000] {logging_mixin.py:190} INFO - [2024-12-13T17:02:53.738+0000] {dag.py:3239} INFO - Sync 1 DAGs
[2024-12-13T17:02:53.752+0000] {logging_mixin.py:190} INFO - [2024-12-13T17:02:53.752+0000] {dag.py:4180} INFO - Setting next_dagrun for latest_only to 2024-12-13 12:00:00+00:00, run_after=2024-12-13 16:00:00+00:00
[2024-12-13T17:02:53.762+0000] {processor.py:208} INFO - Processing /home/airflow/.local/lib/python3.12/site-packages/airflow/example_dags/example_latest_only.py took 0.048 seconds
[2024-12-13T17:03:23.976+0000] {processor.py:186} INFO - Started process (PID=292) to work on /home/airflow/.local/lib/python3.12/site-packages/airflow/example_dags/example_latest_only.py
[2024-12-13T17:03:23.977+0000] {processor.py:914} INFO - Processing file /home/airflow/.local/lib/python3.12/site-packages/airflow/example_dags/example_latest_only.py for tasks to queue
[2024-12-13T17:03:23.978+0000] {logging_mixin.py:190} INFO - [2024-12-13T17:03:23.978+0000] {dagbag.py:588} INFO - Filling up the DagBag from /home/airflow/.local/lib/python3.12/site-packages/airflow/example_dags/example_latest_only.py
[2024-12-13T17:03:23.983+0000] {processor.py:925} INFO - DAG(s) 'latest_only' retrieved from /home/airflow/.local/lib/python3.12/site-packages/airflow/example_dags/example_latest_only.py
[2024-12-13T17:03:24.000+0000] {logging_mixin.py:190} INFO - [2024-12-13T17:03:24.000+0000] {dag.py:3239} INFO - Sync 1 DAGs
[2024-12-13T17:03:24.018+0000] {logging_mixin.py:190} INFO - [2024-12-13T17:03:24.018+0000] {dag.py:4180} INFO - Setting next_dagrun for latest_only to 2024-12-13 12:00:00+00:00, run_after=2024-12-13 16:00:00+00:00
[2024-12-13T17:03:24.028+0000] {processor.py:208} INFO - Processing /home/airflow/.local/lib/python3.12/site-packages/airflow/example_dags/example_latest_only.py took 0.056 seconds
