[2024-12-13T17:01:52.738+0000] {processor.py:186} INFO - Started process (PID=106) to work on /home/airflow/.local/lib/python3.12/site-packages/airflow/example_dags/example_local_kubernetes_executor.py
[2024-12-13T17:01:52.738+0000] {processor.py:914} INFO - Processing file /home/airflow/.local/lib/python3.12/site-packages/airflow/example_dags/example_local_kubernetes_executor.py for tasks to queue
[2024-12-13T17:01:52.739+0000] {logging_mixin.py:190} INFO - [2024-12-13T17:01:52.739+0000] {dagbag.py:588} INFO - Filling up the DagBag from /home/airflow/.local/lib/python3.12/site-packages/airflow/example_dags/example_local_kubernetes_executor.py
[2024-12-13T17:01:52.746+0000] {processor.py:925} INFO - DAG(s) 'example_local_kubernetes_executor' retrieved from /home/airflow/.local/lib/python3.12/site-packages/airflow/example_dags/example_local_kubernetes_executor.py
[2024-12-13T17:01:52.810+0000] {logging_mixin.py:190} INFO - [2024-12-13T17:01:52.809+0000] {override.py:1911} INFO - Created Permission View: can edit on DAG:example_local_kubernetes_executor
[2024-12-13T17:01:52.815+0000] {logging_mixin.py:190} INFO - [2024-12-13T17:01:52.815+0000] {override.py:1911} INFO - Created Permission View: can read on DAG:example_local_kubernetes_executor
[2024-12-13T17:01:52.820+0000] {logging_mixin.py:190} INFO - [2024-12-13T17:01:52.820+0000] {override.py:1911} INFO - Created Permission View: can delete on DAG:example_local_kubernetes_executor
[2024-12-13T17:01:52.825+0000] {logging_mixin.py:190} INFO - [2024-12-13T17:01:52.825+0000] {override.py:1911} INFO - Created Permission View: can delete on DAG Run:example_local_kubernetes_executor
[2024-12-13T17:01:52.829+0000] {logging_mixin.py:190} INFO - [2024-12-13T17:01:52.829+0000] {override.py:1911} INFO - Created Permission View: can read on DAG Run:example_local_kubernetes_executor
[2024-12-13T17:01:52.832+0000] {logging_mixin.py:190} INFO - [2024-12-13T17:01:52.831+0000] {override.py:1911} INFO - Created Permission View: can create on DAG Run:example_local_kubernetes_executor
[2024-12-13T17:01:52.834+0000] {logging_mixin.py:190} INFO - [2024-12-13T17:01:52.834+0000] {override.py:1911} INFO - Created Permission View: menu access on DAG Run:example_local_kubernetes_executor
[2024-12-13T17:01:52.834+0000] {logging_mixin.py:190} INFO - [2024-12-13T17:01:52.834+0000] {dag.py:3239} INFO - Sync 1 DAGs
[2024-12-13T17:01:52.840+0000] {logging_mixin.py:190} INFO - [2024-12-13T17:01:52.840+0000] {dag.py:3262} INFO - Creating ORM DAG for example_local_kubernetes_executor
[2024-12-13T17:01:52.841+0000] {logging_mixin.py:190} INFO - [2024-12-13T17:01:52.841+0000] {dag.py:4180} INFO - Setting next_dagrun for example_local_kubernetes_executor to None, run_after=None
[2024-12-13T17:01:52.851+0000] {processor.py:208} INFO - Processing /home/airflow/.local/lib/python3.12/site-packages/airflow/example_dags/example_local_kubernetes_executor.py took 0.117 seconds
[2024-12-13T17:02:23.079+0000] {processor.py:186} INFO - Started process (PID=171) to work on /home/airflow/.local/lib/python3.12/site-packages/airflow/example_dags/example_local_kubernetes_executor.py
[2024-12-13T17:02:23.080+0000] {processor.py:914} INFO - Processing file /home/airflow/.local/lib/python3.12/site-packages/airflow/example_dags/example_local_kubernetes_executor.py for tasks to queue
[2024-12-13T17:02:23.082+0000] {logging_mixin.py:190} INFO - [2024-12-13T17:02:23.082+0000] {dagbag.py:588} INFO - Filling up the DagBag from /home/airflow/.local/lib/python3.12/site-packages/airflow/example_dags/example_local_kubernetes_executor.py
[2024-12-13T17:02:23.089+0000] {processor.py:925} INFO - DAG(s) 'example_local_kubernetes_executor' retrieved from /home/airflow/.local/lib/python3.12/site-packages/airflow/example_dags/example_local_kubernetes_executor.py
[2024-12-13T17:02:23.109+0000] {logging_mixin.py:190} INFO - [2024-12-13T17:02:23.109+0000] {dag.py:3239} INFO - Sync 1 DAGs
[2024-12-13T17:02:23.117+0000] {logging_mixin.py:190} INFO - [2024-12-13T17:02:23.117+0000] {dag.py:4180} INFO - Setting next_dagrun for example_local_kubernetes_executor to None, run_after=None
[2024-12-13T17:02:23.128+0000] {processor.py:208} INFO - Processing /home/airflow/.local/lib/python3.12/site-packages/airflow/example_dags/example_local_kubernetes_executor.py took 0.054 seconds
[2024-12-13T17:02:54.160+0000] {processor.py:186} INFO - Started process (PID=234) to work on /home/airflow/.local/lib/python3.12/site-packages/airflow/example_dags/example_local_kubernetes_executor.py
[2024-12-13T17:02:54.162+0000] {processor.py:914} INFO - Processing file /home/airflow/.local/lib/python3.12/site-packages/airflow/example_dags/example_local_kubernetes_executor.py for tasks to queue
[2024-12-13T17:02:54.164+0000] {logging_mixin.py:190} INFO - [2024-12-13T17:02:54.164+0000] {dagbag.py:588} INFO - Filling up the DagBag from /home/airflow/.local/lib/python3.12/site-packages/airflow/example_dags/example_local_kubernetes_executor.py
[2024-12-13T17:02:54.170+0000] {processor.py:925} INFO - DAG(s) 'example_local_kubernetes_executor' retrieved from /home/airflow/.local/lib/python3.12/site-packages/airflow/example_dags/example_local_kubernetes_executor.py
[2024-12-13T17:02:54.189+0000] {logging_mixin.py:190} INFO - [2024-12-13T17:02:54.189+0000] {dag.py:3239} INFO - Sync 1 DAGs
[2024-12-13T17:02:54.198+0000] {logging_mixin.py:190} INFO - [2024-12-13T17:02:54.197+0000] {dag.py:4180} INFO - Setting next_dagrun for example_local_kubernetes_executor to None, run_after=None
[2024-12-13T17:02:54.207+0000] {processor.py:208} INFO - Processing /home/airflow/.local/lib/python3.12/site-packages/airflow/example_dags/example_local_kubernetes_executor.py took 0.052 seconds
[2024-12-13T17:03:24.433+0000] {processor.py:186} INFO - Started process (PID=298) to work on /home/airflow/.local/lib/python3.12/site-packages/airflow/example_dags/example_local_kubernetes_executor.py
[2024-12-13T17:03:24.434+0000] {processor.py:914} INFO - Processing file /home/airflow/.local/lib/python3.12/site-packages/airflow/example_dags/example_local_kubernetes_executor.py for tasks to queue
[2024-12-13T17:03:24.435+0000] {logging_mixin.py:190} INFO - [2024-12-13T17:03:24.435+0000] {dagbag.py:588} INFO - Filling up the DagBag from /home/airflow/.local/lib/python3.12/site-packages/airflow/example_dags/example_local_kubernetes_executor.py
[2024-12-13T17:03:24.441+0000] {processor.py:925} INFO - DAG(s) 'example_local_kubernetes_executor' retrieved from /home/airflow/.local/lib/python3.12/site-packages/airflow/example_dags/example_local_kubernetes_executor.py
[2024-12-13T17:03:24.457+0000] {logging_mixin.py:190} INFO - [2024-12-13T17:03:24.457+0000] {dag.py:3239} INFO - Sync 1 DAGs
[2024-12-13T17:03:24.464+0000] {logging_mixin.py:190} INFO - [2024-12-13T17:03:24.464+0000] {dag.py:4180} INFO - Setting next_dagrun for example_local_kubernetes_executor to None, run_after=None
[2024-12-13T17:03:24.473+0000] {processor.py:208} INFO - Processing /home/airflow/.local/lib/python3.12/site-packages/airflow/example_dags/example_local_kubernetes_executor.py took 0.043 seconds
