[2024-12-13T17:01:47.218+0000] {processor.py:186} INFO - Started process (PID=52) to work on /home/airflow/.local/lib/python3.12/site-packages/airflow/example_dags/example_branch_operator_decorator.py
[2024-12-13T17:01:47.218+0000] {processor.py:914} INFO - Processing file /home/airflow/.local/lib/python3.12/site-packages/airflow/example_dags/example_branch_operator_decorator.py for tasks to queue
[2024-12-13T17:01:47.221+0000] {logging_mixin.py:190} INFO - [2024-12-13T17:01:47.221+0000] {dagbag.py:588} INFO - Filling up the DagBag from /home/airflow/.local/lib/python3.12/site-packages/airflow/example_dags/example_branch_operator_decorator.py
[2024-12-13T17:01:47.240+0000] {processor.py:925} INFO - DAG(s) 'example_branch_python_operator_decorator' retrieved from /home/airflow/.local/lib/python3.12/site-packages/airflow/example_dags/example_branch_operator_decorator.py
[2024-12-13T17:01:47.303+0000] {logging_mixin.py:190} INFO - [2024-12-13T17:01:47.303+0000] {override.py:1911} INFO - Created Permission View: can edit on DAG:example_branch_python_operator_decorator
[2024-12-13T17:01:47.308+0000] {logging_mixin.py:190} INFO - [2024-12-13T17:01:47.308+0000] {override.py:1911} INFO - Created Permission View: can read on DAG:example_branch_python_operator_decorator
[2024-12-13T17:01:47.311+0000] {logging_mixin.py:190} INFO - [2024-12-13T17:01:47.311+0000] {override.py:1911} INFO - Created Permission View: can delete on DAG:example_branch_python_operator_decorator
[2024-12-13T17:01:47.314+0000] {logging_mixin.py:190} INFO - [2024-12-13T17:01:47.314+0000] {override.py:1911} INFO - Created Permission View: can delete on DAG Run:example_branch_python_operator_decorator
[2024-12-13T17:01:47.317+0000] {logging_mixin.py:190} INFO - [2024-12-13T17:01:47.317+0000] {override.py:1911} INFO - Created Permission View: can read on DAG Run:example_branch_python_operator_decorator
[2024-12-13T17:01:47.323+0000] {logging_mixin.py:190} INFO - [2024-12-13T17:01:47.323+0000] {override.py:1911} INFO - Created Permission View: can create on DAG Run:example_branch_python_operator_decorator
[2024-12-13T17:01:47.325+0000] {logging_mixin.py:190} INFO - [2024-12-13T17:01:47.325+0000] {override.py:1911} INFO - Created Permission View: menu access on DAG Run:example_branch_python_operator_decorator
[2024-12-13T17:01:47.326+0000] {logging_mixin.py:190} INFO - [2024-12-13T17:01:47.326+0000] {dag.py:3239} INFO - Sync 1 DAGs
[2024-12-13T17:01:47.332+0000] {logging_mixin.py:190} INFO - [2024-12-13T17:01:47.332+0000] {dag.py:3262} INFO - Creating ORM DAG for example_branch_python_operator_decorator
[2024-12-13T17:01:47.338+0000] {logging_mixin.py:190} INFO - [2024-12-13T17:01:47.338+0000] {dag.py:4180} INFO - Setting next_dagrun for example_branch_python_operator_decorator to 2024-12-12 00:00:00+00:00, run_after=2024-12-13 00:00:00+00:00
[2024-12-13T17:01:47.350+0000] {processor.py:208} INFO - Processing /home/airflow/.local/lib/python3.12/site-packages/airflow/example_dags/example_branch_operator_decorator.py took 0.136 seconds
[2024-12-13T17:02:17.515+0000] {processor.py:186} INFO - Started process (PID=116) to work on /home/airflow/.local/lib/python3.12/site-packages/airflow/example_dags/example_branch_operator_decorator.py
[2024-12-13T17:02:17.516+0000] {processor.py:914} INFO - Processing file /home/airflow/.local/lib/python3.12/site-packages/airflow/example_dags/example_branch_operator_decorator.py for tasks to queue
[2024-12-13T17:02:17.519+0000] {logging_mixin.py:190} INFO - [2024-12-13T17:02:17.518+0000] {dagbag.py:588} INFO - Filling up the DagBag from /home/airflow/.local/lib/python3.12/site-packages/airflow/example_dags/example_branch_operator_decorator.py
[2024-12-13T17:02:17.529+0000] {processor.py:925} INFO - DAG(s) 'example_branch_python_operator_decorator' retrieved from /home/airflow/.local/lib/python3.12/site-packages/airflow/example_dags/example_branch_operator_decorator.py
[2024-12-13T17:02:17.543+0000] {logging_mixin.py:190} INFO - [2024-12-13T17:02:17.543+0000] {dag.py:3239} INFO - Sync 1 DAGs
[2024-12-13T17:02:17.556+0000] {logging_mixin.py:190} INFO - [2024-12-13T17:02:17.556+0000] {dag.py:4180} INFO - Setting next_dagrun for example_branch_python_operator_decorator to 2024-12-12 00:00:00+00:00, run_after=2024-12-13 00:00:00+00:00
[2024-12-13T17:02:17.566+0000] {processor.py:208} INFO - Processing /home/airflow/.local/lib/python3.12/site-packages/airflow/example_dags/example_branch_operator_decorator.py took 0.055 seconds
[2024-12-13T17:02:47.850+0000] {processor.py:186} INFO - Started process (PID=180) to work on /home/airflow/.local/lib/python3.12/site-packages/airflow/example_dags/example_branch_operator_decorator.py
[2024-12-13T17:02:47.851+0000] {processor.py:914} INFO - Processing file /home/airflow/.local/lib/python3.12/site-packages/airflow/example_dags/example_branch_operator_decorator.py for tasks to queue
[2024-12-13T17:02:47.852+0000] {logging_mixin.py:190} INFO - [2024-12-13T17:02:47.852+0000] {dagbag.py:588} INFO - Filling up the DagBag from /home/airflow/.local/lib/python3.12/site-packages/airflow/example_dags/example_branch_operator_decorator.py
[2024-12-13T17:02:47.863+0000] {processor.py:925} INFO - DAG(s) 'example_branch_python_operator_decorator' retrieved from /home/airflow/.local/lib/python3.12/site-packages/airflow/example_dags/example_branch_operator_decorator.py
[2024-12-13T17:02:47.881+0000] {logging_mixin.py:190} INFO - [2024-12-13T17:02:47.881+0000] {dag.py:3239} INFO - Sync 1 DAGs
[2024-12-13T17:02:47.892+0000] {logging_mixin.py:190} INFO - [2024-12-13T17:02:47.892+0000] {dag.py:4180} INFO - Setting next_dagrun for example_branch_python_operator_decorator to 2024-12-12 00:00:00+00:00, run_after=2024-12-13 00:00:00+00:00
[2024-12-13T17:02:47.903+0000] {processor.py:208} INFO - Processing /home/airflow/.local/lib/python3.12/site-packages/airflow/example_dags/example_branch_operator_decorator.py took 0.056 seconds
[2024-12-13T17:03:18.968+0000] {processor.py:186} INFO - Started process (PID=250) to work on /home/airflow/.local/lib/python3.12/site-packages/airflow/example_dags/example_branch_operator_decorator.py
[2024-12-13T17:03:18.969+0000] {processor.py:914} INFO - Processing file /home/airflow/.local/lib/python3.12/site-packages/airflow/example_dags/example_branch_operator_decorator.py for tasks to queue
[2024-12-13T17:03:18.970+0000] {logging_mixin.py:190} INFO - [2024-12-13T17:03:18.970+0000] {dagbag.py:588} INFO - Filling up the DagBag from /home/airflow/.local/lib/python3.12/site-packages/airflow/example_dags/example_branch_operator_decorator.py
[2024-12-13T17:03:18.984+0000] {processor.py:925} INFO - DAG(s) 'example_branch_python_operator_decorator' retrieved from /home/airflow/.local/lib/python3.12/site-packages/airflow/example_dags/example_branch_operator_decorator.py
[2024-12-13T17:03:18.998+0000] {logging_mixin.py:190} INFO - [2024-12-13T17:03:18.998+0000] {dag.py:3239} INFO - Sync 1 DAGs
[2024-12-13T17:03:19.009+0000] {logging_mixin.py:190} INFO - [2024-12-13T17:03:19.009+0000] {dag.py:4180} INFO - Setting next_dagrun for example_branch_python_operator_decorator to 2024-12-12 00:00:00+00:00, run_after=2024-12-13 00:00:00+00:00
[2024-12-13T17:03:19.016+0000] {processor.py:208} INFO - Processing /home/airflow/.local/lib/python3.12/site-packages/airflow/example_dags/example_branch_operator_decorator.py took 0.051 seconds
