[2024-12-13T17:01:49.169+0000] {processor.py:186} INFO - Started process (PID=74) to work on /home/airflow/.local/lib/python3.12/site-packages/airflow/example_dags/example_bash_operator.py
[2024-12-13T17:01:49.170+0000] {processor.py:914} INFO - Processing file /home/airflow/.local/lib/python3.12/site-packages/airflow/example_dags/example_bash_operator.py for tasks to queue
[2024-12-13T17:01:49.171+0000] {logging_mixin.py:190} INFO - [2024-12-13T17:01:49.171+0000] {dagbag.py:588} INFO - Filling up the DagBag from /home/airflow/.local/lib/python3.12/site-packages/airflow/example_dags/example_bash_operator.py
[2024-12-13T17:01:49.179+0000] {processor.py:925} INFO - DAG(s) 'example_bash_operator' retrieved from /home/airflow/.local/lib/python3.12/site-packages/airflow/example_dags/example_bash_operator.py
[2024-12-13T17:01:49.244+0000] {logging_mixin.py:190} INFO - [2024-12-13T17:01:49.244+0000] {override.py:1911} INFO - Created Permission View: can edit on DAG:example_bash_operator
[2024-12-13T17:01:49.251+0000] {logging_mixin.py:190} INFO - [2024-12-13T17:01:49.250+0000] {override.py:1911} INFO - Created Permission View: can read on DAG:example_bash_operator
[2024-12-13T17:01:49.254+0000] {logging_mixin.py:190} INFO - [2024-12-13T17:01:49.254+0000] {override.py:1911} INFO - Created Permission View: can delete on DAG:example_bash_operator
[2024-12-13T17:01:49.257+0000] {logging_mixin.py:190} INFO - [2024-12-13T17:01:49.257+0000] {override.py:1911} INFO - Created Permission View: can delete on DAG Run:example_bash_operator
[2024-12-13T17:01:49.260+0000] {logging_mixin.py:190} INFO - [2024-12-13T17:01:49.260+0000] {override.py:1911} INFO - Created Permission View: can read on DAG Run:example_bash_operator
[2024-12-13T17:01:49.263+0000] {logging_mixin.py:190} INFO - [2024-12-13T17:01:49.263+0000] {override.py:1911} INFO - Created Permission View: can create on DAG Run:example_bash_operator
[2024-12-13T17:01:49.266+0000] {logging_mixin.py:190} INFO - [2024-12-13T17:01:49.266+0000] {override.py:1911} INFO - Created Permission View: menu access on DAG Run:example_bash_operator
[2024-12-13T17:01:49.269+0000] {logging_mixin.py:190} INFO - [2024-12-13T17:01:49.269+0000] {dag.py:3239} INFO - Sync 1 DAGs
[2024-12-13T17:01:49.276+0000] {logging_mixin.py:190} INFO - [2024-12-13T17:01:49.276+0000] {dag.py:3262} INFO - Creating ORM DAG for example_bash_operator
[2024-12-13T17:01:49.283+0000] {logging_mixin.py:190} INFO - [2024-12-13T17:01:49.282+0000] {dag.py:4180} INFO - Setting next_dagrun for example_bash_operator to 2024-12-12 00:00:00+00:00, run_after=2024-12-13 00:00:00+00:00
[2024-12-13T17:01:49.293+0000] {processor.py:208} INFO - Processing /home/airflow/.local/lib/python3.12/site-packages/airflow/example_dags/example_bash_operator.py took 0.127 seconds
[2024-12-13T17:02:19.454+0000] {processor.py:186} INFO - Started process (PID=138) to work on /home/airflow/.local/lib/python3.12/site-packages/airflow/example_dags/example_bash_operator.py
[2024-12-13T17:02:19.455+0000] {processor.py:914} INFO - Processing file /home/airflow/.local/lib/python3.12/site-packages/airflow/example_dags/example_bash_operator.py for tasks to queue
[2024-12-13T17:02:19.456+0000] {logging_mixin.py:190} INFO - [2024-12-13T17:02:19.456+0000] {dagbag.py:588} INFO - Filling up the DagBag from /home/airflow/.local/lib/python3.12/site-packages/airflow/example_dags/example_bash_operator.py
[2024-12-13T17:02:19.466+0000] {processor.py:925} INFO - DAG(s) 'example_bash_operator' retrieved from /home/airflow/.local/lib/python3.12/site-packages/airflow/example_dags/example_bash_operator.py
[2024-12-13T17:02:19.482+0000] {logging_mixin.py:190} INFO - [2024-12-13T17:02:19.482+0000] {dag.py:3239} INFO - Sync 1 DAGs
[2024-12-13T17:02:19.496+0000] {logging_mixin.py:190} INFO - [2024-12-13T17:02:19.496+0000] {dag.py:4180} INFO - Setting next_dagrun for example_bash_operator to 2024-12-12 00:00:00+00:00, run_after=2024-12-13 00:00:00+00:00
[2024-12-13T17:02:19.509+0000] {processor.py:208} INFO - Processing /home/airflow/.local/lib/python3.12/site-packages/airflow/example_dags/example_bash_operator.py took 0.059 seconds
[2024-12-13T17:02:50.689+0000] {processor.py:186} INFO - Started process (PID=202) to work on /home/airflow/.local/lib/python3.12/site-packages/airflow/example_dags/example_bash_operator.py
[2024-12-13T17:02:50.689+0000] {processor.py:914} INFO - Processing file /home/airflow/.local/lib/python3.12/site-packages/airflow/example_dags/example_bash_operator.py for tasks to queue
[2024-12-13T17:02:50.690+0000] {logging_mixin.py:190} INFO - [2024-12-13T17:02:50.690+0000] {dagbag.py:588} INFO - Filling up the DagBag from /home/airflow/.local/lib/python3.12/site-packages/airflow/example_dags/example_bash_operator.py
[2024-12-13T17:02:50.697+0000] {processor.py:925} INFO - DAG(s) 'example_bash_operator' retrieved from /home/airflow/.local/lib/python3.12/site-packages/airflow/example_dags/example_bash_operator.py
[2024-12-13T17:02:50.710+0000] {logging_mixin.py:190} INFO - [2024-12-13T17:02:50.710+0000] {dag.py:3239} INFO - Sync 1 DAGs
[2024-12-13T17:02:50.722+0000] {logging_mixin.py:190} INFO - [2024-12-13T17:02:50.722+0000] {dag.py:4180} INFO - Setting next_dagrun for example_bash_operator to 2024-12-12 00:00:00+00:00, run_after=2024-12-13 00:00:00+00:00
[2024-12-13T17:02:50.732+0000] {processor.py:208} INFO - Processing /home/airflow/.local/lib/python3.12/site-packages/airflow/example_dags/example_bash_operator.py took 0.047 seconds
[2024-12-13T17:03:21.995+0000] {processor.py:186} INFO - Started process (PID=266) to work on /home/airflow/.local/lib/python3.12/site-packages/airflow/example_dags/example_bash_operator.py
[2024-12-13T17:03:21.999+0000] {processor.py:914} INFO - Processing file /home/airflow/.local/lib/python3.12/site-packages/airflow/example_dags/example_bash_operator.py for tasks to queue
[2024-12-13T17:03:22.000+0000] {logging_mixin.py:190} INFO - [2024-12-13T17:03:22.000+0000] {dagbag.py:588} INFO - Filling up the DagBag from /home/airflow/.local/lib/python3.12/site-packages/airflow/example_dags/example_bash_operator.py
[2024-12-13T17:03:22.009+0000] {processor.py:925} INFO - DAG(s) 'example_bash_operator' retrieved from /home/airflow/.local/lib/python3.12/site-packages/airflow/example_dags/example_bash_operator.py
[2024-12-13T17:03:22.025+0000] {logging_mixin.py:190} INFO - [2024-12-13T17:03:22.025+0000] {dag.py:3239} INFO - Sync 1 DAGs
[2024-12-13T17:03:22.036+0000] {logging_mixin.py:190} INFO - [2024-12-13T17:03:22.036+0000] {dag.py:4180} INFO - Setting next_dagrun for example_bash_operator to 2024-12-12 00:00:00+00:00, run_after=2024-12-13 00:00:00+00:00
[2024-12-13T17:03:22.047+0000] {processor.py:208} INFO - Processing /home/airflow/.local/lib/python3.12/site-packages/airflow/example_dags/example_bash_operator.py took 0.055 seconds
