[2024-12-13T17:01:47.315+0000] {processor.py:186} INFO - Started process (PID=53) to work on /home/airflow/.local/lib/python3.12/site-packages/airflow/example_dags/example_dataset_alias.py
[2024-12-13T17:01:47.315+0000] {processor.py:914} INFO - Processing file /home/airflow/.local/lib/python3.12/site-packages/airflow/example_dags/example_dataset_alias.py for tasks to queue
[2024-12-13T17:01:47.317+0000] {logging_mixin.py:190} INFO - [2024-12-13T17:01:47.317+0000] {dagbag.py:588} INFO - Filling up the DagBag from /home/airflow/.local/lib/python3.12/site-packages/airflow/example_dags/example_dataset_alias.py
[2024-12-13T17:01:48.357+0000] {processor.py:925} INFO - DAG(s) 'dataset_alias_example_alias_consumer', 'dataset_alias_example_alias_producer', 'dataset_s3_bucket_producer', 'dataset_s3_bucket_consumer' retrieved from /home/airflow/.local/lib/python3.12/site-packages/airflow/example_dags/example_dataset_alias.py
[2024-12-13T17:01:48.404+0000] {logging_mixin.py:190} INFO - [2024-12-13T17:01:48.403+0000] {override.py:1911} INFO - Created Permission View: can edit on DAG:dataset_alias_example_alias_consumer
[2024-12-13T17:01:48.410+0000] {logging_mixin.py:190} INFO - [2024-12-13T17:01:48.409+0000] {override.py:1911} INFO - Created Permission View: can read on DAG:dataset_alias_example_alias_consumer
[2024-12-13T17:01:48.413+0000] {logging_mixin.py:190} INFO - [2024-12-13T17:01:48.413+0000] {override.py:1911} INFO - Created Permission View: can delete on DAG:dataset_alias_example_alias_consumer
[2024-12-13T17:01:48.417+0000] {logging_mixin.py:190} INFO - [2024-12-13T17:01:48.417+0000] {override.py:1911} INFO - Created Permission View: can delete on DAG Run:dataset_alias_example_alias_consumer
[2024-12-13T17:01:48.421+0000] {logging_mixin.py:190} INFO - [2024-12-13T17:01:48.421+0000] {override.py:1911} INFO - Created Permission View: can read on DAG Run:dataset_alias_example_alias_consumer
[2024-12-13T17:01:48.424+0000] {logging_mixin.py:190} INFO - [2024-12-13T17:01:48.424+0000] {override.py:1911} INFO - Created Permission View: can create on DAG Run:dataset_alias_example_alias_consumer
[2024-12-13T17:01:48.428+0000] {logging_mixin.py:190} INFO - [2024-12-13T17:01:48.428+0000] {override.py:1911} INFO - Created Permission View: menu access on DAG Run:dataset_alias_example_alias_consumer
[2024-12-13T17:01:48.438+0000] {logging_mixin.py:190} INFO - [2024-12-13T17:01:48.438+0000] {override.py:1911} INFO - Created Permission View: can edit on DAG:dataset_alias_example_alias_producer
[2024-12-13T17:01:48.443+0000] {logging_mixin.py:190} INFO - [2024-12-13T17:01:48.443+0000] {override.py:1911} INFO - Created Permission View: can read on DAG:dataset_alias_example_alias_producer
[2024-12-13T17:01:48.447+0000] {logging_mixin.py:190} INFO - [2024-12-13T17:01:48.447+0000] {override.py:1911} INFO - Created Permission View: can delete on DAG:dataset_alias_example_alias_producer
[2024-12-13T17:01:48.454+0000] {logging_mixin.py:190} INFO - [2024-12-13T17:01:48.454+0000] {override.py:1911} INFO - Created Permission View: can delete on DAG Run:dataset_alias_example_alias_producer
[2024-12-13T17:01:48.456+0000] {logging_mixin.py:190} INFO - [2024-12-13T17:01:48.456+0000] {override.py:1911} INFO - Created Permission View: can read on DAG Run:dataset_alias_example_alias_producer
[2024-12-13T17:01:48.459+0000] {logging_mixin.py:190} INFO - [2024-12-13T17:01:48.459+0000] {override.py:1911} INFO - Created Permission View: can create on DAG Run:dataset_alias_example_alias_producer
[2024-12-13T17:01:48.462+0000] {logging_mixin.py:190} INFO - [2024-12-13T17:01:48.462+0000] {override.py:1911} INFO - Created Permission View: menu access on DAG Run:dataset_alias_example_alias_producer
[2024-12-13T17:01:48.468+0000] {logging_mixin.py:190} INFO - [2024-12-13T17:01:48.468+0000] {override.py:1911} INFO - Created Permission View: can edit on DAG:dataset_s3_bucket_producer
[2024-12-13T17:01:48.474+0000] {logging_mixin.py:190} INFO - [2024-12-13T17:01:48.474+0000] {override.py:1911} INFO - Created Permission View: can read on DAG:dataset_s3_bucket_producer
[2024-12-13T17:01:48.478+0000] {logging_mixin.py:190} INFO - [2024-12-13T17:01:48.478+0000] {override.py:1911} INFO - Created Permission View: can delete on DAG:dataset_s3_bucket_producer
[2024-12-13T17:01:48.480+0000] {logging_mixin.py:190} INFO - [2024-12-13T17:01:48.480+0000] {override.py:1911} INFO - Created Permission View: can delete on DAG Run:dataset_s3_bucket_producer
[2024-12-13T17:01:48.483+0000] {logging_mixin.py:190} INFO - [2024-12-13T17:01:48.483+0000] {override.py:1911} INFO - Created Permission View: can read on DAG Run:dataset_s3_bucket_producer
[2024-12-13T17:01:48.485+0000] {logging_mixin.py:190} INFO - [2024-12-13T17:01:48.485+0000] {override.py:1911} INFO - Created Permission View: can create on DAG Run:dataset_s3_bucket_producer
[2024-12-13T17:01:48.492+0000] {logging_mixin.py:190} INFO - [2024-12-13T17:01:48.492+0000] {override.py:1911} INFO - Created Permission View: menu access on DAG Run:dataset_s3_bucket_producer
[2024-12-13T17:01:48.497+0000] {logging_mixin.py:190} INFO - [2024-12-13T17:01:48.497+0000] {override.py:1911} INFO - Created Permission View: can edit on DAG:dataset_s3_bucket_consumer
[2024-12-13T17:01:48.500+0000] {logging_mixin.py:190} INFO - [2024-12-13T17:01:48.499+0000] {override.py:1911} INFO - Created Permission View: can read on DAG:dataset_s3_bucket_consumer
[2024-12-13T17:01:48.502+0000] {logging_mixin.py:190} INFO - [2024-12-13T17:01:48.502+0000] {override.py:1911} INFO - Created Permission View: can delete on DAG:dataset_s3_bucket_consumer
[2024-12-13T17:01:48.504+0000] {logging_mixin.py:190} INFO - [2024-12-13T17:01:48.504+0000] {override.py:1911} INFO - Created Permission View: can delete on DAG Run:dataset_s3_bucket_consumer
[2024-12-13T17:01:48.506+0000] {logging_mixin.py:190} INFO - [2024-12-13T17:01:48.506+0000] {override.py:1911} INFO - Created Permission View: can read on DAG Run:dataset_s3_bucket_consumer
[2024-12-13T17:01:48.509+0000] {logging_mixin.py:190} INFO - [2024-12-13T17:01:48.509+0000] {override.py:1911} INFO - Created Permission View: can create on DAG Run:dataset_s3_bucket_consumer
[2024-12-13T17:01:48.511+0000] {logging_mixin.py:190} INFO - [2024-12-13T17:01:48.511+0000] {override.py:1911} INFO - Created Permission View: menu access on DAG Run:dataset_s3_bucket_consumer
[2024-12-13T17:01:48.511+0000] {logging_mixin.py:190} INFO - [2024-12-13T17:01:48.511+0000] {dag.py:3239} INFO - Sync 4 DAGs
[2024-12-13T17:01:48.517+0000] {logging_mixin.py:190} INFO - [2024-12-13T17:01:48.516+0000] {dag.py:3262} INFO - Creating ORM DAG for dataset_alias_example_alias_consumer
[2024-12-13T17:01:48.517+0000] {logging_mixin.py:190} INFO - [2024-12-13T17:01:48.517+0000] {dag.py:3262} INFO - Creating ORM DAG for dataset_s3_bucket_producer
[2024-12-13T17:01:48.517+0000] {logging_mixin.py:190} INFO - [2024-12-13T17:01:48.517+0000] {dag.py:3262} INFO - Creating ORM DAG for dataset_alias_example_alias_producer
[2024-12-13T17:01:48.518+0000] {logging_mixin.py:190} INFO - [2024-12-13T17:01:48.518+0000] {dag.py:3262} INFO - Creating ORM DAG for dataset_s3_bucket_consumer
[2024-12-13T17:01:48.522+0000] {logging_mixin.py:190} INFO - [2024-12-13T17:01:48.522+0000] {dag.py:4180} INFO - Setting next_dagrun for dataset_alias_example_alias_consumer to None, run_after=None
[2024-12-13T17:01:48.523+0000] {logging_mixin.py:190} INFO - [2024-12-13T17:01:48.523+0000] {dag.py:4180} INFO - Setting next_dagrun for dataset_alias_example_alias_producer to None, run_after=None
[2024-12-13T17:01:48.523+0000] {logging_mixin.py:190} INFO - [2024-12-13T17:01:48.523+0000] {dag.py:4180} INFO - Setting next_dagrun for dataset_s3_bucket_consumer to None, run_after=None
[2024-12-13T17:01:48.523+0000] {logging_mixin.py:190} INFO - [2024-12-13T17:01:48.523+0000] {dag.py:4180} INFO - Setting next_dagrun for dataset_s3_bucket_producer to None, run_after=None
[2024-12-13T17:01:48.536+0000] {processor.py:208} INFO - Processing /home/airflow/.local/lib/python3.12/site-packages/airflow/example_dags/example_dataset_alias.py took 1.224 seconds
[2024-12-13T17:02:18.639+0000] {processor.py:186} INFO - Started process (PID=118) to work on /home/airflow/.local/lib/python3.12/site-packages/airflow/example_dags/example_dataset_alias.py
[2024-12-13T17:02:18.640+0000] {processor.py:914} INFO - Processing file /home/airflow/.local/lib/python3.12/site-packages/airflow/example_dags/example_dataset_alias.py for tasks to queue
[2024-12-13T17:02:18.642+0000] {logging_mixin.py:190} INFO - [2024-12-13T17:02:18.642+0000] {dagbag.py:588} INFO - Filling up the DagBag from /home/airflow/.local/lib/python3.12/site-packages/airflow/example_dags/example_dataset_alias.py
[2024-12-13T17:02:19.172+0000] {processor.py:925} INFO - DAG(s) 'dataset_alias_example_alias_producer', 'dataset_s3_bucket_producer', 'dataset_s3_bucket_consumer', 'dataset_alias_example_alias_consumer' retrieved from /home/airflow/.local/lib/python3.12/site-packages/airflow/example_dags/example_dataset_alias.py
[2024-12-13T17:02:19.186+0000] {logging_mixin.py:190} INFO - [2024-12-13T17:02:19.185+0000] {dag.py:3239} INFO - Sync 4 DAGs
[2024-12-13T17:02:19.196+0000] {logging_mixin.py:190} INFO - [2024-12-13T17:02:19.196+0000] {dag.py:4180} INFO - Setting next_dagrun for dataset_alias_example_alias_consumer to None, run_after=None
[2024-12-13T17:02:19.197+0000] {logging_mixin.py:190} INFO - [2024-12-13T17:02:19.197+0000] {dag.py:4180} INFO - Setting next_dagrun for dataset_alias_example_alias_producer to None, run_after=None
[2024-12-13T17:02:19.199+0000] {logging_mixin.py:190} INFO - [2024-12-13T17:02:19.199+0000] {dag.py:4180} INFO - Setting next_dagrun for dataset_s3_bucket_consumer to None, run_after=None
[2024-12-13T17:02:19.200+0000] {logging_mixin.py:190} INFO - [2024-12-13T17:02:19.200+0000] {dag.py:4180} INFO - Setting next_dagrun for dataset_s3_bucket_producer to None, run_after=None
[2024-12-13T17:02:19.212+0000] {processor.py:208} INFO - Processing /home/airflow/.local/lib/python3.12/site-packages/airflow/example_dags/example_dataset_alias.py took 0.579 seconds
[2024-12-13T17:02:50.058+0000] {processor.py:186} INFO - Started process (PID=193) to work on /home/airflow/.local/lib/python3.12/site-packages/airflow/example_dags/example_dataset_alias.py
[2024-12-13T17:02:50.059+0000] {processor.py:914} INFO - Processing file /home/airflow/.local/lib/python3.12/site-packages/airflow/example_dags/example_dataset_alias.py for tasks to queue
[2024-12-13T17:02:50.060+0000] {logging_mixin.py:190} INFO - [2024-12-13T17:02:50.060+0000] {dagbag.py:588} INFO - Filling up the DagBag from /home/airflow/.local/lib/python3.12/site-packages/airflow/example_dags/example_dataset_alias.py
[2024-12-13T17:02:50.477+0000] {processor.py:925} INFO - DAG(s) 'dataset_alias_example_alias_producer', 'dataset_s3_bucket_producer', 'dataset_s3_bucket_consumer', 'dataset_alias_example_alias_consumer' retrieved from /home/airflow/.local/lib/python3.12/site-packages/airflow/example_dags/example_dataset_alias.py
[2024-12-13T17:02:50.496+0000] {logging_mixin.py:190} INFO - [2024-12-13T17:02:50.496+0000] {dag.py:3239} INFO - Sync 4 DAGs
[2024-12-13T17:02:50.508+0000] {logging_mixin.py:190} INFO - [2024-12-13T17:02:50.508+0000] {dag.py:4180} INFO - Setting next_dagrun for dataset_alias_example_alias_consumer to None, run_after=None
[2024-12-13T17:02:50.510+0000] {logging_mixin.py:190} INFO - [2024-12-13T17:02:50.510+0000] {dag.py:4180} INFO - Setting next_dagrun for dataset_alias_example_alias_producer to None, run_after=None
[2024-12-13T17:02:50.510+0000] {logging_mixin.py:190} INFO - [2024-12-13T17:02:50.510+0000] {dag.py:4180} INFO - Setting next_dagrun for dataset_s3_bucket_consumer to None, run_after=None
[2024-12-13T17:02:50.511+0000] {logging_mixin.py:190} INFO - [2024-12-13T17:02:50.511+0000] {dag.py:4180} INFO - Setting next_dagrun for dataset_s3_bucket_producer to None, run_after=None
[2024-12-13T17:02:50.521+0000] {processor.py:208} INFO - Processing /home/airflow/.local/lib/python3.12/site-packages/airflow/example_dags/example_dataset_alias.py took 0.466 seconds
[2024-12-13T17:03:21.393+0000] {processor.py:186} INFO - Started process (PID=261) to work on /home/airflow/.local/lib/python3.12/site-packages/airflow/example_dags/example_dataset_alias.py
[2024-12-13T17:03:21.394+0000] {processor.py:914} INFO - Processing file /home/airflow/.local/lib/python3.12/site-packages/airflow/example_dags/example_dataset_alias.py for tasks to queue
[2024-12-13T17:03:21.396+0000] {logging_mixin.py:190} INFO - [2024-12-13T17:03:21.396+0000] {dagbag.py:588} INFO - Filling up the DagBag from /home/airflow/.local/lib/python3.12/site-packages/airflow/example_dags/example_dataset_alias.py
[2024-12-13T17:03:21.877+0000] {processor.py:925} INFO - DAG(s) 'dataset_s3_bucket_producer', 'dataset_alias_example_alias_consumer', 'dataset_alias_example_alias_producer', 'dataset_s3_bucket_consumer' retrieved from /home/airflow/.local/lib/python3.12/site-packages/airflow/example_dags/example_dataset_alias.py
[2024-12-13T17:03:21.888+0000] {logging_mixin.py:190} INFO - [2024-12-13T17:03:21.888+0000] {dag.py:3239} INFO - Sync 4 DAGs
[2024-12-13T17:03:21.899+0000] {logging_mixin.py:190} INFO - [2024-12-13T17:03:21.899+0000] {dag.py:4180} INFO - Setting next_dagrun for dataset_alias_example_alias_consumer to None, run_after=None
[2024-12-13T17:03:21.902+0000] {logging_mixin.py:190} INFO - [2024-12-13T17:03:21.901+0000] {dag.py:4180} INFO - Setting next_dagrun for dataset_alias_example_alias_producer to None, run_after=None
[2024-12-13T17:03:21.903+0000] {logging_mixin.py:190} INFO - [2024-12-13T17:03:21.903+0000] {dag.py:4180} INFO - Setting next_dagrun for dataset_s3_bucket_consumer to None, run_after=None
[2024-12-13T17:03:21.905+0000] {logging_mixin.py:190} INFO - [2024-12-13T17:03:21.904+0000] {dag.py:4180} INFO - Setting next_dagrun for dataset_s3_bucket_producer to None, run_after=None
[2024-12-13T17:03:21.916+0000] {processor.py:208} INFO - Processing /home/airflow/.local/lib/python3.12/site-packages/airflow/example_dags/example_dataset_alias.py took 0.528 seconds
