[2024-12-13T17:01:51.777+0000] {processor.py:186} INFO - Started process (PID=99) to work on /home/airflow/.local/lib/python3.12/site-packages/airflow/example_dags/example_python_decorator.py
[2024-12-13T17:01:51.781+0000] {processor.py:914} INFO - Processing file /home/airflow/.local/lib/python3.12/site-packages/airflow/example_dags/example_python_decorator.py for tasks to queue
[2024-12-13T17:01:51.784+0000] {logging_mixin.py:190} INFO - [2024-12-13T17:01:51.784+0000] {dagbag.py:588} INFO - Filling up the DagBag from /home/airflow/.local/lib/python3.12/site-packages/airflow/example_dags/example_python_decorator.py
[2024-12-13T17:01:51.795+0000] {processor.py:925} INFO - DAG(s) 'example_python_decorator' retrieved from /home/airflow/.local/lib/python3.12/site-packages/airflow/example_dags/example_python_decorator.py
[2024-12-13T17:01:51.854+0000] {logging_mixin.py:190} INFO - [2024-12-13T17:01:51.853+0000] {override.py:1911} INFO - Created Permission View: can edit on DAG:example_python_decorator
[2024-12-13T17:01:51.858+0000] {logging_mixin.py:190} INFO - [2024-12-13T17:01:51.858+0000] {override.py:1911} INFO - Created Permission View: can read on DAG:example_python_decorator
[2024-12-13T17:01:51.861+0000] {logging_mixin.py:190} INFO - [2024-12-13T17:01:51.861+0000] {override.py:1911} INFO - Created Permission View: can delete on DAG:example_python_decorator
[2024-12-13T17:01:51.864+0000] {logging_mixin.py:190} INFO - [2024-12-13T17:01:51.864+0000] {override.py:1911} INFO - Created Permission View: can delete on DAG Run:example_python_decorator
[2024-12-13T17:01:51.867+0000] {logging_mixin.py:190} INFO - [2024-12-13T17:01:51.867+0000] {override.py:1911} INFO - Created Permission View: can read on DAG Run:example_python_decorator
[2024-12-13T17:01:51.870+0000] {logging_mixin.py:190} INFO - [2024-12-13T17:01:51.870+0000] {override.py:1911} INFO - Created Permission View: can create on DAG Run:example_python_decorator
[2024-12-13T17:01:51.873+0000] {logging_mixin.py:190} INFO - [2024-12-13T17:01:51.873+0000] {override.py:1911} INFO - Created Permission View: menu access on DAG Run:example_python_decorator
[2024-12-13T17:01:51.874+0000] {logging_mixin.py:190} INFO - [2024-12-13T17:01:51.874+0000] {dag.py:3239} INFO - Sync 1 DAGs
[2024-12-13T17:01:51.882+0000] {logging_mixin.py:190} INFO - [2024-12-13T17:01:51.882+0000] {dag.py:3262} INFO - Creating ORM DAG for example_python_decorator
[2024-12-13T17:01:51.883+0000] {logging_mixin.py:190} INFO - [2024-12-13T17:01:51.883+0000] {dag.py:4180} INFO - Setting next_dagrun for example_python_decorator to None, run_after=None
[2024-12-13T17:01:51.893+0000] {processor.py:208} INFO - Processing /home/airflow/.local/lib/python3.12/site-packages/airflow/example_dags/example_python_decorator.py took 0.120 seconds
[2024-12-13T17:02:22.571+0000] {processor.py:186} INFO - Started process (PID=163) to work on /home/airflow/.local/lib/python3.12/site-packages/airflow/example_dags/example_python_decorator.py
[2024-12-13T17:02:22.573+0000] {processor.py:914} INFO - Processing file /home/airflow/.local/lib/python3.12/site-packages/airflow/example_dags/example_python_decorator.py for tasks to queue
[2024-12-13T17:02:22.575+0000] {logging_mixin.py:190} INFO - [2024-12-13T17:02:22.575+0000] {dagbag.py:588} INFO - Filling up the DagBag from /home/airflow/.local/lib/python3.12/site-packages/airflow/example_dags/example_python_decorator.py
[2024-12-13T17:02:22.584+0000] {processor.py:925} INFO - DAG(s) 'example_python_decorator' retrieved from /home/airflow/.local/lib/python3.12/site-packages/airflow/example_dags/example_python_decorator.py
[2024-12-13T17:02:22.596+0000] {logging_mixin.py:190} INFO - [2024-12-13T17:02:22.596+0000] {dag.py:3239} INFO - Sync 1 DAGs
[2024-12-13T17:02:22.604+0000] {logging_mixin.py:190} INFO - [2024-12-13T17:02:22.603+0000] {dag.py:4180} INFO - Setting next_dagrun for example_python_decorator to None, run_after=None
[2024-12-13T17:02:22.615+0000] {processor.py:208} INFO - Processing /home/airflow/.local/lib/python3.12/site-packages/airflow/example_dags/example_python_decorator.py took 0.047 seconds
[2024-12-13T17:02:53.588+0000] {processor.py:186} INFO - Started process (PID=227) to work on /home/airflow/.local/lib/python3.12/site-packages/airflow/example_dags/example_python_decorator.py
[2024-12-13T17:02:53.591+0000] {processor.py:914} INFO - Processing file /home/airflow/.local/lib/python3.12/site-packages/airflow/example_dags/example_python_decorator.py for tasks to queue
[2024-12-13T17:02:53.593+0000] {logging_mixin.py:190} INFO - [2024-12-13T17:02:53.593+0000] {dagbag.py:588} INFO - Filling up the DagBag from /home/airflow/.local/lib/python3.12/site-packages/airflow/example_dags/example_python_decorator.py
[2024-12-13T17:02:53.602+0000] {processor.py:925} INFO - DAG(s) 'example_python_decorator' retrieved from /home/airflow/.local/lib/python3.12/site-packages/airflow/example_dags/example_python_decorator.py
[2024-12-13T17:02:53.619+0000] {logging_mixin.py:190} INFO - [2024-12-13T17:02:53.619+0000] {dag.py:3239} INFO - Sync 1 DAGs
[2024-12-13T17:02:53.627+0000] {logging_mixin.py:190} INFO - [2024-12-13T17:02:53.627+0000] {dag.py:4180} INFO - Setting next_dagrun for example_python_decorator to None, run_after=None
[2024-12-13T17:02:53.636+0000] {processor.py:208} INFO - Processing /home/airflow/.local/lib/python3.12/site-packages/airflow/example_dags/example_python_decorator.py took 0.051 seconds
[2024-12-13T17:03:23.912+0000] {processor.py:186} INFO - Started process (PID=290) to work on /home/airflow/.local/lib/python3.12/site-packages/airflow/example_dags/example_python_decorator.py
[2024-12-13T17:03:23.915+0000] {processor.py:914} INFO - Processing file /home/airflow/.local/lib/python3.12/site-packages/airflow/example_dags/example_python_decorator.py for tasks to queue
[2024-12-13T17:03:23.918+0000] {logging_mixin.py:190} INFO - [2024-12-13T17:03:23.917+0000] {dagbag.py:588} INFO - Filling up the DagBag from /home/airflow/.local/lib/python3.12/site-packages/airflow/example_dags/example_python_decorator.py
[2024-12-13T17:03:23.927+0000] {processor.py:925} INFO - DAG(s) 'example_python_decorator' retrieved from /home/airflow/.local/lib/python3.12/site-packages/airflow/example_dags/example_python_decorator.py
[2024-12-13T17:03:23.938+0000] {logging_mixin.py:190} INFO - [2024-12-13T17:03:23.938+0000] {dag.py:3239} INFO - Sync 1 DAGs
[2024-12-13T17:03:23.945+0000] {logging_mixin.py:190} INFO - [2024-12-13T17:03:23.945+0000] {dag.py:4180} INFO - Setting next_dagrun for example_python_decorator to None, run_after=None
[2024-12-13T17:03:23.961+0000] {processor.py:208} INFO - Processing /home/airflow/.local/lib/python3.12/site-packages/airflow/example_dags/example_python_decorator.py took 0.052 seconds
