[2024-12-13T17:01:48.154+0000] {processor.py:186} INFO - Started process (PID=60) to work on /home/airflow/.local/lib/python3.12/site-packages/airflow/example_dags/example_latest_only_with_trigger.py
[2024-12-13T17:01:48.155+0000] {processor.py:914} INFO - Processing file /home/airflow/.local/lib/python3.12/site-packages/airflow/example_dags/example_latest_only_with_trigger.py for tasks to queue
[2024-12-13T17:01:48.156+0000] {logging_mixin.py:190} INFO - [2024-12-13T17:01:48.156+0000] {dagbag.py:588} INFO - Filling up the DagBag from /home/airflow/.local/lib/python3.12/site-packages/airflow/example_dags/example_latest_only_with_trigger.py
[2024-12-13T17:01:48.161+0000] {processor.py:925} INFO - DAG(s) 'latest_only_with_trigger' retrieved from /home/airflow/.local/lib/python3.12/site-packages/airflow/example_dags/example_latest_only_with_trigger.py
[2024-12-13T17:01:48.226+0000] {logging_mixin.py:190} INFO - [2024-12-13T17:01:48.226+0000] {override.py:1911} INFO - Created Permission View: can edit on DAG:latest_only_with_trigger
[2024-12-13T17:01:48.230+0000] {logging_mixin.py:190} INFO - [2024-12-13T17:01:48.230+0000] {override.py:1911} INFO - Created Permission View: can read on DAG:latest_only_with_trigger
[2024-12-13T17:01:48.233+0000] {logging_mixin.py:190} INFO - [2024-12-13T17:01:48.233+0000] {override.py:1911} INFO - Created Permission View: can delete on DAG:latest_only_with_trigger
[2024-12-13T17:01:48.236+0000] {logging_mixin.py:190} INFO - [2024-12-13T17:01:48.236+0000] {override.py:1911} INFO - Created Permission View: can delete on DAG Run:latest_only_with_trigger
[2024-12-13T17:01:48.239+0000] {logging_mixin.py:190} INFO - [2024-12-13T17:01:48.238+0000] {override.py:1911} INFO - Created Permission View: can read on DAG Run:latest_only_with_trigger
[2024-12-13T17:01:48.241+0000] {logging_mixin.py:190} INFO - [2024-12-13T17:01:48.241+0000] {override.py:1911} INFO - Created Permission View: can create on DAG Run:latest_only_with_trigger
[2024-12-13T17:01:48.243+0000] {logging_mixin.py:190} INFO - [2024-12-13T17:01:48.243+0000] {override.py:1911} INFO - Created Permission View: menu access on DAG Run:latest_only_with_trigger
[2024-12-13T17:01:48.244+0000] {logging_mixin.py:190} INFO - [2024-12-13T17:01:48.244+0000] {dag.py:3239} INFO - Sync 1 DAGs
[2024-12-13T17:01:48.249+0000] {logging_mixin.py:190} INFO - [2024-12-13T17:01:48.249+0000] {dag.py:3262} INFO - Creating ORM DAG for latest_only_with_trigger
[2024-12-13T17:01:48.254+0000] {logging_mixin.py:190} INFO - [2024-12-13T17:01:48.254+0000] {dag.py:4180} INFO - Setting next_dagrun for latest_only_with_trigger to 2024-12-13 12:00:00+00:00, run_after=2024-12-13 16:00:00+00:00
[2024-12-13T17:01:48.263+0000] {processor.py:208} INFO - Processing /home/airflow/.local/lib/python3.12/site-packages/airflow/example_dags/example_latest_only_with_trigger.py took 0.112 seconds
[2024-12-13T17:02:19.027+0000] {processor.py:186} INFO - Started process (PID=130) to work on /home/airflow/.local/lib/python3.12/site-packages/airflow/example_dags/example_latest_only_with_trigger.py
[2024-12-13T17:02:19.029+0000] {processor.py:914} INFO - Processing file /home/airflow/.local/lib/python3.12/site-packages/airflow/example_dags/example_latest_only_with_trigger.py for tasks to queue
[2024-12-13T17:02:19.034+0000] {logging_mixin.py:190} INFO - [2024-12-13T17:02:19.033+0000] {dagbag.py:588} INFO - Filling up the DagBag from /home/airflow/.local/lib/python3.12/site-packages/airflow/example_dags/example_latest_only_with_trigger.py
[2024-12-13T17:02:19.041+0000] {processor.py:925} INFO - DAG(s) 'latest_only_with_trigger' retrieved from /home/airflow/.local/lib/python3.12/site-packages/airflow/example_dags/example_latest_only_with_trigger.py
[2024-12-13T17:02:19.054+0000] {logging_mixin.py:190} INFO - [2024-12-13T17:02:19.054+0000] {dag.py:3239} INFO - Sync 1 DAGs
[2024-12-13T17:02:19.068+0000] {logging_mixin.py:190} INFO - [2024-12-13T17:02:19.067+0000] {dag.py:4180} INFO - Setting next_dagrun for latest_only_with_trigger to 2024-12-13 12:00:00+00:00, run_after=2024-12-13 16:00:00+00:00
[2024-12-13T17:02:19.105+0000] {processor.py:208} INFO - Processing /home/airflow/.local/lib/python3.12/site-packages/airflow/example_dags/example_latest_only_with_trigger.py took 0.081 seconds
[2024-12-13T17:02:50.062+0000] {processor.py:186} INFO - Started process (PID=194) to work on /home/airflow/.local/lib/python3.12/site-packages/airflow/example_dags/example_latest_only_with_trigger.py
[2024-12-13T17:02:50.068+0000] {processor.py:914} INFO - Processing file /home/airflow/.local/lib/python3.12/site-packages/airflow/example_dags/example_latest_only_with_trigger.py for tasks to queue
[2024-12-13T17:02:50.069+0000] {logging_mixin.py:190} INFO - [2024-12-13T17:02:50.069+0000] {dagbag.py:588} INFO - Filling up the DagBag from /home/airflow/.local/lib/python3.12/site-packages/airflow/example_dags/example_latest_only_with_trigger.py
[2024-12-13T17:02:50.074+0000] {processor.py:925} INFO - DAG(s) 'latest_only_with_trigger' retrieved from /home/airflow/.local/lib/python3.12/site-packages/airflow/example_dags/example_latest_only_with_trigger.py
[2024-12-13T17:02:50.086+0000] {logging_mixin.py:190} INFO - [2024-12-13T17:02:50.085+0000] {dag.py:3239} INFO - Sync 1 DAGs
[2024-12-13T17:02:50.097+0000] {logging_mixin.py:190} INFO - [2024-12-13T17:02:50.097+0000] {dag.py:4180} INFO - Setting next_dagrun for latest_only_with_trigger to 2024-12-13 12:00:00+00:00, run_after=2024-12-13 16:00:00+00:00
[2024-12-13T17:02:50.107+0000] {processor.py:208} INFO - Processing /home/airflow/.local/lib/python3.12/site-packages/airflow/example_dags/example_latest_only_with_trigger.py took 0.048 seconds
[2024-12-13T17:03:20.250+0000] {processor.py:186} INFO - Started process (PID=257) to work on /home/airflow/.local/lib/python3.12/site-packages/airflow/example_dags/example_latest_only_with_trigger.py
[2024-12-13T17:03:20.251+0000] {processor.py:914} INFO - Processing file /home/airflow/.local/lib/python3.12/site-packages/airflow/example_dags/example_latest_only_with_trigger.py for tasks to queue
[2024-12-13T17:03:20.253+0000] {logging_mixin.py:190} INFO - [2024-12-13T17:03:20.252+0000] {dagbag.py:588} INFO - Filling up the DagBag from /home/airflow/.local/lib/python3.12/site-packages/airflow/example_dags/example_latest_only_with_trigger.py
[2024-12-13T17:03:20.257+0000] {processor.py:925} INFO - DAG(s) 'latest_only_with_trigger' retrieved from /home/airflow/.local/lib/python3.12/site-packages/airflow/example_dags/example_latest_only_with_trigger.py
[2024-12-13T17:03:20.273+0000] {logging_mixin.py:190} INFO - [2024-12-13T17:03:20.273+0000] {dag.py:3239} INFO - Sync 1 DAGs
[2024-12-13T17:03:20.288+0000] {logging_mixin.py:190} INFO - [2024-12-13T17:03:20.288+0000] {dag.py:4180} INFO - Setting next_dagrun for latest_only_with_trigger to 2024-12-13 12:00:00+00:00, run_after=2024-12-13 16:00:00+00:00
[2024-12-13T17:03:20.298+0000] {processor.py:208} INFO - Processing /home/airflow/.local/lib/python3.12/site-packages/airflow/example_dags/example_latest_only_with_trigger.py took 0.052 seconds
