[2024-12-13T17:01:48.052+0000] {processor.py:186} INFO - Started process (PID=59) to work on /home/airflow/.local/lib/python3.12/site-packages/airflow/example_dags/example_display_name.py
[2024-12-13T17:01:48.053+0000] {processor.py:914} INFO - Processing file /home/airflow/.local/lib/python3.12/site-packages/airflow/example_dags/example_display_name.py for tasks to queue
[2024-12-13T17:01:48.054+0000] {logging_mixin.py:190} INFO - [2024-12-13T17:01:48.054+0000] {dagbag.py:588} INFO - Filling up the DagBag from /home/airflow/.local/lib/python3.12/site-packages/airflow/example_dags/example_display_name.py
[2024-12-13T17:01:48.058+0000] {processor.py:925} INFO - DAG(s) 'example_display_name' retrieved from /home/airflow/.local/lib/python3.12/site-packages/airflow/example_dags/example_display_name.py
[2024-12-13T17:01:48.111+0000] {logging_mixin.py:190} INFO - [2024-12-13T17:01:48.111+0000] {override.py:1911} INFO - Created Permission View: can edit on DAG:example_display_name
[2024-12-13T17:01:48.115+0000] {logging_mixin.py:190} INFO - [2024-12-13T17:01:48.115+0000] {override.py:1911} INFO - Created Permission View: can read on DAG:example_display_name
[2024-12-13T17:01:48.118+0000] {logging_mixin.py:190} INFO - [2024-12-13T17:01:48.117+0000] {override.py:1911} INFO - Created Permission View: can delete on DAG:example_display_name
[2024-12-13T17:01:48.120+0000] {logging_mixin.py:190} INFO - [2024-12-13T17:01:48.120+0000] {override.py:1911} INFO - Created Permission View: can delete on DAG Run:example_display_name
[2024-12-13T17:01:48.123+0000] {logging_mixin.py:190} INFO - [2024-12-13T17:01:48.123+0000] {override.py:1911} INFO - Created Permission View: can read on DAG Run:example_display_name
[2024-12-13T17:01:48.125+0000] {logging_mixin.py:190} INFO - [2024-12-13T17:01:48.125+0000] {override.py:1911} INFO - Created Permission View: can create on DAG Run:example_display_name
[2024-12-13T17:01:48.127+0000] {logging_mixin.py:190} INFO - [2024-12-13T17:01:48.127+0000] {override.py:1911} INFO - Created Permission View: menu access on DAG Run:example_display_name
[2024-12-13T17:01:48.128+0000] {logging_mixin.py:190} INFO - [2024-12-13T17:01:48.128+0000] {dag.py:3239} INFO - Sync 1 DAGs
[2024-12-13T17:01:48.133+0000] {logging_mixin.py:190} INFO - [2024-12-13T17:01:48.133+0000] {dag.py:3262} INFO - Creating ORM DAG for example_display_name
[2024-12-13T17:01:48.134+0000] {logging_mixin.py:190} INFO - [2024-12-13T17:01:48.134+0000] {dag.py:4180} INFO - Setting next_dagrun for example_display_name to None, run_after=None
[2024-12-13T17:01:48.141+0000] {processor.py:208} INFO - Processing /home/airflow/.local/lib/python3.12/site-packages/airflow/example_dags/example_display_name.py took 0.092 seconds
[2024-12-13T17:02:18.958+0000] {processor.py:186} INFO - Started process (PID=129) to work on /home/airflow/.local/lib/python3.12/site-packages/airflow/example_dags/example_display_name.py
[2024-12-13T17:02:18.959+0000] {processor.py:914} INFO - Processing file /home/airflow/.local/lib/python3.12/site-packages/airflow/example_dags/example_display_name.py for tasks to queue
[2024-12-13T17:02:18.961+0000] {logging_mixin.py:190} INFO - [2024-12-13T17:02:18.961+0000] {dagbag.py:588} INFO - Filling up the DagBag from /home/airflow/.local/lib/python3.12/site-packages/airflow/example_dags/example_display_name.py
[2024-12-13T17:02:18.967+0000] {processor.py:925} INFO - DAG(s) 'example_display_name' retrieved from /home/airflow/.local/lib/python3.12/site-packages/airflow/example_dags/example_display_name.py
[2024-12-13T17:02:18.980+0000] {logging_mixin.py:190} INFO - [2024-12-13T17:02:18.980+0000] {dag.py:3239} INFO - Sync 1 DAGs
[2024-12-13T17:02:18.991+0000] {logging_mixin.py:190} INFO - [2024-12-13T17:02:18.991+0000] {dag.py:4180} INFO - Setting next_dagrun for example_display_name to None, run_after=None
[2024-12-13T17:02:19.010+0000] {processor.py:208} INFO - Processing /home/airflow/.local/lib/python3.12/site-packages/airflow/example_dags/example_display_name.py took 0.057 seconds
[2024-12-13T17:02:49.049+0000] {processor.py:186} INFO - Started process (PID=192) to work on /home/airflow/.local/lib/python3.12/site-packages/airflow/example_dags/example_display_name.py
[2024-12-13T17:02:49.050+0000] {processor.py:914} INFO - Processing file /home/airflow/.local/lib/python3.12/site-packages/airflow/example_dags/example_display_name.py for tasks to queue
[2024-12-13T17:02:49.051+0000] {logging_mixin.py:190} INFO - [2024-12-13T17:02:49.051+0000] {dagbag.py:588} INFO - Filling up the DagBag from /home/airflow/.local/lib/python3.12/site-packages/airflow/example_dags/example_display_name.py
[2024-12-13T17:02:49.055+0000] {processor.py:925} INFO - DAG(s) 'example_display_name' retrieved from /home/airflow/.local/lib/python3.12/site-packages/airflow/example_dags/example_display_name.py
[2024-12-13T17:02:49.065+0000] {logging_mixin.py:190} INFO - [2024-12-13T17:02:49.065+0000] {dag.py:3239} INFO - Sync 1 DAGs
[2024-12-13T17:02:49.071+0000] {logging_mixin.py:190} INFO - [2024-12-13T17:02:49.071+0000] {dag.py:4180} INFO - Setting next_dagrun for example_display_name to None, run_after=None
[2024-12-13T17:02:49.079+0000] {processor.py:208} INFO - Processing /home/airflow/.local/lib/python3.12/site-packages/airflow/example_dags/example_display_name.py took 0.033 seconds
[2024-12-13T17:03:19.235+0000] {processor.py:186} INFO - Started process (PID=256) to work on /home/airflow/.local/lib/python3.12/site-packages/airflow/example_dags/example_display_name.py
[2024-12-13T17:03:19.235+0000] {processor.py:914} INFO - Processing file /home/airflow/.local/lib/python3.12/site-packages/airflow/example_dags/example_display_name.py for tasks to queue
[2024-12-13T17:03:19.237+0000] {logging_mixin.py:190} INFO - [2024-12-13T17:03:19.237+0000] {dagbag.py:588} INFO - Filling up the DagBag from /home/airflow/.local/lib/python3.12/site-packages/airflow/example_dags/example_display_name.py
[2024-12-13T17:03:19.241+0000] {processor.py:925} INFO - DAG(s) 'example_display_name' retrieved from /home/airflow/.local/lib/python3.12/site-packages/airflow/example_dags/example_display_name.py
[2024-12-13T17:03:19.258+0000] {logging_mixin.py:190} INFO - [2024-12-13T17:03:19.257+0000] {dag.py:3239} INFO - Sync 1 DAGs
[2024-12-13T17:03:19.268+0000] {logging_mixin.py:190} INFO - [2024-12-13T17:03:19.268+0000] {dag.py:4180} INFO - Setting next_dagrun for example_display_name to None, run_after=None
[2024-12-13T17:03:19.277+0000] {processor.py:208} INFO - Processing /home/airflow/.local/lib/python3.12/site-packages/airflow/example_dags/example_display_name.py took 0.046 seconds
