[2024-12-13T17:01:49.703+0000] {processor.py:186} INFO - Started process (PID=79) to work on /home/airflow/.local/lib/python3.12/site-packages/airflow/example_dags/example_branch_labels.py
[2024-12-13T17:01:49.704+0000] {processor.py:914} INFO - Processing file /home/airflow/.local/lib/python3.12/site-packages/airflow/example_dags/example_branch_labels.py for tasks to queue
[2024-12-13T17:01:49.705+0000] {logging_mixin.py:190} INFO - [2024-12-13T17:01:49.705+0000] {dagbag.py:588} INFO - Filling up the DagBag from /home/airflow/.local/lib/python3.12/site-packages/airflow/example_dags/example_branch_labels.py
[2024-12-13T17:01:49.712+0000] {processor.py:925} INFO - DAG(s) 'example_branch_labels' retrieved from /home/airflow/.local/lib/python3.12/site-packages/airflow/example_dags/example_branch_labels.py
[2024-12-13T17:01:49.771+0000] {logging_mixin.py:190} INFO - [2024-12-13T17:01:49.770+0000] {override.py:1911} INFO - Created Permission View: can edit on DAG:example_branch_labels
[2024-12-13T17:01:49.776+0000] {logging_mixin.py:190} INFO - [2024-12-13T17:01:49.775+0000] {override.py:1911} INFO - Created Permission View: can read on DAG:example_branch_labels
[2024-12-13T17:01:49.778+0000] {logging_mixin.py:190} INFO - [2024-12-13T17:01:49.778+0000] {override.py:1911} INFO - Created Permission View: can delete on DAG:example_branch_labels
[2024-12-13T17:01:49.781+0000] {logging_mixin.py:190} INFO - [2024-12-13T17:01:49.781+0000] {override.py:1911} INFO - Created Permission View: can delete on DAG Run:example_branch_labels
[2024-12-13T17:01:49.785+0000] {logging_mixin.py:190} INFO - [2024-12-13T17:01:49.785+0000] {override.py:1911} INFO - Created Permission View: can read on DAG Run:example_branch_labels
[2024-12-13T17:01:49.790+0000] {logging_mixin.py:190} INFO - [2024-12-13T17:01:49.790+0000] {override.py:1911} INFO - Created Permission View: can create on DAG Run:example_branch_labels
[2024-12-13T17:01:49.795+0000] {logging_mixin.py:190} INFO - [2024-12-13T17:01:49.795+0000] {override.py:1911} INFO - Created Permission View: menu access on DAG Run:example_branch_labels
[2024-12-13T17:01:49.795+0000] {logging_mixin.py:190} INFO - [2024-12-13T17:01:49.795+0000] {dag.py:3239} INFO - Sync 1 DAGs
[2024-12-13T17:01:49.802+0000] {logging_mixin.py:190} INFO - [2024-12-13T17:01:49.802+0000] {dag.py:3262} INFO - Creating ORM DAG for example_branch_labels
[2024-12-13T17:01:49.811+0000] {logging_mixin.py:190} INFO - [2024-12-13T17:01:49.811+0000] {dag.py:4180} INFO - Setting next_dagrun for example_branch_labels to 2024-12-12 00:00:00+00:00, run_after=2024-12-13 00:00:00+00:00
[2024-12-13T17:01:49.821+0000] {processor.py:208} INFO - Processing /home/airflow/.local/lib/python3.12/site-packages/airflow/example_dags/example_branch_labels.py took 0.121 seconds
[2024-12-13T17:02:20.758+0000] {processor.py:186} INFO - Started process (PID=143) to work on /home/airflow/.local/lib/python3.12/site-packages/airflow/example_dags/example_branch_labels.py
[2024-12-13T17:02:20.759+0000] {processor.py:914} INFO - Processing file /home/airflow/.local/lib/python3.12/site-packages/airflow/example_dags/example_branch_labels.py for tasks to queue
[2024-12-13T17:02:20.760+0000] {logging_mixin.py:190} INFO - [2024-12-13T17:02:20.760+0000] {dagbag.py:588} INFO - Filling up the DagBag from /home/airflow/.local/lib/python3.12/site-packages/airflow/example_dags/example_branch_labels.py
[2024-12-13T17:02:20.765+0000] {processor.py:925} INFO - DAG(s) 'example_branch_labels' retrieved from /home/airflow/.local/lib/python3.12/site-packages/airflow/example_dags/example_branch_labels.py
[2024-12-13T17:02:20.776+0000] {logging_mixin.py:190} INFO - [2024-12-13T17:02:20.776+0000] {dag.py:3239} INFO - Sync 1 DAGs
[2024-12-13T17:02:20.787+0000] {logging_mixin.py:190} INFO - [2024-12-13T17:02:20.787+0000] {dag.py:4180} INFO - Setting next_dagrun for example_branch_labels to 2024-12-12 00:00:00+00:00, run_after=2024-12-13 00:00:00+00:00
[2024-12-13T17:02:20.795+0000] {processor.py:208} INFO - Processing /home/airflow/.local/lib/python3.12/site-packages/airflow/example_dags/example_branch_labels.py took 0.040 seconds
[2024-12-13T17:02:50.822+0000] {processor.py:186} INFO - Started process (PID=206) to work on /home/airflow/.local/lib/python3.12/site-packages/airflow/example_dags/example_branch_labels.py
[2024-12-13T17:02:50.823+0000] {processor.py:914} INFO - Processing file /home/airflow/.local/lib/python3.12/site-packages/airflow/example_dags/example_branch_labels.py for tasks to queue
[2024-12-13T17:02:50.824+0000] {logging_mixin.py:190} INFO - [2024-12-13T17:02:50.824+0000] {dagbag.py:588} INFO - Filling up the DagBag from /home/airflow/.local/lib/python3.12/site-packages/airflow/example_dags/example_branch_labels.py
[2024-12-13T17:02:50.829+0000] {processor.py:925} INFO - DAG(s) 'example_branch_labels' retrieved from /home/airflow/.local/lib/python3.12/site-packages/airflow/example_dags/example_branch_labels.py
[2024-12-13T17:02:50.840+0000] {logging_mixin.py:190} INFO - [2024-12-13T17:02:50.840+0000] {dag.py:3239} INFO - Sync 1 DAGs
[2024-12-13T17:02:50.850+0000] {logging_mixin.py:190} INFO - [2024-12-13T17:02:50.850+0000] {dag.py:4180} INFO - Setting next_dagrun for example_branch_labels to 2024-12-12 00:00:00+00:00, run_after=2024-12-13 00:00:00+00:00
[2024-12-13T17:02:50.858+0000] {processor.py:208} INFO - Processing /home/airflow/.local/lib/python3.12/site-packages/airflow/example_dags/example_branch_labels.py took 0.039 seconds
[2024-12-13T17:03:22.127+0000] {processor.py:186} INFO - Started process (PID=270) to work on /home/airflow/.local/lib/python3.12/site-packages/airflow/example_dags/example_branch_labels.py
[2024-12-13T17:03:22.128+0000] {processor.py:914} INFO - Processing file /home/airflow/.local/lib/python3.12/site-packages/airflow/example_dags/example_branch_labels.py for tasks to queue
[2024-12-13T17:03:22.130+0000] {logging_mixin.py:190} INFO - [2024-12-13T17:03:22.130+0000] {dagbag.py:588} INFO - Filling up the DagBag from /home/airflow/.local/lib/python3.12/site-packages/airflow/example_dags/example_branch_labels.py
[2024-12-13T17:03:22.139+0000] {processor.py:925} INFO - DAG(s) 'example_branch_labels' retrieved from /home/airflow/.local/lib/python3.12/site-packages/airflow/example_dags/example_branch_labels.py
[2024-12-13T17:03:22.153+0000] {logging_mixin.py:190} INFO - [2024-12-13T17:03:22.152+0000] {dag.py:3239} INFO - Sync 1 DAGs
[2024-12-13T17:03:22.164+0000] {logging_mixin.py:190} INFO - [2024-12-13T17:03:22.164+0000] {dag.py:4180} INFO - Setting next_dagrun for example_branch_labels to 2024-12-12 00:00:00+00:00, run_after=2024-12-13 00:00:00+00:00
[2024-12-13T17:03:22.173+0000] {processor.py:208} INFO - Processing /home/airflow/.local/lib/python3.12/site-packages/airflow/example_dags/example_branch_labels.py took 0.049 seconds
