[2024-12-13T17:01:50.965+0000] {processor.py:186} INFO - Started process (PID=95) to work on /home/airflow/.local/lib/python3.12/site-packages/airflow/example_dags/example_datasets.py
[2024-12-13T17:01:50.966+0000] {processor.py:914} INFO - Processing file /home/airflow/.local/lib/python3.12/site-packages/airflow/example_dags/example_datasets.py for tasks to queue
[2024-12-13T17:01:50.967+0000] {logging_mixin.py:190} INFO - [2024-12-13T17:01:50.967+0000] {dagbag.py:588} INFO - Filling up the DagBag from /home/airflow/.local/lib/python3.12/site-packages/airflow/example_dags/example_datasets.py
[2024-12-13T17:01:51.348+0000] {processor.py:925} INFO - DAG(s) 'dataset_consumes_1_and_2', 'dataset_consumes_1', 'dataset_consumes_unknown_never_scheduled', 'dataset_produces_2', 'consume_1_or_2_with_dataset_expressions', 'consume_1_or_both_2_and_3_with_dataset_expressions', 'conditional_dataset_and_time_based_timetable', 'dataset_consumes_1_never_scheduled', 'dataset_produces_1', 'consume_1_and_2_with_dataset_expressions' retrieved from /home/airflow/.local/lib/python3.12/site-packages/airflow/example_dags/example_datasets.py
[2024-12-13T17:01:51.389+0000] {logging_mixin.py:190} INFO - [2024-12-13T17:01:51.389+0000] {override.py:1911} INFO - Created Permission View: can edit on DAG:dataset_consumes_1_and_2
[2024-12-13T17:01:51.393+0000] {logging_mixin.py:190} INFO - [2024-12-13T17:01:51.393+0000] {override.py:1911} INFO - Created Permission View: can read on DAG:dataset_consumes_1_and_2
[2024-12-13T17:01:51.396+0000] {logging_mixin.py:190} INFO - [2024-12-13T17:01:51.395+0000] {override.py:1911} INFO - Created Permission View: can delete on DAG:dataset_consumes_1_and_2
[2024-12-13T17:01:51.400+0000] {logging_mixin.py:190} INFO - [2024-12-13T17:01:51.399+0000] {override.py:1911} INFO - Created Permission View: can delete on DAG Run:dataset_consumes_1_and_2
[2024-12-13T17:01:51.403+0000] {logging_mixin.py:190} INFO - [2024-12-13T17:01:51.403+0000] {override.py:1911} INFO - Created Permission View: can read on DAG Run:dataset_consumes_1_and_2
[2024-12-13T17:01:51.406+0000] {logging_mixin.py:190} INFO - [2024-12-13T17:01:51.406+0000] {override.py:1911} INFO - Created Permission View: can create on DAG Run:dataset_consumes_1_and_2
[2024-12-13T17:01:51.411+0000] {logging_mixin.py:190} INFO - [2024-12-13T17:01:51.411+0000] {override.py:1911} INFO - Created Permission View: menu access on DAG Run:dataset_consumes_1_and_2
[2024-12-13T17:01:51.418+0000] {logging_mixin.py:190} INFO - [2024-12-13T17:01:51.418+0000] {override.py:1911} INFO - Created Permission View: can edit on DAG:dataset_consumes_1
[2024-12-13T17:01:51.422+0000] {logging_mixin.py:190} INFO - [2024-12-13T17:01:51.422+0000] {override.py:1911} INFO - Created Permission View: can read on DAG:dataset_consumes_1
[2024-12-13T17:01:51.424+0000] {logging_mixin.py:190} INFO - [2024-12-13T17:01:51.424+0000] {override.py:1911} INFO - Created Permission View: can delete on DAG:dataset_consumes_1
[2024-12-13T17:01:51.426+0000] {logging_mixin.py:190} INFO - [2024-12-13T17:01:51.426+0000] {override.py:1911} INFO - Created Permission View: can delete on DAG Run:dataset_consumes_1
[2024-12-13T17:01:51.428+0000] {logging_mixin.py:190} INFO - [2024-12-13T17:01:51.428+0000] {override.py:1911} INFO - Created Permission View: can read on DAG Run:dataset_consumes_1
[2024-12-13T17:01:51.430+0000] {logging_mixin.py:190} INFO - [2024-12-13T17:01:51.430+0000] {override.py:1911} INFO - Created Permission View: can create on DAG Run:dataset_consumes_1
[2024-12-13T17:01:51.433+0000] {logging_mixin.py:190} INFO - [2024-12-13T17:01:51.433+0000] {override.py:1911} INFO - Created Permission View: menu access on DAG Run:dataset_consumes_1
[2024-12-13T17:01:51.437+0000] {logging_mixin.py:190} INFO - [2024-12-13T17:01:51.437+0000] {override.py:1911} INFO - Created Permission View: can edit on DAG:dataset_consumes_unknown_never_scheduled
[2024-12-13T17:01:51.440+0000] {logging_mixin.py:190} INFO - [2024-12-13T17:01:51.439+0000] {override.py:1911} INFO - Created Permission View: can read on DAG:dataset_consumes_unknown_never_scheduled
[2024-12-13T17:01:51.442+0000] {logging_mixin.py:190} INFO - [2024-12-13T17:01:51.442+0000] {override.py:1911} INFO - Created Permission View: can delete on DAG:dataset_consumes_unknown_never_scheduled
[2024-12-13T17:01:51.445+0000] {logging_mixin.py:190} INFO - [2024-12-13T17:01:51.444+0000] {override.py:1911} INFO - Created Permission View: can delete on DAG Run:dataset_consumes_unknown_never_scheduled
[2024-12-13T17:01:51.447+0000] {logging_mixin.py:190} INFO - [2024-12-13T17:01:51.447+0000] {override.py:1911} INFO - Created Permission View: can read on DAG Run:dataset_consumes_unknown_never_scheduled
[2024-12-13T17:01:51.449+0000] {logging_mixin.py:190} INFO - [2024-12-13T17:01:51.449+0000] {override.py:1911} INFO - Created Permission View: can create on DAG Run:dataset_consumes_unknown_never_scheduled
[2024-12-13T17:01:51.451+0000] {logging_mixin.py:190} INFO - [2024-12-13T17:01:51.451+0000] {override.py:1911} INFO - Created Permission View: menu access on DAG Run:dataset_consumes_unknown_never_scheduled
[2024-12-13T17:01:51.455+0000] {logging_mixin.py:190} INFO - [2024-12-13T17:01:51.455+0000] {override.py:1911} INFO - Created Permission View: can edit on DAG:dataset_produces_2
[2024-12-13T17:01:51.457+0000] {logging_mixin.py:190} INFO - [2024-12-13T17:01:51.457+0000] {override.py:1911} INFO - Created Permission View: can read on DAG:dataset_produces_2
[2024-12-13T17:01:51.459+0000] {logging_mixin.py:190} INFO - [2024-12-13T17:01:51.459+0000] {override.py:1911} INFO - Created Permission View: can delete on DAG:dataset_produces_2
[2024-12-13T17:01:51.461+0000] {logging_mixin.py:190} INFO - [2024-12-13T17:01:51.461+0000] {override.py:1911} INFO - Created Permission View: can delete on DAG Run:dataset_produces_2
[2024-12-13T17:01:51.463+0000] {logging_mixin.py:190} INFO - [2024-12-13T17:01:51.463+0000] {override.py:1911} INFO - Created Permission View: can read on DAG Run:dataset_produces_2
[2024-12-13T17:01:51.465+0000] {logging_mixin.py:190} INFO - [2024-12-13T17:01:51.465+0000] {override.py:1911} INFO - Created Permission View: can create on DAG Run:dataset_produces_2
[2024-12-13T17:01:51.467+0000] {logging_mixin.py:190} INFO - [2024-12-13T17:01:51.467+0000] {override.py:1911} INFO - Created Permission View: menu access on DAG Run:dataset_produces_2
[2024-12-13T17:01:51.472+0000] {logging_mixin.py:190} INFO - [2024-12-13T17:01:51.472+0000] {override.py:1911} INFO - Created Permission View: can edit on DAG:consume_1_or_2_with_dataset_expressions
[2024-12-13T17:01:51.474+0000] {logging_mixin.py:190} INFO - [2024-12-13T17:01:51.474+0000] {override.py:1911} INFO - Created Permission View: can read on DAG:consume_1_or_2_with_dataset_expressions
[2024-12-13T17:01:51.476+0000] {logging_mixin.py:190} INFO - [2024-12-13T17:01:51.476+0000] {override.py:1911} INFO - Created Permission View: can delete on DAG:consume_1_or_2_with_dataset_expressions
[2024-12-13T17:01:51.478+0000] {logging_mixin.py:190} INFO - [2024-12-13T17:01:51.478+0000] {override.py:1911} INFO - Created Permission View: can delete on DAG Run:consume_1_or_2_with_dataset_expressions
[2024-12-13T17:01:51.480+0000] {logging_mixin.py:190} INFO - [2024-12-13T17:01:51.480+0000] {override.py:1911} INFO - Created Permission View: can read on DAG Run:consume_1_or_2_with_dataset_expressions
[2024-12-13T17:01:51.482+0000] {logging_mixin.py:190} INFO - [2024-12-13T17:01:51.482+0000] {override.py:1911} INFO - Created Permission View: can create on DAG Run:consume_1_or_2_with_dataset_expressions
[2024-12-13T17:01:51.484+0000] {logging_mixin.py:190} INFO - [2024-12-13T17:01:51.484+0000] {override.py:1911} INFO - Created Permission View: menu access on DAG Run:consume_1_or_2_with_dataset_expressions
[2024-12-13T17:01:51.489+0000] {logging_mixin.py:190} INFO - [2024-12-13T17:01:51.489+0000] {override.py:1911} INFO - Created Permission View: can edit on DAG:consume_1_or_both_2_and_3_with_dataset_expressions
[2024-12-13T17:01:51.493+0000] {logging_mixin.py:190} INFO - [2024-12-13T17:01:51.493+0000] {override.py:1911} INFO - Created Permission View: can read on DAG:consume_1_or_both_2_and_3_with_dataset_expressions
[2024-12-13T17:01:51.495+0000] {logging_mixin.py:190} INFO - [2024-12-13T17:01:51.495+0000] {override.py:1911} INFO - Created Permission View: can delete on DAG:consume_1_or_both_2_and_3_with_dataset_expressions
[2024-12-13T17:01:51.497+0000] {logging_mixin.py:190} INFO - [2024-12-13T17:01:51.497+0000] {override.py:1911} INFO - Created Permission View: can delete on DAG Run:consume_1_or_both_2_and_3_with_dataset_expressions
[2024-12-13T17:01:51.500+0000] {logging_mixin.py:190} INFO - [2024-12-13T17:01:51.500+0000] {override.py:1911} INFO - Created Permission View: can read on DAG Run:consume_1_or_both_2_and_3_with_dataset_expressions
[2024-12-13T17:01:51.502+0000] {logging_mixin.py:190} INFO - [2024-12-13T17:01:51.502+0000] {override.py:1911} INFO - Created Permission View: can create on DAG Run:consume_1_or_both_2_and_3_with_dataset_expressions
[2024-12-13T17:01:51.505+0000] {logging_mixin.py:190} INFO - [2024-12-13T17:01:51.505+0000] {override.py:1911} INFO - Created Permission View: menu access on DAG Run:consume_1_or_both_2_and_3_with_dataset_expressions
[2024-12-13T17:01:51.509+0000] {logging_mixin.py:190} INFO - [2024-12-13T17:01:51.509+0000] {override.py:1911} INFO - Created Permission View: can edit on DAG:conditional_dataset_and_time_based_timetable
[2024-12-13T17:01:51.512+0000] {logging_mixin.py:190} INFO - [2024-12-13T17:01:51.512+0000] {override.py:1911} INFO - Created Permission View: can read on DAG:conditional_dataset_and_time_based_timetable
[2024-12-13T17:01:51.514+0000] {logging_mixin.py:190} INFO - [2024-12-13T17:01:51.514+0000] {override.py:1911} INFO - Created Permission View: can delete on DAG:conditional_dataset_and_time_based_timetable
[2024-12-13T17:01:51.516+0000] {logging_mixin.py:190} INFO - [2024-12-13T17:01:51.516+0000] {override.py:1911} INFO - Created Permission View: can delete on DAG Run:conditional_dataset_and_time_based_timetable
[2024-12-13T17:01:51.519+0000] {logging_mixin.py:190} INFO - [2024-12-13T17:01:51.519+0000] {override.py:1911} INFO - Created Permission View: can read on DAG Run:conditional_dataset_and_time_based_timetable
[2024-12-13T17:01:51.521+0000] {logging_mixin.py:190} INFO - [2024-12-13T17:01:51.521+0000] {override.py:1911} INFO - Created Permission View: can create on DAG Run:conditional_dataset_and_time_based_timetable
[2024-12-13T17:01:51.523+0000] {logging_mixin.py:190} INFO - [2024-12-13T17:01:51.523+0000] {override.py:1911} INFO - Created Permission View: menu access on DAG Run:conditional_dataset_and_time_based_timetable
[2024-12-13T17:01:51.527+0000] {logging_mixin.py:190} INFO - [2024-12-13T17:01:51.527+0000] {override.py:1911} INFO - Created Permission View: can edit on DAG:dataset_consumes_1_never_scheduled
[2024-12-13T17:01:51.529+0000] {logging_mixin.py:190} INFO - [2024-12-13T17:01:51.529+0000] {override.py:1911} INFO - Created Permission View: can read on DAG:dataset_consumes_1_never_scheduled
[2024-12-13T17:01:51.532+0000] {logging_mixin.py:190} INFO - [2024-12-13T17:01:51.532+0000] {override.py:1911} INFO - Created Permission View: can delete on DAG:dataset_consumes_1_never_scheduled
[2024-12-13T17:01:51.534+0000] {logging_mixin.py:190} INFO - [2024-12-13T17:01:51.534+0000] {override.py:1911} INFO - Created Permission View: can delete on DAG Run:dataset_consumes_1_never_scheduled
[2024-12-13T17:01:51.536+0000] {logging_mixin.py:190} INFO - [2024-12-13T17:01:51.536+0000] {override.py:1911} INFO - Created Permission View: can read on DAG Run:dataset_consumes_1_never_scheduled
[2024-12-13T17:01:51.539+0000] {logging_mixin.py:190} INFO - [2024-12-13T17:01:51.538+0000] {override.py:1911} INFO - Created Permission View: can create on DAG Run:dataset_consumes_1_never_scheduled
[2024-12-13T17:01:51.541+0000] {logging_mixin.py:190} INFO - [2024-12-13T17:01:51.541+0000] {override.py:1911} INFO - Created Permission View: menu access on DAG Run:dataset_consumes_1_never_scheduled
[2024-12-13T17:01:51.545+0000] {logging_mixin.py:190} INFO - [2024-12-13T17:01:51.545+0000] {override.py:1911} INFO - Created Permission View: can edit on DAG:dataset_produces_1
[2024-12-13T17:01:51.547+0000] {logging_mixin.py:190} INFO - [2024-12-13T17:01:51.547+0000] {override.py:1911} INFO - Created Permission View: can read on DAG:dataset_produces_1
[2024-12-13T17:01:51.549+0000] {logging_mixin.py:190} INFO - [2024-12-13T17:01:51.549+0000] {override.py:1911} INFO - Created Permission View: can delete on DAG:dataset_produces_1
[2024-12-13T17:01:51.551+0000] {logging_mixin.py:190} INFO - [2024-12-13T17:01:51.551+0000] {override.py:1911} INFO - Created Permission View: can delete on DAG Run:dataset_produces_1
[2024-12-13T17:01:51.553+0000] {logging_mixin.py:190} INFO - [2024-12-13T17:01:51.553+0000] {override.py:1911} INFO - Created Permission View: can read on DAG Run:dataset_produces_1
[2024-12-13T17:01:51.556+0000] {logging_mixin.py:190} INFO - [2024-12-13T17:01:51.555+0000] {override.py:1911} INFO - Created Permission View: can create on DAG Run:dataset_produces_1
[2024-12-13T17:01:51.558+0000] {logging_mixin.py:190} INFO - [2024-12-13T17:01:51.558+0000] {override.py:1911} INFO - Created Permission View: menu access on DAG Run:dataset_produces_1
[2024-12-13T17:01:51.563+0000] {logging_mixin.py:190} INFO - [2024-12-13T17:01:51.563+0000] {override.py:1911} INFO - Created Permission View: can edit on DAG:consume_1_and_2_with_dataset_expressions
[2024-12-13T17:01:51.565+0000] {logging_mixin.py:190} INFO - [2024-12-13T17:01:51.565+0000] {override.py:1911} INFO - Created Permission View: can read on DAG:consume_1_and_2_with_dataset_expressions
[2024-12-13T17:01:51.567+0000] {logging_mixin.py:190} INFO - [2024-12-13T17:01:51.567+0000] {override.py:1911} INFO - Created Permission View: can delete on DAG:consume_1_and_2_with_dataset_expressions
[2024-12-13T17:01:51.569+0000] {logging_mixin.py:190} INFO - [2024-12-13T17:01:51.569+0000] {override.py:1911} INFO - Created Permission View: can delete on DAG Run:consume_1_and_2_with_dataset_expressions
[2024-12-13T17:01:51.572+0000] {logging_mixin.py:190} INFO - [2024-12-13T17:01:51.571+0000] {override.py:1911} INFO - Created Permission View: can read on DAG Run:consume_1_and_2_with_dataset_expressions
[2024-12-13T17:01:51.573+0000] {logging_mixin.py:190} INFO - [2024-12-13T17:01:51.573+0000] {override.py:1911} INFO - Created Permission View: can create on DAG Run:consume_1_and_2_with_dataset_expressions
[2024-12-13T17:01:51.576+0000] {logging_mixin.py:190} INFO - [2024-12-13T17:01:51.576+0000] {override.py:1911} INFO - Created Permission View: menu access on DAG Run:consume_1_and_2_with_dataset_expressions
[2024-12-13T17:01:51.576+0000] {logging_mixin.py:190} INFO - [2024-12-13T17:01:51.576+0000] {dag.py:3239} INFO - Sync 10 DAGs
[2024-12-13T17:01:51.582+0000] {logging_mixin.py:190} INFO - [2024-12-13T17:01:51.582+0000] {dag.py:3262} INFO - Creating ORM DAG for dataset_consumes_unknown_never_scheduled
[2024-12-13T17:01:51.583+0000] {logging_mixin.py:190} INFO - [2024-12-13T17:01:51.583+0000] {dag.py:3262} INFO - Creating ORM DAG for dataset_consumes_1_never_scheduled
[2024-12-13T17:01:51.583+0000] {logging_mixin.py:190} INFO - [2024-12-13T17:01:51.583+0000] {dag.py:3262} INFO - Creating ORM DAG for dataset_produces_2
[2024-12-13T17:01:51.583+0000] {logging_mixin.py:190} INFO - [2024-12-13T17:01:51.583+0000] {dag.py:3262} INFO - Creating ORM DAG for consume_1_or_2_with_dataset_expressions
[2024-12-13T17:01:51.583+0000] {logging_mixin.py:190} INFO - [2024-12-13T17:01:51.583+0000] {dag.py:3262} INFO - Creating ORM DAG for dataset_consumes_1_and_2
[2024-12-13T17:01:51.584+0000] {logging_mixin.py:190} INFO - [2024-12-13T17:01:51.583+0000] {dag.py:3262} INFO - Creating ORM DAG for dataset_produces_1
[2024-12-13T17:01:51.584+0000] {logging_mixin.py:190} INFO - [2024-12-13T17:01:51.584+0000] {dag.py:3262} INFO - Creating ORM DAG for consume_1_and_2_with_dataset_expressions
[2024-12-13T17:01:51.584+0000] {logging_mixin.py:190} INFO - [2024-12-13T17:01:51.584+0000] {dag.py:3262} INFO - Creating ORM DAG for consume_1_or_both_2_and_3_with_dataset_expressions
[2024-12-13T17:01:51.584+0000] {logging_mixin.py:190} INFO - [2024-12-13T17:01:51.584+0000] {dag.py:3262} INFO - Creating ORM DAG for dataset_consumes_1
[2024-12-13T17:01:51.585+0000] {logging_mixin.py:190} INFO - [2024-12-13T17:01:51.585+0000] {dag.py:3262} INFO - Creating ORM DAG for conditional_dataset_and_time_based_timetable
[2024-12-13T17:01:51.591+0000] {logging_mixin.py:190} INFO - [2024-12-13T17:01:51.591+0000] {dag.py:4180} INFO - Setting next_dagrun for conditional_dataset_and_time_based_timetable to 2024-12-11 01:00:00+00:00, run_after=2024-12-11 01:00:00+00:00
[2024-12-13T17:01:51.592+0000] {logging_mixin.py:190} INFO - [2024-12-13T17:01:51.592+0000] {dag.py:4180} INFO - Setting next_dagrun for consume_1_and_2_with_dataset_expressions to None, run_after=None
[2024-12-13T17:01:51.592+0000] {logging_mixin.py:190} INFO - [2024-12-13T17:01:51.592+0000] {dag.py:4180} INFO - Setting next_dagrun for consume_1_or_2_with_dataset_expressions to None, run_after=None
[2024-12-13T17:01:51.592+0000] {logging_mixin.py:190} INFO - [2024-12-13T17:01:51.592+0000] {dag.py:4180} INFO - Setting next_dagrun for consume_1_or_both_2_and_3_with_dataset_expressions to None, run_after=None
[2024-12-13T17:01:51.592+0000] {logging_mixin.py:190} INFO - [2024-12-13T17:01:51.592+0000] {dag.py:4180} INFO - Setting next_dagrun for dataset_consumes_1 to None, run_after=None
[2024-12-13T17:01:51.592+0000] {logging_mixin.py:190} INFO - [2024-12-13T17:01:51.592+0000] {dag.py:4180} INFO - Setting next_dagrun for dataset_consumes_1_and_2 to None, run_after=None
[2024-12-13T17:01:51.593+0000] {logging_mixin.py:190} INFO - [2024-12-13T17:01:51.593+0000] {dag.py:4180} INFO - Setting next_dagrun for dataset_consumes_1_never_scheduled to None, run_after=None
[2024-12-13T17:01:51.593+0000] {logging_mixin.py:190} INFO - [2024-12-13T17:01:51.593+0000] {dag.py:4180} INFO - Setting next_dagrun for dataset_consumes_unknown_never_scheduled to None, run_after=None
[2024-12-13T17:01:51.593+0000] {logging_mixin.py:190} INFO - [2024-12-13T17:01:51.593+0000] {dag.py:4180} INFO - Setting next_dagrun for dataset_produces_1 to 2024-12-12 00:00:00+00:00, run_after=2024-12-13 00:00:00+00:00
[2024-12-13T17:01:51.594+0000] {logging_mixin.py:190} INFO - [2024-12-13T17:01:51.594+0000] {dag.py:4180} INFO - Setting next_dagrun for dataset_produces_2 to None, run_after=None
[2024-12-13T17:01:51.619+0000] {processor.py:208} INFO - Processing /home/airflow/.local/lib/python3.12/site-packages/airflow/example_dags/example_datasets.py took 0.657 seconds
[2024-12-13T17:02:22.385+0000] {processor.py:186} INFO - Started process (PID=159) to work on /home/airflow/.local/lib/python3.12/site-packages/airflow/example_dags/example_datasets.py
[2024-12-13T17:02:22.387+0000] {processor.py:914} INFO - Processing file /home/airflow/.local/lib/python3.12/site-packages/airflow/example_dags/example_datasets.py for tasks to queue
[2024-12-13T17:02:22.388+0000] {logging_mixin.py:190} INFO - [2024-12-13T17:02:22.388+0000] {dagbag.py:588} INFO - Filling up the DagBag from /home/airflow/.local/lib/python3.12/site-packages/airflow/example_dags/example_datasets.py
[2024-12-13T17:02:22.706+0000] {processor.py:925} INFO - DAG(s) 'consume_1_or_2_with_dataset_expressions', 'dataset_consumes_1_and_2', 'dataset_produces_1', 'consume_1_and_2_with_dataset_expressions', 'dataset_consumes_unknown_never_scheduled', 'conditional_dataset_and_time_based_timetable', 'dataset_consumes_1', 'dataset_consumes_1_never_scheduled', 'consume_1_or_both_2_and_3_with_dataset_expressions', 'dataset_produces_2' retrieved from /home/airflow/.local/lib/python3.12/site-packages/airflow/example_dags/example_datasets.py
[2024-12-13T17:02:22.727+0000] {logging_mixin.py:190} INFO - [2024-12-13T17:02:22.727+0000] {dag.py:3239} INFO - Sync 10 DAGs
[2024-12-13T17:02:22.741+0000] {logging_mixin.py:190} INFO - [2024-12-13T17:02:22.741+0000] {dag.py:4180} INFO - Setting next_dagrun for conditional_dataset_and_time_based_timetable to 2024-12-11 01:00:00+00:00, run_after=2024-12-11 01:00:00+00:00
[2024-12-13T17:02:22.745+0000] {logging_mixin.py:190} INFO - [2024-12-13T17:02:22.745+0000] {dag.py:4180} INFO - Setting next_dagrun for consume_1_and_2_with_dataset_expressions to None, run_after=None
[2024-12-13T17:02:22.746+0000] {logging_mixin.py:190} INFO - [2024-12-13T17:02:22.746+0000] {dag.py:4180} INFO - Setting next_dagrun for consume_1_or_2_with_dataset_expressions to None, run_after=None
[2024-12-13T17:02:22.747+0000] {logging_mixin.py:190} INFO - [2024-12-13T17:02:22.747+0000] {dag.py:4180} INFO - Setting next_dagrun for consume_1_or_both_2_and_3_with_dataset_expressions to None, run_after=None
[2024-12-13T17:02:22.748+0000] {logging_mixin.py:190} INFO - [2024-12-13T17:02:22.747+0000] {dag.py:4180} INFO - Setting next_dagrun for dataset_consumes_1 to None, run_after=None
[2024-12-13T17:02:22.748+0000] {logging_mixin.py:190} INFO - [2024-12-13T17:02:22.748+0000] {dag.py:4180} INFO - Setting next_dagrun for dataset_consumes_1_and_2 to None, run_after=None
[2024-12-13T17:02:22.749+0000] {logging_mixin.py:190} INFO - [2024-12-13T17:02:22.749+0000] {dag.py:4180} INFO - Setting next_dagrun for dataset_consumes_1_never_scheduled to None, run_after=None
[2024-12-13T17:02:22.750+0000] {logging_mixin.py:190} INFO - [2024-12-13T17:02:22.750+0000] {dag.py:4180} INFO - Setting next_dagrun for dataset_consumes_unknown_never_scheduled to None, run_after=None
[2024-12-13T17:02:22.751+0000] {logging_mixin.py:190} INFO - [2024-12-13T17:02:22.751+0000] {dag.py:4180} INFO - Setting next_dagrun for dataset_produces_1 to 2024-12-12 00:00:00+00:00, run_after=2024-12-13 00:00:00+00:00
[2024-12-13T17:02:22.752+0000] {logging_mixin.py:190} INFO - [2024-12-13T17:02:22.752+0000] {dag.py:4180} INFO - Setting next_dagrun for dataset_produces_2 to None, run_after=None
[2024-12-13T17:02:22.775+0000] {processor.py:208} INFO - Processing /home/airflow/.local/lib/python3.12/site-packages/airflow/example_dags/example_datasets.py took 0.392 seconds
[2024-12-13T17:02:53.585+0000] {processor.py:186} INFO - Started process (PID=226) to work on /home/airflow/.local/lib/python3.12/site-packages/airflow/example_dags/example_datasets.py
[2024-12-13T17:02:53.586+0000] {processor.py:914} INFO - Processing file /home/airflow/.local/lib/python3.12/site-packages/airflow/example_dags/example_datasets.py for tasks to queue
[2024-12-13T17:02:53.588+0000] {logging_mixin.py:190} INFO - [2024-12-13T17:02:53.587+0000] {dagbag.py:588} INFO - Filling up the DagBag from /home/airflow/.local/lib/python3.12/site-packages/airflow/example_dags/example_datasets.py
[2024-12-13T17:02:53.895+0000] {processor.py:925} INFO - DAG(s) 'dataset_produces_2', 'dataset_consumes_unknown_never_scheduled', 'dataset_consumes_1_and_2', 'consume_1_or_both_2_and_3_with_dataset_expressions', 'dataset_consumes_1', 'consume_1_or_2_with_dataset_expressions', 'dataset_produces_1', 'conditional_dataset_and_time_based_timetable', 'dataset_consumes_1_never_scheduled', 'consume_1_and_2_with_dataset_expressions' retrieved from /home/airflow/.local/lib/python3.12/site-packages/airflow/example_dags/example_datasets.py
[2024-12-13T17:02:53.915+0000] {logging_mixin.py:190} INFO - [2024-12-13T17:02:53.915+0000] {dag.py:3239} INFO - Sync 10 DAGs
[2024-12-13T17:02:53.928+0000] {logging_mixin.py:190} INFO - [2024-12-13T17:02:53.928+0000] {dag.py:4180} INFO - Setting next_dagrun for conditional_dataset_and_time_based_timetable to 2024-12-11 01:00:00+00:00, run_after=2024-12-11 01:00:00+00:00
[2024-12-13T17:02:53.931+0000] {logging_mixin.py:190} INFO - [2024-12-13T17:02:53.930+0000] {dag.py:4180} INFO - Setting next_dagrun for consume_1_and_2_with_dataset_expressions to None, run_after=None
[2024-12-13T17:02:53.932+0000] {logging_mixin.py:190} INFO - [2024-12-13T17:02:53.931+0000] {dag.py:4180} INFO - Setting next_dagrun for consume_1_or_2_with_dataset_expressions to None, run_after=None
[2024-12-13T17:02:53.932+0000] {logging_mixin.py:190} INFO - [2024-12-13T17:02:53.932+0000] {dag.py:4180} INFO - Setting next_dagrun for consume_1_or_both_2_and_3_with_dataset_expressions to None, run_after=None
[2024-12-13T17:02:53.933+0000] {logging_mixin.py:190} INFO - [2024-12-13T17:02:53.933+0000] {dag.py:4180} INFO - Setting next_dagrun for dataset_consumes_1 to None, run_after=None
[2024-12-13T17:02:53.934+0000] {logging_mixin.py:190} INFO - [2024-12-13T17:02:53.934+0000] {dag.py:4180} INFO - Setting next_dagrun for dataset_consumes_1_and_2 to None, run_after=None
[2024-12-13T17:02:53.935+0000] {logging_mixin.py:190} INFO - [2024-12-13T17:02:53.935+0000] {dag.py:4180} INFO - Setting next_dagrun for dataset_consumes_1_never_scheduled to None, run_after=None
[2024-12-13T17:02:53.936+0000] {logging_mixin.py:190} INFO - [2024-12-13T17:02:53.936+0000] {dag.py:4180} INFO - Setting next_dagrun for dataset_consumes_unknown_never_scheduled to None, run_after=None
[2024-12-13T17:02:53.938+0000] {logging_mixin.py:190} INFO - [2024-12-13T17:02:53.938+0000] {dag.py:4180} INFO - Setting next_dagrun for dataset_produces_1 to 2024-12-12 00:00:00+00:00, run_after=2024-12-13 00:00:00+00:00
[2024-12-13T17:02:53.939+0000] {logging_mixin.py:190} INFO - [2024-12-13T17:02:53.939+0000] {dag.py:4180} INFO - Setting next_dagrun for dataset_produces_2 to None, run_after=None
[2024-12-13T17:02:53.959+0000] {processor.py:208} INFO - Processing /home/airflow/.local/lib/python3.12/site-packages/airflow/example_dags/example_datasets.py took 0.378 seconds
[2024-12-13T17:03:24.021+0000] {processor.py:186} INFO - Started process (PID=293) to work on /home/airflow/.local/lib/python3.12/site-packages/airflow/example_dags/example_datasets.py
[2024-12-13T17:03:24.022+0000] {processor.py:914} INFO - Processing file /home/airflow/.local/lib/python3.12/site-packages/airflow/example_dags/example_datasets.py for tasks to queue
[2024-12-13T17:03:24.024+0000] {logging_mixin.py:190} INFO - [2024-12-13T17:03:24.024+0000] {dagbag.py:588} INFO - Filling up the DagBag from /home/airflow/.local/lib/python3.12/site-packages/airflow/example_dags/example_datasets.py
[2024-12-13T17:03:24.306+0000] {processor.py:925} INFO - DAG(s) 'dataset_consumes_1_never_scheduled', 'consume_1_or_2_with_dataset_expressions', 'dataset_consumes_1_and_2', 'consume_1_and_2_with_dataset_expressions', 'dataset_consumes_unknown_never_scheduled', 'dataset_consumes_1', 'dataset_produces_1', 'conditional_dataset_and_time_based_timetable', 'consume_1_or_both_2_and_3_with_dataset_expressions', 'dataset_produces_2' retrieved from /home/airflow/.local/lib/python3.12/site-packages/airflow/example_dags/example_datasets.py
[2024-12-13T17:03:24.323+0000] {logging_mixin.py:190} INFO - [2024-12-13T17:03:24.323+0000] {dag.py:3239} INFO - Sync 10 DAGs
[2024-12-13T17:03:24.333+0000] {logging_mixin.py:190} INFO - [2024-12-13T17:03:24.333+0000] {dag.py:4180} INFO - Setting next_dagrun for conditional_dataset_and_time_based_timetable to 2024-12-11 01:00:00+00:00, run_after=2024-12-11 01:00:00+00:00
[2024-12-13T17:03:24.335+0000] {logging_mixin.py:190} INFO - [2024-12-13T17:03:24.335+0000] {dag.py:4180} INFO - Setting next_dagrun for consume_1_and_2_with_dataset_expressions to None, run_after=None
[2024-12-13T17:03:24.335+0000] {logging_mixin.py:190} INFO - [2024-12-13T17:03:24.335+0000] {dag.py:4180} INFO - Setting next_dagrun for consume_1_or_2_with_dataset_expressions to None, run_after=None
[2024-12-13T17:03:24.336+0000] {logging_mixin.py:190} INFO - [2024-12-13T17:03:24.336+0000] {dag.py:4180} INFO - Setting next_dagrun for consume_1_or_both_2_and_3_with_dataset_expressions to None, run_after=None
[2024-12-13T17:03:24.336+0000] {logging_mixin.py:190} INFO - [2024-12-13T17:03:24.336+0000] {dag.py:4180} INFO - Setting next_dagrun for dataset_consumes_1 to None, run_after=None
[2024-12-13T17:03:24.337+0000] {logging_mixin.py:190} INFO - [2024-12-13T17:03:24.337+0000] {dag.py:4180} INFO - Setting next_dagrun for dataset_consumes_1_and_2 to None, run_after=None
[2024-12-13T17:03:24.337+0000] {logging_mixin.py:190} INFO - [2024-12-13T17:03:24.337+0000] {dag.py:4180} INFO - Setting next_dagrun for dataset_consumes_1_never_scheduled to None, run_after=None
[2024-12-13T17:03:24.338+0000] {logging_mixin.py:190} INFO - [2024-12-13T17:03:24.338+0000] {dag.py:4180} INFO - Setting next_dagrun for dataset_consumes_unknown_never_scheduled to None, run_after=None
[2024-12-13T17:03:24.339+0000] {logging_mixin.py:190} INFO - [2024-12-13T17:03:24.339+0000] {dag.py:4180} INFO - Setting next_dagrun for dataset_produces_1 to 2024-12-12 00:00:00+00:00, run_after=2024-12-13 00:00:00+00:00
[2024-12-13T17:03:24.339+0000] {logging_mixin.py:190} INFO - [2024-12-13T17:03:24.339+0000] {dag.py:4180} INFO - Setting next_dagrun for dataset_produces_2 to None, run_after=None
[2024-12-13T17:03:24.353+0000] {processor.py:208} INFO - Processing /home/airflow/.local/lib/python3.12/site-packages/airflow/example_dags/example_datasets.py took 0.336 seconds
