[2024-12-13T17:01:50.074+0000] {processor.py:186} INFO - Started process (PID=84) to work on /home/airflow/.local/lib/python3.12/site-packages/airflow/example_dags/example_sensor_decorator.py
[2024-12-13T17:01:50.075+0000] {processor.py:914} INFO - Processing file /home/airflow/.local/lib/python3.12/site-packages/airflow/example_dags/example_sensor_decorator.py for tasks to queue
[2024-12-13T17:01:50.076+0000] {logging_mixin.py:190} INFO - [2024-12-13T17:01:50.076+0000] {dagbag.py:588} INFO - Filling up the DagBag from /home/airflow/.local/lib/python3.12/site-packages/airflow/example_dags/example_sensor_decorator.py
[2024-12-13T17:01:50.081+0000] {processor.py:925} INFO - DAG(s) 'example_sensor_decorator' retrieved from /home/airflow/.local/lib/python3.12/site-packages/airflow/example_dags/example_sensor_decorator.py
[2024-12-13T17:01:50.132+0000] {logging_mixin.py:190} INFO - [2024-12-13T17:01:50.132+0000] {override.py:1911} INFO - Created Permission View: can edit on DAG:example_sensor_decorator
[2024-12-13T17:01:50.137+0000] {logging_mixin.py:190} INFO - [2024-12-13T17:01:50.137+0000] {override.py:1911} INFO - Created Permission View: can read on DAG:example_sensor_decorator
[2024-12-13T17:01:50.141+0000] {logging_mixin.py:190} INFO - [2024-12-13T17:01:50.141+0000] {override.py:1911} INFO - Created Permission View: can delete on DAG:example_sensor_decorator
[2024-12-13T17:01:50.144+0000] {logging_mixin.py:190} INFO - [2024-12-13T17:01:50.144+0000] {override.py:1911} INFO - Created Permission View: can delete on DAG Run:example_sensor_decorator
[2024-12-13T17:01:50.151+0000] {logging_mixin.py:190} INFO - [2024-12-13T17:01:50.151+0000] {override.py:1911} INFO - Created Permission View: can read on DAG Run:example_sensor_decorator
[2024-12-13T17:01:50.156+0000] {logging_mixin.py:190} INFO - [2024-12-13T17:01:50.155+0000] {override.py:1911} INFO - Created Permission View: can create on DAG Run:example_sensor_decorator
[2024-12-13T17:01:50.160+0000] {logging_mixin.py:190} INFO - [2024-12-13T17:01:50.160+0000] {override.py:1911} INFO - Created Permission View: menu access on DAG Run:example_sensor_decorator
[2024-12-13T17:01:50.161+0000] {logging_mixin.py:190} INFO - [2024-12-13T17:01:50.161+0000] {dag.py:3239} INFO - Sync 1 DAGs
[2024-12-13T17:01:50.168+0000] {logging_mixin.py:190} INFO - [2024-12-13T17:01:50.167+0000] {dag.py:3262} INFO - Creating ORM DAG for example_sensor_decorator
[2024-12-13T17:01:50.169+0000] {logging_mixin.py:190} INFO - [2024-12-13T17:01:50.169+0000] {dag.py:4180} INFO - Setting next_dagrun for example_sensor_decorator to None, run_after=None
[2024-12-13T17:01:50.180+0000] {processor.py:208} INFO - Processing /home/airflow/.local/lib/python3.12/site-packages/airflow/example_dags/example_sensor_decorator.py took 0.109 seconds
[2024-12-13T17:02:21.036+0000] {processor.py:186} INFO - Started process (PID=148) to work on /home/airflow/.local/lib/python3.12/site-packages/airflow/example_dags/example_sensor_decorator.py
[2024-12-13T17:02:21.036+0000] {processor.py:914} INFO - Processing file /home/airflow/.local/lib/python3.12/site-packages/airflow/example_dags/example_sensor_decorator.py for tasks to queue
[2024-12-13T17:02:21.038+0000] {logging_mixin.py:190} INFO - [2024-12-13T17:02:21.037+0000] {dagbag.py:588} INFO - Filling up the DagBag from /home/airflow/.local/lib/python3.12/site-packages/airflow/example_dags/example_sensor_decorator.py
[2024-12-13T17:02:21.042+0000] {processor.py:925} INFO - DAG(s) 'example_sensor_decorator' retrieved from /home/airflow/.local/lib/python3.12/site-packages/airflow/example_dags/example_sensor_decorator.py
[2024-12-13T17:02:21.052+0000] {logging_mixin.py:190} INFO - [2024-12-13T17:02:21.052+0000] {dag.py:3239} INFO - Sync 1 DAGs
[2024-12-13T17:02:21.060+0000] {logging_mixin.py:190} INFO - [2024-12-13T17:02:21.060+0000] {dag.py:4180} INFO - Setting next_dagrun for example_sensor_decorator to None, run_after=None
[2024-12-13T17:02:21.070+0000] {processor.py:208} INFO - Processing /home/airflow/.local/lib/python3.12/site-packages/airflow/example_dags/example_sensor_decorator.py took 0.038 seconds
[2024-12-13T17:02:52.064+0000] {processor.py:186} INFO - Started process (PID=212) to work on /home/airflow/.local/lib/python3.12/site-packages/airflow/example_dags/example_sensor_decorator.py
[2024-12-13T17:02:52.065+0000] {processor.py:914} INFO - Processing file /home/airflow/.local/lib/python3.12/site-packages/airflow/example_dags/example_sensor_decorator.py for tasks to queue
[2024-12-13T17:02:52.066+0000] {logging_mixin.py:190} INFO - [2024-12-13T17:02:52.066+0000] {dagbag.py:588} INFO - Filling up the DagBag from /home/airflow/.local/lib/python3.12/site-packages/airflow/example_dags/example_sensor_decorator.py
[2024-12-13T17:02:52.071+0000] {processor.py:925} INFO - DAG(s) 'example_sensor_decorator' retrieved from /home/airflow/.local/lib/python3.12/site-packages/airflow/example_dags/example_sensor_decorator.py
[2024-12-13T17:02:52.081+0000] {logging_mixin.py:190} INFO - [2024-12-13T17:02:52.081+0000] {dag.py:3239} INFO - Sync 1 DAGs
[2024-12-13T17:02:52.088+0000] {logging_mixin.py:190} INFO - [2024-12-13T17:02:52.088+0000] {dag.py:4180} INFO - Setting next_dagrun for example_sensor_decorator to None, run_after=None
[2024-12-13T17:02:52.097+0000] {processor.py:208} INFO - Processing /home/airflow/.local/lib/python3.12/site-packages/airflow/example_dags/example_sensor_decorator.py took 0.036 seconds
[2024-12-13T17:03:22.290+0000] {processor.py:186} INFO - Started process (PID=275) to work on /home/airflow/.local/lib/python3.12/site-packages/airflow/example_dags/example_sensor_decorator.py
[2024-12-13T17:03:22.291+0000] {processor.py:914} INFO - Processing file /home/airflow/.local/lib/python3.12/site-packages/airflow/example_dags/example_sensor_decorator.py for tasks to queue
[2024-12-13T17:03:22.292+0000] {logging_mixin.py:190} INFO - [2024-12-13T17:03:22.292+0000] {dagbag.py:588} INFO - Filling up the DagBag from /home/airflow/.local/lib/python3.12/site-packages/airflow/example_dags/example_sensor_decorator.py
[2024-12-13T17:03:22.299+0000] {processor.py:925} INFO - DAG(s) 'example_sensor_decorator' retrieved from /home/airflow/.local/lib/python3.12/site-packages/airflow/example_dags/example_sensor_decorator.py
[2024-12-13T17:03:22.314+0000] {logging_mixin.py:190} INFO - [2024-12-13T17:03:22.314+0000] {dag.py:3239} INFO - Sync 1 DAGs
[2024-12-13T17:03:22.323+0000] {logging_mixin.py:190} INFO - [2024-12-13T17:03:22.323+0000] {dag.py:4180} INFO - Setting next_dagrun for example_sensor_decorator to None, run_after=None
[2024-12-13T17:03:22.334+0000] {processor.py:208} INFO - Processing /home/airflow/.local/lib/python3.12/site-packages/airflow/example_dags/example_sensor_decorator.py took 0.047 seconds
