[2024-12-13T17:01:50.543+0000] {processor.py:186} INFO - Started process (PID=90) to work on /home/airflow/.local/lib/python3.12/site-packages/airflow/example_dags/tutorial_dag.py
[2024-12-13T17:01:50.545+0000] {processor.py:914} INFO - Processing file /home/airflow/.local/lib/python3.12/site-packages/airflow/example_dags/tutorial_dag.py for tasks to queue
[2024-12-13T17:01:50.549+0000] {logging_mixin.py:190} INFO - [2024-12-13T17:01:50.549+0000] {dagbag.py:588} INFO - Filling up the DagBag from /home/airflow/.local/lib/python3.12/site-packages/airflow/example_dags/tutorial_dag.py
[2024-12-13T17:01:50.554+0000] {processor.py:925} INFO - DAG(s) 'tutorial_dag' retrieved from /home/airflow/.local/lib/python3.12/site-packages/airflow/example_dags/tutorial_dag.py
[2024-12-13T17:01:50.610+0000] {logging_mixin.py:190} INFO - [2024-12-13T17:01:50.609+0000] {override.py:1911} INFO - Created Permission View: can edit on DAG:tutorial_dag
[2024-12-13T17:01:50.616+0000] {logging_mixin.py:190} INFO - [2024-12-13T17:01:50.615+0000] {override.py:1911} INFO - Created Permission View: can read on DAG:tutorial_dag
[2024-12-13T17:01:50.619+0000] {logging_mixin.py:190} INFO - [2024-12-13T17:01:50.619+0000] {override.py:1911} INFO - Created Permission View: can delete on DAG:tutorial_dag
[2024-12-13T17:01:50.624+0000] {logging_mixin.py:190} INFO - [2024-12-13T17:01:50.624+0000] {override.py:1911} INFO - Created Permission View: can delete on DAG Run:tutorial_dag
[2024-12-13T17:01:50.630+0000] {logging_mixin.py:190} INFO - [2024-12-13T17:01:50.630+0000] {override.py:1911} INFO - Created Permission View: can read on DAG Run:tutorial_dag
[2024-12-13T17:01:50.636+0000] {logging_mixin.py:190} INFO - [2024-12-13T17:01:50.636+0000] {override.py:1911} INFO - Created Permission View: can create on DAG Run:tutorial_dag
[2024-12-13T17:01:50.641+0000] {logging_mixin.py:190} INFO - [2024-12-13T17:01:50.641+0000] {override.py:1911} INFO - Created Permission View: menu access on DAG Run:tutorial_dag
[2024-12-13T17:01:50.642+0000] {logging_mixin.py:190} INFO - [2024-12-13T17:01:50.642+0000] {dag.py:3239} INFO - Sync 1 DAGs
[2024-12-13T17:01:50.651+0000] {logging_mixin.py:190} INFO - [2024-12-13T17:01:50.651+0000] {dag.py:3262} INFO - Creating ORM DAG for tutorial_dag
[2024-12-13T17:01:50.653+0000] {logging_mixin.py:190} INFO - [2024-12-13T17:01:50.653+0000] {dag.py:4180} INFO - Setting next_dagrun for tutorial_dag to None, run_after=None
[2024-12-13T17:01:50.662+0000] {processor.py:208} INFO - Processing /home/airflow/.local/lib/python3.12/site-packages/airflow/example_dags/tutorial_dag.py took 0.124 seconds
[2024-12-13T17:02:21.211+0000] {processor.py:186} INFO - Started process (PID=154) to work on /home/airflow/.local/lib/python3.12/site-packages/airflow/example_dags/tutorial_dag.py
[2024-12-13T17:02:21.212+0000] {processor.py:914} INFO - Processing file /home/airflow/.local/lib/python3.12/site-packages/airflow/example_dags/tutorial_dag.py for tasks to queue
[2024-12-13T17:02:21.213+0000] {logging_mixin.py:190} INFO - [2024-12-13T17:02:21.213+0000] {dagbag.py:588} INFO - Filling up the DagBag from /home/airflow/.local/lib/python3.12/site-packages/airflow/example_dags/tutorial_dag.py
[2024-12-13T17:02:21.217+0000] {processor.py:925} INFO - DAG(s) 'tutorial_dag' retrieved from /home/airflow/.local/lib/python3.12/site-packages/airflow/example_dags/tutorial_dag.py
[2024-12-13T17:02:21.231+0000] {logging_mixin.py:190} INFO - [2024-12-13T17:02:21.230+0000] {dag.py:3239} INFO - Sync 1 DAGs
[2024-12-13T17:02:21.237+0000] {logging_mixin.py:190} INFO - [2024-12-13T17:02:21.237+0000] {dag.py:4180} INFO - Setting next_dagrun for tutorial_dag to None, run_after=None
[2024-12-13T17:02:21.248+0000] {processor.py:208} INFO - Processing /home/airflow/.local/lib/python3.12/site-packages/airflow/example_dags/tutorial_dag.py took 0.040 seconds
[2024-12-13T17:02:52.361+0000] {processor.py:186} INFO - Started process (PID=218) to work on /home/airflow/.local/lib/python3.12/site-packages/airflow/example_dags/tutorial_dag.py
[2024-12-13T17:02:52.362+0000] {processor.py:914} INFO - Processing file /home/airflow/.local/lib/python3.12/site-packages/airflow/example_dags/tutorial_dag.py for tasks to queue
[2024-12-13T17:02:52.363+0000] {logging_mixin.py:190} INFO - [2024-12-13T17:02:52.363+0000] {dagbag.py:588} INFO - Filling up the DagBag from /home/airflow/.local/lib/python3.12/site-packages/airflow/example_dags/tutorial_dag.py
[2024-12-13T17:02:52.367+0000] {processor.py:925} INFO - DAG(s) 'tutorial_dag' retrieved from /home/airflow/.local/lib/python3.12/site-packages/airflow/example_dags/tutorial_dag.py
[2024-12-13T17:02:52.378+0000] {logging_mixin.py:190} INFO - [2024-12-13T17:02:52.378+0000] {dag.py:3239} INFO - Sync 1 DAGs
[2024-12-13T17:02:52.385+0000] {logging_mixin.py:190} INFO - [2024-12-13T17:02:52.385+0000] {dag.py:4180} INFO - Setting next_dagrun for tutorial_dag to None, run_after=None
[2024-12-13T17:02:52.395+0000] {processor.py:208} INFO - Processing /home/airflow/.local/lib/python3.12/site-packages/airflow/example_dags/tutorial_dag.py took 0.037 seconds
[2024-12-13T17:03:22.594+0000] {processor.py:186} INFO - Started process (PID=282) to work on /home/airflow/.local/lib/python3.12/site-packages/airflow/example_dags/tutorial_dag.py
[2024-12-13T17:03:22.595+0000] {processor.py:914} INFO - Processing file /home/airflow/.local/lib/python3.12/site-packages/airflow/example_dags/tutorial_dag.py for tasks to queue
[2024-12-13T17:03:22.597+0000] {logging_mixin.py:190} INFO - [2024-12-13T17:03:22.596+0000] {dagbag.py:588} INFO - Filling up the DagBag from /home/airflow/.local/lib/python3.12/site-packages/airflow/example_dags/tutorial_dag.py
[2024-12-13T17:03:22.601+0000] {processor.py:925} INFO - DAG(s) 'tutorial_dag' retrieved from /home/airflow/.local/lib/python3.12/site-packages/airflow/example_dags/tutorial_dag.py
[2024-12-13T17:03:22.614+0000] {logging_mixin.py:190} INFO - [2024-12-13T17:03:22.613+0000] {dag.py:3239} INFO - Sync 1 DAGs
[2024-12-13T17:03:22.622+0000] {logging_mixin.py:190} INFO - [2024-12-13T17:03:22.622+0000] {dag.py:4180} INFO - Setting next_dagrun for tutorial_dag to None, run_after=None
[2024-12-13T17:03:22.632+0000] {processor.py:208} INFO - Processing /home/airflow/.local/lib/python3.12/site-packages/airflow/example_dags/tutorial_dag.py took 0.040 seconds
