[2024-12-13T17:01:48.801+0000] {processor.py:186} INFO - Started process (PID=72) to work on /home/airflow/.local/lib/python3.12/site-packages/airflow/example_dags/tutorial_objectstorage.py
[2024-12-13T17:01:48.802+0000] {processor.py:914} INFO - Processing file /home/airflow/.local/lib/python3.12/site-packages/airflow/example_dags/tutorial_objectstorage.py for tasks to queue
[2024-12-13T17:01:48.803+0000] {logging_mixin.py:190} INFO - [2024-12-13T17:01:48.803+0000] {dagbag.py:588} INFO - Filling up the DagBag from /home/airflow/.local/lib/python3.12/site-packages/airflow/example_dags/tutorial_objectstorage.py
[2024-12-13T17:01:48.810+0000] {processor.py:925} INFO - DAG(s) 'tutorial_objectstorage' retrieved from /home/airflow/.local/lib/python3.12/site-packages/airflow/example_dags/tutorial_objectstorage.py
[2024-12-13T17:01:49.060+0000] {logging_mixin.py:190} INFO - [2024-12-13T17:01:49.059+0000] {override.py:1911} INFO - Created Permission View: can edit on DAG:tutorial_objectstorage
[2024-12-13T17:01:49.066+0000] {logging_mixin.py:190} INFO - [2024-12-13T17:01:49.066+0000] {override.py:1911} INFO - Created Permission View: can read on DAG:tutorial_objectstorage
[2024-12-13T17:01:49.071+0000] {logging_mixin.py:190} INFO - [2024-12-13T17:01:49.070+0000] {override.py:1911} INFO - Created Permission View: can delete on DAG:tutorial_objectstorage
[2024-12-13T17:01:49.075+0000] {logging_mixin.py:190} INFO - [2024-12-13T17:01:49.075+0000] {override.py:1911} INFO - Created Permission View: can delete on DAG Run:tutorial_objectstorage
[2024-12-13T17:01:49.079+0000] {logging_mixin.py:190} INFO - [2024-12-13T17:01:49.079+0000] {override.py:1911} INFO - Created Permission View: can read on DAG Run:tutorial_objectstorage
[2024-12-13T17:01:49.083+0000] {logging_mixin.py:190} INFO - [2024-12-13T17:01:49.083+0000] {override.py:1911} INFO - Created Permission View: can create on DAG Run:tutorial_objectstorage
[2024-12-13T17:01:49.087+0000] {logging_mixin.py:190} INFO - [2024-12-13T17:01:49.086+0000] {override.py:1911} INFO - Created Permission View: menu access on DAG Run:tutorial_objectstorage
[2024-12-13T17:01:49.087+0000] {logging_mixin.py:190} INFO - [2024-12-13T17:01:49.087+0000] {dag.py:3239} INFO - Sync 1 DAGs
[2024-12-13T17:01:49.094+0000] {logging_mixin.py:190} INFO - [2024-12-13T17:01:49.094+0000] {dag.py:3262} INFO - Creating ORM DAG for tutorial_objectstorage
[2024-12-13T17:01:49.096+0000] {logging_mixin.py:190} INFO - [2024-12-13T17:01:49.096+0000] {dag.py:4180} INFO - Setting next_dagrun for tutorial_objectstorage to None, run_after=None
[2024-12-13T17:01:49.106+0000] {processor.py:208} INFO - Processing /home/airflow/.local/lib/python3.12/site-packages/airflow/example_dags/tutorial_objectstorage.py took 0.309 seconds
[2024-12-13T17:02:19.361+0000] {processor.py:186} INFO - Started process (PID=136) to work on /home/airflow/.local/lib/python3.12/site-packages/airflow/example_dags/tutorial_objectstorage.py
[2024-12-13T17:02:19.362+0000] {processor.py:914} INFO - Processing file /home/airflow/.local/lib/python3.12/site-packages/airflow/example_dags/tutorial_objectstorage.py for tasks to queue
[2024-12-13T17:02:19.363+0000] {logging_mixin.py:190} INFO - [2024-12-13T17:02:19.363+0000] {dagbag.py:588} INFO - Filling up the DagBag from /home/airflow/.local/lib/python3.12/site-packages/airflow/example_dags/tutorial_objectstorage.py
[2024-12-13T17:02:19.368+0000] {processor.py:925} INFO - DAG(s) 'tutorial_objectstorage' retrieved from /home/airflow/.local/lib/python3.12/site-packages/airflow/example_dags/tutorial_objectstorage.py
[2024-12-13T17:02:19.379+0000] {logging_mixin.py:190} INFO - [2024-12-13T17:02:19.379+0000] {dag.py:3239} INFO - Sync 1 DAGs
[2024-12-13T17:02:19.386+0000] {logging_mixin.py:190} INFO - [2024-12-13T17:02:19.386+0000] {dag.py:4180} INFO - Setting next_dagrun for tutorial_objectstorage to None, run_after=None
[2024-12-13T17:02:19.395+0000] {processor.py:208} INFO - Processing /home/airflow/.local/lib/python3.12/site-packages/airflow/example_dags/tutorial_objectstorage.py took 0.038 seconds
[2024-12-13T17:02:50.588+0000] {processor.py:186} INFO - Started process (PID=200) to work on /home/airflow/.local/lib/python3.12/site-packages/airflow/example_dags/tutorial_objectstorage.py
[2024-12-13T17:02:50.589+0000] {processor.py:914} INFO - Processing file /home/airflow/.local/lib/python3.12/site-packages/airflow/example_dags/tutorial_objectstorage.py for tasks to queue
[2024-12-13T17:02:50.590+0000] {logging_mixin.py:190} INFO - [2024-12-13T17:02:50.590+0000] {dagbag.py:588} INFO - Filling up the DagBag from /home/airflow/.local/lib/python3.12/site-packages/airflow/example_dags/tutorial_objectstorage.py
[2024-12-13T17:02:50.596+0000] {processor.py:925} INFO - DAG(s) 'tutorial_objectstorage' retrieved from /home/airflow/.local/lib/python3.12/site-packages/airflow/example_dags/tutorial_objectstorage.py
[2024-12-13T17:02:50.611+0000] {logging_mixin.py:190} INFO - [2024-12-13T17:02:50.610+0000] {dag.py:3239} INFO - Sync 1 DAGs
[2024-12-13T17:02:50.617+0000] {logging_mixin.py:190} INFO - [2024-12-13T17:02:50.617+0000] {dag.py:4180} INFO - Setting next_dagrun for tutorial_objectstorage to None, run_after=None
[2024-12-13T17:02:50.625+0000] {processor.py:208} INFO - Processing /home/airflow/.local/lib/python3.12/site-packages/airflow/example_dags/tutorial_objectstorage.py took 0.041 seconds
[2024-12-13T17:03:21.936+0000] {processor.py:186} INFO - Started process (PID=264) to work on /home/airflow/.local/lib/python3.12/site-packages/airflow/example_dags/tutorial_objectstorage.py
[2024-12-13T17:03:21.937+0000] {processor.py:914} INFO - Processing file /home/airflow/.local/lib/python3.12/site-packages/airflow/example_dags/tutorial_objectstorage.py for tasks to queue
[2024-12-13T17:03:21.938+0000] {logging_mixin.py:190} INFO - [2024-12-13T17:03:21.938+0000] {dagbag.py:588} INFO - Filling up the DagBag from /home/airflow/.local/lib/python3.12/site-packages/airflow/example_dags/tutorial_objectstorage.py
[2024-12-13T17:03:21.944+0000] {processor.py:925} INFO - DAG(s) 'tutorial_objectstorage' retrieved from /home/airflow/.local/lib/python3.12/site-packages/airflow/example_dags/tutorial_objectstorage.py
[2024-12-13T17:03:21.960+0000] {logging_mixin.py:190} INFO - [2024-12-13T17:03:21.959+0000] {dag.py:3239} INFO - Sync 1 DAGs
[2024-12-13T17:03:21.968+0000] {logging_mixin.py:190} INFO - [2024-12-13T17:03:21.967+0000] {dag.py:4180} INFO - Setting next_dagrun for tutorial_objectstorage to None, run_after=None
[2024-12-13T17:03:21.978+0000] {processor.py:208} INFO - Processing /home/airflow/.local/lib/python3.12/site-packages/airflow/example_dags/tutorial_objectstorage.py took 0.045 seconds
