[2024-12-13T17:01:47.366+0000] {processor.py:186} INFO - Started process (PID=54) to work on /home/airflow/.local/lib/python3.12/site-packages/airflow/example_dags/tutorial_taskflow_api.py
[2024-12-13T17:01:47.367+0000] {processor.py:914} INFO - Processing file /home/airflow/.local/lib/python3.12/site-packages/airflow/example_dags/tutorial_taskflow_api.py for tasks to queue
[2024-12-13T17:01:47.368+0000] {logging_mixin.py:190} INFO - [2024-12-13T17:01:47.368+0000] {dagbag.py:588} INFO - Filling up the DagBag from /home/airflow/.local/lib/python3.12/site-packages/airflow/example_dags/tutorial_taskflow_api.py
[2024-12-13T17:01:47.373+0000] {processor.py:925} INFO - DAG(s) 'tutorial_taskflow_api' retrieved from /home/airflow/.local/lib/python3.12/site-packages/airflow/example_dags/tutorial_taskflow_api.py
[2024-12-13T17:01:47.442+0000] {logging_mixin.py:190} INFO - [2024-12-13T17:01:47.441+0000] {override.py:1911} INFO - Created Permission View: can edit on DAG:tutorial_taskflow_api
[2024-12-13T17:01:47.447+0000] {logging_mixin.py:190} INFO - [2024-12-13T17:01:47.447+0000] {override.py:1911} INFO - Created Permission View: can read on DAG:tutorial_taskflow_api
[2024-12-13T17:01:47.450+0000] {logging_mixin.py:190} INFO - [2024-12-13T17:01:47.450+0000] {override.py:1911} INFO - Created Permission View: can delete on DAG:tutorial_taskflow_api
[2024-12-13T17:01:47.453+0000] {logging_mixin.py:190} INFO - [2024-12-13T17:01:47.453+0000] {override.py:1911} INFO - Created Permission View: can delete on DAG Run:tutorial_taskflow_api
[2024-12-13T17:01:47.456+0000] {logging_mixin.py:190} INFO - [2024-12-13T17:01:47.456+0000] {override.py:1911} INFO - Created Permission View: can read on DAG Run:tutorial_taskflow_api
[2024-12-13T17:01:47.459+0000] {logging_mixin.py:190} INFO - [2024-12-13T17:01:47.459+0000] {override.py:1911} INFO - Created Permission View: can create on DAG Run:tutorial_taskflow_api
[2024-12-13T17:01:47.462+0000] {logging_mixin.py:190} INFO - [2024-12-13T17:01:47.462+0000] {override.py:1911} INFO - Created Permission View: menu access on DAG Run:tutorial_taskflow_api
[2024-12-13T17:01:47.462+0000] {logging_mixin.py:190} INFO - [2024-12-13T17:01:47.462+0000] {dag.py:3239} INFO - Sync 1 DAGs
[2024-12-13T17:01:47.469+0000] {logging_mixin.py:190} INFO - [2024-12-13T17:01:47.469+0000] {dag.py:3262} INFO - Creating ORM DAG for tutorial_taskflow_api
[2024-12-13T17:01:47.470+0000] {logging_mixin.py:190} INFO - [2024-12-13T17:01:47.470+0000] {dag.py:4180} INFO - Setting next_dagrun for tutorial_taskflow_api to None, run_after=None
[2024-12-13T17:01:47.479+0000] {processor.py:208} INFO - Processing /home/airflow/.local/lib/python3.12/site-packages/airflow/example_dags/tutorial_taskflow_api.py took 0.117 seconds
[2024-12-13T17:02:17.583+0000] {processor.py:186} INFO - Started process (PID=117) to work on /home/airflow/.local/lib/python3.12/site-packages/airflow/example_dags/tutorial_taskflow_api.py
[2024-12-13T17:02:17.584+0000] {processor.py:914} INFO - Processing file /home/airflow/.local/lib/python3.12/site-packages/airflow/example_dags/tutorial_taskflow_api.py for tasks to queue
[2024-12-13T17:02:17.585+0000] {logging_mixin.py:190} INFO - [2024-12-13T17:02:17.585+0000] {dagbag.py:588} INFO - Filling up the DagBag from /home/airflow/.local/lib/python3.12/site-packages/airflow/example_dags/tutorial_taskflow_api.py
[2024-12-13T17:02:17.591+0000] {processor.py:925} INFO - DAG(s) 'tutorial_taskflow_api' retrieved from /home/airflow/.local/lib/python3.12/site-packages/airflow/example_dags/tutorial_taskflow_api.py
[2024-12-13T17:02:17.601+0000] {logging_mixin.py:190} INFO - [2024-12-13T17:02:17.601+0000] {dag.py:3239} INFO - Sync 1 DAGs
[2024-12-13T17:02:17.608+0000] {logging_mixin.py:190} INFO - [2024-12-13T17:02:17.608+0000] {dag.py:4180} INFO - Setting next_dagrun for tutorial_taskflow_api to None, run_after=None
[2024-12-13T17:02:17.619+0000] {processor.py:208} INFO - Processing /home/airflow/.local/lib/python3.12/site-packages/airflow/example_dags/tutorial_taskflow_api.py took 0.039 seconds
[2024-12-13T17:02:47.860+0000] {processor.py:186} INFO - Started process (PID=181) to work on /home/airflow/.local/lib/python3.12/site-packages/airflow/example_dags/tutorial_taskflow_api.py
[2024-12-13T17:02:47.862+0000] {processor.py:914} INFO - Processing file /home/airflow/.local/lib/python3.12/site-packages/airflow/example_dags/tutorial_taskflow_api.py for tasks to queue
[2024-12-13T17:02:47.863+0000] {logging_mixin.py:190} INFO - [2024-12-13T17:02:47.863+0000] {dagbag.py:588} INFO - Filling up the DagBag from /home/airflow/.local/lib/python3.12/site-packages/airflow/example_dags/tutorial_taskflow_api.py
[2024-12-13T17:02:47.868+0000] {processor.py:925} INFO - DAG(s) 'tutorial_taskflow_api' retrieved from /home/airflow/.local/lib/python3.12/site-packages/airflow/example_dags/tutorial_taskflow_api.py
[2024-12-13T17:02:47.884+0000] {logging_mixin.py:190} INFO - [2024-12-13T17:02:47.883+0000] {dag.py:3239} INFO - Sync 1 DAGs
[2024-12-13T17:02:47.892+0000] {logging_mixin.py:190} INFO - [2024-12-13T17:02:47.891+0000] {dag.py:4180} INFO - Setting next_dagrun for tutorial_taskflow_api to None, run_after=None
[2024-12-13T17:02:47.903+0000] {processor.py:208} INFO - Processing /home/airflow/.local/lib/python3.12/site-packages/airflow/example_dags/tutorial_taskflow_api.py took 0.046 seconds
[2024-12-13T17:03:19.030+0000] {processor.py:186} INFO - Started process (PID=251) to work on /home/airflow/.local/lib/python3.12/site-packages/airflow/example_dags/tutorial_taskflow_api.py
[2024-12-13T17:03:19.031+0000] {processor.py:914} INFO - Processing file /home/airflow/.local/lib/python3.12/site-packages/airflow/example_dags/tutorial_taskflow_api.py for tasks to queue
[2024-12-13T17:03:19.032+0000] {logging_mixin.py:190} INFO - [2024-12-13T17:03:19.032+0000] {dagbag.py:588} INFO - Filling up the DagBag from /home/airflow/.local/lib/python3.12/site-packages/airflow/example_dags/tutorial_taskflow_api.py
[2024-12-13T17:03:19.036+0000] {processor.py:925} INFO - DAG(s) 'tutorial_taskflow_api' retrieved from /home/airflow/.local/lib/python3.12/site-packages/airflow/example_dags/tutorial_taskflow_api.py
[2024-12-13T17:03:19.045+0000] {logging_mixin.py:190} INFO - [2024-12-13T17:03:19.045+0000] {dag.py:3239} INFO - Sync 1 DAGs
[2024-12-13T17:03:19.051+0000] {logging_mixin.py:190} INFO - [2024-12-13T17:03:19.051+0000] {dag.py:4180} INFO - Setting next_dagrun for tutorial_taskflow_api to None, run_after=None
[2024-12-13T17:03:19.059+0000] {processor.py:208} INFO - Processing /home/airflow/.local/lib/python3.12/site-packages/airflow/example_dags/tutorial_taskflow_api.py took 0.033 seconds
