[2024-12-13T17:01:48.292+0000] {processor.py:186} INFO - Started process (PID=61) to work on /home/airflow/.local/lib/python3.12/site-packages/airflow/example_dags/tutorial.py
[2024-12-13T17:01:48.293+0000] {processor.py:914} INFO - Processing file /home/airflow/.local/lib/python3.12/site-packages/airflow/example_dags/tutorial.py for tasks to queue
[2024-12-13T17:01:48.295+0000] {logging_mixin.py:190} INFO - [2024-12-13T17:01:48.294+0000] {dagbag.py:588} INFO - Filling up the DagBag from /home/airflow/.local/lib/python3.12/site-packages/airflow/example_dags/tutorial.py
[2024-12-13T17:01:48.303+0000] {processor.py:925} INFO - DAG(s) 'tutorial' retrieved from /home/airflow/.local/lib/python3.12/site-packages/airflow/example_dags/tutorial.py
[2024-12-13T17:01:48.404+0000] {logging_mixin.py:190} INFO - [2024-12-13T17:01:48.404+0000] {override.py:1911} INFO - Created Permission View: can edit on DAG:tutorial
[2024-12-13T17:01:48.409+0000] {logging_mixin.py:190} INFO - [2024-12-13T17:01:48.409+0000] {override.py:1911} INFO - Created Permission View: can read on DAG:tutorial
[2024-12-13T17:01:48.413+0000] {logging_mixin.py:190} INFO - [2024-12-13T17:01:48.413+0000] {override.py:1911} INFO - Created Permission View: can delete on DAG:tutorial
[2024-12-13T17:01:48.417+0000] {logging_mixin.py:190} INFO - [2024-12-13T17:01:48.417+0000] {override.py:1911} INFO - Created Permission View: can delete on DAG Run:tutorial
[2024-12-13T17:01:48.421+0000] {logging_mixin.py:190} INFO - [2024-12-13T17:01:48.421+0000] {override.py:1911} INFO - Created Permission View: can read on DAG Run:tutorial
[2024-12-13T17:01:48.425+0000] {logging_mixin.py:190} INFO - [2024-12-13T17:01:48.424+0000] {override.py:1911} INFO - Created Permission View: can create on DAG Run:tutorial
[2024-12-13T17:01:48.428+0000] {logging_mixin.py:190} INFO - [2024-12-13T17:01:48.428+0000] {override.py:1911} INFO - Created Permission View: menu access on DAG Run:tutorial
[2024-12-13T17:01:48.428+0000] {logging_mixin.py:190} INFO - [2024-12-13T17:01:48.428+0000] {dag.py:3239} INFO - Sync 1 DAGs
[2024-12-13T17:01:48.434+0000] {logging_mixin.py:190} INFO - [2024-12-13T17:01:48.434+0000] {dag.py:3262} INFO - Creating ORM DAG for tutorial
[2024-12-13T17:01:48.439+0000] {logging_mixin.py:190} INFO - [2024-12-13T17:01:48.439+0000] {dag.py:4180} INFO - Setting next_dagrun for tutorial to 2024-12-12 00:00:00+00:00, run_after=2024-12-13 00:00:00+00:00
[2024-12-13T17:01:48.449+0000] {processor.py:208} INFO - Processing /home/airflow/.local/lib/python3.12/site-packages/airflow/example_dags/tutorial.py took 0.162 seconds
[2024-12-13T17:02:19.129+0000] {processor.py:186} INFO - Started process (PID=131) to work on /home/airflow/.local/lib/python3.12/site-packages/airflow/example_dags/tutorial.py
[2024-12-13T17:02:19.130+0000] {processor.py:914} INFO - Processing file /home/airflow/.local/lib/python3.12/site-packages/airflow/example_dags/tutorial.py for tasks to queue
[2024-12-13T17:02:19.132+0000] {logging_mixin.py:190} INFO - [2024-12-13T17:02:19.131+0000] {dagbag.py:588} INFO - Filling up the DagBag from /home/airflow/.local/lib/python3.12/site-packages/airflow/example_dags/tutorial.py
[2024-12-13T17:02:19.137+0000] {processor.py:925} INFO - DAG(s) 'tutorial' retrieved from /home/airflow/.local/lib/python3.12/site-packages/airflow/example_dags/tutorial.py
[2024-12-13T17:02:19.152+0000] {logging_mixin.py:190} INFO - [2024-12-13T17:02:19.151+0000] {dag.py:3239} INFO - Sync 1 DAGs
[2024-12-13T17:02:19.165+0000] {logging_mixin.py:190} INFO - [2024-12-13T17:02:19.165+0000] {dag.py:4180} INFO - Setting next_dagrun for tutorial to 2024-12-12 00:00:00+00:00, run_after=2024-12-13 00:00:00+00:00
[2024-12-13T17:02:19.176+0000] {processor.py:208} INFO - Processing /home/airflow/.local/lib/python3.12/site-packages/airflow/example_dags/tutorial.py took 0.050 seconds
[2024-12-13T17:02:50.120+0000] {processor.py:186} INFO - Started process (PID=195) to work on /home/airflow/.local/lib/python3.12/site-packages/airflow/example_dags/tutorial.py
[2024-12-13T17:02:50.121+0000] {processor.py:914} INFO - Processing file /home/airflow/.local/lib/python3.12/site-packages/airflow/example_dags/tutorial.py for tasks to queue
[2024-12-13T17:02:50.123+0000] {logging_mixin.py:190} INFO - [2024-12-13T17:02:50.123+0000] {dagbag.py:588} INFO - Filling up the DagBag from /home/airflow/.local/lib/python3.12/site-packages/airflow/example_dags/tutorial.py
[2024-12-13T17:02:50.129+0000] {processor.py:925} INFO - DAG(s) 'tutorial' retrieved from /home/airflow/.local/lib/python3.12/site-packages/airflow/example_dags/tutorial.py
[2024-12-13T17:02:50.141+0000] {logging_mixin.py:190} INFO - [2024-12-13T17:02:50.140+0000] {dag.py:3239} INFO - Sync 1 DAGs
[2024-12-13T17:02:50.153+0000] {logging_mixin.py:190} INFO - [2024-12-13T17:02:50.153+0000] {dag.py:4180} INFO - Setting next_dagrun for tutorial to 2024-12-12 00:00:00+00:00, run_after=2024-12-13 00:00:00+00:00
[2024-12-13T17:02:50.163+0000] {processor.py:208} INFO - Processing /home/airflow/.local/lib/python3.12/site-packages/airflow/example_dags/tutorial.py took 0.046 seconds
[2024-12-13T17:03:20.252+0000] {processor.py:186} INFO - Started process (PID=258) to work on /home/airflow/.local/lib/python3.12/site-packages/airflow/example_dags/tutorial.py
[2024-12-13T17:03:20.256+0000] {processor.py:914} INFO - Processing file /home/airflow/.local/lib/python3.12/site-packages/airflow/example_dags/tutorial.py for tasks to queue
[2024-12-13T17:03:20.257+0000] {logging_mixin.py:190} INFO - [2024-12-13T17:03:20.257+0000] {dagbag.py:588} INFO - Filling up the DagBag from /home/airflow/.local/lib/python3.12/site-packages/airflow/example_dags/tutorial.py
[2024-12-13T17:03:20.263+0000] {processor.py:925} INFO - DAG(s) 'tutorial' retrieved from /home/airflow/.local/lib/python3.12/site-packages/airflow/example_dags/tutorial.py
[2024-12-13T17:03:20.277+0000] {logging_mixin.py:190} INFO - [2024-12-13T17:03:20.277+0000] {dag.py:3239} INFO - Sync 1 DAGs
[2024-12-13T17:03:20.288+0000] {logging_mixin.py:190} INFO - [2024-12-13T17:03:20.288+0000] {dag.py:4180} INFO - Setting next_dagrun for tutorial to 2024-12-12 00:00:00+00:00, run_after=2024-12-13 00:00:00+00:00
[2024-12-13T17:03:20.299+0000] {processor.py:208} INFO - Processing /home/airflow/.local/lib/python3.12/site-packages/airflow/example_dags/tutorial.py took 0.050 seconds
