[2024-12-13T17:02:25.386+0000] {local_task_job_runner.py:123} INFO - ::group::Pre task execution logs
[2024-12-13T17:02:25.394+0000] {taskinstance.py:2613} INFO - Dependencies all met for dep_context=non-requeueable deps ti=<TaskInstance: movielens_pipeline.download_unpack_data manual__2024-12-13T17:02:21.744359+00:00 [queued]>
[2024-12-13T17:02:25.398+0000] {taskinstance.py:2613} INFO - Dependencies all met for dep_context=requeueable deps ti=<TaskInstance: movielens_pipeline.download_unpack_data manual__2024-12-13T17:02:21.744359+00:00 [queued]>
[2024-12-13T17:02:25.398+0000] {taskinstance.py:2866} INFO - Starting attempt 1 of 1
[2024-12-13T17:02:25.403+0000] {taskinstance.py:2889} INFO - Executing <Task(PythonOperator): download_unpack_data> on 2024-12-13 17:02:21.744359+00:00
[2024-12-13T17:02:25.408+0000] {warnings.py:112} WARNING - /home/***/.local/lib/python3.12/site-packages/***/task/task_runner/standard_task_runner.py:70: DeprecationWarning: This process (pid=75) is multi-threaded, use of fork() may lead to deadlocks in the child.
  pid = os.fork()

[2024-12-13T17:02:25.409+0000] {standard_task_runner.py:72} INFO - Started process 76 to run task
[2024-12-13T17:02:25.409+0000] {standard_task_runner.py:104} INFO - Running: ['***', 'tasks', 'run', 'movielens_pipeline', 'download_unpack_data', 'manual__2024-12-13T17:02:21.744359+00:00', '--job-id', '3', '--raw', '--subdir', 'DAGS_FOLDER/movielens_pipeline.py', '--cfg-path', '/tmp/tmpooo1289g']
[2024-12-13T17:02:25.410+0000] {standard_task_runner.py:105} INFO - Job 3: Subtask download_unpack_data
[2024-12-13T17:02:25.434+0000] {task_command.py:467} INFO - Running <TaskInstance: movielens_pipeline.download_unpack_data manual__2024-12-13T17:02:21.744359+00:00 [running]> on host 86634416f965
[2024-12-13T17:02:25.468+0000] {taskinstance.py:3132} INFO - Exporting env vars: AIRFLOW_CTX_DAG_OWNER='***' AIRFLOW_CTX_DAG_ID='movielens_pipeline' AIRFLOW_CTX_TASK_ID='download_unpack_data' AIRFLOW_CTX_EXECUTION_DATE='2024-12-13T17:02:21.744359+00:00' AIRFLOW_CTX_TRY_NUMBER='1' AIRFLOW_CTX_DAG_RUN_ID='manual__2024-12-13T17:02:21.744359+00:00'
[2024-12-13T17:02:25.469+0000] {logging_mixin.py:190} INFO - Task instance is in running state
[2024-12-13T17:02:25.469+0000] {logging_mixin.py:190} INFO -  Previous state of the Task instance: queued
[2024-12-13T17:02:25.470+0000] {logging_mixin.py:190} INFO - Current task name:download_unpack_data state:running start_date:2024-12-13 17:02:25.395010+00:00
[2024-12-13T17:02:25.470+0000] {logging_mixin.py:190} INFO - Dag name:movielens_pipeline and current dag run status:running
[2024-12-13T17:02:25.470+0000] {taskinstance.py:731} INFO - ::endgroup::
[2024-12-13T17:02:34.682+0000] {download_data.py:17} INFO - Data successfully downloaded and extracted.
[2024-12-13T17:02:34.686+0000] {python.py:240} INFO - Done. Returned value was: None
[2024-12-13T17:02:34.707+0000] {taskinstance.py:340} INFO - ::group::Post task execution logs
[2024-12-13T17:02:34.708+0000] {taskinstance.py:352} INFO - Marking task as SUCCESS. dag_id=movielens_pipeline, task_id=download_unpack_data, run_id=manual__2024-12-13T17:02:21.744359+00:00, execution_date=20241213T170221, start_date=20241213T170225, end_date=20241213T170234
[2024-12-13T17:02:34.717+0000] {logging_mixin.py:190} INFO - Task instance in success state
[2024-12-13T17:02:34.717+0000] {logging_mixin.py:190} INFO -  Previous state of the Task instance: running
[2024-12-13T17:02:34.717+0000] {logging_mixin.py:190} INFO - Dag name:movielens_pipeline queued_at:2024-12-13 17:02:21.761114+00:00
[2024-12-13T17:02:34.718+0000] {logging_mixin.py:190} INFO - Task hostname:86634416f965 operator:PythonOperator
[2024-12-13T17:02:34.769+0000] {local_task_job_runner.py:266} INFO - Task exited with return code 0
[2024-12-13T17:02:34.805+0000] {taskinstance.py:3895} INFO - 1 downstream tasks scheduled from follow-on schedule check
[2024-12-13T17:02:34.807+0000] {local_task_job_runner.py:245} INFO - ::endgroup::
